2021-07-13 16:18:31,466 [<ipython-input-1-35521dce9a68> | 49] INFO: Start to run instance_4
2021-07-13 16:18:31,467 [simulate_api.py | 60] INFO: Start time of the simulator: 2021-07-13 00:00:00, time interval:  600.00
2021-07-13 16:18:31,480 [input_utils.py  | 48] INFO: Get 154 factories
2021-07-13 16:18:33,289 [input_utils.py  | 52] INFO: Get 23562 routes
2021-07-13 16:18:33,312 [input_utils.py  | 57] INFO: Get 5 vehicles
2021-07-13 16:18:33,323 [input_utils.py  | 61] INFO: Get 50 orders
2021-07-13 16:18:33,324 [simulate_api.py | 87] INFO: Initial position of V_1 is e2d5093fbe36431f8986ddb0e1c586be
2021-07-13 16:18:33,325 [simulate_api.py | 87] INFO: Initial position of V_2 is 7fe14b93f0f04ee7a994ef5b2c1fdb72
2021-07-13 16:18:33,326 [simulate_api.py | 87] INFO: Initial position of V_3 is fa366fc87a124d32926daa5bb093129f
2021-07-13 16:18:33,327 [simulate_api.py | 87] INFO: Initial position of V_4 is e47399648fa842b2b8f80094343d8091
2021-07-13 16:18:33,327 [simulate_api.py | 87] INFO: Initial position of V_5 is becb4f85393540b287e7329758b8d832
2021-07-13 16:18:33,328 [simulate_environment.py | 99] INFO: **************************************************
2021-07-13 16:18:33,330 [simulate_environment.py | 103] INFO: cur time: 2021-07-13 00:10:00, pre time: 2021-07-13 00:00:00
2021-07-13 16:18:33,330 [simulate_environment.py | 140] INFO: Start to update the input of 2021-07-13 00:10:00
2021-07-13 16:18:33,332 [simulate_environment.py | 167] INFO: Get 0 unallocated order items, 0 ongoing order items, 0 completed order items
2021-07-13 16:18:35,943 [simulate_environment.py | 253] INFO: 2021-07-13 00:10:00, Item 0234560001-1: state = 0 < 2, we can not finish the simulation
2021-07-13 16:18:35,944 [simulate_environment.py | 99] INFO: **************************************************
2021-07-13 16:18:35,945 [simulate_environment.py | 103] INFO: cur time: 2021-07-13 00:20:00, pre time: 2021-07-13 00:10:00
2021-07-13 16:18:35,946 [simulate_environment.py | 140] INFO: Start to update the input of 2021-07-13 00:20:00
2021-07-13 16:18:35,947 [simulate_environment.py | 167] INFO: Get 0 unallocated order items, 0 ongoing order items, 0 completed order items
2021-07-13 16:18:38,364 [simulate_environment.py | 253] INFO: 2021-07-13 00:20:00, Item 0234560001-1: state = 0 < 2, we can not finish the simulation
2021-07-13 16:18:38,365 [simulate_environment.py | 99] INFO: **************************************************
2021-07-13 16:18:38,366 [simulate_environment.py | 103] INFO: cur time: 2021-07-13 00:30:00, pre time: 2021-07-13 00:20:00
2021-07-13 16:18:38,366 [simulate_environment.py | 140] INFO: Start to update the input of 2021-07-13 00:30:00
2021-07-13 16:18:38,368 [simulate_environment.py | 167] INFO: Get 0 unallocated order items, 0 ongoing order items, 0 completed order items
2021-07-13 16:18:40,805 [simulate_environment.py | 253] INFO: 2021-07-13 00:30:00, Item 0234560001-1: state = 0 < 2, we can not finish the simulation
2021-07-13 16:18:40,806 [simulate_environment.py | 99] INFO: **************************************************
2021-07-13 16:18:40,806 [simulate_environment.py | 103] INFO: cur time: 2021-07-13 00:40:00, pre time: 2021-07-13 00:30:00
2021-07-13 16:18:40,806 [simulate_environment.py | 140] INFO: Start to update the input of 2021-07-13 00:40:00
2021-07-13 16:18:40,808 [simulate_environment.py | 167] INFO: Get 0 unallocated order items, 0 ongoing order items, 0 completed order items
2021-07-13 16:18:43,186 [simulate_environment.py | 253] INFO: 2021-07-13 00:40:00, Item 0234560001-1: state = 0 < 2, we can not finish the simulation
2021-07-13 16:18:43,187 [simulate_environment.py | 99] INFO: **************************************************
2021-07-13 16:18:43,188 [simulate_environment.py | 103] INFO: cur time: 2021-07-13 00:50:00, pre time: 2021-07-13 00:40:00
2021-07-13 16:18:43,189 [simulate_environment.py | 140] INFO: Start to update the input of 2021-07-13 00:50:00
2021-07-13 16:18:43,190 [simulate_environment.py | 167] INFO: Get 0 unallocated order items, 0 ongoing order items, 0 completed order items
2021-07-13 16:18:45,739 [simulate_environment.py | 253] INFO: 2021-07-13 00:50:00, Item 0234560001-1: state = 0 < 2, we can not finish the simulation
2021-07-13 16:18:45,740 [simulate_environment.py | 99] INFO: **************************************************
2021-07-13 16:18:45,741 [simulate_environment.py | 103] INFO: cur time: 2021-07-13 01:00:00, pre time: 2021-07-13 00:50:00
2021-07-13 16:18:45,742 [simulate_environment.py | 140] INFO: Start to update the input of 2021-07-13 01:00:00
2021-07-13 16:18:45,743 [simulate_environment.py | 167] INFO: Get 0 unallocated order items, 0 ongoing order items, 0 completed order items
2021-07-13 16:18:48,141 [simulate_environment.py | 253] INFO: 2021-07-13 01:00:00, Item 0234560001-1: state = 0 < 2, we can not finish the simulation
2021-07-13 16:18:48,142 [simulate_environment.py | 99] INFO: **************************************************
2021-07-13 16:18:48,142 [simulate_environment.py | 103] INFO: cur time: 2021-07-13 01:10:00, pre time: 2021-07-13 01:00:00
2021-07-13 16:18:48,143 [simulate_environment.py | 140] INFO: Start to update the input of 2021-07-13 01:10:00
2021-07-13 16:18:48,145 [simulate_environment.py | 167] INFO: Get 0 unallocated order items, 0 ongoing order items, 0 completed order items
2021-07-13 16:18:50,571 [simulate_environment.py | 253] INFO: 2021-07-13 01:10:00, Item 0234560001-1: state = 0 < 2, we can not finish the simulation
2021-07-13 16:18:50,572 [simulate_environment.py | 99] INFO: **************************************************
2021-07-13 16:18:50,573 [simulate_environment.py | 103] INFO: cur time: 2021-07-13 01:20:00, pre time: 2021-07-13 01:10:00
2021-07-13 16:18:50,573 [simulate_environment.py | 140] INFO: Start to update the input of 2021-07-13 01:20:00
2021-07-13 16:18:50,600 [simulate_environment.py | 167] INFO: Get 0 unallocated order items, 0 ongoing order items, 0 completed order items
2021-07-13 16:18:53,234 [simulate_environment.py | 253] INFO: 2021-07-13 01:20:00, Item 0234560001-1: state = 0 < 2, we can not finish the simulation
2021-07-13 16:18:53,235 [simulate_environment.py | 99] INFO: **************************************************
2021-07-13 16:18:53,236 [simulate_environment.py | 103] INFO: cur time: 2021-07-13 01:30:00, pre time: 2021-07-13 01:20:00
2021-07-13 16:18:53,236 [simulate_environment.py | 140] INFO: Start to update the input of 2021-07-13 01:30:00
2021-07-13 16:18:53,238 [simulate_environment.py | 167] INFO: Get 0 unallocated order items, 0 ongoing order items, 0 completed order items
2021-07-13 16:18:55,780 [simulate_environment.py | 253] INFO: 2021-07-13 01:30:00, Item 0234560001-1: state = 0 < 2, we can not finish the simulation
2021-07-13 16:18:55,782 [simulate_environment.py | 99] INFO: **************************************************
2021-07-13 16:18:55,783 [simulate_environment.py | 103] INFO: cur time: 2021-07-13 01:40:00, pre time: 2021-07-13 01:30:00
2021-07-13 16:18:55,784 [simulate_environment.py | 140] INFO: Start to update the input of 2021-07-13 01:40:00
2021-07-13 16:18:55,785 [simulate_environment.py | 167] INFO: Get 0 unallocated order items, 0 ongoing order items, 0 completed order items
2021-07-13 16:18:58,148 [simulate_environment.py | 253] INFO: 2021-07-13 01:40:00, Item 0234560001-1: state = 0 < 2, we can not finish the simulation
2021-07-13 16:18:58,149 [simulate_environment.py | 99] INFO: **************************************************
2021-07-13 16:18:58,149 [simulate_environment.py | 103] INFO: cur time: 2021-07-13 01:50:00, pre time: 2021-07-13 01:40:00
2021-07-13 16:18:58,150 [simulate_environment.py | 140] INFO: Start to update the input of 2021-07-13 01:50:00
2021-07-13 16:18:58,152 [simulate_environment.py | 167] INFO: Get 0 unallocated order items, 0 ongoing order items, 0 completed order items
2021-07-13 16:19:00,603 [simulate_environment.py | 253] INFO: 2021-07-13 01:50:00, Item 0234560001-1: state = 0 < 2, we can not finish the simulation
2021-07-13 16:19:00,604 [simulate_environment.py | 99] INFO: **************************************************
2021-07-13 16:19:00,605 [simulate_environment.py | 103] INFO: cur time: 2021-07-13 02:00:00, pre time: 2021-07-13 01:50:00
2021-07-13 16:19:00,605 [simulate_environment.py | 140] INFO: Start to update the input of 2021-07-13 02:00:00
2021-07-13 16:19:00,607 [simulate_environment.py | 167] INFO: Get 0 unallocated order items, 0 ongoing order items, 0 completed order items
2021-07-13 16:19:03,017 [simulate_environment.py | 253] INFO: 2021-07-13 02:00:00, Item 0234560001-1: state = 0 < 2, we can not finish the simulation
2021-07-13 16:19:03,018 [simulate_environment.py | 99] INFO: **************************************************
2021-07-13 16:19:03,019 [simulate_environment.py | 103] INFO: cur time: 2021-07-13 02:10:00, pre time: 2021-07-13 02:00:00
2021-07-13 16:19:03,019 [simulate_environment.py | 140] INFO: Start to update the input of 2021-07-13 02:10:00
2021-07-13 16:19:03,021 [simulate_environment.py | 167] INFO: Get 0 unallocated order items, 0 ongoing order items, 0 completed order items
2021-07-13 16:19:05,566 [simulate_environment.py | 253] INFO: 2021-07-13 02:10:00, Item 0234560001-1: state = 0 < 2, we can not finish the simulation
2021-07-13 16:19:05,567 [simulate_environment.py | 99] INFO: **************************************************
2021-07-13 16:19:05,567 [simulate_environment.py | 103] INFO: cur time: 2021-07-13 02:20:00, pre time: 2021-07-13 02:10:00
2021-07-13 16:19:05,568 [simulate_environment.py | 140] INFO: Start to update the input of 2021-07-13 02:20:00
2021-07-13 16:19:05,569 [simulate_environment.py | 167] INFO: Get 0 unallocated order items, 0 ongoing order items, 0 completed order items
2021-07-13 16:19:08,185 [simulate_environment.py | 253] INFO: 2021-07-13 02:20:00, Item 0234560001-1: state = 0 < 2, we can not finish the simulation
2021-07-13 16:19:08,186 [simulate_environment.py | 99] INFO: **************************************************
2021-07-13 16:19:08,187 [simulate_environment.py | 103] INFO: cur time: 2021-07-13 02:30:00, pre time: 2021-07-13 02:20:00
2021-07-13 16:19:08,188 [simulate_environment.py | 140] INFO: Start to update the input of 2021-07-13 02:30:00
2021-07-13 16:19:08,189 [simulate_environment.py | 167] INFO: Get 0 unallocated order items, 0 ongoing order items, 0 completed order items
2021-07-13 16:19:10,749 [simulate_environment.py | 253] INFO: 2021-07-13 02:30:00, Item 0234560001-1: state = 0 < 2, we can not finish the simulation
2021-07-13 16:19:10,750 [simulate_environment.py | 99] INFO: **************************************************
2021-07-13 16:19:10,751 [simulate_environment.py | 103] INFO: cur time: 2021-07-13 02:40:00, pre time: 2021-07-13 02:30:00
2021-07-13 16:19:10,751 [simulate_environment.py | 140] INFO: Start to update the input of 2021-07-13 02:40:00
2021-07-13 16:19:10,753 [simulate_environment.py | 167] INFO: Get 1 unallocated order items, 0 ongoing order items, 0 completed order items
2021-07-13 16:19:13,203 [simulate_environment.py | 253] INFO: 2021-07-13 02:40:00, Item 0234560001-1: state = 1 < 2, we can not finish the simulation
2021-07-13 16:19:13,204 [simulate_environment.py | 99] INFO: **************************************************
2021-07-13 16:19:13,204 [simulate_environment.py | 103] INFO: cur time: 2021-07-13 02:50:00, pre time: 2021-07-13 02:40:00
2021-07-13 16:19:13,205 [simulate_environment.py | 140] INFO: Start to update the input of 2021-07-13 02:50:00
2021-07-13 16:19:13,206 [simulate_environment.py | 167] INFO: Get 1 unallocated order items, 0 ongoing order items, 0 completed order items
2021-07-13 16:19:15,654 [simulate_environment.py | 253] INFO: 2021-07-13 02:50:00, Item 0234560001-1: state = 1 < 2, we can not finish the simulation
2021-07-13 16:19:15,655 [simulate_environment.py | 99] INFO: **************************************************
2021-07-13 16:19:15,655 [simulate_environment.py | 103] INFO: cur time: 2021-07-13 03:00:00, pre time: 2021-07-13 02:50:00
2021-07-13 16:19:15,656 [simulate_environment.py | 140] INFO: Start to update the input of 2021-07-13 03:00:00
2021-07-13 16:19:15,673 [simulate_environment.py | 167] INFO: Get 0 unallocated order items, 1 ongoing order items, 0 completed order items
2021-07-13 16:19:18,167 [simulate_environment.py | 253] INFO: 2021-07-13 03:00:00, Item 0410390002-1: state = 0 < 2, we can not finish the simulation
2021-07-13 16:19:18,167 [simulate_environment.py | 99] INFO: **************************************************
2021-07-13 16:19:18,168 [simulate_environment.py | 103] INFO: cur time: 2021-07-13 03:10:00, pre time: 2021-07-13 03:00:00
2021-07-13 16:19:18,169 [simulate_environment.py | 140] INFO: Start to update the input of 2021-07-13 03:10:00
2021-07-13 16:19:18,184 [simulate_environment.py | 167] INFO: Get 0 unallocated order items, 1 ongoing order items, 0 completed order items
2021-07-13 16:19:20,658 [simulate_environment.py | 253] INFO: 2021-07-13 03:10:00, Item 0410390002-1: state = 0 < 2, we can not finish the simulation
2021-07-13 16:19:20,659 [simulate_environment.py | 99] INFO: **************************************************
2021-07-13 16:19:20,659 [simulate_environment.py | 103] INFO: cur time: 2021-07-13 03:20:00, pre time: 2021-07-13 03:10:00
2021-07-13 16:19:20,660 [simulate_environment.py | 140] INFO: Start to update the input of 2021-07-13 03:20:00
2021-07-13 16:19:20,683 [simulate_environment.py | 167] INFO: Get 0 unallocated order items, 1 ongoing order items, 0 completed order items
2021-07-13 16:19:23,111 [simulate_environment.py | 253] INFO: 2021-07-13 03:20:00, Item 0410390002-1: state = 0 < 2, we can not finish the simulation
2021-07-13 16:19:23,111 [simulate_environment.py | 99] INFO: **************************************************
2021-07-13 16:19:23,112 [simulate_environment.py | 103] INFO: cur time: 2021-07-13 03:30:00, pre time: 2021-07-13 03:20:00
2021-07-13 16:19:23,113 [simulate_environment.py | 140] INFO: Start to update the input of 2021-07-13 03:30:00
2021-07-13 16:19:23,137 [simulate_environment.py | 167] INFO: Get 0 unallocated order items, 1 ongoing order items, 0 completed order items
2021-07-13 16:19:25,546 [simulate_environment.py | 253] INFO: 2021-07-13 03:30:00, Item 0410390002-1: state = 0 < 2, we can not finish the simulation
2021-07-13 16:19:25,547 [simulate_environment.py | 99] INFO: **************************************************
2021-07-13 16:19:25,547 [simulate_environment.py | 103] INFO: cur time: 2021-07-13 03:40:00, pre time: 2021-07-13 03:30:00
2021-07-13 16:19:25,548 [simulate_environment.py | 140] INFO: Start to update the input of 2021-07-13 03:40:00
2021-07-13 16:19:25,549 [simulate_environment.py | 167] INFO: Get 0 unallocated order items, 1 ongoing order items, 0 completed order items
2021-07-13 16:19:27,955 [simulate_environment.py | 253] INFO: 2021-07-13 03:40:00, Item 0410390002-1: state = 0 < 2, we can not finish the simulation
2021-07-13 16:19:27,956 [simulate_environment.py | 99] INFO: **************************************************
2021-07-13 16:19:27,957 [simulate_environment.py | 103] INFO: cur time: 2021-07-13 03:50:00, pre time: 2021-07-13 03:40:00
2021-07-13 16:19:27,957 [simulate_environment.py | 140] INFO: Start to update the input of 2021-07-13 03:50:00
2021-07-13 16:19:27,982 [simulate_environment.py | 167] INFO: Get 0 unallocated order items, 0 ongoing order items, 1 completed order items
2021-07-13 16:19:30,486 [simulate_environment.py | 253] INFO: 2021-07-13 03:50:00, Item 0410390002-1: state = 0 < 2, we can not finish the simulation
2021-07-13 16:19:30,487 [simulate_environment.py | 99] INFO: **************************************************
2021-07-13 16:19:30,488 [simulate_environment.py | 103] INFO: cur time: 2021-07-13 04:00:00, pre time: 2021-07-13 03:50:00
2021-07-13 16:19:30,488 [simulate_environment.py | 140] INFO: Start to update the input of 2021-07-13 04:00:00
2021-07-13 16:19:30,512 [simulate_environment.py | 167] INFO: Get 0 unallocated order items, 0 ongoing order items, 1 completed order items
2021-07-13 16:19:33,005 [simulate_environment.py | 253] INFO: 2021-07-13 04:00:00, Item 0410390002-1: state = 0 < 2, we can not finish the simulation
2021-07-13 16:19:33,006 [simulate_environment.py | 99] INFO: **************************************************
2021-07-13 16:19:33,007 [simulate_environment.py | 103] INFO: cur time: 2021-07-13 04:10:00, pre time: 2021-07-13 04:00:00
2021-07-13 16:19:33,007 [simulate_environment.py | 140] INFO: Start to update the input of 2021-07-13 04:10:00
2021-07-13 16:19:33,025 [simulate_environment.py | 167] INFO: Get 0 unallocated order items, 0 ongoing order items, 1 completed order items
2021-07-13 16:19:35,455 [simulate_environment.py | 253] INFO: 2021-07-13 04:10:00, Item 0410390002-1: state = 0 < 2, we can not finish the simulation
2021-07-13 16:19:35,456 [simulate_environment.py | 99] INFO: **************************************************
2021-07-13 16:19:35,456 [simulate_environment.py | 103] INFO: cur time: 2021-07-13 04:20:00, pre time: 2021-07-13 04:10:00
2021-07-13 16:19:35,457 [simulate_environment.py | 140] INFO: Start to update the input of 2021-07-13 04:20:00
2021-07-13 16:19:35,481 [simulate_environment.py | 167] INFO: Get 3 unallocated order items, 0 ongoing order items, 1 completed order items
2021-07-13 16:19:37,914 [simulate_environment.py | 253] INFO: 2021-07-13 04:20:00, Item 0410390002-1: state = 1 < 2, we can not finish the simulation
2021-07-13 16:19:37,914 [simulate_environment.py | 99] INFO: **************************************************
2021-07-13 16:19:37,915 [simulate_environment.py | 103] INFO: cur time: 2021-07-13 04:30:00, pre time: 2021-07-13 04:20:00
2021-07-13 16:19:37,915 [simulate_environment.py | 140] INFO: Start to update the input of 2021-07-13 04:30:00
2021-07-13 16:19:37,935 [simulate_environment.py | 167] INFO: Get 0 unallocated order items, 3 ongoing order items, 1 completed order items
2021-07-13 16:19:40,372 [simulate_environment.py | 253] INFO: 2021-07-13 04:30:00, Item 0458280003-1: state = 0 < 2, we can not finish the simulation
2021-07-13 16:19:40,373 [simulate_environment.py | 99] INFO: **************************************************
2021-07-13 16:19:40,373 [simulate_environment.py | 103] INFO: cur time: 2021-07-13 04:40:00, pre time: 2021-07-13 04:30:00
2021-07-13 16:19:40,374 [simulate_environment.py | 140] INFO: Start to update the input of 2021-07-13 04:40:00
2021-07-13 16:19:40,388 [simulate_environment.py | 167] INFO: Get 0 unallocated order items, 3 ongoing order items, 1 completed order items
2021-07-13 16:19:42,893 [simulate_environment.py | 253] INFO: 2021-07-13 04:40:00, Item 0458280003-1: state = 0 < 2, we can not finish the simulation
2021-07-13 16:19:42,894 [simulate_environment.py | 99] INFO: **************************************************
2021-07-13 16:19:42,894 [simulate_environment.py | 103] INFO: cur time: 2021-07-13 04:50:00, pre time: 2021-07-13 04:40:00
2021-07-13 16:19:42,895 [simulate_environment.py | 140] INFO: Start to update the input of 2021-07-13 04:50:00
2021-07-13 16:19:42,918 [simulate_environment.py | 167] INFO: Get 0 unallocated order items, 3 ongoing order items, 1 completed order items
2021-07-13 16:19:45,399 [simulate_environment.py | 253] INFO: 2021-07-13 04:50:00, Item 0458280003-1: state = 0 < 2, we can not finish the simulation
2021-07-13 16:19:45,400 [simulate_environment.py | 99] INFO: **************************************************
2021-07-13 16:19:45,401 [simulate_environment.py | 103] INFO: cur time: 2021-07-13 05:00:00, pre time: 2021-07-13 04:50:00
2021-07-13 16:19:45,401 [simulate_environment.py | 140] INFO: Start to update the input of 2021-07-13 05:00:00
2021-07-13 16:19:45,418 [simulate_environment.py | 167] INFO: Get 1 unallocated order items, 3 ongoing order items, 1 completed order items
2021-07-13 16:19:48,027 [simulate_environment.py | 253] INFO: 2021-07-13 05:00:00, Item 0458280003-1: state = 1 < 2, we can not finish the simulation
2021-07-13 16:19:48,027 [simulate_environment.py | 99] INFO: **************************************************
2021-07-13 16:19:48,028 [simulate_environment.py | 103] INFO: cur time: 2021-07-13 05:10:00, pre time: 2021-07-13 05:00:00
2021-07-13 16:19:48,029 [simulate_environment.py | 140] INFO: Start to update the input of 2021-07-13 05:10:00
2021-07-13 16:19:48,041 [simulate_environment.py | 167] INFO: Get 1 unallocated order items, 1 ongoing order items, 4 completed order items
2021-07-13 16:19:50,470 [simulate_environment.py | 253] INFO: 2021-07-13 05:10:00, Item 0504410004-1: state = 1 < 2, we can not finish the simulation
2021-07-13 16:19:50,471 [simulate_environment.py | 99] INFO: **************************************************
2021-07-13 16:19:50,472 [simulate_environment.py | 103] INFO: cur time: 2021-07-13 05:20:00, pre time: 2021-07-13 05:10:00
2021-07-13 16:19:50,473 [simulate_environment.py | 140] INFO: Start to update the input of 2021-07-13 05:20:00
2021-07-13 16:19:50,494 [simulate_environment.py | 167] INFO: Get 0 unallocated order items, 2 ongoing order items, 4 completed order items
2021-07-13 16:19:53,108 [simulate_environment.py | 253] INFO: 2021-07-13 05:20:00, Item 0606110005-1: state = 0 < 2, we can not finish the simulation
2021-07-13 16:19:53,109 [simulate_environment.py | 99] INFO: **************************************************
2021-07-13 16:19:53,109 [simulate_environment.py | 103] INFO: cur time: 2021-07-13 05:30:00, pre time: 2021-07-13 05:20:00
2021-07-13 16:19:53,110 [simulate_environment.py | 140] INFO: Start to update the input of 2021-07-13 05:30:00
2021-07-13 16:19:53,119 [simulate_environment.py | 167] INFO: Get 0 unallocated order items, 2 ongoing order items, 4 completed order items
2021-07-13 16:19:55,586 [simulate_environment.py | 253] INFO: 2021-07-13 05:30:00, Item 0606110005-1: state = 0 < 2, we can not finish the simulation
2021-07-13 16:19:55,587 [simulate_environment.py | 99] INFO: **************************************************
2021-07-13 16:19:55,588 [simulate_environment.py | 103] INFO: cur time: 2021-07-13 05:40:00, pre time: 2021-07-13 05:30:00
2021-07-13 16:19:55,588 [simulate_environment.py | 140] INFO: Start to update the input of 2021-07-13 05:40:00
2021-07-13 16:19:55,606 [simulate_environment.py | 167] INFO: Get 0 unallocated order items, 2 ongoing order items, 4 completed order items
2021-07-13 16:19:58,087 [simulate_environment.py | 253] INFO: 2021-07-13 05:40:00, Item 0606110005-1: state = 0 < 2, we can not finish the simulation
2021-07-13 16:19:58,088 [simulate_environment.py | 99] INFO: **************************************************
2021-07-13 16:19:58,089 [simulate_environment.py | 103] INFO: cur time: 2021-07-13 05:50:00, pre time: 2021-07-13 05:40:00
2021-07-13 16:19:58,091 [simulate_environment.py | 140] INFO: Start to update the input of 2021-07-13 05:50:00
2021-07-13 16:19:58,107 [simulate_environment.py | 167] INFO: Get 0 unallocated order items, 1 ongoing order items, 5 completed order items
2021-07-13 16:20:00,914 [simulate_environment.py | 253] INFO: 2021-07-13 05:50:00, Item 0606110005-1: state = 0 < 2, we can not finish the simulation
2021-07-13 16:20:00,915 [simulate_environment.py | 99] INFO: **************************************************
2021-07-13 16:20:00,915 [simulate_environment.py | 103] INFO: cur time: 2021-07-13 06:00:00, pre time: 2021-07-13 05:50:00
2021-07-13 16:20:00,916 [simulate_environment.py | 140] INFO: Start to update the input of 2021-07-13 06:00:00
2021-07-13 16:20:00,937 [simulate_environment.py | 167] INFO: Get 0 unallocated order items, 0 ongoing order items, 6 completed order items
2021-07-13 16:20:03,640 [simulate_environment.py | 253] INFO: 2021-07-13 06:00:00, Item 0606110005-1: state = 0 < 2, we can not finish the simulation
2021-07-13 16:20:03,641 [simulate_environment.py | 99] INFO: **************************************************
2021-07-13 16:20:03,641 [simulate_environment.py | 103] INFO: cur time: 2021-07-13 06:10:00, pre time: 2021-07-13 06:00:00
2021-07-13 16:20:03,642 [simulate_environment.py | 140] INFO: Start to update the input of 2021-07-13 06:10:00
2021-07-13 16:20:03,643 [simulate_environment.py | 167] INFO: Get 1 unallocated order items, 0 ongoing order items, 6 completed order items
2021-07-13 16:20:09,299 [simulate_environment.py | 253] INFO: 2021-07-13 06:10:00, Item 0606110005-1: state = 1 < 2, we can not finish the simulation
2021-07-13 16:20:09,300 [simulate_environment.py | 99] INFO: **************************************************
2021-07-13 16:20:09,301 [simulate_environment.py | 103] INFO: cur time: 2021-07-13 06:20:00, pre time: 2021-07-13 06:10:00
2021-07-13 16:20:09,301 [simulate_environment.py | 140] INFO: Start to update the input of 2021-07-13 06:20:00
2021-07-13 16:20:09,315 [simulate_environment.py | 167] INFO: Get 1 unallocated order items, 0 ongoing order items, 6 completed order items
2021-07-13 16:20:11,825 [simulate_environment.py | 253] INFO: 2021-07-13 06:20:00, Item 0606110005-1: state = 1 < 2, we can not finish the simulation
2021-07-13 16:20:11,827 [simulate_environment.py | 99] INFO: **************************************************
2021-07-13 16:20:11,827 [simulate_environment.py | 103] INFO: cur time: 2021-07-13 06:30:00, pre time: 2021-07-13 06:20:00
2021-07-13 16:20:11,828 [simulate_environment.py | 140] INFO: Start to update the input of 2021-07-13 06:30:00
2021-07-13 16:20:11,830 [simulate_environment.py | 167] INFO: Get 1 unallocated order items, 0 ongoing order items, 6 completed order items
2021-07-13 16:20:14,285 [simulate_environment.py | 253] INFO: 2021-07-13 06:30:00, Item 0606110005-1: state = 1 < 2, we can not finish the simulation
2021-07-13 16:20:14,286 [simulate_environment.py | 99] INFO: **************************************************
2021-07-13 16:20:14,287 [simulate_environment.py | 103] INFO: cur time: 2021-07-13 06:40:00, pre time: 2021-07-13 06:30:00
2021-07-13 16:20:14,287 [simulate_environment.py | 140] INFO: Start to update the input of 2021-07-13 06:40:00
2021-07-13 16:20:14,308 [simulate_environment.py | 167] INFO: Get 1 unallocated order items, 1 ongoing order items, 6 completed order items
2021-07-13 16:20:16,700 [simulate_environment.py | 253] INFO: 2021-07-13 06:40:00, Item 0636270006-1: state = 1 < 2, we can not finish the simulation
2021-07-13 16:20:16,700 [simulate_environment.py | 99] INFO: **************************************************
2021-07-13 16:20:16,701 [simulate_environment.py | 103] INFO: cur time: 2021-07-13 06:50:00, pre time: 2021-07-13 06:40:00
2021-07-13 16:20:16,701 [simulate_environment.py | 140] INFO: Start to update the input of 2021-07-13 06:50:00
2021-07-13 16:20:16,712 [simulate_environment.py | 167] INFO: Get 6 unallocated order items, 1 ongoing order items, 6 completed order items
2021-07-13 16:20:19,283 [simulate_environment.py | 253] INFO: 2021-07-13 06:50:00, Item 0636270006-1: state = 1 < 2, we can not finish the simulation
2021-07-13 16:20:19,284 [simulate_environment.py | 99] INFO: **************************************************
2021-07-13 16:20:19,285 [simulate_environment.py | 103] INFO: cur time: 2021-07-13 07:00:00, pre time: 2021-07-13 06:50:00
2021-07-13 16:20:19,286 [simulate_environment.py | 140] INFO: Start to update the input of 2021-07-13 07:00:00
2021-07-13 16:20:19,307 [simulate_environment.py | 167] INFO: Get 6 unallocated order items, 1 ongoing order items, 6 completed order items
2021-07-13 16:20:21,888 [simulate_environment.py | 253] INFO: 2021-07-13 07:00:00, Item 0636270006-1: state = 1 < 2, we can not finish the simulation
2021-07-13 16:20:21,888 [simulate_environment.py | 99] INFO: **************************************************
2021-07-13 16:20:21,889 [simulate_environment.py | 103] INFO: cur time: 2021-07-13 07:10:00, pre time: 2021-07-13 07:00:00
2021-07-13 16:20:21,890 [simulate_environment.py | 140] INFO: Start to update the input of 2021-07-13 07:10:00
2021-07-13 16:20:21,903 [simulate_environment.py | 167] INFO: Get 6 unallocated order items, 1 ongoing order items, 6 completed order items
2021-07-13 16:20:24,368 [simulate_environment.py | 253] INFO: 2021-07-13 07:10:00, Item 0636270006-1: state = 1 < 2, we can not finish the simulation
2021-07-13 16:20:24,369 [simulate_environment.py | 99] INFO: **************************************************
2021-07-13 16:20:24,370 [simulate_environment.py | 103] INFO: cur time: 2021-07-13 07:20:00, pre time: 2021-07-13 07:10:00
2021-07-13 16:20:24,370 [simulate_environment.py | 140] INFO: Start to update the input of 2021-07-13 07:20:00
2021-07-13 16:20:24,388 [simulate_environment.py | 167] INFO: Get 6 unallocated order items, 0 ongoing order items, 7 completed order items
2021-07-13 16:20:26,731 [simulate_environment.py | 253] INFO: 2021-07-13 07:20:00, Item 0636270006-1: state = 1 < 2, we can not finish the simulation
2021-07-13 16:20:26,732 [simulate_environment.py | 99] INFO: **************************************************
2021-07-13 16:20:26,733 [simulate_environment.py | 103] INFO: cur time: 2021-07-13 07:30:00, pre time: 2021-07-13 07:20:00
2021-07-13 16:20:26,733 [simulate_environment.py | 140] INFO: Start to update the input of 2021-07-13 07:30:00
2021-07-13 16:20:26,746 [simulate_environment.py | 167] INFO: Get 5 unallocated order items, 1 ongoing order items, 7 completed order items
2021-07-13 16:20:29,107 [simulate_environment.py | 253] INFO: 2021-07-13 07:30:00, Item 0644000007-1: state = 1 < 2, we can not finish the simulation
2021-07-13 16:20:29,108 [simulate_environment.py | 99] INFO: **************************************************
2021-07-13 16:20:29,108 [simulate_environment.py | 103] INFO: cur time: 2021-07-13 07:40:00, pre time: 2021-07-13 07:30:00
2021-07-13 16:20:29,109 [simulate_environment.py | 140] INFO: Start to update the input of 2021-07-13 07:40:00
2021-07-13 16:20:29,120 [simulate_environment.py | 167] INFO: Get 6 unallocated order items, 1 ongoing order items, 7 completed order items
2021-07-13 16:20:31,493 [simulate_environment.py | 253] INFO: 2021-07-13 07:40:00, Item 0644000007-1: state = 1 < 2, we can not finish the simulation
2021-07-13 16:20:31,494 [simulate_environment.py | 99] INFO: **************************************************
2021-07-13 16:20:31,496 [simulate_environment.py | 103] INFO: cur time: 2021-07-13 07:50:00, pre time: 2021-07-13 07:40:00
2021-07-13 16:20:31,496 [simulate_environment.py | 140] INFO: Start to update the input of 2021-07-13 07:50:00
2021-07-13 16:20:31,510 [simulate_environment.py | 167] INFO: Get 7 unallocated order items, 1 ongoing order items, 7 completed order items
2021-07-13 16:20:34,103 [simulate_environment.py | 253] INFO: 2021-07-13 07:50:00, Item 0644000007-1: state = 1 < 2, we can not finish the simulation
2021-07-13 16:20:34,104 [simulate_environment.py | 99] INFO: **************************************************
2021-07-13 16:20:34,104 [simulate_environment.py | 103] INFO: cur time: 2021-07-13 08:00:00, pre time: 2021-07-13 07:50:00
2021-07-13 16:20:34,105 [simulate_environment.py | 140] INFO: Start to update the input of 2021-07-13 08:00:00
2021-07-13 16:20:34,122 [simulate_environment.py | 167] INFO: Get 7 unallocated order items, 0 ongoing order items, 8 completed order items
2021-07-13 16:20:36,436 [simulate_environment.py | 253] INFO: 2021-07-13 08:00:00, Item 0644000007-1: state = 1 < 2, we can not finish the simulation
2021-07-13 16:20:36,437 [simulate_environment.py | 99] INFO: **************************************************
2021-07-13 16:20:36,437 [simulate_environment.py | 103] INFO: cur time: 2021-07-13 08:10:00, pre time: 2021-07-13 08:00:00
2021-07-13 16:20:36,437 [simulate_environment.py | 140] INFO: Start to update the input of 2021-07-13 08:10:00
2021-07-13 16:20:36,449 [simulate_environment.py | 167] INFO: Get 2 unallocated order items, 5 ongoing order items, 8 completed order items
2021-07-13 16:20:38,789 [simulate_environment.py | 253] INFO: 2021-07-13 08:10:00, Item 0734520009-1: state = 1 < 2, we can not finish the simulation
2021-07-13 16:20:38,790 [simulate_environment.py | 99] INFO: **************************************************
2021-07-13 16:20:38,791 [simulate_environment.py | 103] INFO: cur time: 2021-07-13 08:20:00, pre time: 2021-07-13 08:10:00
2021-07-13 16:20:38,791 [simulate_environment.py | 140] INFO: Start to update the input of 2021-07-13 08:20:00
2021-07-13 16:20:38,809 [simulate_environment.py | 167] INFO: Get 13 unallocated order items, 5 ongoing order items, 8 completed order items
2021-07-13 16:20:41,422 [simulate_environment.py | 253] INFO: 2021-07-13 08:20:00, Item 0734520009-1: state = 1 < 2, we can not finish the simulation
2021-07-13 16:20:41,423 [simulate_environment.py | 99] INFO: **************************************************
2021-07-13 16:20:41,424 [simulate_environment.py | 103] INFO: cur time: 2021-07-13 08:30:00, pre time: 2021-07-13 08:20:00
2021-07-13 16:20:41,424 [simulate_environment.py | 140] INFO: Start to update the input of 2021-07-13 08:30:00
2021-07-13 16:20:41,448 [simulate_environment.py | 167] INFO: Get 14 unallocated order items, 5 ongoing order items, 8 completed order items
2021-07-13 16:20:43,962 [simulate_environment.py | 253] INFO: 2021-07-13 08:30:00, Item 0734520009-1: state = 1 < 2, we can not finish the simulation
2021-07-13 16:20:43,963 [simulate_environment.py | 99] INFO: **************************************************
2021-07-13 16:20:43,963 [simulate_environment.py | 103] INFO: cur time: 2021-07-13 08:40:00, pre time: 2021-07-13 08:30:00
2021-07-13 16:20:43,964 [simulate_environment.py | 140] INFO: Start to update the input of 2021-07-13 08:40:00
2021-07-13 16:20:43,981 [simulate_environment.py | 167] INFO: Get 3 unallocated order items, 16 ongoing order items, 8 completed order items
2021-07-13 16:20:46,356 [simulate_environment.py | 253] INFO: 2021-07-13 08:40:00, Item 0734520009-1: state = 1 < 2, we can not finish the simulation
2021-07-13 16:20:46,357 [simulate_environment.py | 99] INFO: **************************************************
2021-07-13 16:20:46,358 [simulate_environment.py | 103] INFO: cur time: 2021-07-13 08:50:00, pre time: 2021-07-13 08:40:00
2021-07-13 16:20:46,358 [simulate_environment.py | 140] INFO: Start to update the input of 2021-07-13 08:50:00
2021-07-13 16:20:46,373 [simulate_environment.py | 167] INFO: Get 2 unallocated order items, 17 ongoing order items, 8 completed order items
2021-07-13 16:20:48,712 [simulate_environment.py | 253] INFO: 2021-07-13 08:50:00, Item 0734520009-1: state = 1 < 2, we can not finish the simulation
2021-07-13 16:20:48,713 [simulate_environment.py | 99] INFO: **************************************************
2021-07-13 16:20:48,714 [simulate_environment.py | 103] INFO: cur time: 2021-07-13 09:00:00, pre time: 2021-07-13 08:50:00
2021-07-13 16:20:48,714 [simulate_environment.py | 140] INFO: Start to update the input of 2021-07-13 09:00:00
2021-07-13 16:20:48,729 [simulate_environment.py | 167] INFO: Get 2 unallocated order items, 17 ongoing order items, 8 completed order items
2021-07-13 16:20:51,101 [simulate_environment.py | 253] INFO: 2021-07-13 09:00:00, Item 0734520009-1: state = 1 < 2, we can not finish the simulation
2021-07-13 16:20:51,102 [simulate_environment.py | 99] INFO: **************************************************
2021-07-13 16:20:51,103 [simulate_environment.py | 103] INFO: cur time: 2021-07-13 09:10:00, pre time: 2021-07-13 09:00:00
2021-07-13 16:20:51,104 [simulate_environment.py | 140] INFO: Start to update the input of 2021-07-13 09:10:00
2021-07-13 16:20:51,123 [simulate_environment.py | 167] INFO: Get 7 unallocated order items, 16 ongoing order items, 9 completed order items
2021-07-13 16:20:53,568 [simulate_environment.py | 253] INFO: 2021-07-13 09:10:00, Item 0734520009-1: state = 1 < 2, we can not finish the simulation
2021-07-13 16:20:53,569 [simulate_environment.py | 99] INFO: **************************************************
2021-07-13 16:20:53,569 [simulate_environment.py | 103] INFO: cur time: 2021-07-13 09:20:00, pre time: 2021-07-13 09:10:00
2021-07-13 16:20:53,570 [simulate_environment.py | 140] INFO: Start to update the input of 2021-07-13 09:20:00
2021-07-13 16:20:53,586 [simulate_environment.py | 167] INFO: Get 7 unallocated order items, 16 ongoing order items, 9 completed order items
2021-07-13 16:20:55,901 [simulate_environment.py | 253] INFO: 2021-07-13 09:20:00, Item 0734520009-1: state = 1 < 2, we can not finish the simulation
2021-07-13 16:20:55,902 [simulate_environment.py | 99] INFO: **************************************************
2021-07-13 16:20:55,902 [simulate_environment.py | 103] INFO: cur time: 2021-07-13 09:30:00, pre time: 2021-07-13 09:20:00
2021-07-13 16:20:55,903 [simulate_environment.py | 140] INFO: Start to update the input of 2021-07-13 09:30:00
2021-07-13 16:20:55,921 [simulate_environment.py | 167] INFO: Get 9 unallocated order items, 16 ongoing order items, 9 completed order items
2021-07-13 16:20:58,236 [simulate_environment.py | 253] INFO: 2021-07-13 09:30:00, Item 0734520009-1: state = 1 < 2, we can not finish the simulation
2021-07-13 16:20:58,237 [simulate_environment.py | 99] INFO: **************************************************
2021-07-13 16:20:58,237 [simulate_environment.py | 103] INFO: cur time: 2021-07-13 09:40:00, pre time: 2021-07-13 09:30:00
2021-07-13 16:20:58,238 [simulate_environment.py | 140] INFO: Start to update the input of 2021-07-13 09:40:00
2021-07-13 16:20:58,263 [simulate_environment.py | 167] INFO: Get 9 unallocated order items, 12 ongoing order items, 13 completed order items
2021-07-13 16:21:00,779 [simulate_environment.py | 253] INFO: 2021-07-13 09:40:00, Item 0734520009-1: state = 1 < 2, we can not finish the simulation
2021-07-13 16:21:00,780 [simulate_environment.py | 99] INFO: **************************************************
2021-07-13 16:21:00,781 [simulate_environment.py | 103] INFO: cur time: 2021-07-13 09:50:00, pre time: 2021-07-13 09:40:00
2021-07-13 16:21:00,781 [simulate_environment.py | 140] INFO: Start to update the input of 2021-07-13 09:50:00
2021-07-13 16:21:00,794 [simulate_environment.py | 167] INFO: Get 10 unallocated order items, 11 ongoing order items, 14 completed order items
2021-07-13 16:21:03,199 [simulate_environment.py | 253] INFO: 2021-07-13 09:50:00, Item 0734520009-1: state = 1 < 2, we can not finish the simulation
2021-07-13 16:21:03,200 [simulate_environment.py | 99] INFO: **************************************************
2021-07-13 16:21:03,201 [simulate_environment.py | 103] INFO: cur time: 2021-07-13 10:00:00, pre time: 2021-07-13 09:50:00
2021-07-13 16:21:03,202 [simulate_environment.py | 140] INFO: Start to update the input of 2021-07-13 10:00:00
2021-07-13 16:21:03,210 [simulate_environment.py | 167] INFO: Get 10 unallocated order items, 11 ongoing order items, 14 completed order items
2021-07-13 16:21:05,597 [simulate_environment.py | 253] INFO: 2021-07-13 10:00:00, Item 0734520009-1: state = 1 < 2, we can not finish the simulation
2021-07-13 16:21:05,598 [simulate_environment.py | 99] INFO: **************************************************
2021-07-13 16:21:05,598 [simulate_environment.py | 103] INFO: cur time: 2021-07-13 10:10:00, pre time: 2021-07-13 10:00:00
2021-07-13 16:21:05,599 [simulate_environment.py | 140] INFO: Start to update the input of 2021-07-13 10:10:00
2021-07-13 16:21:05,619 [simulate_environment.py | 167] INFO: Get 16 unallocated order items, 12 ongoing order items, 14 completed order items
2021-07-13 16:21:08,100 [simulate_environment.py | 253] INFO: 2021-07-13 10:10:00, Item 0821350012-1: state = 1 < 2, we can not finish the simulation
2021-07-13 16:21:08,100 [simulate_environment.py | 99] INFO: **************************************************
2021-07-13 16:21:08,101 [simulate_environment.py | 103] INFO: cur time: 2021-07-13 10:20:00, pre time: 2021-07-13 10:10:00
2021-07-13 16:21:08,101 [simulate_environment.py | 140] INFO: Start to update the input of 2021-07-13 10:20:00
2021-07-13 16:21:08,124 [simulate_environment.py | 167] INFO: Get 14 unallocated order items, 14 ongoing order items, 14 completed order items
2021-07-13 16:21:10,527 [simulate_environment.py | 253] INFO: 2021-07-13 10:20:00, Item 0821350012-1: state = 1 < 2, we can not finish the simulation
2021-07-13 16:21:10,529 [simulate_environment.py | 99] INFO: **************************************************
2021-07-13 16:21:10,529 [simulate_environment.py | 103] INFO: cur time: 2021-07-13 10:30:00, pre time: 2021-07-13 10:20:00
2021-07-13 16:21:10,530 [simulate_environment.py | 140] INFO: Start to update the input of 2021-07-13 10:30:00
2021-07-13 16:21:10,541 [simulate_environment.py | 167] INFO: Get 8 unallocated order items, 20 ongoing order items, 14 completed order items
2021-07-13 16:21:12,910 [simulate_environment.py | 253] INFO: 2021-07-13 10:30:00, Item 0821350012-1: state = 1 < 2, we can not finish the simulation
2021-07-13 16:21:12,911 [simulate_environment.py | 99] INFO: **************************************************
2021-07-13 16:21:12,912 [simulate_environment.py | 103] INFO: cur time: 2021-07-13 10:40:00, pre time: 2021-07-13 10:30:00
2021-07-13 16:21:12,913 [simulate_environment.py | 140] INFO: Start to update the input of 2021-07-13 10:40:00
2021-07-13 16:21:12,932 [simulate_environment.py | 167] INFO: Get 8 unallocated order items, 20 ongoing order items, 14 completed order items
2021-07-13 16:21:15,585 [simulate_environment.py | 253] INFO: 2021-07-13 10:40:00, Item 0821350012-1: state = 1 < 2, we can not finish the simulation
2021-07-13 16:21:15,586 [simulate_environment.py | 99] INFO: **************************************************
2021-07-13 16:21:15,587 [simulate_environment.py | 103] INFO: cur time: 2021-07-13 10:50:00, pre time: 2021-07-13 10:40:00
2021-07-13 16:21:15,587 [simulate_environment.py | 140] INFO: Start to update the input of 2021-07-13 10:50:00
2021-07-13 16:21:15,606 [simulate_environment.py | 167] INFO: Get 8 unallocated order items, 20 ongoing order items, 14 completed order items
2021-07-13 16:21:18,074 [simulate_environment.py | 253] INFO: 2021-07-13 10:50:00, Item 0821350012-1: state = 1 < 2, we can not finish the simulation
2021-07-13 16:21:18,075 [simulate_environment.py | 99] INFO: **************************************************
2021-07-13 16:21:18,075 [simulate_environment.py | 103] INFO: cur time: 2021-07-13 11:00:00, pre time: 2021-07-13 10:50:00
2021-07-13 16:21:18,076 [simulate_environment.py | 140] INFO: Start to update the input of 2021-07-13 11:00:00
2021-07-13 16:21:18,092 [simulate_environment.py | 167] INFO: Get 2 unallocated order items, 26 ongoing order items, 14 completed order items
2021-07-13 16:21:20,567 [simulate_environment.py | 253] INFO: 2021-07-13 11:00:00, Item 0821350012-1: state = 1 < 2, we can not finish the simulation
2021-07-13 16:21:20,568 [simulate_environment.py | 99] INFO: **************************************************
2021-07-13 16:21:20,568 [simulate_environment.py | 103] INFO: cur time: 2021-07-13 11:10:00, pre time: 2021-07-13 11:00:00
2021-07-13 16:21:20,569 [simulate_environment.py | 140] INFO: Start to update the input of 2021-07-13 11:10:00
2021-07-13 16:21:20,591 [simulate_environment.py | 167] INFO: Get 2 unallocated order items, 25 ongoing order items, 15 completed order items
2021-07-13 16:21:23,327 [simulate_environment.py | 253] INFO: 2021-07-13 11:10:00, Item 0821350012-1: state = 1 < 2, we can not finish the simulation
2021-07-13 16:21:23,328 [simulate_environment.py | 99] INFO: **************************************************
2021-07-13 16:21:23,329 [simulate_environment.py | 103] INFO: cur time: 2021-07-13 11:20:00, pre time: 2021-07-13 11:10:00
2021-07-13 16:21:23,329 [simulate_environment.py | 140] INFO: Start to update the input of 2021-07-13 11:20:00
2021-07-13 16:21:23,331 [simulate_environment.py | 167] INFO: Get 2 unallocated order items, 25 ongoing order items, 15 completed order items
2021-07-13 16:21:25,742 [simulate_environment.py | 253] INFO: 2021-07-13 11:20:00, Item 0821350012-1: state = 1 < 2, we can not finish the simulation
2021-07-13 16:21:25,744 [simulate_environment.py | 99] INFO: **************************************************
2021-07-13 16:21:25,744 [simulate_environment.py | 103] INFO: cur time: 2021-07-13 11:30:00, pre time: 2021-07-13 11:20:00
2021-07-13 16:21:25,745 [simulate_environment.py | 140] INFO: Start to update the input of 2021-07-13 11:30:00
2021-07-13 16:21:25,759 [simulate_environment.py | 167] INFO: Get 2 unallocated order items, 24 ongoing order items, 16 completed order items
2021-07-13 16:21:28,063 [simulate_environment.py | 253] INFO: 2021-07-13 11:30:00, Item 0821350012-1: state = 1 < 2, we can not finish the simulation
2021-07-13 16:21:28,064 [simulate_environment.py | 99] INFO: **************************************************
2021-07-13 16:21:28,065 [simulate_environment.py | 103] INFO: cur time: 2021-07-13 11:40:00, pre time: 2021-07-13 11:30:00
2021-07-13 16:21:28,065 [simulate_environment.py | 140] INFO: Start to update the input of 2021-07-13 11:40:00
2021-07-13 16:21:28,092 [simulate_environment.py | 167] INFO: Get 3 unallocated order items, 24 ongoing order items, 16 completed order items
2021-07-13 16:21:30,454 [simulate_environment.py | 253] INFO: 2021-07-13 11:40:00, Item 0821350012-1: state = 1 < 2, we can not finish the simulation
2021-07-13 16:21:30,455 [simulate_environment.py | 99] INFO: **************************************************
2021-07-13 16:21:30,456 [simulate_environment.py | 103] INFO: cur time: 2021-07-13 11:50:00, pre time: 2021-07-13 11:40:00
2021-07-13 16:21:30,456 [simulate_environment.py | 140] INFO: Start to update the input of 2021-07-13 11:50:00
2021-07-13 16:21:30,484 [simulate_environment.py | 167] INFO: Get 3 unallocated order items, 14 ongoing order items, 27 completed order items
2021-07-13 16:21:32,853 [simulate_environment.py | 253] INFO: 2021-07-13 11:50:00, Item 1001530016-1: state = 1 < 2, we can not finish the simulation
2021-07-13 16:21:32,854 [simulate_environment.py | 99] INFO: **************************************************
2021-07-13 16:21:32,854 [simulate_environment.py | 103] INFO: cur time: 2021-07-13 12:00:00, pre time: 2021-07-13 11:50:00
2021-07-13 16:21:32,855 [simulate_environment.py | 140] INFO: Start to update the input of 2021-07-13 12:00:00
2021-07-13 16:21:32,872 [simulate_environment.py | 167] INFO: Get 5 unallocated order items, 9 ongoing order items, 32 completed order items
2021-07-13 16:21:35,326 [simulate_environment.py | 253] INFO: 2021-07-13 12:00:00, Item 1001530016-1: state = 1 < 2, we can not finish the simulation
2021-07-13 16:21:35,327 [simulate_environment.py | 99] INFO: **************************************************
2021-07-13 16:21:35,328 [simulate_environment.py | 103] INFO: cur time: 2021-07-13 12:10:00, pre time: 2021-07-13 12:00:00
2021-07-13 16:21:35,329 [simulate_environment.py | 140] INFO: Start to update the input of 2021-07-13 12:10:00
2021-07-13 16:21:35,341 [simulate_environment.py | 167] INFO: Get 6 unallocated order items, 9 ongoing order items, 32 completed order items
2021-07-13 16:21:37,756 [simulate_environment.py | 253] INFO: 2021-07-13 12:10:00, Item 1001530016-1: state = 1 < 2, we can not finish the simulation
2021-07-13 16:21:37,757 [simulate_environment.py | 99] INFO: **************************************************
2021-07-13 16:21:37,758 [simulate_environment.py | 103] INFO: cur time: 2021-07-13 12:20:00, pre time: 2021-07-13 12:10:00
2021-07-13 16:21:37,759 [simulate_environment.py | 140] INFO: Start to update the input of 2021-07-13 12:20:00
2021-07-13 16:21:37,779 [simulate_environment.py | 167] INFO: Get 6 unallocated order items, 9 ongoing order items, 32 completed order items
2021-07-13 16:21:40,130 [simulate_environment.py | 253] INFO: 2021-07-13 12:20:00, Item 1001530016-1: state = 1 < 2, we can not finish the simulation
2021-07-13 16:21:40,131 [simulate_environment.py | 99] INFO: **************************************************
2021-07-13 16:21:40,132 [simulate_environment.py | 103] INFO: cur time: 2021-07-13 12:30:00, pre time: 2021-07-13 12:20:00
2021-07-13 16:21:40,132 [simulate_environment.py | 140] INFO: Start to update the input of 2021-07-13 12:30:00
2021-07-13 16:21:40,152 [simulate_environment.py | 167] INFO: Get 6 unallocated order items, 3 ongoing order items, 38 completed order items
2021-07-13 16:21:42,453 [simulate_environment.py | 253] INFO: 2021-07-13 12:30:00, Item 1001530016-1: state = 1 < 2, we can not finish the simulation
2021-07-13 16:21:42,454 [simulate_environment.py | 99] INFO: **************************************************
2021-07-13 16:21:42,454 [simulate_environment.py | 103] INFO: cur time: 2021-07-13 12:40:00, pre time: 2021-07-13 12:30:00
2021-07-13 16:21:42,455 [simulate_environment.py | 140] INFO: Start to update the input of 2021-07-13 12:40:00
2021-07-13 16:21:42,456 [simulate_environment.py | 167] INFO: Get 6 unallocated order items, 3 ongoing order items, 38 completed order items
2021-07-13 16:21:44,792 [simulate_environment.py | 253] INFO: 2021-07-13 12:40:00, Item 1001530016-1: state = 1 < 2, we can not finish the simulation
2021-07-13 16:21:44,793 [simulate_environment.py | 99] INFO: **************************************************
2021-07-13 16:21:44,794 [simulate_environment.py | 103] INFO: cur time: 2021-07-13 12:50:00, pre time: 2021-07-13 12:40:00
2021-07-13 16:21:44,794 [simulate_environment.py | 140] INFO: Start to update the input of 2021-07-13 12:50:00
2021-07-13 16:21:44,800 [simulate_environment.py | 167] INFO: Get 5 unallocated order items, 3 ongoing order items, 39 completed order items
2021-07-13 16:21:47,239 [simulate_environment.py | 253] INFO: 2021-07-13 12:50:00, Item 1001530016-1: state = 1 < 2, we can not finish the simulation
2021-07-13 16:21:47,240 [simulate_environment.py | 99] INFO: **************************************************
2021-07-13 16:21:47,241 [simulate_environment.py | 103] INFO: cur time: 2021-07-13 13:00:00, pre time: 2021-07-13 12:50:00
2021-07-13 16:21:47,241 [simulate_environment.py | 140] INFO: Start to update the input of 2021-07-13 13:00:00
2021-07-13 16:21:47,264 [simulate_environment.py | 167] INFO: Get 5 unallocated order items, 3 ongoing order items, 39 completed order items
2021-07-13 16:21:49,601 [simulate_environment.py | 253] INFO: 2021-07-13 13:00:00, Item 1001530016-1: state = 1 < 2, we can not finish the simulation
2021-07-13 16:21:49,602 [simulate_environment.py | 99] INFO: **************************************************
2021-07-13 16:21:49,602 [simulate_environment.py | 103] INFO: cur time: 2021-07-13 13:10:00, pre time: 2021-07-13 13:00:00
2021-07-13 16:21:49,603 [simulate_environment.py | 140] INFO: Start to update the input of 2021-07-13 13:10:00
2021-07-13 16:21:49,623 [simulate_environment.py | 167] INFO: Get 3 unallocated order items, 5 ongoing order items, 39 completed order items
2021-07-13 16:21:52,092 [simulate_environment.py | 253] INFO: 2021-07-13 13:10:00, Item 1001530016-1: state = 1 < 2, we can not finish the simulation
2021-07-13 16:21:52,093 [simulate_environment.py | 99] INFO: **************************************************
2021-07-13 16:21:52,093 [simulate_environment.py | 103] INFO: cur time: 2021-07-13 13:20:00, pre time: 2021-07-13 13:10:00
2021-07-13 16:21:52,094 [simulate_environment.py | 140] INFO: Start to update the input of 2021-07-13 13:20:00
2021-07-13 16:21:52,102 [simulate_environment.py | 167] INFO: Get 3 unallocated order items, 5 ongoing order items, 39 completed order items
2021-07-13 16:21:54,554 [simulate_environment.py | 253] INFO: 2021-07-13 13:20:00, Item 1001530016-1: state = 1 < 2, we can not finish the simulation
2021-07-13 16:21:54,555 [simulate_environment.py | 99] INFO: **************************************************
2021-07-13 16:21:54,556 [simulate_environment.py | 103] INFO: cur time: 2021-07-13 13:30:00, pre time: 2021-07-13 13:20:00
2021-07-13 16:21:54,556 [simulate_environment.py | 140] INFO: Start to update the input of 2021-07-13 13:30:00
2021-07-13 16:21:54,575 [simulate_environment.py | 167] INFO: Get 5 unallocated order items, 3 ongoing order items, 41 completed order items
2021-07-13 16:21:56,901 [simulate_environment.py | 253] INFO: 2021-07-13 13:30:00, Item 1001530016-1: state = 1 < 2, we can not finish the simulation
2021-07-13 16:21:56,902 [simulate_environment.py | 99] INFO: **************************************************
2021-07-13 16:21:56,903 [simulate_environment.py | 103] INFO: cur time: 2021-07-13 13:40:00, pre time: 2021-07-13 13:30:00
2021-07-13 16:21:56,903 [simulate_environment.py | 140] INFO: Start to update the input of 2021-07-13 13:40:00
2021-07-13 16:21:56,919 [simulate_environment.py | 167] INFO: Get 3 unallocated order items, 5 ongoing order items, 41 completed order items
2021-07-13 16:21:59,387 [simulate_environment.py | 253] INFO: 2021-07-13 13:40:00, Item 1208160022-1: state = 1 < 2, we can not finish the simulation
2021-07-13 16:21:59,388 [simulate_environment.py | 99] INFO: **************************************************
2021-07-13 16:21:59,388 [simulate_environment.py | 103] INFO: cur time: 2021-07-13 13:50:00, pre time: 2021-07-13 13:40:00
2021-07-13 16:21:59,389 [simulate_environment.py | 140] INFO: Start to update the input of 2021-07-13 13:50:00
2021-07-13 16:21:59,397 [simulate_environment.py | 167] INFO: Get 3 unallocated order items, 5 ongoing order items, 41 completed order items
2021-07-13 16:22:01,737 [simulate_environment.py | 253] INFO: 2021-07-13 13:50:00, Item 1208160022-1: state = 1 < 2, we can not finish the simulation
2021-07-13 16:22:01,738 [simulate_environment.py | 99] INFO: **************************************************
2021-07-13 16:22:01,738 [simulate_environment.py | 103] INFO: cur time: 2021-07-13 14:00:00, pre time: 2021-07-13 13:50:00
2021-07-13 16:22:01,739 [simulate_environment.py | 140] INFO: Start to update the input of 2021-07-13 14:00:00
2021-07-13 16:22:01,755 [simulate_environment.py | 167] INFO: Get 2 unallocated order items, 6 ongoing order items, 41 completed order items
2021-07-13 16:22:04,061 [simulate_environment.py | 253] INFO: 2021-07-13 14:00:00, Item 1325300023-1: state = 1 < 2, we can not finish the simulation
2021-07-13 16:22:04,062 [simulate_environment.py | 99] INFO: **************************************************
2021-07-13 16:22:04,063 [simulate_environment.py | 103] INFO: cur time: 2021-07-13 14:10:00, pre time: 2021-07-13 14:00:00
2021-07-13 16:22:04,063 [simulate_environment.py | 140] INFO: Start to update the input of 2021-07-13 14:10:00
2021-07-13 16:22:04,065 [simulate_environment.py | 167] INFO: Get 3 unallocated order items, 6 ongoing order items, 41 completed order items
2021-07-13 16:22:06,372 [simulate_environment.py | 253] INFO: 2021-07-13 14:10:00, Item 1325300023-1: state = 1 < 2, we can not finish the simulation
2021-07-13 16:22:06,373 [simulate_environment.py | 99] INFO: **************************************************
2021-07-13 16:22:06,373 [simulate_environment.py | 103] INFO: cur time: 2021-07-13 14:20:00, pre time: 2021-07-13 14:10:00
2021-07-13 16:22:06,374 [simulate_environment.py | 140] INFO: Start to update the input of 2021-07-13 14:20:00
2021-07-13 16:22:06,387 [simulate_environment.py | 167] INFO: Get 3 unallocated order items, 4 ongoing order items, 43 completed order items
2021-07-13 16:22:09,104 [simulate_environment.py | 253] INFO: 2021-07-13 14:20:00, Item 1325300023-1: state = 1 < 2, we can not finish the simulation
2021-07-13 16:22:09,105 [simulate_environment.py | 99] INFO: **************************************************
2021-07-13 16:22:09,106 [simulate_environment.py | 103] INFO: cur time: 2021-07-13 14:30:00, pre time: 2021-07-13 14:20:00
2021-07-13 16:22:09,107 [simulate_environment.py | 140] INFO: Start to update the input of 2021-07-13 14:30:00
2021-07-13 16:22:09,123 [simulate_environment.py | 167] INFO: Get 3 unallocated order items, 2 ongoing order items, 45 completed order items
2021-07-13 16:22:11,456 [simulate_environment.py | 253] INFO: 2021-07-13 14:30:00, Item 1325300023-1: state = 1 < 2, we can not finish the simulation
2021-07-13 16:22:11,456 [simulate_environment.py | 99] INFO: **************************************************
2021-07-13 16:22:11,457 [simulate_environment.py | 103] INFO: cur time: 2021-07-13 14:40:00, pre time: 2021-07-13 14:30:00
2021-07-13 16:22:11,458 [simulate_environment.py | 140] INFO: Start to update the input of 2021-07-13 14:40:00
2021-07-13 16:22:11,481 [simulate_environment.py | 167] INFO: Get 3 unallocated order items, 1 ongoing order items, 46 completed order items
2021-07-13 16:22:13,825 [simulate_environment.py | 253] INFO: 2021-07-13 14:40:00, Item 1325300023-1: state = 1 < 2, we can not finish the simulation
2021-07-13 16:22:13,825 [simulate_environment.py | 99] INFO: **************************************************
2021-07-13 16:22:13,826 [simulate_environment.py | 103] INFO: cur time: 2021-07-13 14:50:00, pre time: 2021-07-13 14:40:00
2021-07-13 16:22:13,826 [simulate_environment.py | 140] INFO: Start to update the input of 2021-07-13 14:50:00
2021-07-13 16:22:13,838 [simulate_environment.py | 167] INFO: Get 1 unallocated order items, 3 ongoing order items, 46 completed order items
2021-07-13 16:22:16,198 [simulate_environment.py | 253] INFO: 2021-07-13 14:50:00, Item 1409460024-1: state = 1 < 2, we can not finish the simulation
2021-07-13 16:22:16,198 [simulate_environment.py | 99] INFO: **************************************************
2021-07-13 16:22:16,199 [simulate_environment.py | 103] INFO: cur time: 2021-07-13 15:00:00, pre time: 2021-07-13 14:50:00
2021-07-13 16:22:16,200 [simulate_environment.py | 140] INFO: Start to update the input of 2021-07-13 15:00:00
2021-07-13 16:22:16,215 [simulate_environment.py | 167] INFO: Get 8 unallocated order items, 2 ongoing order items, 47 completed order items
2021-07-13 16:22:18,546 [simulate_environment.py | 253] INFO: 2021-07-13 15:00:00, Item 1409460024-1: state = 1 < 2, we can not finish the simulation
2021-07-13 16:22:18,547 [simulate_environment.py | 99] INFO: **************************************************
2021-07-13 16:22:18,548 [simulate_environment.py | 103] INFO: cur time: 2021-07-13 15:10:00, pre time: 2021-07-13 15:00:00
2021-07-13 16:22:18,549 [simulate_environment.py | 140] INFO: Start to update the input of 2021-07-13 15:10:00
2021-07-13 16:22:18,550 [simulate_environment.py | 167] INFO: Get 8 unallocated order items, 2 ongoing order items, 47 completed order items
2021-07-13 16:22:20,960 [simulate_environment.py | 253] INFO: 2021-07-13 15:10:00, Item 1409460024-1: state = 1 < 2, we can not finish the simulation
2021-07-13 16:22:20,961 [simulate_environment.py | 99] INFO: **************************************************
2021-07-13 16:22:20,962 [simulate_environment.py | 103] INFO: cur time: 2021-07-13 15:20:00, pre time: 2021-07-13 15:10:00
2021-07-13 16:22:20,962 [simulate_environment.py | 140] INFO: Start to update the input of 2021-07-13 15:20:00
2021-07-13 16:22:20,982 [simulate_environment.py | 167] INFO: Get 11 unallocated order items, 0 ongoing order items, 49 completed order items
2021-07-13 16:22:23,535 [simulate_environment.py | 253] INFO: 2021-07-13 15:20:00, Item 1409460024-1: state = 1 < 2, we can not finish the simulation
2021-07-13 16:22:23,536 [simulate_environment.py | 99] INFO: **************************************************
2021-07-13 16:22:23,536 [simulate_environment.py | 103] INFO: cur time: 2021-07-13 15:30:00, pre time: 2021-07-13 15:20:00
2021-07-13 16:22:23,537 [simulate_environment.py | 140] INFO: Start to update the input of 2021-07-13 15:30:00
2021-07-13 16:22:23,562 [simulate_environment.py | 167] INFO: Get 12 unallocated order items, 0 ongoing order items, 49 completed order items
2021-07-13 16:22:26,084 [simulate_environment.py | 253] INFO: 2021-07-13 15:30:00, Item 1409460024-1: state = 1 < 2, we can not finish the simulation
2021-07-13 16:22:26,085 [simulate_environment.py | 99] INFO: **************************************************
2021-07-13 16:22:26,085 [simulate_environment.py | 103] INFO: cur time: 2021-07-13 15:40:00, pre time: 2021-07-13 15:30:00
2021-07-13 16:22:26,086 [simulate_environment.py | 140] INFO: Start to update the input of 2021-07-13 15:40:00
2021-07-13 16:22:26,106 [simulate_environment.py | 167] INFO: Get 12 unallocated order items, 0 ongoing order items, 49 completed order items
2021-07-13 16:22:28,542 [simulate_environment.py | 253] INFO: 2021-07-13 15:40:00, Item 1409460024-1: state = 1 < 2, we can not finish the simulation
2021-07-13 16:22:28,542 [simulate_environment.py | 99] INFO: **************************************************
2021-07-13 16:22:28,543 [simulate_environment.py | 103] INFO: cur time: 2021-07-13 15:50:00, pre time: 2021-07-13 15:40:00
2021-07-13 16:22:28,543 [simulate_environment.py | 140] INFO: Start to update the input of 2021-07-13 15:50:00
2021-07-13 16:22:28,559 [simulate_environment.py | 167] INFO: Get 12 unallocated order items, 0 ongoing order items, 49 completed order items
2021-07-13 16:22:31,129 [simulate_environment.py | 253] INFO: 2021-07-13 15:50:00, Item 1409460024-1: state = 1 < 2, we can not finish the simulation
2021-07-13 16:22:31,131 [simulate_environment.py | 99] INFO: **************************************************
2021-07-13 16:22:31,132 [simulate_environment.py | 103] INFO: cur time: 2021-07-13 16:00:00, pre time: 2021-07-13 15:50:00
2021-07-13 16:22:31,133 [simulate_environment.py | 140] INFO: Start to update the input of 2021-07-13 16:00:00
2021-07-13 16:22:31,156 [simulate_environment.py | 167] INFO: Get 11 unallocated order items, 7 ongoing order items, 49 completed order items
2021-07-13 16:22:33,472 [simulate_environment.py | 253] INFO: 2021-07-13 16:00:00, Item 1409460024-1: state = 1 < 2, we can not finish the simulation
2021-07-13 16:22:33,473 [simulate_environment.py | 99] INFO: **************************************************
2021-07-13 16:22:33,473 [simulate_environment.py | 103] INFO: cur time: 2021-07-13 16:10:00, pre time: 2021-07-13 16:00:00
2021-07-13 16:22:33,474 [simulate_environment.py | 140] INFO: Start to update the input of 2021-07-13 16:10:00
2021-07-13 16:22:33,495 [simulate_environment.py | 167] INFO: Get 11 unallocated order items, 8 ongoing order items, 49 completed order items
2021-07-13 16:22:35,866 [simulate_environment.py | 253] INFO: 2021-07-13 16:10:00, Item 1512130028-1: state = 1 < 2, we can not finish the simulation
2021-07-13 16:22:35,867 [simulate_environment.py | 99] INFO: **************************************************
2021-07-13 16:22:35,868 [simulate_environment.py | 103] INFO: cur time: 2021-07-13 16:20:00, pre time: 2021-07-13 16:10:00
2021-07-13 16:22:35,868 [simulate_environment.py | 140] INFO: Start to update the input of 2021-07-13 16:20:00
2021-07-13 16:22:35,888 [simulate_environment.py | 167] INFO: Get 12 unallocated order items, 8 ongoing order items, 49 completed order items
2021-07-13 16:22:38,335 [simulate_environment.py | 253] INFO: 2021-07-13 16:20:00, Item 1512130028-1: state = 1 < 2, we can not finish the simulation
2021-07-13 16:22:38,336 [simulate_environment.py | 99] INFO: **************************************************
2021-07-13 16:22:38,337 [simulate_environment.py | 103] INFO: cur time: 2021-07-13 16:30:00, pre time: 2021-07-13 16:20:00
2021-07-13 16:22:38,337 [simulate_environment.py | 140] INFO: Start to update the input of 2021-07-13 16:30:00
2021-07-13 16:22:38,355 [simulate_environment.py | 167] INFO: Get 12 unallocated order items, 8 ongoing order items, 49 completed order items
2021-07-13 16:22:40,738 [simulate_environment.py | 253] INFO: 2021-07-13 16:30:00, Item 1512130028-1: state = 1 < 2, we can not finish the simulation
2021-07-13 16:22:40,739 [simulate_environment.py | 99] INFO: **************************************************
2021-07-13 16:22:40,740 [simulate_environment.py | 103] INFO: cur time: 2021-07-13 16:40:00, pre time: 2021-07-13 16:30:00
2021-07-13 16:22:40,741 [simulate_environment.py | 140] INFO: Start to update the input of 2021-07-13 16:40:00
2021-07-13 16:22:40,760 [simulate_environment.py | 167] INFO: Get 12 unallocated order items, 3 ongoing order items, 55 completed order items
2021-07-13 16:22:43,173 [simulate_environment.py | 253] INFO: 2021-07-13 16:40:00, Item 1512130028-1: state = 1 < 2, we can not finish the simulation
2021-07-13 16:22:43,174 [simulate_environment.py | 99] INFO: **************************************************
2021-07-13 16:22:43,175 [simulate_environment.py | 103] INFO: cur time: 2021-07-13 16:50:00, pre time: 2021-07-13 16:40:00
2021-07-13 16:22:43,175 [simulate_environment.py | 140] INFO: Start to update the input of 2021-07-13 16:50:00
2021-07-13 16:22:43,201 [simulate_environment.py | 167] INFO: Get 10 unallocated order items, 5 ongoing order items, 55 completed order items
2021-07-13 16:22:45,500 [simulate_environment.py | 253] INFO: 2021-07-13 16:50:00, Item 1512130028-1: state = 1 < 2, we can not finish the simulation
2021-07-13 16:22:45,501 [simulate_environment.py | 99] INFO: **************************************************
2021-07-13 16:22:45,502 [simulate_environment.py | 103] INFO: cur time: 2021-07-13 17:00:00, pre time: 2021-07-13 16:50:00
2021-07-13 16:22:45,502 [simulate_environment.py | 140] INFO: Start to update the input of 2021-07-13 17:00:00
2021-07-13 16:22:45,531 [simulate_environment.py | 167] INFO: Get 12 unallocated order items, 6 ongoing order items, 55 completed order items
2021-07-13 16:22:48,259 [simulate_environment.py | 253] INFO: 2021-07-13 17:00:00, Item 1553470031-1: state = 1 < 2, we can not finish the simulation
2021-07-13 16:22:48,260 [simulate_environment.py | 99] INFO: **************************************************
2021-07-13 16:22:48,261 [simulate_environment.py | 103] INFO: cur time: 2021-07-13 17:10:00, pre time: 2021-07-13 17:00:00
2021-07-13 16:22:48,261 [simulate_environment.py | 140] INFO: Start to update the input of 2021-07-13 17:10:00
2021-07-13 16:22:48,278 [simulate_environment.py | 167] INFO: Get 12 unallocated order items, 6 ongoing order items, 55 completed order items
2021-07-13 16:22:50,720 [simulate_environment.py | 253] INFO: 2021-07-13 17:10:00, Item 1553470031-1: state = 1 < 2, we can not finish the simulation
2021-07-13 16:22:50,721 [simulate_environment.py | 99] INFO: **************************************************
2021-07-13 16:22:50,721 [simulate_environment.py | 103] INFO: cur time: 2021-07-13 17:20:00, pre time: 2021-07-13 17:10:00
2021-07-13 16:22:50,722 [simulate_environment.py | 140] INFO: Start to update the input of 2021-07-13 17:20:00
2021-07-13 16:22:50,748 [simulate_environment.py | 167] INFO: Get 13 unallocated order items, 7 ongoing order items, 55 completed order items
2021-07-13 16:23:00,230 [simulate_environment.py | 253] INFO: 2021-07-13 17:20:00, Item 1553470031-1: state = 1 < 2, we can not finish the simulation
2021-07-13 16:23:00,230 [simulate_environment.py | 99] INFO: **************************************************
2021-07-13 16:23:00,230 [simulate_environment.py | 103] INFO: cur time: 2021-07-13 17:30:00, pre time: 2021-07-13 17:20:00
2021-07-13 16:23:00,231 [simulate_environment.py | 140] INFO: Start to update the input of 2021-07-13 17:30:00
2021-07-13 16:23:00,249 [simulate_environment.py | 167] INFO: Get 13 unallocated order items, 7 ongoing order items, 55 completed order items
2021-07-13 16:23:11,174 [simulate_environment.py | 253] INFO: 2021-07-13 17:30:00, Item 1553470031-1: state = 1 < 2, we can not finish the simulation
2021-07-13 16:23:11,175 [simulate_environment.py | 99] INFO: **************************************************
2021-07-13 16:23:11,175 [simulate_environment.py | 103] INFO: cur time: 2021-07-13 17:40:00, pre time: 2021-07-13 17:30:00
2021-07-13 16:23:11,176 [simulate_environment.py | 140] INFO: Start to update the input of 2021-07-13 17:40:00
2021-07-13 16:23:11,200 [simulate_environment.py | 167] INFO: Get 13 unallocated order items, 7 ongoing order items, 55 completed order items
2021-07-13 16:23:20,786 [simulate_environment.py | 253] INFO: 2021-07-13 17:40:00, Item 1553470031-1: state = 1 < 2, we can not finish the simulation
2021-07-13 16:23:20,787 [simulate_environment.py | 99] INFO: **************************************************
2021-07-13 16:23:20,788 [simulate_environment.py | 103] INFO: cur time: 2021-07-13 17:50:00, pre time: 2021-07-13 17:40:00
2021-07-13 16:23:20,789 [simulate_environment.py | 140] INFO: Start to update the input of 2021-07-13 17:50:00
2021-07-13 16:23:20,808 [simulate_environment.py | 167] INFO: Get 12 unallocated order items, 6 ongoing order items, 57 completed order items
2021-07-13 16:23:23,229 [simulate_environment.py | 253] INFO: 2021-07-13 17:50:00, Item 1553470031-1: state = 1 < 2, we can not finish the simulation
2021-07-13 16:23:23,230 [simulate_environment.py | 99] INFO: **************************************************
2021-07-13 16:23:23,230 [simulate_environment.py | 103] INFO: cur time: 2021-07-13 18:00:00, pre time: 2021-07-13 17:50:00
2021-07-13 16:23:23,231 [simulate_environment.py | 140] INFO: Start to update the input of 2021-07-13 18:00:00
2021-07-13 16:23:23,246 [simulate_environment.py | 167] INFO: Get 12 unallocated order items, 5 ongoing order items, 58 completed order items
2021-07-13 16:23:25,621 [simulate_environment.py | 253] INFO: 2021-07-13 18:00:00, Item 1553470031-1: state = 1 < 2, we can not finish the simulation
2021-07-13 16:23:25,622 [simulate_environment.py | 99] INFO: **************************************************
2021-07-13 16:23:25,623 [simulate_environment.py | 103] INFO: cur time: 2021-07-13 18:10:00, pre time: 2021-07-13 18:00:00
2021-07-13 16:23:25,623 [simulate_environment.py | 140] INFO: Start to update the input of 2021-07-13 18:10:00
2021-07-13 16:23:25,640 [simulate_environment.py | 167] INFO: Get 12 unallocated order items, 4 ongoing order items, 59 completed order items
2021-07-13 16:23:28,186 [simulate_environment.py | 253] INFO: 2021-07-13 18:10:00, Item 1553470031-1: state = 1 < 2, we can not finish the simulation
2021-07-13 16:23:28,187 [simulate_environment.py | 99] INFO: **************************************************
2021-07-13 16:23:28,188 [simulate_environment.py | 103] INFO: cur time: 2021-07-13 18:20:00, pre time: 2021-07-13 18:10:00
2021-07-13 16:23:28,188 [simulate_environment.py | 140] INFO: Start to update the input of 2021-07-13 18:20:00
2021-07-13 16:23:28,190 [simulate_environment.py | 167] INFO: Get 12 unallocated order items, 4 ongoing order items, 59 completed order items
2021-07-13 16:23:30,593 [simulate_environment.py | 253] INFO: 2021-07-13 18:20:00, Item 1553470031-1: state = 1 < 2, we can not finish the simulation
2021-07-13 16:23:30,597 [simulate_environment.py | 99] INFO: **************************************************
2021-07-13 16:23:30,599 [simulate_environment.py | 103] INFO: cur time: 2021-07-13 18:30:00, pre time: 2021-07-13 18:20:00
2021-07-13 16:23:30,599 [simulate_environment.py | 140] INFO: Start to update the input of 2021-07-13 18:30:00
2021-07-13 16:23:30,622 [simulate_environment.py | 167] INFO: Get 12 unallocated order items, 3 ongoing order items, 60 completed order items
2021-07-13 16:23:33,139 [simulate_environment.py | 253] INFO: 2021-07-13 18:30:00, Item 1553470031-1: state = 1 < 2, we can not finish the simulation
2021-07-13 16:23:33,140 [simulate_environment.py | 99] INFO: **************************************************
2021-07-13 16:23:33,140 [simulate_environment.py | 103] INFO: cur time: 2021-07-13 18:40:00, pre time: 2021-07-13 18:30:00
2021-07-13 16:23:33,141 [simulate_environment.py | 140] INFO: Start to update the input of 2021-07-13 18:40:00
2021-07-13 16:23:33,143 [simulate_environment.py | 167] INFO: Get 4 unallocated order items, 10 ongoing order items, 61 completed order items
2021-07-13 16:23:35,559 [simulate_environment.py | 253] INFO: 2021-07-13 18:40:00, Item 1604370032-1: state = 1 < 2, we can not finish the simulation
2021-07-13 16:23:35,560 [simulate_environment.py | 99] INFO: **************************************************
2021-07-13 16:23:35,561 [simulate_environment.py | 103] INFO: cur time: 2021-07-13 18:50:00, pre time: 2021-07-13 18:40:00
2021-07-13 16:23:35,561 [simulate_environment.py | 140] INFO: Start to update the input of 2021-07-13 18:50:00
2021-07-13 16:23:35,574 [simulate_environment.py | 167] INFO: Get 4 unallocated order items, 10 ongoing order items, 61 completed order items
2021-07-13 16:23:38,022 [simulate_environment.py | 253] INFO: 2021-07-13 18:50:00, Item 1604370032-1: state = 1 < 2, we can not finish the simulation
2021-07-13 16:23:38,023 [simulate_environment.py | 99] INFO: **************************************************
2021-07-13 16:23:38,024 [simulate_environment.py | 103] INFO: cur time: 2021-07-13 19:00:00, pre time: 2021-07-13 18:50:00
2021-07-13 16:23:38,025 [simulate_environment.py | 140] INFO: Start to update the input of 2021-07-13 19:00:00
2021-07-13 16:23:38,042 [simulate_environment.py | 167] INFO: Get 5 unallocated order items, 10 ongoing order items, 61 completed order items
2021-07-13 16:23:40,497 [simulate_environment.py | 253] INFO: 2021-07-13 19:00:00, Item 1604370032-1: state = 1 < 2, we can not finish the simulation
2021-07-13 16:23:40,498 [simulate_environment.py | 99] INFO: **************************************************
2021-07-13 16:23:40,499 [simulate_environment.py | 103] INFO: cur time: 2021-07-13 19:10:00, pre time: 2021-07-13 19:00:00
2021-07-13 16:23:40,499 [simulate_environment.py | 140] INFO: Start to update the input of 2021-07-13 19:10:00
2021-07-13 16:23:40,517 [simulate_environment.py | 167] INFO: Get 3 unallocated order items, 12 ongoing order items, 61 completed order items
2021-07-13 16:23:43,144 [simulate_environment.py | 253] INFO: 2021-07-13 19:10:00, Item 1712050038-1: state = 1 < 2, we can not finish the simulation
2021-07-13 16:23:43,145 [simulate_environment.py | 99] INFO: **************************************************
2021-07-13 16:23:43,146 [simulate_environment.py | 103] INFO: cur time: 2021-07-13 19:20:00, pre time: 2021-07-13 19:10:00
2021-07-13 16:23:43,146 [simulate_environment.py | 140] INFO: Start to update the input of 2021-07-13 19:20:00
2021-07-13 16:23:43,169 [simulate_environment.py | 167] INFO: Get 1 unallocated order items, 13 ongoing order items, 62 completed order items
2021-07-13 16:23:45,703 [simulate_environment.py | 253] INFO: 2021-07-13 19:20:00, Item 1712050038-1: state = 1 < 2, we can not finish the simulation
2021-07-13 16:23:45,704 [simulate_environment.py | 99] INFO: **************************************************
2021-07-13 16:23:45,704 [simulate_environment.py | 103] INFO: cur time: 2021-07-13 19:30:00, pre time: 2021-07-13 19:20:00
2021-07-13 16:23:45,705 [simulate_environment.py | 140] INFO: Start to update the input of 2021-07-13 19:30:00
2021-07-13 16:23:45,731 [simulate_environment.py | 167] INFO: Get 1 unallocated order items, 13 ongoing order items, 62 completed order items
2021-07-13 16:23:48,122 [simulate_environment.py | 253] INFO: 2021-07-13 19:30:00, Item 1712050038-1: state = 1 < 2, we can not finish the simulation
2021-07-13 16:23:48,123 [simulate_environment.py | 99] INFO: **************************************************
2021-07-13 16:23:48,124 [simulate_environment.py | 103] INFO: cur time: 2021-07-13 19:40:00, pre time: 2021-07-13 19:30:00
2021-07-13 16:23:48,124 [simulate_environment.py | 140] INFO: Start to update the input of 2021-07-13 19:40:00
2021-07-13 16:23:48,137 [simulate_environment.py | 167] INFO: Get 1 unallocated order items, 14 ongoing order items, 62 completed order items
2021-07-13 16:23:50,530 [simulate_environment.py | 253] INFO: 2021-07-13 19:40:00, Item 1932140041-1: state = 1 < 2, we can not finish the simulation
2021-07-13 16:23:50,531 [simulate_environment.py | 99] INFO: **************************************************
2021-07-13 16:23:50,532 [simulate_environment.py | 103] INFO: cur time: 2021-07-13 19:50:00, pre time: 2021-07-13 19:40:00
2021-07-13 16:23:50,532 [simulate_environment.py | 140] INFO: Start to update the input of 2021-07-13 19:50:00
2021-07-13 16:23:50,534 [simulate_environment.py | 167] INFO: Get 2 unallocated order items, 12 ongoing order items, 64 completed order items
2021-07-13 16:23:53,104 [simulate_environment.py | 253] INFO: 2021-07-13 19:50:00, Item 1932140041-1: state = 1 < 2, we can not finish the simulation
2021-07-13 16:23:53,105 [simulate_environment.py | 99] INFO: **************************************************
2021-07-13 16:23:53,105 [simulate_environment.py | 103] INFO: cur time: 2021-07-13 20:00:00, pre time: 2021-07-13 19:50:00
2021-07-13 16:23:53,106 [simulate_environment.py | 140] INFO: Start to update the input of 2021-07-13 20:00:00
2021-07-13 16:23:53,122 [simulate_environment.py | 167] INFO: Get 3 unallocated order items, 12 ongoing order items, 64 completed order items
2021-07-13 16:23:55,659 [simulate_environment.py | 253] INFO: 2021-07-13 20:00:00, Item 1932140041-1: state = 1 < 2, we can not finish the simulation
2021-07-13 16:23:55,660 [simulate_environment.py | 99] INFO: **************************************************
2021-07-13 16:23:55,661 [simulate_environment.py | 103] INFO: cur time: 2021-07-13 20:10:00, pre time: 2021-07-13 20:00:00
2021-07-13 16:23:55,662 [simulate_environment.py | 140] INFO: Start to update the input of 2021-07-13 20:10:00
2021-07-13 16:23:55,685 [simulate_environment.py | 167] INFO: Get 3 unallocated order items, 10 ongoing order items, 66 completed order items
2021-07-13 16:23:58,014 [simulate_environment.py | 253] INFO: 2021-07-13 20:10:00, Item 1932140041-1: state = 1 < 2, we can not finish the simulation
2021-07-13 16:23:58,015 [simulate_environment.py | 99] INFO: **************************************************
2021-07-13 16:23:58,015 [simulate_environment.py | 103] INFO: cur time: 2021-07-13 20:20:00, pre time: 2021-07-13 20:10:00
2021-07-13 16:23:58,016 [simulate_environment.py | 140] INFO: Start to update the input of 2021-07-13 20:20:00
2021-07-13 16:23:58,029 [simulate_environment.py | 167] INFO: Get 1 unallocated order items, 6 ongoing order items, 72 completed order items
2021-07-13 16:24:00,580 [simulate_environment.py | 253] INFO: 2021-07-13 20:20:00, Item 1956090043-1: state = 1 < 2, we can not finish the simulation
2021-07-13 16:24:00,581 [simulate_environment.py | 99] INFO: **************************************************
2021-07-13 16:24:00,581 [simulate_environment.py | 103] INFO: cur time: 2021-07-13 20:30:00, pre time: 2021-07-13 20:20:00
2021-07-13 16:24:00,582 [simulate_environment.py | 140] INFO: Start to update the input of 2021-07-13 20:30:00
2021-07-13 16:24:00,606 [simulate_environment.py | 167] INFO: Get 1 unallocated order items, 6 ongoing order items, 72 completed order items
2021-07-13 16:24:03,043 [simulate_environment.py | 253] INFO: 2021-07-13 20:30:00, Item 1956090043-1: state = 1 < 2, we can not finish the simulation
2021-07-13 16:24:03,043 [simulate_environment.py | 99] INFO: **************************************************
2021-07-13 16:24:03,044 [simulate_environment.py | 103] INFO: cur time: 2021-07-13 20:40:00, pre time: 2021-07-13 20:30:00
2021-07-13 16:24:03,044 [simulate_environment.py | 140] INFO: Start to update the input of 2021-07-13 20:40:00
2021-07-13 16:24:03,063 [simulate_environment.py | 167] INFO: Get 2 unallocated order items, 6 ongoing order items, 72 completed order items
2021-07-13 16:24:05,421 [simulate_environment.py | 253] INFO: 2021-07-13 20:40:00, Item 1956090043-1: state = 1 < 2, we can not finish the simulation
2021-07-13 16:24:05,422 [simulate_environment.py | 99] INFO: **************************************************
2021-07-13 16:24:05,423 [simulate_environment.py | 103] INFO: cur time: 2021-07-13 20:50:00, pre time: 2021-07-13 20:40:00
2021-07-13 16:24:05,424 [simulate_environment.py | 140] INFO: Start to update the input of 2021-07-13 20:50:00
2021-07-13 16:24:05,426 [simulate_environment.py | 167] INFO: Get 4 unallocated order items, 5 ongoing order items, 73 completed order items
2021-07-13 16:24:07,823 [simulate_environment.py | 253] INFO: 2021-07-13 20:50:00, Item 1956090043-1: state = 1 < 2, we can not finish the simulation
2021-07-13 16:24:07,824 [simulate_environment.py | 99] INFO: **************************************************
2021-07-13 16:24:07,825 [simulate_environment.py | 103] INFO: cur time: 2021-07-13 21:00:00, pre time: 2021-07-13 20:50:00
2021-07-13 16:24:07,825 [simulate_environment.py | 140] INFO: Start to update the input of 2021-07-13 21:00:00
2021-07-13 16:24:07,842 [simulate_environment.py | 167] INFO: Get 4 unallocated order items, 3 ongoing order items, 75 completed order items
2021-07-13 16:24:10,611 [simulate_environment.py | 253] INFO: 2021-07-13 21:00:00, Item 1956090043-1: state = 1 < 2, we can not finish the simulation
2021-07-13 16:24:10,612 [simulate_environment.py | 99] INFO: **************************************************
2021-07-13 16:24:10,613 [simulate_environment.py | 103] INFO: cur time: 2021-07-13 21:10:00, pre time: 2021-07-13 21:00:00
2021-07-13 16:24:10,613 [simulate_environment.py | 140] INFO: Start to update the input of 2021-07-13 21:10:00
2021-07-13 16:24:10,637 [simulate_environment.py | 167] INFO: Get 3 unallocated order items, 3 ongoing order items, 76 completed order items
2021-07-13 16:24:13,203 [simulate_environment.py | 253] INFO: 2021-07-13 21:10:00, Item 2030120044-1: state = 1 < 2, we can not finish the simulation
2021-07-13 16:24:13,203 [simulate_environment.py | 99] INFO: **************************************************
2021-07-13 16:24:13,204 [simulate_environment.py | 103] INFO: cur time: 2021-07-13 21:20:00, pre time: 2021-07-13 21:10:00
2021-07-13 16:24:13,205 [simulate_environment.py | 140] INFO: Start to update the input of 2021-07-13 21:20:00
2021-07-13 16:24:13,207 [simulate_environment.py | 167] INFO: Get 3 unallocated order items, 2 ongoing order items, 77 completed order items
2021-07-13 16:24:15,852 [simulate_environment.py | 253] INFO: 2021-07-13 21:20:00, Item 2030120044-1: state = 1 < 2, we can not finish the simulation
2021-07-13 16:24:15,853 [simulate_environment.py | 99] INFO: **************************************************
2021-07-13 16:24:15,854 [simulate_environment.py | 103] INFO: cur time: 2021-07-13 21:30:00, pre time: 2021-07-13 21:20:00
2021-07-13 16:24:15,854 [simulate_environment.py | 140] INFO: Start to update the input of 2021-07-13 21:30:00
2021-07-13 16:24:15,862 [simulate_environment.py | 167] INFO: Get 3 unallocated order items, 2 ongoing order items, 77 completed order items
2021-07-13 16:24:18,318 [simulate_environment.py | 253] INFO: 2021-07-13 21:30:00, Item 2030120044-1: state = 1 < 2, we can not finish the simulation
2021-07-13 16:24:18,319 [simulate_environment.py | 99] INFO: **************************************************
2021-07-13 16:24:18,319 [simulate_environment.py | 103] INFO: cur time: 2021-07-13 21:40:00, pre time: 2021-07-13 21:30:00
2021-07-13 16:24:18,320 [simulate_environment.py | 140] INFO: Start to update the input of 2021-07-13 21:40:00
2021-07-13 16:24:18,343 [simulate_environment.py | 167] INFO: Get 3 unallocated order items, 2 ongoing order items, 77 completed order items
2021-07-13 16:24:20,785 [simulate_environment.py | 253] INFO: 2021-07-13 21:40:00, Item 2030120044-1: state = 1 < 2, we can not finish the simulation
2021-07-13 16:24:20,786 [simulate_environment.py | 99] INFO: **************************************************
2021-07-13 16:24:20,786 [simulate_environment.py | 103] INFO: cur time: 2021-07-13 21:50:00, pre time: 2021-07-13 21:40:00
2021-07-13 16:24:20,787 [simulate_environment.py | 140] INFO: Start to update the input of 2021-07-13 21:50:00
2021-07-13 16:24:20,808 [simulate_environment.py | 167] INFO: Get 2 unallocated order items, 2 ongoing order items, 78 completed order items
2021-07-13 16:24:23,499 [simulate_environment.py | 253] INFO: 2021-07-13 21:50:00, Item 2041400045-1: state = 1 < 2, we can not finish the simulation
2021-07-13 16:24:23,499 [simulate_environment.py | 99] INFO: **************************************************
2021-07-13 16:24:23,500 [simulate_environment.py | 103] INFO: cur time: 2021-07-13 22:00:00, pre time: 2021-07-13 21:50:00
2021-07-13 16:24:23,500 [simulate_environment.py | 140] INFO: Start to update the input of 2021-07-13 22:00:00
2021-07-13 16:24:23,510 [simulate_environment.py | 167] INFO: Get 5 unallocated order items, 2 ongoing order items, 78 completed order items
2021-07-13 16:24:26,026 [simulate_environment.py | 253] INFO: 2021-07-13 22:00:00, Item 2041400045-1: state = 1 < 2, we can not finish the simulation
2021-07-13 16:24:26,027 [simulate_environment.py | 99] INFO: **************************************************
2021-07-13 16:24:26,028 [simulate_environment.py | 103] INFO: cur time: 2021-07-13 22:10:00, pre time: 2021-07-13 22:00:00
2021-07-13 16:24:26,029 [simulate_environment.py | 140] INFO: Start to update the input of 2021-07-13 22:10:00
2021-07-13 16:24:26,043 [simulate_environment.py | 167] INFO: Get 2 unallocated order items, 5 ongoing order items, 79 completed order items
2021-07-13 16:24:28,580 [simulate_environment.py | 253] INFO: 2021-07-13 22:10:00, Item 2041400045-1: state = 1 < 2, we can not finish the simulation
2021-07-13 16:24:28,581 [simulate_environment.py | 99] INFO: **************************************************
2021-07-13 16:24:28,581 [simulate_environment.py | 103] INFO: cur time: 2021-07-13 22:20:00, pre time: 2021-07-13 22:10:00
2021-07-13 16:24:28,582 [simulate_environment.py | 140] INFO: Start to update the input of 2021-07-13 22:20:00
2021-07-13 16:24:28,606 [simulate_environment.py | 167] INFO: Get 2 unallocated order items, 5 ongoing order items, 79 completed order items
2021-07-13 16:24:31,121 [simulate_environment.py | 253] INFO: 2021-07-13 22:20:00, Item 2041400045-1: state = 1 < 2, we can not finish the simulation
2021-07-13 16:24:31,122 [simulate_environment.py | 99] INFO: **************************************************
2021-07-13 16:24:31,122 [simulate_environment.py | 103] INFO: cur time: 2021-07-13 22:30:00, pre time: 2021-07-13 22:20:00
2021-07-13 16:24:31,123 [simulate_environment.py | 140] INFO: Start to update the input of 2021-07-13 22:30:00
2021-07-13 16:24:31,138 [simulate_environment.py | 167] INFO: Get 2 unallocated order items, 5 ongoing order items, 79 completed order items
2021-07-13 16:24:33,737 [simulate_environment.py | 253] INFO: 2021-07-13 22:30:00, Item 2041400045-1: state = 1 < 2, we can not finish the simulation
2021-07-13 16:24:33,738 [simulate_environment.py | 99] INFO: **************************************************
2021-07-13 16:24:33,738 [simulate_environment.py | 103] INFO: cur time: 2021-07-13 22:40:00, pre time: 2021-07-13 22:30:00
2021-07-13 16:24:33,739 [simulate_environment.py | 140] INFO: Start to update the input of 2021-07-13 22:40:00
2021-07-13 16:24:33,761 [simulate_environment.py | 167] INFO: Get 2 unallocated order items, 4 ongoing order items, 80 completed order items
2021-07-13 16:24:36,373 [simulate_environment.py | 253] INFO: 2021-07-13 22:40:00, Item 2041400045-1: state = 1 < 2, we can not finish the simulation
2021-07-13 16:24:36,373 [simulate_environment.py | 99] INFO: **************************************************
2021-07-13 16:24:36,374 [simulate_environment.py | 103] INFO: cur time: 2021-07-13 22:50:00, pre time: 2021-07-13 22:40:00
2021-07-13 16:24:36,375 [simulate_environment.py | 140] INFO: Start to update the input of 2021-07-13 22:50:00
2021-07-13 16:24:36,387 [simulate_environment.py | 167] INFO: Get 2 unallocated order items, 4 ongoing order items, 80 completed order items
2021-07-13 16:24:39,071 [simulate_environment.py | 253] INFO: 2021-07-13 22:50:00, Item 2041400045-1: state = 1 < 2, we can not finish the simulation
2021-07-13 16:24:39,072 [simulate_environment.py | 99] INFO: **************************************************
2021-07-13 16:24:39,073 [simulate_environment.py | 103] INFO: cur time: 2021-07-13 23:00:00, pre time: 2021-07-13 22:50:00
2021-07-13 16:24:39,074 [simulate_environment.py | 140] INFO: Start to update the input of 2021-07-13 23:00:00
2021-07-13 16:24:39,088 [simulate_environment.py | 167] INFO: Get 1 unallocated order items, 5 ongoing order items, 80 completed order items
2021-07-13 16:24:41,710 [simulate_environment.py | 253] INFO: 2021-07-13 23:00:00, Item 2041400045-1: state = 1 < 2, we can not finish the simulation
2021-07-13 16:24:41,711 [simulate_environment.py | 99] INFO: **************************************************
2021-07-13 16:24:41,711 [simulate_environment.py | 103] INFO: cur time: 2021-07-13 23:10:00, pre time: 2021-07-13 23:00:00
2021-07-13 16:24:41,712 [simulate_environment.py | 140] INFO: Start to update the input of 2021-07-13 23:10:00
2021-07-13 16:24:41,730 [simulate_environment.py | 167] INFO: Get 1 unallocated order items, 2 ongoing order items, 83 completed order items
2021-07-13 16:24:44,261 [simulate_environment.py | 253] INFO: 2021-07-13 23:10:00, Item 2041400045-1: state = 1 < 2, we can not finish the simulation
2021-07-13 16:24:44,262 [simulate_environment.py | 99] INFO: **************************************************
2021-07-13 16:24:44,263 [simulate_environment.py | 103] INFO: cur time: 2021-07-13 23:20:00, pre time: 2021-07-13 23:10:00
2021-07-13 16:24:44,263 [simulate_environment.py | 140] INFO: Start to update the input of 2021-07-13 23:20:00
2021-07-13 16:24:44,277 [simulate_environment.py | 167] INFO: Get 0 unallocated order items, 3 ongoing order items, 83 completed order items
2021-07-13 16:24:46,838 [simulate_environment.py | 253] INFO: 2021-07-13 23:20:00, Item 2328450049-1: state = 0 < 2, we can not finish the simulation
2021-07-13 16:24:46,839 [simulate_environment.py | 99] INFO: **************************************************
2021-07-13 16:24:46,840 [simulate_environment.py | 103] INFO: cur time: 2021-07-13 23:30:00, pre time: 2021-07-13 23:20:00
2021-07-13 16:24:46,841 [simulate_environment.py | 140] INFO: Start to update the input of 2021-07-13 23:30:00
2021-07-13 16:24:46,855 [simulate_environment.py | 167] INFO: Get 1 unallocated order items, 3 ongoing order items, 83 completed order items
2021-07-13 16:24:49,320 [simulate_environment.py | 253] INFO: 2021-07-13 23:30:00, Item 2328450049-1: state = 1 < 2, we can not finish the simulation
2021-07-13 16:24:49,320 [simulate_environment.py | 99] INFO: **************************************************
2021-07-13 16:24:49,321 [simulate_environment.py | 103] INFO: cur time: 2021-07-13 23:40:00, pre time: 2021-07-13 23:30:00
2021-07-13 16:24:49,321 [simulate_environment.py | 140] INFO: Start to update the input of 2021-07-13 23:40:00
2021-07-13 16:24:49,340 [simulate_environment.py | 167] INFO: Get 1 unallocated order items, 3 ongoing order items, 83 completed order items
2021-07-13 16:24:51,804 [simulate_environment.py | 253] INFO: 2021-07-13 23:40:00, Item 2328450049-1: state = 1 < 2, we can not finish the simulation
2021-07-13 16:24:51,805 [simulate_environment.py | 99] INFO: **************************************************
2021-07-13 16:24:51,805 [simulate_environment.py | 103] INFO: cur time: 2021-07-13 23:50:00, pre time: 2021-07-13 23:40:00
2021-07-13 16:24:51,806 [simulate_environment.py | 140] INFO: Start to update the input of 2021-07-13 23:50:00
2021-07-13 16:24:51,824 [simulate_environment.py | 167] INFO: Get 1 unallocated order items, 2 ongoing order items, 84 completed order items
2021-07-13 16:24:54,321 [simulate_environment.py | 253] INFO: 2021-07-13 23:50:00, Item 2328450049-1: state = 1 < 2, we can not finish the simulation
2021-07-13 16:24:54,322 [simulate_environment.py | 99] INFO: **************************************************
2021-07-13 16:24:54,322 [simulate_environment.py | 103] INFO: cur time: 2021-07-14 00:00:00, pre time: 2021-07-13 23:50:00
2021-07-13 16:24:54,323 [simulate_environment.py | 140] INFO: Start to update the input of 2021-07-14 00:00:00
2021-07-13 16:24:54,340 [simulate_environment.py | 167] INFO: Get 2 unallocated order items, 2 ongoing order items, 84 completed order items
2021-07-13 16:24:57,023 [simulate_environment.py | 253] INFO: 2021-07-14 00:00:00, Item 2328450049-1: state = 1 < 2, we can not finish the simulation
2021-07-13 16:24:57,023 [simulate_environment.py | 99] INFO: **************************************************
2021-07-13 16:24:57,024 [simulate_environment.py | 103] INFO: cur time: 2021-07-14 00:10:00, pre time: 2021-07-14 00:00:00
2021-07-13 16:24:57,024 [simulate_environment.py | 140] INFO: Start to update the input of 2021-07-14 00:10:00
2021-07-13 16:24:57,041 [simulate_environment.py | 167] INFO: Get 2 unallocated order items, 2 ongoing order items, 84 completed order items
2021-07-13 16:24:59,582 [simulate_environment.py | 253] INFO: 2021-07-14 00:10:00, Item 2328450049-1: state = 1 < 2, we can not finish the simulation
2021-07-13 16:24:59,583 [simulate_environment.py | 99] INFO: **************************************************
2021-07-13 16:24:59,583 [simulate_environment.py | 103] INFO: cur time: 2021-07-14 00:20:00, pre time: 2021-07-14 00:10:00
2021-07-13 16:24:59,584 [simulate_environment.py | 140] INFO: Start to update the input of 2021-07-14 00:20:00
2021-07-13 16:24:59,604 [simulate_environment.py | 167] INFO: Get 2 unallocated order items, 2 ongoing order items, 84 completed order items
2021-07-13 16:25:02,125 [simulate_environment.py | 253] INFO: 2021-07-14 00:20:00, Item 2328450049-1: state = 1 < 2, we can not finish the simulation
2021-07-13 16:25:02,126 [simulate_environment.py | 99] INFO: **************************************************
2021-07-13 16:25:02,126 [simulate_environment.py | 103] INFO: cur time: 2021-07-14 00:30:00, pre time: 2021-07-14 00:20:00
2021-07-13 16:25:02,127 [simulate_environment.py | 140] INFO: Start to update the input of 2021-07-14 00:30:00
2021-07-13 16:25:02,152 [simulate_environment.py | 167] INFO: Get 1 unallocated order items, 2 ongoing order items, 85 completed order items
2021-07-13 16:25:04,660 [simulate_environment.py | 253] INFO: 2021-07-14 00:30:00, Item 2357490050-1: state = 1 < 2, we can not finish the simulation
2021-07-13 16:25:04,661 [simulate_environment.py | 99] INFO: **************************************************
2021-07-13 16:25:04,661 [simulate_environment.py | 103] INFO: cur time: 2021-07-14 00:40:00, pre time: 2021-07-14 00:30:00
2021-07-13 16:25:04,662 [simulate_environment.py | 140] INFO: Start to update the input of 2021-07-14 00:40:00
2021-07-13 16:25:04,684 [simulate_environment.py | 167] INFO: Get 1 unallocated order items, 2 ongoing order items, 85 completed order items
2021-07-13 16:25:07,249 [simulate_environment.py | 253] INFO: 2021-07-14 00:40:00, Item 2357490050-1: state = 1 < 2, we can not finish the simulation
2021-07-13 16:25:07,250 [simulate_environment.py | 99] INFO: **************************************************
2021-07-13 16:25:07,251 [simulate_environment.py | 103] INFO: cur time: 2021-07-14 00:50:00, pre time: 2021-07-14 00:40:00
2021-07-13 16:25:07,251 [simulate_environment.py | 140] INFO: Start to update the input of 2021-07-14 00:50:00
2021-07-13 16:25:07,279 [simulate_environment.py | 167] INFO: Get 1 unallocated order items, 2 ongoing order items, 85 completed order items
2021-07-13 16:25:09,740 [simulate_environment.py | 253] INFO: 2021-07-14 00:50:00, Item 2357490050-1: state = 1 < 2, we can not finish the simulation
2021-07-13 16:25:09,740 [simulate_environment.py | 99] INFO: **************************************************
2021-07-13 16:25:09,740 [simulate_environment.py | 103] INFO: cur time: 2021-07-14 01:00:00, pre time: 2021-07-14 00:50:00
2021-07-13 16:25:09,741 [simulate_environment.py | 140] INFO: Start to update the input of 2021-07-14 01:00:00
2021-07-13 16:25:09,759 [simulate_environment.py | 167] INFO: Get 0 unallocated order items, 1 ongoing order items, 87 completed order items
2021-07-13 16:25:12,349 [simulate_environment.py | 256] INFO: 2021-07-14 01:00:00, the status of all items is greater than 1, we could finish the simulation
2021-07-13 16:25:12,371 [evaluator.py    | 52] INFO: Traveling Distance of Vehicle V_1 is  60.300, visited node list: 120
2021-07-13 16:25:12,372 [evaluator.py    | 52] INFO: Traveling Distance of Vehicle V_2 is  175.100, visited node list: 74
2021-07-13 16:25:12,372 [evaluator.py    | 52] INFO: Traveling Distance of Vehicle V_3 is  155.800, visited node list: 65
2021-07-13 16:25:12,373 [evaluator.py    | 52] INFO: Traveling Distance of Vehicle V_4 is  35.200, visited node list: 137
2021-07-13 16:25:12,374 [evaluator.py    | 52] INFO: Traveling Distance of Vehicle V_5 is  149.100, visited node list: 65
2021-07-13 16:25:12,375 [evaluator.py    | 33] INFO: Total distance:  575.500
2021-07-13 16:25:12,375 [evaluator.py    | 35] INFO: Sum over time:  16209.000
2021-07-13 16:25:12,376 [evaluator.py    | 37] INFO: Total score:  45140.100
2021-07-13 16:25:12,380 [<ipython-input-1-35521dce9a68> | 54] INFO: Score of instance_4: 45140.1
