2021-07-14 19:12:48,277 [<ipython-input-1-6c912aa295a1> | 49] INFO: Start to run instance_64
2021-07-14 19:12:48,279 [simulate_api.py | 60] INFO: Start time of the simulator: 2021-07-14 00:00:00, time interval:  600.00
2021-07-14 19:12:48,295 [input_utils.py  | 48] INFO: Get 154 factories
2021-07-14 19:12:50,235 [input_utils.py  | 52] INFO: Get 23562 routes
2021-07-14 19:12:50,270 [input_utils.py  | 57] INFO: Get 100 vehicles
2021-07-14 19:12:50,941 [input_utils.py  | 61] INFO: Get 4000 orders
2021-07-14 19:12:50,942 [simulate_api.py | 87] INFO: Initial position of V_1 is e2d5093fbe36431f8986ddb0e1c586be
2021-07-14 19:12:50,952 [simulate_api.py | 87] INFO: Initial position of V_2 is 7fe14b93f0f04ee7a994ef5b2c1fdb72
2021-07-14 19:12:50,952 [simulate_api.py | 87] INFO: Initial position of V_3 is fa366fc87a124d32926daa5bb093129f
2021-07-14 19:12:50,953 [simulate_api.py | 87] INFO: Initial position of V_4 is e47399648fa842b2b8f80094343d8091
2021-07-14 19:12:50,953 [simulate_api.py | 87] INFO: Initial position of V_5 is becb4f85393540b287e7329758b8d832
2021-07-14 19:12:50,954 [simulate_api.py | 87] INFO: Initial position of V_6 is 7fb0acc4e2634440ba26a7ebc0040dc2
2021-07-14 19:12:50,955 [simulate_api.py | 87] INFO: Initial position of V_7 is 6380b13f12984a08a4994fb4c126215b
2021-07-14 19:12:50,956 [simulate_api.py | 87] INFO: Initial position of V_8 is 449b516ba21b4270ac1ea1b13a89514c
2021-07-14 19:12:50,956 [simulate_api.py | 87] INFO: Initial position of V_9 is c174cfe9fcbf4f1b82095941a49f7bd9
2021-07-14 19:12:50,957 [simulate_api.py | 87] INFO: Initial position of V_10 is c0979c05f2c44e6fa7c5e42ae9aa977e
2021-07-14 19:12:50,957 [simulate_api.py | 87] INFO: Initial position of V_11 is 4a85fbdd319140dd83f55766289d365f
2021-07-14 19:12:50,958 [simulate_api.py | 87] INFO: Initial position of V_12 is 61a68b6b728b4413ba6a0f695091579c
2021-07-14 19:12:50,959 [simulate_api.py | 87] INFO: Initial position of V_13 is 76d691d6054f42d48f27e16806928020
2021-07-14 19:12:50,960 [simulate_api.py | 87] INFO: Initial position of V_14 is 433544a316b84100a11a703f1b99494a
2021-07-14 19:12:50,961 [simulate_api.py | 87] INFO: Initial position of V_15 is 680ee12255ad415ab7838647f138778e
2021-07-14 19:12:50,962 [simulate_api.py | 87] INFO: Initial position of V_16 is 433544a316b84100a11a703f1b99494a
2021-07-14 19:12:50,962 [simulate_api.py | 87] INFO: Initial position of V_17 is 8479328003a8427ca68b7600f0ac7045
2021-07-14 19:12:50,963 [simulate_api.py | 87] INFO: Initial position of V_18 is 9b8851cf57f944c6b168ec887558ffaa
2021-07-14 19:12:50,963 [simulate_api.py | 87] INFO: Initial position of V_19 is 433901c139d54522a8f3790b07a335e5
2021-07-14 19:12:50,964 [simulate_api.py | 87] INFO: Initial position of V_20 is a6d6e6a52a0044e99991fc8fb0248027
2021-07-14 19:12:50,964 [simulate_api.py | 87] INFO: Initial position of V_21 is d1f8de642d734931be957336196d996d
2021-07-14 19:12:50,965 [simulate_api.py | 87] INFO: Initial position of V_22 is 773b0458659248f1938a61ddaeef55ef
2021-07-14 19:12:50,965 [simulate_api.py | 87] INFO: Initial position of V_23 is 6e4801bd12654045a5f3d63e2951594c
2021-07-14 19:12:50,966 [simulate_api.py | 87] INFO: Initial position of V_24 is e15ed46435514dda8bd6a420ab3e5d0b
2021-07-14 19:12:50,967 [simulate_api.py | 87] INFO: Initial position of V_25 is a678f7137f7e4debbc6bc4679cd2c1b4
2021-07-14 19:12:50,967 [simulate_api.py | 87] INFO: Initial position of V_26 is 32ab2049f3fb437881ff3912470d7840
2021-07-14 19:12:50,968 [simulate_api.py | 87] INFO: Initial position of V_27 is 773b0458659248f1938a61ddaeef55ef
2021-07-14 19:12:50,968 [simulate_api.py | 87] INFO: Initial position of V_28 is a6fefc4ac6f541cbbc7af963c13350f6
2021-07-14 19:12:50,969 [simulate_api.py | 87] INFO: Initial position of V_29 is aa61dc034d9240e9950b027ba204f5f0
2021-07-14 19:12:50,970 [simulate_api.py | 87] INFO: Initial position of V_30 is ef3171964da04ea7ac2e547f2441eff0
2021-07-14 19:12:50,970 [simulate_api.py | 87] INFO: Initial position of V_31 is 4780dc7fb51f4f5da3dea9e56c125fe6
2021-07-14 19:12:50,971 [simulate_api.py | 87] INFO: Initial position of V_32 is ffaae12a3c054da585696a96e880cf64
2021-07-14 19:12:50,971 [simulate_api.py | 87] INFO: Initial position of V_33 is c174cfe9fcbf4f1b82095941a49f7bd9
2021-07-14 19:12:50,972 [simulate_api.py | 87] INFO: Initial position of V_34 is f7ee272fbbba4f918bcd4f36ea053908
2021-07-14 19:12:50,972 [simulate_api.py | 87] INFO: Initial position of V_35 is af35b43e04df49b9b469a0018730faeb
2021-07-14 19:12:50,973 [simulate_api.py | 87] INFO: Initial position of V_36 is e47399648fa842b2b8f80094343d8091
2021-07-14 19:12:50,973 [simulate_api.py | 87] INFO: Initial position of V_37 is 00e5630fbb3c4ff4b753ac1e1c15d561
2021-07-14 19:12:50,974 [simulate_api.py | 87] INFO: Initial position of V_38 is 24b6bf044ee8473db7030d008fb422b5
2021-07-14 19:12:50,975 [simulate_api.py | 87] INFO: Initial position of V_39 is f5118fa189b742a897beec2f77de9b27
2021-07-14 19:12:50,976 [simulate_api.py | 87] INFO: Initial position of V_40 is 797fe83c0ac14a3c8724aa4d9ce0049a
2021-07-14 19:12:50,977 [simulate_api.py | 87] INFO: Initial position of V_41 is ce433928b8724d77bbe97ccb1e3312a5
2021-07-14 19:12:50,978 [simulate_api.py | 87] INFO: Initial position of V_42 is 9829a9e1f6874f28b33b57a7a42bb49f
2021-07-14 19:12:50,978 [simulate_api.py | 87] INFO: Initial position of V_43 is 1821ddf96fe14083ba213868cd82b840
2021-07-14 19:12:50,979 [simulate_api.py | 87] INFO: Initial position of V_44 is e2327ef4f46a40908e2b8ad97e855333
2021-07-14 19:12:50,979 [simulate_api.py | 87] INFO: Initial position of V_45 is 9f1a09c368584eba9e7f10a53d55caae
2021-07-14 19:12:50,980 [simulate_api.py | 87] INFO: Initial position of V_46 is 206128e3ee9a458d9cfd053cedc0fad6
2021-07-14 19:12:50,981 [simulate_api.py | 87] INFO: Initial position of V_47 is 0c589202a6584664939d46842080d019
2021-07-14 19:12:50,981 [simulate_api.py | 87] INFO: Initial position of V_48 is 081dc54492414061ae6c6e47bf7b8db5
2021-07-14 19:12:50,982 [simulate_api.py | 87] INFO: Initial position of V_49 is 5ec55e3f537d448d95144cec1cc37f54
2021-07-14 19:12:50,982 [simulate_api.py | 87] INFO: Initial position of V_50 is 5920212e6b0b46b198b9677bfe74f35d
2021-07-14 19:12:50,983 [simulate_api.py | 87] INFO: Initial position of V_51 is bdb72ae965bb4229a3b93402b5cd3d78
2021-07-14 19:12:50,983 [simulate_api.py | 87] INFO: Initial position of V_52 is 6fbe6d91a5f04b359e02bde29d349128
2021-07-14 19:12:50,984 [simulate_api.py | 87] INFO: Initial position of V_53 is 13b35cedb9274b359a8a666d67ef5538
2021-07-14 19:12:50,985 [simulate_api.py | 87] INFO: Initial position of V_54 is 1e93ab7137b643aab3f9b31fdb1c35a8
2021-07-14 19:12:50,986 [simulate_api.py | 87] INFO: Initial position of V_55 is 797fe83c0ac14a3c8724aa4d9ce0049a
2021-07-14 19:12:50,987 [simulate_api.py | 87] INFO: Initial position of V_56 is 7b84670cf4164cccba22ebb17a2c290a
2021-07-14 19:12:50,988 [simulate_api.py | 87] INFO: Initial position of V_57 is c56a0078468d4f1498be9e79f6bbd4c0
2021-07-14 19:12:50,988 [simulate_api.py | 87] INFO: Initial position of V_58 is becb4f85393540b287e7329758b8d832
2021-07-14 19:12:50,989 [simulate_api.py | 87] INFO: Initial position of V_59 is b854aac6ac2345789fbb3d155321216a
2021-07-14 19:12:50,990 [simulate_api.py | 87] INFO: Initial position of V_60 is 80cc1546ba7645e3964fd017e4af3299
2021-07-14 19:12:50,991 [simulate_api.py | 87] INFO: Initial position of V_61 is 449b516ba21b4270ac1ea1b13a89514c
2021-07-14 19:12:50,992 [simulate_api.py | 87] INFO: Initial position of V_62 is ffaae12a3c054da585696a96e880cf64
2021-07-14 19:12:50,993 [simulate_api.py | 87] INFO: Initial position of V_63 is e723c30f335b4391ad73fbccdfb67d1e
2021-07-14 19:12:50,994 [simulate_api.py | 87] INFO: Initial position of V_64 is e5dc8bf4da6a4112b4dfca025d6a8948
2021-07-14 19:12:50,994 [simulate_api.py | 87] INFO: Initial position of V_65 is 24b6bf044ee8473db7030d008fb422b5
2021-07-14 19:12:50,996 [simulate_api.py | 87] INFO: Initial position of V_66 is e2327ef4f46a40908e2b8ad97e855333
2021-07-14 19:12:50,997 [simulate_api.py | 87] INFO: Initial position of V_67 is 6ba3750e4eda425fae9db0cd825c39cd
2021-07-14 19:12:50,998 [simulate_api.py | 87] INFO: Initial position of V_68 is 4780dc7fb51f4f5da3dea9e56c125fe6
2021-07-14 19:12:50,998 [simulate_api.py | 87] INFO: Initial position of V_69 is 24b6bf044ee8473db7030d008fb422b5
2021-07-14 19:12:50,999 [simulate_api.py | 87] INFO: Initial position of V_70 is 9b40bfd6ca1c432498685540652a5a8b
2021-07-14 19:12:51,001 [simulate_api.py | 87] INFO: Initial position of V_71 is 707d2dad46ab496e97305cc2e3ae8cf2
2021-07-14 19:12:51,002 [simulate_api.py | 87] INFO: Initial position of V_72 is f7ee272fbbba4f918bcd4f36ea053908
2021-07-14 19:12:51,003 [simulate_api.py | 87] INFO: Initial position of V_73 is 797fe83c0ac14a3c8724aa4d9ce0049a
2021-07-14 19:12:51,004 [simulate_api.py | 87] INFO: Initial position of V_74 is 2445d4bd004c457d95957d6ecf77f759
2021-07-14 19:12:51,006 [simulate_api.py | 87] INFO: Initial position of V_75 is e2d5093fbe36431f8986ddb0e1c586be
2021-07-14 19:12:51,007 [simulate_api.py | 87] INFO: Initial position of V_76 is c56a0078468d4f1498be9e79f6bbd4c0
2021-07-14 19:12:51,008 [simulate_api.py | 87] INFO: Initial position of V_77 is 434ba7a94f63491a8cc6d6b913f54218
2021-07-14 19:12:51,010 [simulate_api.py | 87] INFO: Initial position of V_78 is bdb72ae965bb4229a3b93402b5cd3d78
2021-07-14 19:12:51,010 [simulate_api.py | 87] INFO: Initial position of V_79 is e723c30f335b4391ad73fbccdfb67d1e
2021-07-14 19:12:51,011 [simulate_api.py | 87] INFO: Initial position of V_80 is 6ac617af0ea04e9bbbc3b206d86d73a6
2021-07-14 19:12:51,012 [simulate_api.py | 87] INFO: Initial position of V_81 is 081dc54492414061ae6c6e47bf7b8db5
2021-07-14 19:12:51,013 [simulate_api.py | 87] INFO: Initial position of V_82 is 6ac617af0ea04e9bbbc3b206d86d73a6
2021-07-14 19:12:51,014 [simulate_api.py | 87] INFO: Initial position of V_83 is 9316c24ab8b9471fa75f9da67d0b7db2
2021-07-14 19:12:51,015 [simulate_api.py | 87] INFO: Initial position of V_84 is e47399648fa842b2b8f80094343d8091
2021-07-14 19:12:51,016 [simulate_api.py | 87] INFO: Initial position of V_85 is 1394dce6e0b24fc8ad3d0a807e490829
2021-07-14 19:12:51,016 [simulate_api.py | 87] INFO: Initial position of V_86 is ee187c7680604a9fa1f3d3837610c11a
2021-07-14 19:12:51,017 [simulate_api.py | 87] INFO: Initial position of V_87 is f5264a9b32c94706a8bc981ab961952a
2021-07-14 19:12:51,017 [simulate_api.py | 87] INFO: Initial position of V_88 is f7d977891ba84a7491024709803f38cc
2021-07-14 19:12:51,018 [simulate_api.py | 87] INFO: Initial position of V_89 is be79e1dcfff84bca9677a61c7fd5b5a6
2021-07-14 19:12:51,019 [simulate_api.py | 87] INFO: Initial position of V_90 is 77ec676ff9e348298044721c0fc2b690
2021-07-14 19:12:51,021 [simulate_api.py | 87] INFO: Initial position of V_91 is 7b84670cf4164cccba22ebb17a2c290a
2021-07-14 19:12:51,022 [simulate_api.py | 87] INFO: Initial position of V_92 is 6ba3750e4eda425fae9db0cd825c39cd
2021-07-14 19:12:51,022 [simulate_api.py | 87] INFO: Initial position of V_93 is fa91b55160e245edb77a213135cccd27
2021-07-14 19:12:51,023 [simulate_api.py | 87] INFO: Initial position of V_94 is b6dd694ae05541dba369a2a759d2c2b9
2021-07-14 19:12:51,024 [simulate_api.py | 87] INFO: Initial position of V_95 is 66b7f2fbd6a042c1bbd1b567d68daa56
2021-07-14 19:12:51,025 [simulate_api.py | 87] INFO: Initial position of V_96 is af35b43e04df49b9b469a0018730faeb
2021-07-14 19:12:51,026 [simulate_api.py | 87] INFO: Initial position of V_97 is 856895eda4fa41159b4aed0b71355cae
2021-07-14 19:12:51,026 [simulate_api.py | 87] INFO: Initial position of V_98 is 61a68b6b728b4413ba6a0f695091579c
2021-07-14 19:12:51,027 [simulate_api.py | 87] INFO: Initial position of V_99 is 9b40bfd6ca1c432498685540652a5a8b
2021-07-14 19:12:51,027 [simulate_api.py | 87] INFO: Initial position of V_100 is 7fe14b93f0f04ee7a994ef5b2c1fdb72
2021-07-14 19:12:51,037 [simulate_environment.py | 99] INFO: **************************************************
2021-07-14 19:12:51,038 [simulate_environment.py | 103] INFO: cur time: 2021-07-14 00:10:00, pre time: 2021-07-14 00:00:00
2021-07-14 19:12:51,039 [simulate_environment.py | 140] INFO: Start to update the input of 2021-07-14 00:10:00
2021-07-14 19:12:51,047 [simulate_environment.py | 167] INFO: Get 108 unallocated order items, 0 ongoing order items, 0 completed order items
2021-07-14 19:12:56,503 [simulate_environment.py | 253] INFO: 2021-07-14 00:10:00, Item 0000030001-1: state = 1 < 2, we can not finish the simulation
2021-07-14 19:12:56,506 [simulate_environment.py | 99] INFO: **************************************************
2021-07-14 19:12:56,507 [simulate_environment.py | 103] INFO: cur time: 2021-07-14 00:20:00, pre time: 2021-07-14 00:10:00
2021-07-14 19:12:56,508 [simulate_environment.py | 140] INFO: Start to update the input of 2021-07-14 00:20:00
2021-07-14 19:12:56,538 [simulate_environment.py | 167] INFO: Get 96 unallocated order items, 97 ongoing order items, 0 completed order items
2021-07-14 19:13:01,510 [simulate_environment.py | 253] INFO: 2021-07-14 00:20:00, Item 0001280007-1: state = 1 < 2, we can not finish the simulation
2021-07-14 19:13:01,514 [simulate_environment.py | 99] INFO: **************************************************
2021-07-14 19:13:01,515 [simulate_environment.py | 103] INFO: cur time: 2021-07-14 00:30:00, pre time: 2021-07-14 00:20:00
2021-07-14 19:13:01,516 [simulate_environment.py | 140] INFO: Start to update the input of 2021-07-14 00:30:00
2021-07-14 19:13:01,541 [simulate_environment.py | 167] INFO: Get 156 unallocated order items, 128 ongoing order items, 0 completed order items
2021-07-14 19:13:09,076 [simulate_environment.py | 253] INFO: 2021-07-14 00:30:00, Item 0001280007-1: state = 1 < 2, we can not finish the simulation
2021-07-14 19:13:09,084 [simulate_environment.py | 99] INFO: **************************************************
2021-07-14 19:13:09,086 [simulate_environment.py | 103] INFO: cur time: 2021-07-14 00:40:00, pre time: 2021-07-14 00:30:00
2021-07-14 19:13:09,087 [simulate_environment.py | 140] INFO: Start to update the input of 2021-07-14 00:40:00
2021-07-14 19:13:09,113 [simulate_environment.py | 167] INFO: Get 245 unallocated order items, 144 ongoing order items, 0 completed order items
2021-07-14 19:13:16,189 [simulate_environment.py | 253] INFO: 2021-07-14 00:40:00, Item 0001280007-1: state = 1 < 2, we can not finish the simulation
2021-07-14 19:13:16,197 [simulate_environment.py | 99] INFO: **************************************************
2021-07-14 19:13:16,199 [simulate_environment.py | 103] INFO: cur time: 2021-07-14 00:50:00, pre time: 2021-07-14 00:40:00
2021-07-14 19:13:16,200 [simulate_environment.py | 140] INFO: Start to update the input of 2021-07-14 00:50:00
2021-07-14 19:13:16,239 [simulate_environment.py | 167] INFO: Get 261 unallocated order items, 184 ongoing order items, 16 completed order items
2021-07-14 19:13:21,136 [simulate_environment.py | 253] INFO: 2021-07-14 00:50:00, Item 0001280007-1: state = 1 < 2, we can not finish the simulation
2021-07-14 19:13:21,145 [simulate_environment.py | 99] INFO: **************************************************
2021-07-14 19:13:21,146 [simulate_environment.py | 103] INFO: cur time: 2021-07-14 01:00:00, pre time: 2021-07-14 00:50:00
2021-07-14 19:13:21,146 [simulate_environment.py | 140] INFO: Start to update the input of 2021-07-14 01:00:00
2021-07-14 19:13:21,158 [simulate_environment.py | 167] INFO: Get 230 unallocated order items, 245 ongoing order items, 42 completed order items
2021-07-14 19:13:26,743 [simulate_environment.py | 253] INFO: 2021-07-14 01:00:00, Item 0003130013-1: state = 1 < 2, we can not finish the simulation
2021-07-14 19:13:26,756 [simulate_environment.py | 99] INFO: **************************************************
2021-07-14 19:13:26,758 [simulate_environment.py | 103] INFO: cur time: 2021-07-14 01:10:00, pre time: 2021-07-14 01:00:00
2021-07-14 19:13:26,758 [simulate_environment.py | 140] INFO: Start to update the input of 2021-07-14 01:10:00
2021-07-14 19:13:26,785 [simulate_environment.py | 167] INFO: Get 232 unallocated order items, 281 ongoing order items, 46 completed order items
2021-07-14 19:13:31,193 [simulate_environment.py | 253] INFO: 2021-07-14 01:10:00, Item 0003130013-1: state = 1 < 2, we can not finish the simulation
2021-07-14 19:13:31,210 [simulate_environment.py | 99] INFO: **************************************************
2021-07-14 19:13:31,212 [simulate_environment.py | 103] INFO: cur time: 2021-07-14 01:20:00, pre time: 2021-07-14 01:10:00
2021-07-14 19:13:31,214 [simulate_environment.py | 140] INFO: Start to update the input of 2021-07-14 01:20:00
2021-07-14 19:13:31,240 [simulate_environment.py | 167] INFO: Get 199 unallocated order items, 298 ongoing order items, 62 completed order items
2021-07-14 19:13:35,310 [simulate_environment.py | 253] INFO: 2021-07-14 01:20:00, Item 0003130013-1: state = 1 < 2, we can not finish the simulation
2021-07-14 19:13:35,320 [simulate_environment.py | 99] INFO: **************************************************
2021-07-14 19:13:35,321 [simulate_environment.py | 103] INFO: cur time: 2021-07-14 01:30:00, pre time: 2021-07-14 01:20:00
2021-07-14 19:13:35,322 [simulate_environment.py | 140] INFO: Start to update the input of 2021-07-14 01:30:00
2021-07-14 19:13:35,355 [simulate_environment.py | 167] INFO: Get 179 unallocated order items, 283 ongoing order items, 97 completed order items
2021-07-14 19:13:38,761 [simulate_environment.py | 253] INFO: 2021-07-14 01:30:00, Item 0003130013-1: state = 1 < 2, we can not finish the simulation
2021-07-14 19:13:38,772 [simulate_environment.py | 99] INFO: **************************************************
2021-07-14 19:13:38,772 [simulate_environment.py | 103] INFO: cur time: 2021-07-14 01:40:00, pre time: 2021-07-14 01:30:00
2021-07-14 19:13:38,773 [simulate_environment.py | 140] INFO: Start to update the input of 2021-07-14 01:40:00
2021-07-14 19:13:38,807 [simulate_environment.py | 167] INFO: Get 119 unallocated order items, 321 ongoing order items, 119 completed order items
2021-07-14 19:13:42,470 [simulate_environment.py | 253] INFO: 2021-07-14 01:40:00, Item 0003130013-1: state = 1 < 2, we can not finish the simulation
2021-07-14 19:13:42,487 [simulate_environment.py | 99] INFO: **************************************************
2021-07-14 19:13:42,488 [simulate_environment.py | 103] INFO: cur time: 2021-07-14 01:50:00, pre time: 2021-07-14 01:40:00
2021-07-14 19:13:42,490 [simulate_environment.py | 140] INFO: Start to update the input of 2021-07-14 01:50:00
2021-07-14 19:13:42,525 [simulate_environment.py | 167] INFO: Get 103 unallocated order items, 299 ongoing order items, 160 completed order items
2021-07-14 19:13:45,795 [simulate_environment.py | 253] INFO: 2021-07-14 01:50:00, Item 0012180045-18: state = 1 < 2, we can not finish the simulation
2021-07-14 19:13:45,805 [simulate_environment.py | 99] INFO: **************************************************
2021-07-14 19:13:45,807 [simulate_environment.py | 103] INFO: cur time: 2021-07-14 02:00:00, pre time: 2021-07-14 01:50:00
2021-07-14 19:13:45,807 [simulate_environment.py | 140] INFO: Start to update the input of 2021-07-14 02:00:00
2021-07-14 19:13:45,834 [simulate_environment.py | 167] INFO: Get 74 unallocated order items, 304 ongoing order items, 186 completed order items
2021-07-14 19:13:49,303 [simulate_environment.py | 253] INFO: 2021-07-14 02:00:00, Item 0012180045-18: state = 1 < 2, we can not finish the simulation
2021-07-14 19:13:49,313 [simulate_environment.py | 99] INFO: **************************************************
2021-07-14 19:13:49,314 [simulate_environment.py | 103] INFO: cur time: 2021-07-14 02:10:00, pre time: 2021-07-14 02:00:00
2021-07-14 19:13:49,314 [simulate_environment.py | 140] INFO: Start to update the input of 2021-07-14 02:10:00
2021-07-14 19:13:49,330 [simulate_environment.py | 167] INFO: Get 73 unallocated order items, 277 ongoing order items, 222 completed order items
2021-07-14 19:13:52,787 [simulate_environment.py | 253] INFO: 2021-07-14 02:10:00, Item 0012180045-18: state = 1 < 2, we can not finish the simulation
2021-07-14 19:13:52,795 [simulate_environment.py | 99] INFO: **************************************************
2021-07-14 19:13:52,796 [simulate_environment.py | 103] INFO: cur time: 2021-07-14 02:20:00, pre time: 2021-07-14 02:10:00
2021-07-14 19:13:52,797 [simulate_environment.py | 140] INFO: Start to update the input of 2021-07-14 02:20:00
2021-07-14 19:13:52,821 [simulate_environment.py | 167] INFO: Get 95 unallocated order items, 261 ongoing order items, 243 completed order items
2021-07-14 19:13:57,858 [simulate_environment.py | 253] INFO: 2021-07-14 02:20:00, Item 0012180045-18: state = 1 < 2, we can not finish the simulation
2021-07-14 19:13:57,867 [simulate_environment.py | 99] INFO: **************************************************
2021-07-14 19:13:57,868 [simulate_environment.py | 103] INFO: cur time: 2021-07-14 02:30:00, pre time: 2021-07-14 02:20:00
2021-07-14 19:13:57,868 [simulate_environment.py | 140] INFO: Start to update the input of 2021-07-14 02:30:00
2021-07-14 19:13:57,898 [simulate_environment.py | 167] INFO: Get 116 unallocated order items, 256 ongoing order items, 266 completed order items
2021-07-14 19:14:01,891 [simulate_environment.py | 253] INFO: 2021-07-14 02:30:00, Item 0033240131-1: state = 1 < 2, we can not finish the simulation
2021-07-14 19:14:01,901 [simulate_environment.py | 99] INFO: **************************************************
2021-07-14 19:14:01,902 [simulate_environment.py | 103] INFO: cur time: 2021-07-14 02:40:00, pre time: 2021-07-14 02:30:00
2021-07-14 19:14:01,903 [simulate_environment.py | 140] INFO: Start to update the input of 2021-07-14 02:40:00
2021-07-14 19:14:01,928 [simulate_environment.py | 167] INFO: Get 146 unallocated order items, 249 ongoing order items, 278 completed order items
2021-07-14 19:14:06,144 [simulate_environment.py | 253] INFO: 2021-07-14 02:40:00, Item 0033240131-1: state = 1 < 2, we can not finish the simulation
2021-07-14 19:14:06,153 [simulate_environment.py | 99] INFO: **************************************************
2021-07-14 19:14:06,154 [simulate_environment.py | 103] INFO: cur time: 2021-07-14 02:50:00, pre time: 2021-07-14 02:40:00
2021-07-14 19:14:06,155 [simulate_environment.py | 140] INFO: Start to update the input of 2021-07-14 02:50:00
2021-07-14 19:14:06,173 [simulate_environment.py | 167] INFO: Get 161 unallocated order items, 246 ongoing order items, 297 completed order items
2021-07-14 19:14:10,236 [simulate_environment.py | 253] INFO: 2021-07-14 02:50:00, Item 0033560135-1: state = 1 < 2, we can not finish the simulation
2021-07-14 19:14:10,247 [simulate_environment.py | 99] INFO: **************************************************
2021-07-14 19:14:10,248 [simulate_environment.py | 103] INFO: cur time: 2021-07-14 03:00:00, pre time: 2021-07-14 02:50:00
2021-07-14 19:14:10,249 [simulate_environment.py | 140] INFO: Start to update the input of 2021-07-14 03:00:00
2021-07-14 19:14:10,280 [simulate_environment.py | 167] INFO: Get 178 unallocated order items, 233 ongoing order items, 333 completed order items
2021-07-14 19:14:14,742 [simulate_environment.py | 253] INFO: 2021-07-14 03:00:00, Item 0033560135-1: state = 1 < 2, we can not finish the simulation
2021-07-14 19:14:14,750 [simulate_environment.py | 99] INFO: **************************************************
2021-07-14 19:14:14,751 [simulate_environment.py | 103] INFO: cur time: 2021-07-14 03:10:00, pre time: 2021-07-14 03:00:00
2021-07-14 19:14:14,751 [simulate_environment.py | 140] INFO: Start to update the input of 2021-07-14 03:10:00
2021-07-14 19:14:14,784 [simulate_environment.py | 167] INFO: Get 224 unallocated order items, 245 ongoing order items, 336 completed order items
2021-07-14 19:14:21,827 [simulate_environment.py | 253] INFO: 2021-07-14 03:10:00, Item 0033560135-1: state = 1 < 2, we can not finish the simulation
2021-07-14 19:14:21,839 [simulate_environment.py | 99] INFO: **************************************************
2021-07-14 19:14:21,840 [simulate_environment.py | 103] INFO: cur time: 2021-07-14 03:20:00, pre time: 2021-07-14 03:10:00
2021-07-14 19:14:21,841 [simulate_environment.py | 140] INFO: Start to update the input of 2021-07-14 03:20:00
2021-07-14 19:14:21,870 [simulate_environment.py | 167] INFO: Get 220 unallocated order items, 279 ongoing order items, 365 completed order items
2021-07-14 19:14:28,323 [simulate_environment.py | 253] INFO: 2021-07-14 03:20:00, Item 0033560135-1: state = 1 < 2, we can not finish the simulation
2021-07-14 19:14:28,333 [simulate_environment.py | 99] INFO: **************************************************
2021-07-14 19:14:28,333 [simulate_environment.py | 103] INFO: cur time: 2021-07-14 03:30:00, pre time: 2021-07-14 03:20:00
2021-07-14 19:14:28,334 [simulate_environment.py | 140] INFO: Start to update the input of 2021-07-14 03:30:00
2021-07-14 19:14:28,347 [simulate_environment.py | 167] INFO: Get 231 unallocated order items, 284 ongoing order items, 395 completed order items
2021-07-14 19:14:43,930 [simulate_environment.py | 253] INFO: 2021-07-14 03:30:00, Item 0033560135-1: state = 1 < 2, we can not finish the simulation
2021-07-14 19:14:43,941 [simulate_environment.py | 99] INFO: **************************************************
2021-07-14 19:14:43,942 [simulate_environment.py | 103] INFO: cur time: 2021-07-14 03:40:00, pre time: 2021-07-14 03:30:00
2021-07-14 19:14:43,943 [simulate_environment.py | 140] INFO: Start to update the input of 2021-07-14 03:40:00
2021-07-14 19:14:43,960 [simulate_environment.py | 167] INFO: Get 307 unallocated order items, 331 ongoing order items, 400 completed order items
2021-07-14 19:14:59,302 [simulate_environment.py | 253] INFO: 2021-07-14 03:40:00, Item 0033560135-1: state = 1 < 2, we can not finish the simulation
2021-07-14 19:14:59,316 [simulate_environment.py | 99] INFO: **************************************************
2021-07-14 19:14:59,316 [simulate_environment.py | 103] INFO: cur time: 2021-07-14 03:50:00, pre time: 2021-07-14 03:40:00
2021-07-14 19:14:59,317 [simulate_environment.py | 140] INFO: Start to update the input of 2021-07-14 03:50:00
2021-07-14 19:14:59,330 [simulate_environment.py | 167] INFO: Get 324 unallocated order items, 324 ongoing order items, 464 completed order items
2021-07-14 19:15:12,198 [simulate_environment.py | 253] INFO: 2021-07-14 03:50:00, Item 0144170230-1: state = 1 < 2, we can not finish the simulation
2021-07-14 19:15:12,211 [simulate_environment.py | 99] INFO: **************************************************
2021-07-14 19:15:12,212 [simulate_environment.py | 103] INFO: cur time: 2021-07-14 04:00:00, pre time: 2021-07-14 03:50:00
2021-07-14 19:15:12,212 [simulate_environment.py | 140] INFO: Start to update the input of 2021-07-14 04:00:00
2021-07-14 19:15:12,251 [simulate_environment.py | 167] INFO: Get 349 unallocated order items, 357 ongoing order items, 475 completed order items
2021-07-14 19:15:21,367 [simulate_environment.py | 253] INFO: 2021-07-14 04:00:00, Item 0144170230-1: state = 1 < 2, we can not finish the simulation
2021-07-14 19:15:21,381 [simulate_environment.py | 99] INFO: **************************************************
2021-07-14 19:15:21,382 [simulate_environment.py | 103] INFO: cur time: 2021-07-14 04:10:00, pre time: 2021-07-14 04:00:00
2021-07-14 19:15:21,382 [simulate_environment.py | 140] INFO: Start to update the input of 2021-07-14 04:10:00
2021-07-14 19:15:21,418 [simulate_environment.py | 167] INFO: Get 335 unallocated order items, 406 ongoing order items, 491 completed order items
2021-07-14 19:15:34,350 [simulate_environment.py | 253] INFO: 2021-07-14 04:10:00, Item 0144170230-1: state = 1 < 2, we can not finish the simulation
2021-07-14 19:15:34,368 [simulate_environment.py | 99] INFO: **************************************************
2021-07-14 19:15:34,369 [simulate_environment.py | 103] INFO: cur time: 2021-07-14 04:20:00, pre time: 2021-07-14 04:10:00
2021-07-14 19:15:34,369 [simulate_environment.py | 140] INFO: Start to update the input of 2021-07-14 04:20:00
2021-07-14 19:15:34,399 [simulate_environment.py | 167] INFO: Get 395 unallocated order items, 441 ongoing order items, 503 completed order items
2021-07-14 19:15:47,181 [simulate_environment.py | 253] INFO: 2021-07-14 04:20:00, Item 0144170230-1: state = 1 < 2, we can not finish the simulation
2021-07-14 19:15:47,201 [simulate_environment.py | 99] INFO: **************************************************
2021-07-14 19:15:47,202 [simulate_environment.py | 103] INFO: cur time: 2021-07-14 04:30:00, pre time: 2021-07-14 04:20:00
2021-07-14 19:15:47,203 [simulate_environment.py | 140] INFO: Start to update the input of 2021-07-14 04:30:00
2021-07-14 19:15:47,231 [simulate_environment.py | 167] INFO: Get 459 unallocated order items, 416 ongoing order items, 577 completed order items
2021-07-14 19:16:05,506 [simulate_environment.py | 253] INFO: 2021-07-14 04:30:00, Item 0144170230-1: state = 1 < 2, we can not finish the simulation
2021-07-14 19:16:05,525 [simulate_environment.py | 99] INFO: **************************************************
2021-07-14 19:16:05,527 [simulate_environment.py | 103] INFO: cur time: 2021-07-14 04:40:00, pre time: 2021-07-14 04:30:00
2021-07-14 19:16:05,528 [simulate_environment.py | 140] INFO: Start to update the input of 2021-07-14 04:40:00
2021-07-14 19:16:05,575 [simulate_environment.py | 167] INFO: Get 429 unallocated order items, 454 ongoing order items, 618 completed order items
2021-07-14 19:16:36,366 [simulate_environment.py | 253] INFO: 2021-07-14 04:40:00, Item 0144170230-1: state = 1 < 2, we can not finish the simulation
2021-07-14 19:16:36,387 [simulate_environment.py | 99] INFO: **************************************************
2021-07-14 19:16:36,388 [simulate_environment.py | 103] INFO: cur time: 2021-07-14 04:50:00, pre time: 2021-07-14 04:40:00
2021-07-14 19:16:36,389 [simulate_environment.py | 140] INFO: Start to update the input of 2021-07-14 04:50:00
2021-07-14 19:16:36,411 [simulate_environment.py | 167] INFO: Get 390 unallocated order items, 492 ongoing order items, 662 completed order items
2021-07-14 19:17:05,617 [simulate_environment.py | 253] INFO: 2021-07-14 04:50:00, Item 0144170230-1: state = 1 < 2, we can not finish the simulation
2021-07-14 19:17:05,639 [simulate_environment.py | 99] INFO: **************************************************
2021-07-14 19:17:05,640 [simulate_environment.py | 103] INFO: cur time: 2021-07-14 05:00:00, pre time: 2021-07-14 04:50:00
2021-07-14 19:17:05,640 [simulate_environment.py | 140] INFO: Start to update the input of 2021-07-14 05:00:00
2021-07-14 19:17:05,667 [simulate_environment.py | 167] INFO: Get 425 unallocated order items, 498 ongoing order items, 682 completed order items
2021-07-14 19:17:43,836 [simulate_environment.py | 253] INFO: 2021-07-14 05:00:00, Item 0144170230-1: state = 1 < 2, we can not finish the simulation
2021-07-14 19:17:43,869 [simulate_environment.py | 99] INFO: **************************************************
2021-07-14 19:17:43,871 [simulate_environment.py | 103] INFO: cur time: 2021-07-14 05:10:00, pre time: 2021-07-14 05:00:00
2021-07-14 19:17:43,872 [simulate_environment.py | 140] INFO: Start to update the input of 2021-07-14 05:10:00
2021-07-14 19:17:43,907 [simulate_environment.py | 167] INFO: Get 401 unallocated order items, 525 ongoing order items, 701 completed order items
2021-07-14 19:18:05,260 [simulate_environment.py | 253] INFO: 2021-07-14 05:10:00, Item 0144170230-1: state = 1 < 2, we can not finish the simulation
2021-07-14 19:18:05,296 [simulate_environment.py | 99] INFO: **************************************************
2021-07-14 19:18:05,297 [simulate_environment.py | 103] INFO: cur time: 2021-07-14 05:20:00, pre time: 2021-07-14 05:10:00
2021-07-14 19:18:05,298 [simulate_environment.py | 140] INFO: Start to update the input of 2021-07-14 05:20:00
2021-07-14 19:18:05,321 [simulate_environment.py | 167] INFO: Get 416 unallocated order items, 506 ongoing order items, 742 completed order items
2021-07-14 19:18:36,774 [simulate_environment.py | 253] INFO: 2021-07-14 05:20:00, Item 0302000302-1: state = 1 < 2, we can not finish the simulation
2021-07-14 19:18:36,798 [simulate_environment.py | 99] INFO: **************************************************
2021-07-14 19:18:36,800 [simulate_environment.py | 103] INFO: cur time: 2021-07-14 05:30:00, pre time: 2021-07-14 05:20:00
2021-07-14 19:18:36,800 [simulate_environment.py | 140] INFO: Start to update the input of 2021-07-14 05:30:00
2021-07-14 19:18:36,826 [simulate_environment.py | 167] INFO: Get 457 unallocated order items, 509 ongoing order items, 760 completed order items
2021-07-14 19:19:19,727 [simulate_environment.py | 253] INFO: 2021-07-14 05:30:00, Item 0302000302-1: state = 1 < 2, we can not finish the simulation
2021-07-14 19:19:19,752 [simulate_environment.py | 99] INFO: **************************************************
2021-07-14 19:19:19,753 [simulate_environment.py | 103] INFO: cur time: 2021-07-14 05:40:00, pre time: 2021-07-14 05:30:00
2021-07-14 19:19:19,754 [simulate_environment.py | 140] INFO: Start to update the input of 2021-07-14 05:40:00
2021-07-14 19:19:19,773 [simulate_environment.py | 167] INFO: Get 467 unallocated order items, 544 ongoing order items, 786 completed order items
2021-07-14 19:19:55,989 [simulate_environment.py | 253] INFO: 2021-07-14 05:40:00, Item 0302000302-1: state = 1 < 2, we can not finish the simulation
2021-07-14 19:19:56,014 [simulate_environment.py | 99] INFO: **************************************************
2021-07-14 19:19:56,015 [simulate_environment.py | 103] INFO: cur time: 2021-07-14 05:50:00, pre time: 2021-07-14 05:40:00
2021-07-14 19:19:56,016 [simulate_environment.py | 140] INFO: Start to update the input of 2021-07-14 05:50:00
2021-07-14 19:19:56,045 [simulate_environment.py | 167] INFO: Get 551 unallocated order items, 562 ongoing order items, 806 completed order items
2021-07-14 19:20:24,629 [simulate_environment.py | 253] INFO: 2021-07-14 05:50:00, Item 0302000302-1: state = 1 < 2, we can not finish the simulation
2021-07-14 19:20:24,665 [simulate_environment.py | 99] INFO: **************************************************
2021-07-14 19:20:24,666 [simulate_environment.py | 103] INFO: cur time: 2021-07-14 06:00:00, pre time: 2021-07-14 05:50:00
2021-07-14 19:20:24,667 [simulate_environment.py | 140] INFO: Start to update the input of 2021-07-14 06:00:00
2021-07-14 19:20:24,703 [simulate_environment.py | 167] INFO: Get 597 unallocated order items, 567 ongoing order items, 824 completed order items
2021-07-14 19:20:58,552 [simulate_environment.py | 253] INFO: 2021-07-14 06:00:00, Item 0304490311-1: state = 1 < 2, we can not finish the simulation
2021-07-14 19:20:58,630 [simulate_environment.py | 99] INFO: **************************************************
2021-07-14 19:20:58,631 [simulate_environment.py | 103] INFO: cur time: 2021-07-14 06:10:00, pre time: 2021-07-14 06:00:00
2021-07-14 19:20:58,632 [simulate_environment.py | 140] INFO: Start to update the input of 2021-07-14 06:10:00
2021-07-14 19:20:58,657 [simulate_environment.py | 167] INFO: Get 634 unallocated order items, 576 ongoing order items, 860 completed order items
2021-07-14 19:21:41,507 [simulate_environment.py | 253] INFO: 2021-07-14 06:10:00, Item 0304490311-1: state = 1 < 2, we can not finish the simulation
2021-07-14 19:21:41,545 [simulate_environment.py | 99] INFO: **************************************************
2021-07-14 19:21:41,546 [simulate_environment.py | 103] INFO: cur time: 2021-07-14 06:20:00, pre time: 2021-07-14 06:10:00
2021-07-14 19:21:41,547 [simulate_environment.py | 140] INFO: Start to update the input of 2021-07-14 06:20:00
2021-07-14 19:21:41,597 [simulate_environment.py | 167] INFO: Get 714 unallocated order items, 556 ongoing order items, 918 completed order items
2021-07-14 19:22:38,581 [simulate_environment.py | 253] INFO: 2021-07-14 06:20:00, Item 0310090327-1: state = 1 < 2, we can not finish the simulation
2021-07-14 19:22:38,619 [simulate_environment.py | 99] INFO: **************************************************
2021-07-14 19:22:38,620 [simulate_environment.py | 103] INFO: cur time: 2021-07-14 06:30:00, pre time: 2021-07-14 06:20:00
2021-07-14 19:22:38,621 [simulate_environment.py | 140] INFO: Start to update the input of 2021-07-14 06:30:00
2021-07-14 19:22:38,662 [simulate_environment.py | 167] INFO: Get 730 unallocated order items, 543 ongoing order items, 950 completed order items
2021-07-14 19:23:51,231 [simulate_environment.py | 253] INFO: 2021-07-14 06:30:00, Item 0310090327-1: state = 1 < 2, we can not finish the simulation
2021-07-14 19:23:51,267 [simulate_environment.py | 99] INFO: **************************************************
2021-07-14 19:23:51,268 [simulate_environment.py | 103] INFO: cur time: 2021-07-14 06:40:00, pre time: 2021-07-14 06:30:00
2021-07-14 19:23:51,269 [simulate_environment.py | 140] INFO: Start to update the input of 2021-07-14 06:40:00
2021-07-14 19:23:51,315 [simulate_environment.py | 167] INFO: Get 807 unallocated order items, 525 ongoing order items, 1000 completed order items
2021-07-14 19:24:46,256 [simulate_environment.py | 245] ERROR: 2021-07-14 19:24:46,195 [main_algorithm.py | 31] ERROR: Failed to run algorithm
2021-07-14 19:24:46,196 [main_algorithm.py | 32] ERROR: Error: 'V_4', Traceback (most recent call last):
  File "main_algorithm.py", line 28, in <module>
    scheduling()
  File "c:\Users\hp\Desktop\华为竞赛\ALGO\Huawei competition\7.12\algorithm\new_algorithm1.py", line 563, in scheduling
    vehicle_id_to_destination, vehicle_id_to_planned_route = dispatch_orders_to_vehicle(id_to_factory, id_to_unallocated_order_item,
  File "c:\Users\hp\Desktop\华为竞赛\ALGO\Huawei competition\7.12\algorithm\new_algorithm1.py", line 482, in dispatch_orders_to_vehicle
    vehicle_id_to_planned_route[select_vehicle_id]=set_vehicle_id_to_information[select_vehicle_id]['planned_route']
KeyError: 'V_4'

FAIL

2021-07-14 19:24:46,257 [simulate_environment.py | 246] ERROR: Can not catch the 'SUCCESS' from the algorithm. 未寻获算法输出成功标识'SUCCESS'。
