2021-07-13 16:25:12,385 [<ipython-input-1-35521dce9a68> | 49] INFO: Start to run instance_5
2021-07-13 16:25:12,387 [simulate_api.py | 60] INFO: Start time of the simulator: 2021-07-13 00:00:00, time interval:  600.00
2021-07-13 16:25:12,406 [input_utils.py  | 48] INFO: Get 154 factories
2021-07-13 16:25:14,466 [input_utils.py  | 52] INFO: Get 23562 routes
2021-07-13 16:25:14,485 [input_utils.py  | 57] INFO: Get 5 vehicles
2021-07-13 16:25:14,497 [input_utils.py  | 61] INFO: Get 50 orders
2021-07-13 16:25:14,498 [simulate_api.py | 87] INFO: Initial position of V_1 is e2d5093fbe36431f8986ddb0e1c586be
2021-07-13 16:25:14,507 [simulate_api.py | 87] INFO: Initial position of V_2 is 7fe14b93f0f04ee7a994ef5b2c1fdb72
2021-07-13 16:25:14,507 [simulate_api.py | 87] INFO: Initial position of V_3 is fa366fc87a124d32926daa5bb093129f
2021-07-13 16:25:14,508 [simulate_api.py | 87] INFO: Initial position of V_4 is e47399648fa842b2b8f80094343d8091
2021-07-13 16:25:14,508 [simulate_api.py | 87] INFO: Initial position of V_5 is becb4f85393540b287e7329758b8d832
2021-07-13 16:25:14,509 [simulate_environment.py | 99] INFO: **************************************************
2021-07-13 16:25:14,509 [simulate_environment.py | 103] INFO: cur time: 2021-07-13 00:10:00, pre time: 2021-07-13 00:00:00
2021-07-13 16:25:14,510 [simulate_environment.py | 140] INFO: Start to update the input of 2021-07-13 00:10:00
2021-07-13 16:25:14,511 [simulate_environment.py | 167] INFO: Get 0 unallocated order items, 0 ongoing order items, 0 completed order items
2021-07-13 16:25:17,193 [simulate_environment.py | 253] INFO: 2021-07-13 00:10:00, Item 0159140001-1: state = 0 < 2, we can not finish the simulation
2021-07-13 16:25:17,194 [simulate_environment.py | 99] INFO: **************************************************
2021-07-13 16:25:17,194 [simulate_environment.py | 103] INFO: cur time: 2021-07-13 00:20:00, pre time: 2021-07-13 00:10:00
2021-07-13 16:25:17,195 [simulate_environment.py | 140] INFO: Start to update the input of 2021-07-13 00:20:00
2021-07-13 16:25:17,197 [simulate_environment.py | 167] INFO: Get 0 unallocated order items, 0 ongoing order items, 0 completed order items
2021-07-13 16:25:19,905 [simulate_environment.py | 253] INFO: 2021-07-13 00:20:00, Item 0159140001-1: state = 0 < 2, we can not finish the simulation
2021-07-13 16:25:19,906 [simulate_environment.py | 99] INFO: **************************************************
2021-07-13 16:25:19,907 [simulate_environment.py | 103] INFO: cur time: 2021-07-13 00:30:00, pre time: 2021-07-13 00:20:00
2021-07-13 16:25:19,907 [simulate_environment.py | 140] INFO: Start to update the input of 2021-07-13 00:30:00
2021-07-13 16:25:19,909 [simulate_environment.py | 167] INFO: Get 0 unallocated order items, 0 ongoing order items, 0 completed order items
2021-07-13 16:25:22,417 [simulate_environment.py | 253] INFO: 2021-07-13 00:30:00, Item 0159140001-1: state = 0 < 2, we can not finish the simulation
2021-07-13 16:25:22,417 [simulate_environment.py | 99] INFO: **************************************************
2021-07-13 16:25:22,418 [simulate_environment.py | 103] INFO: cur time: 2021-07-13 00:40:00, pre time: 2021-07-13 00:30:00
2021-07-13 16:25:22,418 [simulate_environment.py | 140] INFO: Start to update the input of 2021-07-13 00:40:00
2021-07-13 16:25:22,420 [simulate_environment.py | 167] INFO: Get 0 unallocated order items, 0 ongoing order items, 0 completed order items
2021-07-13 16:25:25,035 [simulate_environment.py | 253] INFO: 2021-07-13 00:40:00, Item 0159140001-1: state = 0 < 2, we can not finish the simulation
2021-07-13 16:25:25,036 [simulate_environment.py | 99] INFO: **************************************************
2021-07-13 16:25:25,036 [simulate_environment.py | 103] INFO: cur time: 2021-07-13 00:50:00, pre time: 2021-07-13 00:40:00
2021-07-13 16:25:25,037 [simulate_environment.py | 140] INFO: Start to update the input of 2021-07-13 00:50:00
2021-07-13 16:25:25,039 [simulate_environment.py | 167] INFO: Get 0 unallocated order items, 0 ongoing order items, 0 completed order items
2021-07-13 16:25:27,470 [simulate_environment.py | 253] INFO: 2021-07-13 00:50:00, Item 0159140001-1: state = 0 < 2, we can not finish the simulation
2021-07-13 16:25:27,471 [simulate_environment.py | 99] INFO: **************************************************
2021-07-13 16:25:27,471 [simulate_environment.py | 103] INFO: cur time: 2021-07-13 01:00:00, pre time: 2021-07-13 00:50:00
2021-07-13 16:25:27,472 [simulate_environment.py | 140] INFO: Start to update the input of 2021-07-13 01:00:00
2021-07-13 16:25:27,473 [simulate_environment.py | 167] INFO: Get 0 unallocated order items, 0 ongoing order items, 0 completed order items
2021-07-13 16:25:30,266 [simulate_environment.py | 253] INFO: 2021-07-13 01:00:00, Item 0159140001-1: state = 0 < 2, we can not finish the simulation
2021-07-13 16:25:30,267 [simulate_environment.py | 99] INFO: **************************************************
2021-07-13 16:25:30,268 [simulate_environment.py | 103] INFO: cur time: 2021-07-13 01:10:00, pre time: 2021-07-13 01:00:00
2021-07-13 16:25:30,268 [simulate_environment.py | 140] INFO: Start to update the input of 2021-07-13 01:10:00
2021-07-13 16:25:30,270 [simulate_environment.py | 167] INFO: Get 0 unallocated order items, 0 ongoing order items, 0 completed order items
2021-07-13 16:25:32,881 [simulate_environment.py | 253] INFO: 2021-07-13 01:10:00, Item 0159140001-1: state = 0 < 2, we can not finish the simulation
2021-07-13 16:25:32,882 [simulate_environment.py | 99] INFO: **************************************************
2021-07-13 16:25:32,883 [simulate_environment.py | 103] INFO: cur time: 2021-07-13 01:20:00, pre time: 2021-07-13 01:10:00
2021-07-13 16:25:32,884 [simulate_environment.py | 140] INFO: Start to update the input of 2021-07-13 01:20:00
2021-07-13 16:25:32,886 [simulate_environment.py | 167] INFO: Get 0 unallocated order items, 0 ongoing order items, 0 completed order items
2021-07-13 16:25:35,461 [simulate_environment.py | 253] INFO: 2021-07-13 01:20:00, Item 0159140001-1: state = 0 < 2, we can not finish the simulation
2021-07-13 16:25:35,462 [simulate_environment.py | 99] INFO: **************************************************
2021-07-13 16:25:35,463 [simulate_environment.py | 103] INFO: cur time: 2021-07-13 01:30:00, pre time: 2021-07-13 01:20:00
2021-07-13 16:25:35,463 [simulate_environment.py | 140] INFO: Start to update the input of 2021-07-13 01:30:00
2021-07-13 16:25:35,465 [simulate_environment.py | 167] INFO: Get 0 unallocated order items, 0 ongoing order items, 0 completed order items
2021-07-13 16:25:37,963 [simulate_environment.py | 253] INFO: 2021-07-13 01:30:00, Item 0159140001-1: state = 0 < 2, we can not finish the simulation
2021-07-13 16:25:37,964 [simulate_environment.py | 99] INFO: **************************************************
2021-07-13 16:25:37,964 [simulate_environment.py | 103] INFO: cur time: 2021-07-13 01:40:00, pre time: 2021-07-13 01:30:00
2021-07-13 16:25:37,965 [simulate_environment.py | 140] INFO: Start to update the input of 2021-07-13 01:40:00
2021-07-13 16:25:37,966 [simulate_environment.py | 167] INFO: Get 0 unallocated order items, 0 ongoing order items, 0 completed order items
2021-07-13 16:25:40,807 [simulate_environment.py | 253] INFO: 2021-07-13 01:40:00, Item 0159140001-1: state = 0 < 2, we can not finish the simulation
2021-07-13 16:25:40,808 [simulate_environment.py | 99] INFO: **************************************************
2021-07-13 16:25:40,809 [simulate_environment.py | 103] INFO: cur time: 2021-07-13 01:50:00, pre time: 2021-07-13 01:40:00
2021-07-13 16:25:40,809 [simulate_environment.py | 140] INFO: Start to update the input of 2021-07-13 01:50:00
2021-07-13 16:25:40,811 [simulate_environment.py | 167] INFO: Get 0 unallocated order items, 0 ongoing order items, 0 completed order items
2021-07-13 16:25:43,329 [simulate_environment.py | 253] INFO: 2021-07-13 01:50:00, Item 0159140001-1: state = 0 < 2, we can not finish the simulation
2021-07-13 16:25:43,330 [simulate_environment.py | 99] INFO: **************************************************
2021-07-13 16:25:43,330 [simulate_environment.py | 103] INFO: cur time: 2021-07-13 02:00:00, pre time: 2021-07-13 01:50:00
2021-07-13 16:25:43,331 [simulate_environment.py | 140] INFO: Start to update the input of 2021-07-13 02:00:00
2021-07-13 16:25:43,332 [simulate_environment.py | 167] INFO: Get 1 unallocated order items, 0 ongoing order items, 0 completed order items
2021-07-13 16:25:46,168 [simulate_environment.py | 253] INFO: 2021-07-13 02:00:00, Item 0159140001-1: state = 1 < 2, we can not finish the simulation
2021-07-13 16:25:46,169 [simulate_environment.py | 99] INFO: **************************************************
2021-07-13 16:25:46,169 [simulate_environment.py | 103] INFO: cur time: 2021-07-13 02:10:00, pre time: 2021-07-13 02:00:00
2021-07-13 16:25:46,170 [simulate_environment.py | 140] INFO: Start to update the input of 2021-07-13 02:10:00
2021-07-13 16:25:46,183 [simulate_environment.py | 167] INFO: Get 1 unallocated order items, 0 ongoing order items, 0 completed order items
2021-07-13 16:25:48,772 [simulate_environment.py | 253] INFO: 2021-07-13 02:10:00, Item 0159140001-1: state = 1 < 2, we can not finish the simulation
2021-07-13 16:25:48,773 [simulate_environment.py | 99] INFO: **************************************************
2021-07-13 16:25:48,773 [simulate_environment.py | 103] INFO: cur time: 2021-07-13 02:20:00, pre time: 2021-07-13 02:10:00
2021-07-13 16:25:48,774 [simulate_environment.py | 140] INFO: Start to update the input of 2021-07-13 02:20:00
2021-07-13 16:25:48,791 [simulate_environment.py | 167] INFO: Get 1 unallocated order items, 0 ongoing order items, 0 completed order items
2021-07-13 16:25:51,410 [simulate_environment.py | 253] INFO: 2021-07-13 02:20:00, Item 0159140001-1: state = 1 < 2, we can not finish the simulation
2021-07-13 16:25:51,410 [simulate_environment.py | 99] INFO: **************************************************
2021-07-13 16:25:51,411 [simulate_environment.py | 103] INFO: cur time: 2021-07-13 02:30:00, pre time: 2021-07-13 02:20:00
2021-07-13 16:25:51,411 [simulate_environment.py | 140] INFO: Start to update the input of 2021-07-13 02:30:00
2021-07-13 16:25:51,435 [simulate_environment.py | 167] INFO: Get 1 unallocated order items, 0 ongoing order items, 0 completed order items
2021-07-13 16:25:53,926 [simulate_environment.py | 253] INFO: 2021-07-13 02:30:00, Item 0159140001-1: state = 1 < 2, we can not finish the simulation
2021-07-13 16:25:53,927 [simulate_environment.py | 99] INFO: **************************************************
2021-07-13 16:25:53,928 [simulate_environment.py | 103] INFO: cur time: 2021-07-13 02:40:00, pre time: 2021-07-13 02:30:00
2021-07-13 16:25:53,928 [simulate_environment.py | 140] INFO: Start to update the input of 2021-07-13 02:40:00
2021-07-13 16:25:53,951 [simulate_environment.py | 167] INFO: Get 0 unallocated order items, 1 ongoing order items, 0 completed order items
2021-07-13 16:25:56,399 [simulate_environment.py | 253] INFO: 2021-07-13 02:40:00, Item 0251190002-1: state = 0 < 2, we can not finish the simulation
2021-07-13 16:25:56,400 [simulate_environment.py | 99] INFO: **************************************************
2021-07-13 16:25:56,400 [simulate_environment.py | 103] INFO: cur time: 2021-07-13 02:50:00, pre time: 2021-07-13 02:40:00
2021-07-13 16:25:56,401 [simulate_environment.py | 140] INFO: Start to update the input of 2021-07-13 02:50:00
2021-07-13 16:25:56,418 [simulate_environment.py | 167] INFO: Get 0 unallocated order items, 1 ongoing order items, 0 completed order items
2021-07-13 16:25:59,226 [simulate_environment.py | 253] INFO: 2021-07-13 02:50:00, Item 0251190002-1: state = 0 < 2, we can not finish the simulation
2021-07-13 16:25:59,227 [simulate_environment.py | 99] INFO: **************************************************
2021-07-13 16:25:59,228 [simulate_environment.py | 103] INFO: cur time: 2021-07-13 03:00:00, pre time: 2021-07-13 02:50:00
2021-07-13 16:25:59,229 [simulate_environment.py | 140] INFO: Start to update the input of 2021-07-13 03:00:00
2021-07-13 16:25:59,247 [simulate_environment.py | 167] INFO: Get 1 unallocated order items, 1 ongoing order items, 0 completed order items
2021-07-13 16:26:02,018 [simulate_environment.py | 253] INFO: 2021-07-13 03:00:00, Item 0251190002-1: state = 1 < 2, we can not finish the simulation
2021-07-13 16:26:02,019 [simulate_environment.py | 99] INFO: **************************************************
2021-07-13 16:26:02,020 [simulate_environment.py | 103] INFO: cur time: 2021-07-13 03:10:00, pre time: 2021-07-13 03:00:00
2021-07-13 16:26:02,020 [simulate_environment.py | 140] INFO: Start to update the input of 2021-07-13 03:10:00
2021-07-13 16:26:02,043 [simulate_environment.py | 167] INFO: Get 2 unallocated order items, 1 ongoing order items, 0 completed order items
2021-07-13 16:26:04,723 [simulate_environment.py | 253] INFO: 2021-07-13 03:10:00, Item 0251190002-1: state = 1 < 2, we can not finish the simulation
2021-07-13 16:26:04,724 [simulate_environment.py | 99] INFO: **************************************************
2021-07-13 16:26:04,725 [simulate_environment.py | 103] INFO: cur time: 2021-07-13 03:20:00, pre time: 2021-07-13 03:10:00
2021-07-13 16:26:04,725 [simulate_environment.py | 140] INFO: Start to update the input of 2021-07-13 03:20:00
2021-07-13 16:26:04,748 [simulate_environment.py | 167] INFO: Get 0 unallocated order items, 3 ongoing order items, 0 completed order items
2021-07-13 16:26:07,258 [simulate_environment.py | 253] INFO: 2021-07-13 03:20:00, Item 0332360004-1: state = 0 < 2, we can not finish the simulation
2021-07-13 16:26:07,259 [simulate_environment.py | 99] INFO: **************************************************
2021-07-13 16:26:07,260 [simulate_environment.py | 103] INFO: cur time: 2021-07-13 03:30:00, pre time: 2021-07-13 03:20:00
2021-07-13 16:26:07,260 [simulate_environment.py | 140] INFO: Start to update the input of 2021-07-13 03:30:00
2021-07-13 16:26:07,278 [simulate_environment.py | 167] INFO: Get 0 unallocated order items, 3 ongoing order items, 0 completed order items
2021-07-13 16:26:09,648 [simulate_environment.py | 253] INFO: 2021-07-13 03:30:00, Item 0332360004-1: state = 0 < 2, we can not finish the simulation
2021-07-13 16:26:09,649 [simulate_environment.py | 99] INFO: **************************************************
2021-07-13 16:26:09,649 [simulate_environment.py | 103] INFO: cur time: 2021-07-13 03:40:00, pre time: 2021-07-13 03:30:00
2021-07-13 16:26:09,650 [simulate_environment.py | 140] INFO: Start to update the input of 2021-07-13 03:40:00
2021-07-13 16:26:09,666 [simulate_environment.py | 167] INFO: Get 1 unallocated order items, 2 ongoing order items, 1 completed order items
2021-07-13 16:26:12,399 [simulate_environment.py | 253] INFO: 2021-07-13 03:40:00, Item 0332360004-1: state = 1 < 2, we can not finish the simulation
2021-07-13 16:26:12,400 [simulate_environment.py | 99] INFO: **************************************************
2021-07-13 16:26:12,401 [simulate_environment.py | 103] INFO: cur time: 2021-07-13 03:50:00, pre time: 2021-07-13 03:40:00
2021-07-13 16:26:12,401 [simulate_environment.py | 140] INFO: Start to update the input of 2021-07-13 03:50:00
2021-07-13 16:26:12,418 [simulate_environment.py | 167] INFO: Get 2 unallocated order items, 1 ongoing order items, 2 completed order items
2021-07-13 16:26:14,966 [simulate_environment.py | 253] INFO: 2021-07-13 03:50:00, Item 0332360004-1: state = 1 < 2, we can not finish the simulation
2021-07-13 16:26:14,967 [simulate_environment.py | 99] INFO: **************************************************
2021-07-13 16:26:14,967 [simulate_environment.py | 103] INFO: cur time: 2021-07-13 04:00:00, pre time: 2021-07-13 03:50:00
2021-07-13 16:26:14,968 [simulate_environment.py | 140] INFO: Start to update the input of 2021-07-13 04:00:00
2021-07-13 16:26:14,981 [simulate_environment.py | 167] INFO: Get 2 unallocated order items, 1 ongoing order items, 2 completed order items
2021-07-13 16:26:17,631 [simulate_environment.py | 253] INFO: 2021-07-13 04:00:00, Item 0332360004-1: state = 1 < 2, we can not finish the simulation
2021-07-13 16:26:17,632 [simulate_environment.py | 99] INFO: **************************************************
2021-07-13 16:26:17,633 [simulate_environment.py | 103] INFO: cur time: 2021-07-13 04:10:00, pre time: 2021-07-13 04:00:00
2021-07-13 16:26:17,634 [simulate_environment.py | 140] INFO: Start to update the input of 2021-07-13 04:10:00
2021-07-13 16:26:17,654 [simulate_environment.py | 167] INFO: Get 1 unallocated order items, 1 ongoing order items, 3 completed order items
2021-07-13 16:26:20,168 [simulate_environment.py | 253] INFO: 2021-07-13 04:10:00, Item 0347590005-1: state = 1 < 2, we can not finish the simulation
2021-07-13 16:26:20,169 [simulate_environment.py | 99] INFO: **************************************************
2021-07-13 16:26:20,169 [simulate_environment.py | 103] INFO: cur time: 2021-07-13 04:20:00, pre time: 2021-07-13 04:10:00
2021-07-13 16:26:20,170 [simulate_environment.py | 140] INFO: Start to update the input of 2021-07-13 04:20:00
2021-07-13 16:26:20,182 [simulate_environment.py | 167] INFO: Get 1 unallocated order items, 1 ongoing order items, 3 completed order items
2021-07-13 16:26:22,839 [simulate_environment.py | 253] INFO: 2021-07-13 04:20:00, Item 0347590005-1: state = 1 < 2, we can not finish the simulation
2021-07-13 16:26:22,840 [simulate_environment.py | 99] INFO: **************************************************
2021-07-13 16:26:22,841 [simulate_environment.py | 103] INFO: cur time: 2021-07-13 04:30:00, pre time: 2021-07-13 04:20:00
2021-07-13 16:26:22,841 [simulate_environment.py | 140] INFO: Start to update the input of 2021-07-13 04:30:00
2021-07-13 16:26:22,856 [simulate_environment.py | 167] INFO: Get 3 unallocated order items, 1 ongoing order items, 3 completed order items
2021-07-13 16:26:25,543 [simulate_environment.py | 253] INFO: 2021-07-13 04:30:00, Item 0347590005-1: state = 1 < 2, we can not finish the simulation
2021-07-13 16:26:25,544 [simulate_environment.py | 99] INFO: **************************************************
2021-07-13 16:26:25,544 [simulate_environment.py | 103] INFO: cur time: 2021-07-13 04:40:00, pre time: 2021-07-13 04:30:00
2021-07-13 16:26:25,545 [simulate_environment.py | 140] INFO: Start to update the input of 2021-07-13 04:40:00
2021-07-13 16:26:25,558 [simulate_environment.py | 167] INFO: Get 3 unallocated order items, 2 ongoing order items, 3 completed order items
2021-07-13 16:26:28,122 [simulate_environment.py | 253] INFO: 2021-07-13 04:40:00, Item 0426580006-1: state = 1 < 2, we can not finish the simulation
2021-07-13 16:26:28,123 [simulate_environment.py | 99] INFO: **************************************************
2021-07-13 16:26:28,124 [simulate_environment.py | 103] INFO: cur time: 2021-07-13 04:50:00, pre time: 2021-07-13 04:40:00
2021-07-13 16:26:28,125 [simulate_environment.py | 140] INFO: Start to update the input of 2021-07-13 04:50:00
2021-07-13 16:26:28,135 [simulate_environment.py | 167] INFO: Get 2 unallocated order items, 3 ongoing order items, 4 completed order items
2021-07-13 16:26:30,868 [simulate_environment.py | 253] INFO: 2021-07-13 04:50:00, Item 0436210008-1: state = 1 < 2, we can not finish the simulation
2021-07-13 16:26:30,869 [simulate_environment.py | 99] INFO: **************************************************
2021-07-13 16:26:30,871 [simulate_environment.py | 103] INFO: cur time: 2021-07-13 05:00:00, pre time: 2021-07-13 04:50:00
2021-07-13 16:26:30,873 [simulate_environment.py | 140] INFO: Start to update the input of 2021-07-13 05:00:00
2021-07-13 16:26:30,887 [simulate_environment.py | 167] INFO: Get 2 unallocated order items, 3 ongoing order items, 4 completed order items
2021-07-13 16:26:33,653 [simulate_environment.py | 253] INFO: 2021-07-13 05:00:00, Item 0436210008-1: state = 1 < 2, we can not finish the simulation
2021-07-13 16:26:33,654 [simulate_environment.py | 99] INFO: **************************************************
2021-07-13 16:26:33,655 [simulate_environment.py | 103] INFO: cur time: 2021-07-13 05:10:00, pre time: 2021-07-13 05:00:00
2021-07-13 16:26:33,655 [simulate_environment.py | 140] INFO: Start to update the input of 2021-07-13 05:10:00
2021-07-13 16:26:33,665 [simulate_environment.py | 167] INFO: Get 2 unallocated order items, 3 ongoing order items, 4 completed order items
2021-07-13 16:26:36,574 [simulate_environment.py | 253] INFO: 2021-07-13 05:10:00, Item 0436210008-1: state = 1 < 2, we can not finish the simulation
2021-07-13 16:26:36,574 [simulate_environment.py | 99] INFO: **************************************************
2021-07-13 16:26:36,575 [simulate_environment.py | 103] INFO: cur time: 2021-07-13 05:20:00, pre time: 2021-07-13 05:10:00
2021-07-13 16:26:36,575 [simulate_environment.py | 140] INFO: Start to update the input of 2021-07-13 05:20:00
2021-07-13 16:26:36,591 [simulate_environment.py | 167] INFO: Get 2 unallocated order items, 2 ongoing order items, 5 completed order items
2021-07-13 16:26:39,287 [simulate_environment.py | 253] INFO: 2021-07-13 05:20:00, Item 0436210008-1: state = 1 < 2, we can not finish the simulation
2021-07-13 16:26:39,288 [simulate_environment.py | 99] INFO: **************************************************
2021-07-13 16:26:39,288 [simulate_environment.py | 103] INFO: cur time: 2021-07-13 05:30:00, pre time: 2021-07-13 05:20:00
2021-07-13 16:26:39,289 [simulate_environment.py | 140] INFO: Start to update the input of 2021-07-13 05:30:00
2021-07-13 16:26:39,311 [simulate_environment.py | 167] INFO: Get 4 unallocated order items, 2 ongoing order items, 5 completed order items
2021-07-13 16:26:42,068 [simulate_environment.py | 253] INFO: 2021-07-13 05:30:00, Item 0436210008-1: state = 1 < 2, we can not finish the simulation
2021-07-13 16:26:42,069 [simulate_environment.py | 99] INFO: **************************************************
2021-07-13 16:26:42,069 [simulate_environment.py | 103] INFO: cur time: 2021-07-13 05:40:00, pre time: 2021-07-13 05:30:00
2021-07-13 16:26:42,069 [simulate_environment.py | 140] INFO: Start to update the input of 2021-07-13 05:40:00
2021-07-13 16:26:42,085 [simulate_environment.py | 167] INFO: Get 2 unallocated order items, 2 ongoing order items, 7 completed order items
2021-07-13 16:26:44,881 [simulate_environment.py | 253] INFO: 2021-07-13 05:40:00, Item 0527250010-1: state = 1 < 2, we can not finish the simulation
2021-07-13 16:26:44,882 [simulate_environment.py | 99] INFO: **************************************************
2021-07-13 16:26:44,882 [simulate_environment.py | 103] INFO: cur time: 2021-07-13 05:50:00, pre time: 2021-07-13 05:40:00
2021-07-13 16:26:44,883 [simulate_environment.py | 140] INFO: Start to update the input of 2021-07-13 05:50:00
2021-07-13 16:26:44,900 [simulate_environment.py | 167] INFO: Get 0 unallocated order items, 4 ongoing order items, 7 completed order items
2021-07-13 16:26:47,565 [simulate_environment.py | 253] INFO: 2021-07-13 05:50:00, Item 0613540011-1: state = 0 < 2, we can not finish the simulation
2021-07-13 16:26:47,566 [simulate_environment.py | 99] INFO: **************************************************
2021-07-13 16:26:47,566 [simulate_environment.py | 103] INFO: cur time: 2021-07-13 06:00:00, pre time: 2021-07-13 05:50:00
2021-07-13 16:26:47,567 [simulate_environment.py | 140] INFO: Start to update the input of 2021-07-13 06:00:00
2021-07-13 16:26:47,588 [simulate_environment.py | 167] INFO: Get 0 unallocated order items, 4 ongoing order items, 7 completed order items
2021-07-13 16:26:50,404 [simulate_environment.py | 253] INFO: 2021-07-13 06:00:00, Item 0613540011-1: state = 0 < 2, we can not finish the simulation
2021-07-13 16:26:50,405 [simulate_environment.py | 99] INFO: **************************************************
2021-07-13 16:26:50,406 [simulate_environment.py | 103] INFO: cur time: 2021-07-13 06:10:00, pre time: 2021-07-13 06:00:00
2021-07-13 16:26:50,406 [simulate_environment.py | 140] INFO: Start to update the input of 2021-07-13 06:10:00
2021-07-13 16:26:50,417 [simulate_environment.py | 167] INFO: Get 0 unallocated order items, 4 ongoing order items, 7 completed order items
2021-07-13 16:26:52,988 [simulate_environment.py | 253] INFO: 2021-07-13 06:10:00, Item 0613540011-1: state = 0 < 2, we can not finish the simulation
2021-07-13 16:26:52,989 [simulate_environment.py | 99] INFO: **************************************************
2021-07-13 16:26:52,990 [simulate_environment.py | 103] INFO: cur time: 2021-07-13 06:20:00, pre time: 2021-07-13 06:10:00
2021-07-13 16:26:52,991 [simulate_environment.py | 140] INFO: Start to update the input of 2021-07-13 06:20:00
2021-07-13 16:26:53,012 [simulate_environment.py | 167] INFO: Get 1 unallocated order items, 4 ongoing order items, 7 completed order items
2021-07-13 16:26:55,543 [simulate_environment.py | 253] INFO: 2021-07-13 06:20:00, Item 0613540011-1: state = 1 < 2, we can not finish the simulation
2021-07-13 16:26:55,544 [simulate_environment.py | 99] INFO: **************************************************
2021-07-13 16:26:55,544 [simulate_environment.py | 103] INFO: cur time: 2021-07-13 06:30:00, pre time: 2021-07-13 06:20:00
2021-07-13 16:26:55,545 [simulate_environment.py | 140] INFO: Start to update the input of 2021-07-13 06:30:00
2021-07-13 16:26:55,559 [simulate_environment.py | 167] INFO: Get 0 unallocated order items, 1 ongoing order items, 11 completed order items
2021-07-13 16:26:58,320 [simulate_environment.py | 253] INFO: 2021-07-13 06:30:00, Item 0637300012-1: state = 0 < 2, we can not finish the simulation
2021-07-13 16:26:58,322 [simulate_environment.py | 99] INFO: **************************************************
2021-07-13 16:26:58,322 [simulate_environment.py | 103] INFO: cur time: 2021-07-13 06:40:00, pre time: 2021-07-13 06:30:00
2021-07-13 16:26:58,323 [simulate_environment.py | 140] INFO: Start to update the input of 2021-07-13 06:40:00
2021-07-13 16:26:58,338 [simulate_environment.py | 167] INFO: Get 15 unallocated order items, 1 ongoing order items, 11 completed order items
2021-07-13 16:27:01,162 [simulate_environment.py | 253] INFO: 2021-07-13 06:40:00, Item 0637300012-1: state = 1 < 2, we can not finish the simulation
2021-07-13 16:27:01,163 [simulate_environment.py | 99] INFO: **************************************************
2021-07-13 16:27:01,164 [simulate_environment.py | 103] INFO: cur time: 2021-07-13 06:50:00, pre time: 2021-07-13 06:40:00
2021-07-13 16:27:01,165 [simulate_environment.py | 140] INFO: Start to update the input of 2021-07-13 06:50:00
2021-07-13 16:27:01,175 [simulate_environment.py | 167] INFO: Get 15 unallocated order items, 1 ongoing order items, 11 completed order items
2021-07-13 16:27:03,706 [simulate_environment.py | 253] INFO: 2021-07-13 06:50:00, Item 0637300012-1: state = 1 < 2, we can not finish the simulation
2021-07-13 16:27:03,707 [simulate_environment.py | 99] INFO: **************************************************
2021-07-13 16:27:03,708 [simulate_environment.py | 103] INFO: cur time: 2021-07-13 07:00:00, pre time: 2021-07-13 06:50:00
2021-07-13 16:27:03,709 [simulate_environment.py | 140] INFO: Start to update the input of 2021-07-13 07:00:00
2021-07-13 16:27:03,735 [simulate_environment.py | 167] INFO: Get 15 unallocated order items, 0 ongoing order items, 12 completed order items
2021-07-13 16:27:06,310 [simulate_environment.py | 253] INFO: 2021-07-13 07:00:00, Item 0637300012-1: state = 1 < 2, we can not finish the simulation
2021-07-13 16:27:06,312 [simulate_environment.py | 99] INFO: **************************************************
2021-07-13 16:27:06,312 [simulate_environment.py | 103] INFO: cur time: 2021-07-13 07:10:00, pre time: 2021-07-13 07:00:00
2021-07-13 16:27:06,312 [simulate_environment.py | 140] INFO: Start to update the input of 2021-07-13 07:10:00
2021-07-13 16:27:06,326 [simulate_environment.py | 167] INFO: Get 15 unallocated order items, 0 ongoing order items, 12 completed order items
2021-07-13 16:27:08,842 [simulate_environment.py | 253] INFO: 2021-07-13 07:10:00, Item 0637300012-1: state = 1 < 2, we can not finish the simulation
2021-07-13 16:27:08,843 [simulate_environment.py | 99] INFO: **************************************************
2021-07-13 16:27:08,844 [simulate_environment.py | 103] INFO: cur time: 2021-07-13 07:20:00, pre time: 2021-07-13 07:10:00
2021-07-13 16:27:08,844 [simulate_environment.py | 140] INFO: Start to update the input of 2021-07-13 07:20:00
2021-07-13 16:27:08,847 [simulate_environment.py | 167] INFO: Get 15 unallocated order items, 0 ongoing order items, 12 completed order items
2021-07-13 16:27:11,555 [simulate_environment.py | 253] INFO: 2021-07-13 07:20:00, Item 0637300012-1: state = 1 < 2, we can not finish the simulation
2021-07-13 16:27:11,556 [simulate_environment.py | 99] INFO: **************************************************
2021-07-13 16:27:11,557 [simulate_environment.py | 103] INFO: cur time: 2021-07-13 07:30:00, pre time: 2021-07-13 07:20:00
2021-07-13 16:27:11,557 [simulate_environment.py | 140] INFO: Start to update the input of 2021-07-13 07:30:00
2021-07-13 16:27:11,566 [simulate_environment.py | 167] INFO: Get 15 unallocated order items, 0 ongoing order items, 12 completed order items
2021-07-13 16:27:14,205 [simulate_environment.py | 253] INFO: 2021-07-13 07:30:00, Item 0637300012-1: state = 1 < 2, we can not finish the simulation
2021-07-13 16:27:14,206 [simulate_environment.py | 99] INFO: **************************************************
2021-07-13 16:27:14,207 [simulate_environment.py | 103] INFO: cur time: 2021-07-13 07:40:00, pre time: 2021-07-13 07:30:00
2021-07-13 16:27:14,207 [simulate_environment.py | 140] INFO: Start to update the input of 2021-07-13 07:40:00
2021-07-13 16:27:14,229 [simulate_environment.py | 167] INFO: Get 15 unallocated order items, 0 ongoing order items, 12 completed order items
2021-07-13 16:27:17,003 [simulate_environment.py | 253] INFO: 2021-07-13 07:40:00, Item 0637300012-1: state = 1 < 2, we can not finish the simulation
2021-07-13 16:27:17,004 [simulate_environment.py | 99] INFO: **************************************************
2021-07-13 16:27:17,005 [simulate_environment.py | 103] INFO: cur time: 2021-07-13 07:50:00, pre time: 2021-07-13 07:40:00
2021-07-13 16:27:17,005 [simulate_environment.py | 140] INFO: Start to update the input of 2021-07-13 07:50:00
2021-07-13 16:27:17,026 [simulate_environment.py | 167] INFO: Get 0 unallocated order items, 15 ongoing order items, 12 completed order items
2021-07-13 16:27:19,643 [simulate_environment.py | 253] INFO: 2021-07-13 07:50:00, Item 0845130013-1: state = 0 < 2, we can not finish the simulation
2021-07-13 16:27:19,644 [simulate_environment.py | 99] INFO: **************************************************
2021-07-13 16:27:19,645 [simulate_environment.py | 103] INFO: cur time: 2021-07-13 08:00:00, pre time: 2021-07-13 07:50:00
2021-07-13 16:27:19,646 [simulate_environment.py | 140] INFO: Start to update the input of 2021-07-13 08:00:00
2021-07-13 16:27:19,668 [simulate_environment.py | 167] INFO: Get 0 unallocated order items, 15 ongoing order items, 12 completed order items
2021-07-13 16:27:22,362 [simulate_environment.py | 253] INFO: 2021-07-13 08:00:00, Item 0845130013-1: state = 0 < 2, we can not finish the simulation
2021-07-13 16:27:22,363 [simulate_environment.py | 99] INFO: **************************************************
2021-07-13 16:27:22,364 [simulate_environment.py | 103] INFO: cur time: 2021-07-13 08:10:00, pre time: 2021-07-13 08:00:00
2021-07-13 16:27:22,364 [simulate_environment.py | 140] INFO: Start to update the input of 2021-07-13 08:10:00
2021-07-13 16:27:22,387 [simulate_environment.py | 167] INFO: Get 0 unallocated order items, 15 ongoing order items, 12 completed order items
2021-07-13 16:27:24,944 [simulate_environment.py | 253] INFO: 2021-07-13 08:10:00, Item 0845130013-1: state = 0 < 2, we can not finish the simulation
2021-07-13 16:27:24,945 [simulate_environment.py | 99] INFO: **************************************************
2021-07-13 16:27:24,946 [simulate_environment.py | 103] INFO: cur time: 2021-07-13 08:20:00, pre time: 2021-07-13 08:10:00
2021-07-13 16:27:24,947 [simulate_environment.py | 140] INFO: Start to update the input of 2021-07-13 08:20:00
2021-07-13 16:27:24,964 [simulate_environment.py | 167] INFO: Get 0 unallocated order items, 15 ongoing order items, 12 completed order items
2021-07-13 16:27:27,661 [simulate_environment.py | 253] INFO: 2021-07-13 08:20:00, Item 0845130013-1: state = 0 < 2, we can not finish the simulation
2021-07-13 16:27:27,662 [simulate_environment.py | 99] INFO: **************************************************
2021-07-13 16:27:27,663 [simulate_environment.py | 103] INFO: cur time: 2021-07-13 08:30:00, pre time: 2021-07-13 08:20:00
2021-07-13 16:27:27,664 [simulate_environment.py | 140] INFO: Start to update the input of 2021-07-13 08:30:00
2021-07-13 16:27:27,682 [simulate_environment.py | 167] INFO: Get 0 unallocated order items, 15 ongoing order items, 12 completed order items
2021-07-13 16:27:30,366 [simulate_environment.py | 253] INFO: 2021-07-13 08:30:00, Item 0845130013-1: state = 0 < 2, we can not finish the simulation
2021-07-13 16:27:30,367 [simulate_environment.py | 99] INFO: **************************************************
2021-07-13 16:27:30,368 [simulate_environment.py | 103] INFO: cur time: 2021-07-13 08:40:00, pre time: 2021-07-13 08:30:00
2021-07-13 16:27:30,369 [simulate_environment.py | 140] INFO: Start to update the input of 2021-07-13 08:40:00
2021-07-13 16:27:30,381 [simulate_environment.py | 167] INFO: Get 0 unallocated order items, 15 ongoing order items, 12 completed order items
2021-07-13 16:27:32,953 [simulate_environment.py | 253] INFO: 2021-07-13 08:40:00, Item 0845130013-1: state = 0 < 2, we can not finish the simulation
2021-07-13 16:27:32,954 [simulate_environment.py | 99] INFO: **************************************************
2021-07-13 16:27:32,955 [simulate_environment.py | 103] INFO: cur time: 2021-07-13 08:50:00, pre time: 2021-07-13 08:40:00
2021-07-13 16:27:32,955 [simulate_environment.py | 140] INFO: Start to update the input of 2021-07-13 08:50:00
2021-07-13 16:27:32,979 [simulate_environment.py | 167] INFO: Get 1 unallocated order items, 15 ongoing order items, 12 completed order items
2021-07-13 16:27:35,635 [simulate_environment.py | 253] INFO: 2021-07-13 08:50:00, Item 0845130013-1: state = 1 < 2, we can not finish the simulation
2021-07-13 16:27:35,636 [simulate_environment.py | 99] INFO: **************************************************
2021-07-13 16:27:35,637 [simulate_environment.py | 103] INFO: cur time: 2021-07-13 09:00:00, pre time: 2021-07-13 08:50:00
2021-07-13 16:27:35,638 [simulate_environment.py | 140] INFO: Start to update the input of 2021-07-13 09:00:00
2021-07-13 16:27:35,655 [simulate_environment.py | 167] INFO: Get 1 unallocated order items, 15 ongoing order items, 12 completed order items
2021-07-13 16:27:38,212 [simulate_environment.py | 253] INFO: 2021-07-13 09:00:00, Item 0845130013-1: state = 1 < 2, we can not finish the simulation
2021-07-13 16:27:38,213 [simulate_environment.py | 99] INFO: **************************************************
2021-07-13 16:27:38,214 [simulate_environment.py | 103] INFO: cur time: 2021-07-13 09:10:00, pre time: 2021-07-13 09:00:00
2021-07-13 16:27:38,215 [simulate_environment.py | 140] INFO: Start to update the input of 2021-07-13 09:10:00
2021-07-13 16:27:38,231 [simulate_environment.py | 167] INFO: Get 1 unallocated order items, 16 ongoing order items, 12 completed order items
2021-07-13 16:27:40,821 [simulate_environment.py | 253] INFO: 2021-07-13 09:10:00, Item 0908020014-1: state = 1 < 2, we can not finish the simulation
2021-07-13 16:27:40,823 [simulate_environment.py | 99] INFO: **************************************************
2021-07-13 16:27:40,823 [simulate_environment.py | 103] INFO: cur time: 2021-07-13 09:20:00, pre time: 2021-07-13 09:10:00
2021-07-13 16:27:40,824 [simulate_environment.py | 140] INFO: Start to update the input of 2021-07-13 09:20:00
2021-07-13 16:27:40,840 [simulate_environment.py | 167] INFO: Get 1 unallocated order items, 16 ongoing order items, 12 completed order items
2021-07-13 16:27:43,504 [simulate_environment.py | 253] INFO: 2021-07-13 09:20:00, Item 0908020014-1: state = 1 < 2, we can not finish the simulation
2021-07-13 16:27:43,505 [simulate_environment.py | 99] INFO: **************************************************
2021-07-13 16:27:43,505 [simulate_environment.py | 103] INFO: cur time: 2021-07-13 09:30:00, pre time: 2021-07-13 09:20:00
2021-07-13 16:27:43,506 [simulate_environment.py | 140] INFO: Start to update the input of 2021-07-13 09:30:00
2021-07-13 16:27:43,526 [simulate_environment.py | 167] INFO: Get 1 unallocated order items, 16 ongoing order items, 12 completed order items
2021-07-13 16:27:46,080 [simulate_environment.py | 253] INFO: 2021-07-13 09:30:00, Item 0908020014-1: state = 1 < 2, we can not finish the simulation
2021-07-13 16:27:46,081 [simulate_environment.py | 99] INFO: **************************************************
2021-07-13 16:27:46,082 [simulate_environment.py | 103] INFO: cur time: 2021-07-13 09:40:00, pre time: 2021-07-13 09:30:00
2021-07-13 16:27:46,083 [simulate_environment.py | 140] INFO: Start to update the input of 2021-07-13 09:40:00
2021-07-13 16:27:46,105 [simulate_environment.py | 167] INFO: Get 1 unallocated order items, 16 ongoing order items, 12 completed order items
2021-07-13 16:27:48,564 [simulate_environment.py | 253] INFO: 2021-07-13 09:40:00, Item 0908020014-1: state = 1 < 2, we can not finish the simulation
2021-07-13 16:27:48,565 [simulate_environment.py | 99] INFO: **************************************************
2021-07-13 16:27:48,566 [simulate_environment.py | 103] INFO: cur time: 2021-07-13 09:50:00, pre time: 2021-07-13 09:40:00
2021-07-13 16:27:48,566 [simulate_environment.py | 140] INFO: Start to update the input of 2021-07-13 09:50:00
2021-07-13 16:27:48,590 [simulate_environment.py | 167] INFO: Get 1 unallocated order items, 16 ongoing order items, 12 completed order items
2021-07-13 16:27:51,246 [simulate_environment.py | 253] INFO: 2021-07-13 09:50:00, Item 0908020014-1: state = 1 < 2, we can not finish the simulation
2021-07-13 16:27:51,248 [simulate_environment.py | 99] INFO: **************************************************
2021-07-13 16:27:51,248 [simulate_environment.py | 103] INFO: cur time: 2021-07-13 10:00:00, pre time: 2021-07-13 09:50:00
2021-07-13 16:27:51,249 [simulate_environment.py | 140] INFO: Start to update the input of 2021-07-13 10:00:00
2021-07-13 16:27:51,261 [simulate_environment.py | 167] INFO: Get 1 unallocated order items, 15 ongoing order items, 13 completed order items
2021-07-13 16:27:53,843 [simulate_environment.py | 253] INFO: 2021-07-13 10:00:00, Item 0908020014-1: state = 1 < 2, we can not finish the simulation
2021-07-13 16:27:53,844 [simulate_environment.py | 99] INFO: **************************************************
2021-07-13 16:27:53,845 [simulate_environment.py | 103] INFO: cur time: 2021-07-13 10:10:00, pre time: 2021-07-13 10:00:00
2021-07-13 16:27:53,845 [simulate_environment.py | 140] INFO: Start to update the input of 2021-07-13 10:10:00
2021-07-13 16:27:53,857 [simulate_environment.py | 167] INFO: Get 4 unallocated order items, 15 ongoing order items, 13 completed order items
2021-07-13 16:27:56,400 [simulate_environment.py | 253] INFO: 2021-07-13 10:10:00, Item 0908020014-1: state = 1 < 2, we can not finish the simulation
2021-07-13 16:27:56,402 [simulate_environment.py | 99] INFO: **************************************************
2021-07-13 16:27:56,403 [simulate_environment.py | 103] INFO: cur time: 2021-07-13 10:20:00, pre time: 2021-07-13 10:10:00
2021-07-13 16:27:56,404 [simulate_environment.py | 140] INFO: Start to update the input of 2021-07-13 10:20:00
2021-07-13 16:27:56,422 [simulate_environment.py | 167] INFO: Get 2 unallocated order items, 17 ongoing order items, 13 completed order items
2021-07-13 16:27:59,150 [simulate_environment.py | 253] INFO: 2021-07-13 10:20:00, Item 0908020014-1: state = 1 < 2, we can not finish the simulation
2021-07-13 16:27:59,151 [simulate_environment.py | 99] INFO: **************************************************
2021-07-13 16:27:59,152 [simulate_environment.py | 103] INFO: cur time: 2021-07-13 10:30:00, pre time: 2021-07-13 10:20:00
2021-07-13 16:27:59,152 [simulate_environment.py | 140] INFO: Start to update the input of 2021-07-13 10:30:00
2021-07-13 16:27:59,163 [simulate_environment.py | 167] INFO: Get 2 unallocated order items, 17 ongoing order items, 13 completed order items
2021-07-13 16:28:01,923 [simulate_environment.py | 253] INFO: 2021-07-13 10:30:00, Item 0908020014-1: state = 1 < 2, we can not finish the simulation
2021-07-13 16:28:01,924 [simulate_environment.py | 99] INFO: **************************************************
2021-07-13 16:28:01,925 [simulate_environment.py | 103] INFO: cur time: 2021-07-13 10:40:00, pre time: 2021-07-13 10:30:00
2021-07-13 16:28:01,926 [simulate_environment.py | 140] INFO: Start to update the input of 2021-07-13 10:40:00
2021-07-13 16:28:01,943 [simulate_environment.py | 167] INFO: Get 2 unallocated order items, 18 ongoing order items, 13 completed order items
2021-07-13 16:28:04,839 [simulate_environment.py | 253] INFO: 2021-07-13 10:40:00, Item 1009520017-1: state = 1 < 2, we can not finish the simulation
2021-07-13 16:28:04,840 [simulate_environment.py | 99] INFO: **************************************************
2021-07-13 16:28:04,841 [simulate_environment.py | 103] INFO: cur time: 2021-07-13 10:50:00, pre time: 2021-07-13 10:40:00
2021-07-13 16:28:04,842 [simulate_environment.py | 140] INFO: Start to update the input of 2021-07-13 10:50:00
2021-07-13 16:28:04,856 [simulate_environment.py | 167] INFO: Get 2 unallocated order items, 18 ongoing order items, 14 completed order items
2021-07-13 16:28:07,748 [simulate_environment.py | 253] INFO: 2021-07-13 10:50:00, Item 1031210018-1: state = 1 < 2, we can not finish the simulation
2021-07-13 16:28:07,750 [simulate_environment.py | 99] INFO: **************************************************
2021-07-13 16:28:07,750 [simulate_environment.py | 103] INFO: cur time: 2021-07-13 11:00:00, pre time: 2021-07-13 10:50:00
2021-07-13 16:28:07,751 [simulate_environment.py | 140] INFO: Start to update the input of 2021-07-13 11:00:00
2021-07-13 16:28:07,753 [simulate_environment.py | 167] INFO: Get 2 unallocated order items, 18 ongoing order items, 14 completed order items
2021-07-13 16:28:10,520 [simulate_environment.py | 253] INFO: 2021-07-13 11:00:00, Item 1031210018-1: state = 1 < 2, we can not finish the simulation
2021-07-13 16:28:10,522 [simulate_environment.py | 99] INFO: **************************************************
2021-07-13 16:28:10,522 [simulate_environment.py | 103] INFO: cur time: 2021-07-13 11:10:00, pre time: 2021-07-13 11:00:00
2021-07-13 16:28:10,523 [simulate_environment.py | 140] INFO: Start to update the input of 2021-07-13 11:10:00
2021-07-13 16:28:10,544 [simulate_environment.py | 167] INFO: Get 2 unallocated order items, 18 ongoing order items, 14 completed order items
2021-07-13 16:28:12,958 [simulate_environment.py | 253] INFO: 2021-07-13 11:10:00, Item 1031210018-1: state = 1 < 2, we can not finish the simulation
2021-07-13 16:28:12,959 [simulate_environment.py | 99] INFO: **************************************************
2021-07-13 16:28:12,960 [simulate_environment.py | 103] INFO: cur time: 2021-07-13 11:20:00, pre time: 2021-07-13 11:10:00
2021-07-13 16:28:12,960 [simulate_environment.py | 140] INFO: Start to update the input of 2021-07-13 11:20:00
2021-07-13 16:28:12,986 [simulate_environment.py | 167] INFO: Get 4 unallocated order items, 3 ongoing order items, 29 completed order items
2021-07-13 16:28:15,549 [simulate_environment.py | 253] INFO: 2021-07-13 11:20:00, Item 1031210018-1: state = 1 < 2, we can not finish the simulation
2021-07-13 16:28:15,551 [simulate_environment.py | 99] INFO: **************************************************
2021-07-13 16:28:15,551 [simulate_environment.py | 103] INFO: cur time: 2021-07-13 11:30:00, pre time: 2021-07-13 11:20:00
2021-07-13 16:28:15,552 [simulate_environment.py | 140] INFO: Start to update the input of 2021-07-13 11:30:00
2021-07-13 16:28:15,569 [simulate_environment.py | 167] INFO: Get 5 unallocated order items, 0 ongoing order items, 32 completed order items
2021-07-13 16:28:17,998 [simulate_environment.py | 253] INFO: 2021-07-13 11:30:00, Item 1031210018-1: state = 1 < 2, we can not finish the simulation
2021-07-13 16:28:17,999 [simulate_environment.py | 99] INFO: **************************************************
2021-07-13 16:28:18,000 [simulate_environment.py | 103] INFO: cur time: 2021-07-13 11:40:00, pre time: 2021-07-13 11:30:00
2021-07-13 16:28:18,000 [simulate_environment.py | 140] INFO: Start to update the input of 2021-07-13 11:40:00
2021-07-13 16:28:18,014 [simulate_environment.py | 167] INFO: Get 5 unallocated order items, 0 ongoing order items, 32 completed order items
2021-07-13 16:28:20,582 [simulate_environment.py | 253] INFO: 2021-07-13 11:40:00, Item 1031210018-1: state = 1 < 2, we can not finish the simulation
2021-07-13 16:28:20,583 [simulate_environment.py | 99] INFO: **************************************************
2021-07-13 16:28:20,583 [simulate_environment.py | 103] INFO: cur time: 2021-07-13 11:50:00, pre time: 2021-07-13 11:40:00
2021-07-13 16:28:20,584 [simulate_environment.py | 140] INFO: Start to update the input of 2021-07-13 11:50:00
2021-07-13 16:28:20,606 [simulate_environment.py | 167] INFO: Get 4 unallocated order items, 2 ongoing order items, 32 completed order items
2021-07-13 16:28:23,180 [simulate_environment.py | 253] INFO: 2021-07-13 11:50:00, Item 1031210018-1: state = 1 < 2, we can not finish the simulation
2021-07-13 16:28:23,180 [simulate_environment.py | 99] INFO: **************************************************
2021-07-13 16:28:23,181 [simulate_environment.py | 103] INFO: cur time: 2021-07-13 12:00:00, pre time: 2021-07-13 11:50:00
2021-07-13 16:28:23,181 [simulate_environment.py | 140] INFO: Start to update the input of 2021-07-13 12:00:00
2021-07-13 16:28:23,203 [simulate_environment.py | 167] INFO: Get 10 unallocated order items, 4 ongoing order items, 32 completed order items
2021-07-13 16:28:26,028 [simulate_environment.py | 253] INFO: 2021-07-13 12:00:00, Item 1119280021-1: state = 1 < 2, we can not finish the simulation
2021-07-13 16:28:26,030 [simulate_environment.py | 99] INFO: **************************************************
2021-07-13 16:28:26,031 [simulate_environment.py | 103] INFO: cur time: 2021-07-13 12:10:00, pre time: 2021-07-13 12:00:00
2021-07-13 16:28:26,032 [simulate_environment.py | 140] INFO: Start to update the input of 2021-07-13 12:10:00
2021-07-13 16:28:26,042 [simulate_environment.py | 167] INFO: Get 10 unallocated order items, 4 ongoing order items, 32 completed order items
2021-07-13 16:28:29,218 [simulate_environment.py | 253] INFO: 2021-07-13 12:10:00, Item 1119280021-1: state = 1 < 2, we can not finish the simulation
2021-07-13 16:28:29,219 [simulate_environment.py | 99] INFO: **************************************************
2021-07-13 16:28:29,220 [simulate_environment.py | 103] INFO: cur time: 2021-07-13 12:20:00, pre time: 2021-07-13 12:10:00
2021-07-13 16:28:29,221 [simulate_environment.py | 140] INFO: Start to update the input of 2021-07-13 12:20:00
2021-07-13 16:28:29,246 [simulate_environment.py | 167] INFO: Get 10 unallocated order items, 4 ongoing order items, 32 completed order items
2021-07-13 16:28:32,167 [simulate_environment.py | 253] INFO: 2021-07-13 12:20:00, Item 1119280021-1: state = 1 < 2, we can not finish the simulation
2021-07-13 16:28:32,168 [simulate_environment.py | 99] INFO: **************************************************
2021-07-13 16:28:32,169 [simulate_environment.py | 103] INFO: cur time: 2021-07-13 12:30:00, pre time: 2021-07-13 12:20:00
2021-07-13 16:28:32,170 [simulate_environment.py | 140] INFO: Start to update the input of 2021-07-13 12:30:00
2021-07-13 16:28:32,185 [simulate_environment.py | 167] INFO: Get 8 unallocated order items, 3 ongoing order items, 35 completed order items
2021-07-13 16:28:34,970 [simulate_environment.py | 253] INFO: 2021-07-13 12:30:00, Item 1119280021-1: state = 1 < 2, we can not finish the simulation
2021-07-13 16:28:34,971 [simulate_environment.py | 99] INFO: **************************************************
2021-07-13 16:28:34,972 [simulate_environment.py | 103] INFO: cur time: 2021-07-13 12:40:00, pre time: 2021-07-13 12:30:00
2021-07-13 16:28:34,972 [simulate_environment.py | 140] INFO: Start to update the input of 2021-07-13 12:40:00
2021-07-13 16:28:35,001 [simulate_environment.py | 167] INFO: Get 8 unallocated order items, 2 ongoing order items, 36 completed order items
2021-07-13 16:28:37,651 [simulate_environment.py | 253] INFO: 2021-07-13 12:40:00, Item 1119280021-1: state = 1 < 2, we can not finish the simulation
2021-07-13 16:28:37,652 [simulate_environment.py | 99] INFO: **************************************************
2021-07-13 16:28:37,653 [simulate_environment.py | 103] INFO: cur time: 2021-07-13 12:50:00, pre time: 2021-07-13 12:40:00
2021-07-13 16:28:37,655 [simulate_environment.py | 140] INFO: Start to update the input of 2021-07-13 12:50:00
2021-07-13 16:28:37,665 [simulate_environment.py | 167] INFO: Get 8 unallocated order items, 2 ongoing order items, 36 completed order items
2021-07-13 16:28:40,382 [simulate_environment.py | 253] INFO: 2021-07-13 12:50:00, Item 1119280021-1: state = 1 < 2, we can not finish the simulation
2021-07-13 16:28:40,383 [simulate_environment.py | 99] INFO: **************************************************
2021-07-13 16:28:40,384 [simulate_environment.py | 103] INFO: cur time: 2021-07-13 13:00:00, pre time: 2021-07-13 12:50:00
2021-07-13 16:28:40,385 [simulate_environment.py | 140] INFO: Start to update the input of 2021-07-13 13:00:00
2021-07-13 16:28:40,406 [simulate_environment.py | 167] INFO: Get 8 unallocated order items, 2 ongoing order items, 36 completed order items
2021-07-13 16:28:43,101 [simulate_environment.py | 253] INFO: 2021-07-13 13:00:00, Item 1119280021-1: state = 1 < 2, we can not finish the simulation
2021-07-13 16:28:43,102 [simulate_environment.py | 99] INFO: **************************************************
2021-07-13 16:28:43,102 [simulate_environment.py | 103] INFO: cur time: 2021-07-13 13:10:00, pre time: 2021-07-13 13:00:00
2021-07-13 16:28:43,102 [simulate_environment.py | 140] INFO: Start to update the input of 2021-07-13 13:10:00
2021-07-13 16:28:43,112 [simulate_environment.py | 167] INFO: Get 7 unallocated order items, 1 ongoing order items, 38 completed order items
2021-07-13 16:28:45,710 [simulate_environment.py | 253] INFO: 2021-07-13 13:10:00, Item 1154150025-1: state = 1 < 2, we can not finish the simulation
2021-07-13 16:28:45,711 [simulate_environment.py | 99] INFO: **************************************************
2021-07-13 16:28:45,712 [simulate_environment.py | 103] INFO: cur time: 2021-07-13 13:20:00, pre time: 2021-07-13 13:10:00
2021-07-13 16:28:45,712 [simulate_environment.py | 140] INFO: Start to update the input of 2021-07-13 13:20:00
2021-07-13 16:28:45,733 [simulate_environment.py | 167] INFO: Get 7 unallocated order items, 1 ongoing order items, 38 completed order items
2021-07-13 16:28:48,303 [simulate_environment.py | 253] INFO: 2021-07-13 13:20:00, Item 1154150025-1: state = 1 < 2, we can not finish the simulation
2021-07-13 16:28:48,304 [simulate_environment.py | 99] INFO: **************************************************
2021-07-13 16:28:48,305 [simulate_environment.py | 103] INFO: cur time: 2021-07-13 13:30:00, pre time: 2021-07-13 13:20:00
2021-07-13 16:28:48,306 [simulate_environment.py | 140] INFO: Start to update the input of 2021-07-13 13:30:00
2021-07-13 16:28:48,322 [simulate_environment.py | 167] INFO: Get 0 unallocated order items, 8 ongoing order items, 38 completed order items
2021-07-13 16:28:50,936 [simulate_environment.py | 253] INFO: 2021-07-13 13:30:00, Item 1330330026-1: state = 0 < 2, we can not finish the simulation
2021-07-13 16:28:50,938 [simulate_environment.py | 99] INFO: **************************************************
2021-07-13 16:28:50,938 [simulate_environment.py | 103] INFO: cur time: 2021-07-13 13:40:00, pre time: 2021-07-13 13:30:00
2021-07-13 16:28:50,939 [simulate_environment.py | 140] INFO: Start to update the input of 2021-07-13 13:40:00
2021-07-13 16:28:50,940 [simulate_environment.py | 167] INFO: Get 2 unallocated order items, 8 ongoing order items, 38 completed order items
2021-07-13 16:28:53,348 [simulate_environment.py | 253] INFO: 2021-07-13 13:40:00, Item 1330330026-1: state = 1 < 2, we can not finish the simulation
2021-07-13 16:28:53,349 [simulate_environment.py | 99] INFO: **************************************************
2021-07-13 16:28:53,350 [simulate_environment.py | 103] INFO: cur time: 2021-07-13 13:50:00, pre time: 2021-07-13 13:40:00
2021-07-13 16:28:53,351 [simulate_environment.py | 140] INFO: Start to update the input of 2021-07-13 13:50:00
2021-07-13 16:28:53,369 [simulate_environment.py | 167] INFO: Get 2 unallocated order items, 8 ongoing order items, 38 completed order items
2021-07-13 16:28:55,957 [simulate_environment.py | 253] INFO: 2021-07-13 13:50:00, Item 1330330026-1: state = 1 < 2, we can not finish the simulation
2021-07-13 16:28:55,958 [simulate_environment.py | 99] INFO: **************************************************
2021-07-13 16:28:55,959 [simulate_environment.py | 103] INFO: cur time: 2021-07-13 14:00:00, pre time: 2021-07-13 13:50:00
2021-07-13 16:28:55,959 [simulate_environment.py | 140] INFO: Start to update the input of 2021-07-13 14:00:00
2021-07-13 16:28:55,977 [simulate_environment.py | 167] INFO: Get 3 unallocated order items, 8 ongoing order items, 38 completed order items
2021-07-13 16:28:58,429 [simulate_environment.py | 253] INFO: 2021-07-13 14:00:00, Item 1330330026-1: state = 1 < 2, we can not finish the simulation
2021-07-13 16:28:58,430 [simulate_environment.py | 99] INFO: **************************************************
2021-07-13 16:28:58,431 [simulate_environment.py | 103] INFO: cur time: 2021-07-13 14:10:00, pre time: 2021-07-13 14:00:00
2021-07-13 16:28:58,431 [simulate_environment.py | 140] INFO: Start to update the input of 2021-07-13 14:10:00
2021-07-13 16:28:58,450 [simulate_environment.py | 167] INFO: Get 3 unallocated order items, 8 ongoing order items, 38 completed order items
2021-07-13 16:29:01,078 [simulate_environment.py | 253] INFO: 2021-07-13 14:10:00, Item 1330330026-1: state = 1 < 2, we can not finish the simulation
2021-07-13 16:29:01,079 [simulate_environment.py | 99] INFO: **************************************************
2021-07-13 16:29:01,079 [simulate_environment.py | 103] INFO: cur time: 2021-07-13 14:20:00, pre time: 2021-07-13 14:10:00
2021-07-13 16:29:01,080 [simulate_environment.py | 140] INFO: Start to update the input of 2021-07-13 14:20:00
2021-07-13 16:29:01,081 [simulate_environment.py | 167] INFO: Get 4 unallocated order items, 8 ongoing order items, 38 completed order items
2021-07-13 16:29:03,716 [simulate_environment.py | 253] INFO: 2021-07-13 14:20:00, Item 1330330026-1: state = 1 < 2, we can not finish the simulation
2021-07-13 16:29:03,717 [simulate_environment.py | 99] INFO: **************************************************
2021-07-13 16:29:03,718 [simulate_environment.py | 103] INFO: cur time: 2021-07-13 14:30:00, pre time: 2021-07-13 14:20:00
2021-07-13 16:29:03,719 [simulate_environment.py | 140] INFO: Start to update the input of 2021-07-13 14:30:00
2021-07-13 16:29:03,731 [simulate_environment.py | 167] INFO: Get 3 unallocated order items, 1 ongoing order items, 46 completed order items
2021-07-13 16:29:06,450 [simulate_environment.py | 253] INFO: 2021-07-13 14:30:00, Item 1330330026-1: state = 1 < 2, we can not finish the simulation
2021-07-13 16:29:06,451 [simulate_environment.py | 99] INFO: **************************************************
2021-07-13 16:29:06,452 [simulate_environment.py | 103] INFO: cur time: 2021-07-13 14:40:00, pre time: 2021-07-13 14:30:00
2021-07-13 16:29:06,452 [simulate_environment.py | 140] INFO: Start to update the input of 2021-07-13 14:40:00
2021-07-13 16:29:06,460 [simulate_environment.py | 167] INFO: Get 4 unallocated order items, 1 ongoing order items, 46 completed order items
2021-07-13 16:29:09,114 [simulate_environment.py | 253] INFO: 2021-07-13 14:40:00, Item 1330330026-1: state = 1 < 2, we can not finish the simulation
2021-07-13 16:29:09,115 [simulate_environment.py | 99] INFO: **************************************************
2021-07-13 16:29:09,116 [simulate_environment.py | 103] INFO: cur time: 2021-07-13 14:50:00, pre time: 2021-07-13 14:40:00
2021-07-13 16:29:09,117 [simulate_environment.py | 140] INFO: Start to update the input of 2021-07-13 14:50:00
2021-07-13 16:29:09,131 [simulate_environment.py | 167] INFO: Get 5 unallocated order items, 1 ongoing order items, 46 completed order items
2021-07-13 16:29:11,712 [simulate_environment.py | 253] INFO: 2021-07-13 14:50:00, Item 1330330026-1: state = 1 < 2, we can not finish the simulation
2021-07-13 16:29:11,713 [simulate_environment.py | 99] INFO: **************************************************
2021-07-13 16:29:11,713 [simulate_environment.py | 103] INFO: cur time: 2021-07-13 15:00:00, pre time: 2021-07-13 14:50:00
2021-07-13 16:29:11,714 [simulate_environment.py | 140] INFO: Start to update the input of 2021-07-13 15:00:00
2021-07-13 16:29:11,735 [simulate_environment.py | 167] INFO: Get 5 unallocated order items, 1 ongoing order items, 46 completed order items
2021-07-13 16:29:14,347 [simulate_environment.py | 253] INFO: 2021-07-13 15:00:00, Item 1330330026-1: state = 1 < 2, we can not finish the simulation
2021-07-13 16:29:14,348 [simulate_environment.py | 99] INFO: **************************************************
2021-07-13 16:29:14,349 [simulate_environment.py | 103] INFO: cur time: 2021-07-13 15:10:00, pre time: 2021-07-13 15:00:00
2021-07-13 16:29:14,349 [simulate_environment.py | 140] INFO: Start to update the input of 2021-07-13 15:10:00
2021-07-13 16:29:14,374 [simulate_environment.py | 167] INFO: Get 4 unallocated order items, 2 ongoing order items, 46 completed order items
2021-07-13 16:29:17,060 [simulate_environment.py | 253] INFO: 2021-07-13 15:10:00, Item 1330330026-1: state = 1 < 2, we can not finish the simulation
2021-07-13 16:29:17,062 [simulate_environment.py | 99] INFO: **************************************************
2021-07-13 16:29:17,063 [simulate_environment.py | 103] INFO: cur time: 2021-07-13 15:20:00, pre time: 2021-07-13 15:10:00
2021-07-13 16:29:17,063 [simulate_environment.py | 140] INFO: Start to update the input of 2021-07-13 15:20:00
2021-07-13 16:29:17,066 [simulate_environment.py | 167] INFO: Get 8 unallocated order items, 2 ongoing order items, 46 completed order items
2021-07-13 16:29:19,701 [simulate_environment.py | 253] INFO: 2021-07-13 15:20:00, Item 1330330026-1: state = 1 < 2, we can not finish the simulation
2021-07-13 16:29:19,702 [simulate_environment.py | 99] INFO: **************************************************
2021-07-13 16:29:19,702 [simulate_environment.py | 103] INFO: cur time: 2021-07-13 15:30:00, pre time: 2021-07-13 15:20:00
2021-07-13 16:29:19,703 [simulate_environment.py | 140] INFO: Start to update the input of 2021-07-13 15:30:00
2021-07-13 16:29:19,706 [simulate_environment.py | 167] INFO: Get 8 unallocated order items, 1 ongoing order items, 47 completed order items
2021-07-13 16:29:22,430 [simulate_environment.py | 253] INFO: 2021-07-13 15:30:00, Item 1330330026-1: state = 1 < 2, we can not finish the simulation
2021-07-13 16:29:22,431 [simulate_environment.py | 99] INFO: **************************************************
2021-07-13 16:29:22,432 [simulate_environment.py | 103] INFO: cur time: 2021-07-13 15:40:00, pre time: 2021-07-13 15:30:00
2021-07-13 16:29:22,433 [simulate_environment.py | 140] INFO: Start to update the input of 2021-07-13 15:40:00
2021-07-13 16:29:22,449 [simulate_environment.py | 167] INFO: Get 8 unallocated order items, 1 ongoing order items, 47 completed order items
2021-07-13 16:29:25,039 [simulate_environment.py | 253] INFO: 2021-07-13 15:40:00, Item 1330330026-1: state = 1 < 2, we can not finish the simulation
2021-07-13 16:29:25,040 [simulate_environment.py | 99] INFO: **************************************************
2021-07-13 16:29:25,041 [simulate_environment.py | 103] INFO: cur time: 2021-07-13 15:50:00, pre time: 2021-07-13 15:40:00
2021-07-13 16:29:25,041 [simulate_environment.py | 140] INFO: Start to update the input of 2021-07-13 15:50:00
2021-07-13 16:29:25,056 [simulate_environment.py | 167] INFO: Get 10 unallocated order items, 1 ongoing order items, 48 completed order items
2021-07-13 16:29:27,751 [simulate_environment.py | 253] INFO: 2021-07-13 15:50:00, Item 1330330026-1: state = 1 < 2, we can not finish the simulation
2021-07-13 16:29:27,752 [simulate_environment.py | 99] INFO: **************************************************
2021-07-13 16:29:27,752 [simulate_environment.py | 103] INFO: cur time: 2021-07-13 16:00:00, pre time: 2021-07-13 15:50:00
2021-07-13 16:29:27,753 [simulate_environment.py | 140] INFO: Start to update the input of 2021-07-13 16:00:00
2021-07-13 16:29:27,783 [simulate_environment.py | 167] INFO: Get 16 unallocated order items, 1 ongoing order items, 48 completed order items
2021-07-13 16:29:30,543 [simulate_environment.py | 253] INFO: 2021-07-13 16:00:00, Item 1330330026-1: state = 1 < 2, we can not finish the simulation
2021-07-13 16:29:30,544 [simulate_environment.py | 99] INFO: **************************************************
2021-07-13 16:29:30,544 [simulate_environment.py | 103] INFO: cur time: 2021-07-13 16:10:00, pre time: 2021-07-13 16:00:00
2021-07-13 16:29:30,544 [simulate_environment.py | 140] INFO: Start to update the input of 2021-07-13 16:10:00
2021-07-13 16:29:30,562 [simulate_environment.py | 167] INFO: Get 16 unallocated order items, 1 ongoing order items, 48 completed order items
2021-07-13 16:29:33,267 [simulate_environment.py | 253] INFO: 2021-07-13 16:10:00, Item 1330330026-1: state = 1 < 2, we can not finish the simulation
2021-07-13 16:29:33,268 [simulate_environment.py | 99] INFO: **************************************************
2021-07-13 16:29:33,269 [simulate_environment.py | 103] INFO: cur time: 2021-07-13 16:20:00, pre time: 2021-07-13 16:10:00
2021-07-13 16:29:33,269 [simulate_environment.py | 140] INFO: Start to update the input of 2021-07-13 16:20:00
2021-07-13 16:29:33,291 [simulate_environment.py | 167] INFO: Get 16 unallocated order items, 1 ongoing order items, 48 completed order items
2021-07-13 16:29:36,061 [simulate_environment.py | 253] INFO: 2021-07-13 16:20:00, Item 1330330026-1: state = 1 < 2, we can not finish the simulation
2021-07-13 16:29:36,062 [simulate_environment.py | 99] INFO: **************************************************
2021-07-13 16:29:36,062 [simulate_environment.py | 103] INFO: cur time: 2021-07-13 16:30:00, pre time: 2021-07-13 16:20:00
2021-07-13 16:29:36,063 [simulate_environment.py | 140] INFO: Start to update the input of 2021-07-13 16:30:00
2021-07-13 16:29:36,077 [simulate_environment.py | 167] INFO: Get 12 unallocated order items, 4 ongoing order items, 49 completed order items
2021-07-13 16:29:38,892 [simulate_environment.py | 253] INFO: 2021-07-13 16:30:00, Item 1330330026-1: state = 1 < 2, we can not finish the simulation
2021-07-13 16:29:38,893 [simulate_environment.py | 99] INFO: **************************************************
2021-07-13 16:29:38,893 [simulate_environment.py | 103] INFO: cur time: 2021-07-13 16:40:00, pre time: 2021-07-13 16:30:00
2021-07-13 16:29:38,894 [simulate_environment.py | 140] INFO: Start to update the input of 2021-07-13 16:40:00
2021-07-13 16:29:38,915 [simulate_environment.py | 167] INFO: Get 13 unallocated order items, 4 ongoing order items, 49 completed order items
2021-07-13 16:29:42,065 [simulate_environment.py | 253] INFO: 2021-07-13 16:40:00, Item 1330330026-1: state = 1 < 2, we can not finish the simulation
2021-07-13 16:29:42,066 [simulate_environment.py | 99] INFO: **************************************************
2021-07-13 16:29:42,067 [simulate_environment.py | 103] INFO: cur time: 2021-07-13 16:50:00, pre time: 2021-07-13 16:40:00
2021-07-13 16:29:42,067 [simulate_environment.py | 140] INFO: Start to update the input of 2021-07-13 16:50:00
2021-07-13 16:29:42,082 [simulate_environment.py | 167] INFO: Get 16 unallocated order items, 4 ongoing order items, 49 completed order items
2021-07-13 16:29:45,157 [simulate_environment.py | 253] INFO: 2021-07-13 16:50:00, Item 1330330026-1: state = 1 < 2, we can not finish the simulation
2021-07-13 16:29:45,158 [simulate_environment.py | 99] INFO: **************************************************
2021-07-13 16:29:45,159 [simulate_environment.py | 103] INFO: cur time: 2021-07-13 17:00:00, pre time: 2021-07-13 16:50:00
2021-07-13 16:29:45,159 [simulate_environment.py | 140] INFO: Start to update the input of 2021-07-13 17:00:00
2021-07-13 16:29:45,183 [simulate_environment.py | 167] INFO: Get 14 unallocated order items, 6 ongoing order items, 49 completed order items
2021-07-13 16:29:47,931 [simulate_environment.py | 253] INFO: 2021-07-13 17:00:00, Item 1446560030-1: state = 1 < 2, we can not finish the simulation
2021-07-13 16:29:47,933 [simulate_environment.py | 99] INFO: **************************************************
2021-07-13 16:29:47,934 [simulate_environment.py | 103] INFO: cur time: 2021-07-13 17:10:00, pre time: 2021-07-13 17:00:00
2021-07-13 16:29:47,935 [simulate_environment.py | 140] INFO: Start to update the input of 2021-07-13 17:10:00
2021-07-13 16:29:47,949 [simulate_environment.py | 167] INFO: Get 18 unallocated order items, 6 ongoing order items, 49 completed order items
2021-07-13 16:29:50,866 [simulate_environment.py | 253] INFO: 2021-07-13 17:10:00, Item 1446560030-1: state = 1 < 2, we can not finish the simulation
2021-07-13 16:29:50,867 [simulate_environment.py | 99] INFO: **************************************************
2021-07-13 16:29:50,868 [simulate_environment.py | 103] INFO: cur time: 2021-07-13 17:20:00, pre time: 2021-07-13 17:10:00
2021-07-13 16:29:50,868 [simulate_environment.py | 140] INFO: Start to update the input of 2021-07-13 17:20:00
2021-07-13 16:29:50,884 [simulate_environment.py | 167] INFO: Get 12 unallocated order items, 12 ongoing order items, 49 completed order items
2021-07-13 16:29:53,825 [simulate_environment.py | 253] INFO: 2021-07-13 17:20:00, Item 1446560030-1: state = 1 < 2, we can not finish the simulation
2021-07-13 16:29:53,826 [simulate_environment.py | 99] INFO: **************************************************
2021-07-13 16:29:53,827 [simulate_environment.py | 103] INFO: cur time: 2021-07-13 17:30:00, pre time: 2021-07-13 17:20:00
2021-07-13 16:29:53,827 [simulate_environment.py | 140] INFO: Start to update the input of 2021-07-13 17:30:00
2021-07-13 16:29:53,838 [simulate_environment.py | 167] INFO: Get 35 unallocated order items, 13 ongoing order items, 49 completed order items
2021-07-13 16:29:57,119 [checker.py      | 146] ERROR: left capacity -0.25 < 0
2021-07-13 16:29:57,120 [checker.py      | 70] ERROR: Vehicle V_3 violates the capacity constraint
2021-07-13 16:29:57,121 [simulate_environment.py | 115] ERROR: Dispatch result is infeasible
2021-07-13 16:29:57,125 [<ipython-input-1-35521dce9a68> | 54] INFO: Score of instance_5: 9223372036854775807
