2021-07-14 10:42:05,937 [<ipython-input-2-35521dce9a68> | 49] INFO: Start to run instance_3
2021-07-14 10:42:05,938 [simulate_api.py | 60] INFO: Start time of the simulator: 2021-07-14 00:00:00, time interval:  600.00
2021-07-14 10:42:05,956 [input_utils.py  | 48] INFO: Get 154 factories
2021-07-14 10:42:07,733 [input_utils.py  | 52] INFO: Get 23562 routes
2021-07-14 10:42:07,752 [input_utils.py  | 57] INFO: Get 5 vehicles
2021-07-14 10:42:07,763 [input_utils.py  | 61] INFO: Get 50 orders
2021-07-14 10:42:07,763 [simulate_api.py | 87] INFO: Initial position of V_1 is e2d5093fbe36431f8986ddb0e1c586be
2021-07-14 10:42:07,766 [simulate_api.py | 87] INFO: Initial position of V_2 is 7fe14b93f0f04ee7a994ef5b2c1fdb72
2021-07-14 10:42:07,766 [simulate_api.py | 87] INFO: Initial position of V_3 is fa366fc87a124d32926daa5bb093129f
2021-07-14 10:42:07,767 [simulate_api.py | 87] INFO: Initial position of V_4 is e47399648fa842b2b8f80094343d8091
2021-07-14 10:42:07,767 [simulate_api.py | 87] INFO: Initial position of V_5 is becb4f85393540b287e7329758b8d832
2021-07-14 10:42:07,768 [simulate_environment.py | 99] INFO: **************************************************
2021-07-14 10:42:07,769 [simulate_environment.py | 103] INFO: cur time: 2021-07-14 00:10:00, pre time: 2021-07-14 00:00:00
2021-07-14 10:42:07,769 [simulate_environment.py | 140] INFO: Start to update the input of 2021-07-14 00:10:00
2021-07-14 10:42:07,771 [simulate_environment.py | 167] INFO: Get 0 unallocated order items, 0 ongoing order items, 0 completed order items
2021-07-14 10:42:10,369 [simulate_environment.py | 253] INFO: 2021-07-14 00:10:00, Item 0018200001-1: state = 0 < 2, we can not finish the simulation
2021-07-14 10:42:10,370 [simulate_environment.py | 99] INFO: **************************************************
2021-07-14 10:42:10,371 [simulate_environment.py | 103] INFO: cur time: 2021-07-14 00:20:00, pre time: 2021-07-14 00:10:00
2021-07-14 10:42:10,371 [simulate_environment.py | 140] INFO: Start to update the input of 2021-07-14 00:20:00
2021-07-14 10:42:10,373 [simulate_environment.py | 167] INFO: Get 3 unallocated order items, 0 ongoing order items, 0 completed order items
2021-07-14 10:42:12,899 [simulate_environment.py | 253] INFO: 2021-07-14 00:20:00, Item 0018200001-1: state = 1 < 2, we can not finish the simulation
2021-07-14 10:42:12,899 [simulate_environment.py | 99] INFO: **************************************************
2021-07-14 10:42:12,900 [simulate_environment.py | 103] INFO: cur time: 2021-07-14 00:30:00, pre time: 2021-07-14 00:20:00
2021-07-14 10:42:12,901 [simulate_environment.py | 140] INFO: Start to update the input of 2021-07-14 00:30:00
2021-07-14 10:42:12,922 [simulate_environment.py | 167] INFO: Get 2 unallocated order items, 1 ongoing order items, 0 completed order items
2021-07-14 10:42:15,621 [simulate_environment.py | 253] INFO: 2021-07-14 00:30:00, Item 0018200001-1: state = 1 < 2, we can not finish the simulation
2021-07-14 10:42:15,622 [simulate_environment.py | 99] INFO: **************************************************
2021-07-14 10:42:15,622 [simulate_environment.py | 103] INFO: cur time: 2021-07-14 00:40:00, pre time: 2021-07-14 00:30:00
2021-07-14 10:42:15,623 [simulate_environment.py | 140] INFO: Start to update the input of 2021-07-14 00:40:00
2021-07-14 10:42:15,634 [simulate_environment.py | 167] INFO: Get 10 unallocated order items, 1 ongoing order items, 0 completed order items
2021-07-14 10:42:18,116 [simulate_environment.py | 253] INFO: 2021-07-14 00:40:00, Item 0018200001-1: state = 1 < 2, we can not finish the simulation
2021-07-14 10:42:18,117 [simulate_environment.py | 99] INFO: **************************************************
2021-07-14 10:42:18,118 [simulate_environment.py | 103] INFO: cur time: 2021-07-14 00:50:00, pre time: 2021-07-14 00:40:00
2021-07-14 10:42:18,118 [simulate_environment.py | 140] INFO: Start to update the input of 2021-07-14 00:50:00
2021-07-14 10:42:18,137 [simulate_environment.py | 167] INFO: Get 2 unallocated order items, 9 ongoing order items, 0 completed order items
2021-07-14 10:42:20,695 [simulate_environment.py | 253] INFO: 2021-07-14 00:50:00, Item 0018200001-1: state = 1 < 2, we can not finish the simulation
2021-07-14 10:42:20,696 [simulate_environment.py | 99] INFO: **************************************************
2021-07-14 10:42:20,697 [simulate_environment.py | 103] INFO: cur time: 2021-07-14 01:00:00, pre time: 2021-07-14 00:50:00
2021-07-14 10:42:20,698 [simulate_environment.py | 140] INFO: Start to update the input of 2021-07-14 01:00:00
2021-07-14 10:42:20,711 [simulate_environment.py | 167] INFO: Get 2 unallocated order items, 9 ongoing order items, 0 completed order items
2021-07-14 10:42:23,271 [simulate_environment.py | 253] INFO: 2021-07-14 01:00:00, Item 0018200001-1: state = 1 < 2, we can not finish the simulation
2021-07-14 10:42:23,272 [simulate_environment.py | 99] INFO: **************************************************
2021-07-14 10:42:23,273 [simulate_environment.py | 103] INFO: cur time: 2021-07-14 01:10:00, pre time: 2021-07-14 01:00:00
2021-07-14 10:42:23,274 [simulate_environment.py | 140] INFO: Start to update the input of 2021-07-14 01:10:00
2021-07-14 10:42:23,295 [simulate_environment.py | 167] INFO: Get 0 unallocated order items, 11 ongoing order items, 0 completed order items
2021-07-14 10:42:26,003 [simulate_environment.py | 253] INFO: 2021-07-14 01:10:00, Item 0254090004-1: state = 0 < 2, we can not finish the simulation
2021-07-14 10:42:26,004 [simulate_environment.py | 99] INFO: **************************************************
2021-07-14 10:42:26,005 [simulate_environment.py | 103] INFO: cur time: 2021-07-14 01:20:00, pre time: 2021-07-14 01:10:00
2021-07-14 10:42:26,006 [simulate_environment.py | 140] INFO: Start to update the input of 2021-07-14 01:20:00
2021-07-14 10:42:26,008 [simulate_environment.py | 167] INFO: Get 0 unallocated order items, 11 ongoing order items, 0 completed order items
2021-07-14 10:42:28,811 [simulate_environment.py | 253] INFO: 2021-07-14 01:20:00, Item 0254090004-1: state = 0 < 2, we can not finish the simulation
2021-07-14 10:42:28,813 [simulate_environment.py | 99] INFO: **************************************************
2021-07-14 10:42:28,814 [simulate_environment.py | 103] INFO: cur time: 2021-07-14 01:30:00, pre time: 2021-07-14 01:20:00
2021-07-14 10:42:28,814 [simulate_environment.py | 140] INFO: Start to update the input of 2021-07-14 01:30:00
2021-07-14 10:42:28,823 [simulate_environment.py | 167] INFO: Get 0 unallocated order items, 11 ongoing order items, 0 completed order items
2021-07-14 10:42:31,324 [simulate_environment.py | 253] INFO: 2021-07-14 01:30:00, Item 0254090004-1: state = 0 < 2, we can not finish the simulation
2021-07-14 10:42:31,325 [simulate_environment.py | 99] INFO: **************************************************
2021-07-14 10:42:31,325 [simulate_environment.py | 103] INFO: cur time: 2021-07-14 01:40:00, pre time: 2021-07-14 01:30:00
2021-07-14 10:42:31,326 [simulate_environment.py | 140] INFO: Start to update the input of 2021-07-14 01:40:00
2021-07-14 10:42:31,351 [simulate_environment.py | 167] INFO: Get 0 unallocated order items, 11 ongoing order items, 0 completed order items
2021-07-14 10:42:33,946 [simulate_environment.py | 253] INFO: 2021-07-14 01:40:00, Item 0254090004-1: state = 0 < 2, we can not finish the simulation
2021-07-14 10:42:33,947 [simulate_environment.py | 99] INFO: **************************************************
2021-07-14 10:42:33,948 [simulate_environment.py | 103] INFO: cur time: 2021-07-14 01:50:00, pre time: 2021-07-14 01:40:00
2021-07-14 10:42:33,948 [simulate_environment.py | 140] INFO: Start to update the input of 2021-07-14 01:50:00
2021-07-14 10:42:33,971 [simulate_environment.py | 167] INFO: Get 0 unallocated order items, 11 ongoing order items, 0 completed order items
2021-07-14 10:42:36,507 [simulate_environment.py | 253] INFO: 2021-07-14 01:50:00, Item 0254090004-1: state = 0 < 2, we can not finish the simulation
2021-07-14 10:42:36,508 [simulate_environment.py | 99] INFO: **************************************************
2021-07-14 10:42:36,509 [simulate_environment.py | 103] INFO: cur time: 2021-07-14 02:00:00, pre time: 2021-07-14 01:50:00
2021-07-14 10:42:36,510 [simulate_environment.py | 140] INFO: Start to update the input of 2021-07-14 02:00:00
2021-07-14 10:42:36,529 [simulate_environment.py | 167] INFO: Get 0 unallocated order items, 8 ongoing order items, 3 completed order items
2021-07-14 10:42:39,037 [simulate_environment.py | 253] INFO: 2021-07-14 02:00:00, Item 0254090004-1: state = 0 < 2, we can not finish the simulation
2021-07-14 10:42:39,038 [simulate_environment.py | 99] INFO: **************************************************
2021-07-14 10:42:39,039 [simulate_environment.py | 103] INFO: cur time: 2021-07-14 02:10:00, pre time: 2021-07-14 02:00:00
2021-07-14 10:42:39,039 [simulate_environment.py | 140] INFO: Start to update the input of 2021-07-14 02:10:00
2021-07-14 10:42:39,069 [simulate_environment.py | 167] INFO: Get 0 unallocated order items, 8 ongoing order items, 3 completed order items
2021-07-14 10:42:41,654 [simulate_environment.py | 253] INFO: 2021-07-14 02:10:00, Item 0254090004-1: state = 0 < 2, we can not finish the simulation
2021-07-14 10:42:41,655 [simulate_environment.py | 99] INFO: **************************************************
2021-07-14 10:42:41,656 [simulate_environment.py | 103] INFO: cur time: 2021-07-14 02:20:00, pre time: 2021-07-14 02:10:00
2021-07-14 10:42:41,657 [simulate_environment.py | 140] INFO: Start to update the input of 2021-07-14 02:20:00
2021-07-14 10:42:41,670 [simulate_environment.py | 167] INFO: Get 0 unallocated order items, 0 ongoing order items, 11 completed order items
2021-07-14 10:42:44,286 [simulate_environment.py | 253] INFO: 2021-07-14 02:20:00, Item 0254090004-1: state = 0 < 2, we can not finish the simulation
2021-07-14 10:42:44,287 [simulate_environment.py | 99] INFO: **************************************************
2021-07-14 10:42:44,288 [simulate_environment.py | 103] INFO: cur time: 2021-07-14 02:30:00, pre time: 2021-07-14 02:20:00
2021-07-14 10:42:44,288 [simulate_environment.py | 140] INFO: Start to update the input of 2021-07-14 02:30:00
2021-07-14 10:42:44,314 [simulate_environment.py | 167] INFO: Get 0 unallocated order items, 0 ongoing order items, 11 completed order items
2021-07-14 10:42:47,066 [simulate_environment.py | 253] INFO: 2021-07-14 02:30:00, Item 0254090004-1: state = 0 < 2, we can not finish the simulation
2021-07-14 10:42:47,067 [simulate_environment.py | 99] INFO: **************************************************
2021-07-14 10:42:47,067 [simulate_environment.py | 103] INFO: cur time: 2021-07-14 02:40:00, pre time: 2021-07-14 02:30:00
2021-07-14 10:42:47,068 [simulate_environment.py | 140] INFO: Start to update the input of 2021-07-14 02:40:00
2021-07-14 10:42:47,074 [simulate_environment.py | 167] INFO: Get 0 unallocated order items, 0 ongoing order items, 11 completed order items
