2021-07-14 10:20:32,695 [<ipython-input-1-35521dce9a68> | 49] INFO: Start to run instance_1
2021-07-14 10:20:32,697 [simulate_api.py | 60] INFO: Start time of the simulator: 2021-07-14 00:00:00, time interval:  600.00
2021-07-14 10:20:32,712 [input_utils.py  | 48] INFO: Get 154 factories
2021-07-14 10:20:34,699 [input_utils.py  | 52] INFO: Get 23562 routes
2021-07-14 10:20:34,718 [input_utils.py  | 57] INFO: Get 5 vehicles
2021-07-14 10:20:34,729 [input_utils.py  | 61] INFO: Get 50 orders
2021-07-14 10:20:34,730 [simulate_api.py | 87] INFO: Initial position of V_1 is e2d5093fbe36431f8986ddb0e1c586be
2021-07-14 10:20:34,731 [simulate_api.py | 87] INFO: Initial position of V_2 is 7fe14b93f0f04ee7a994ef5b2c1fdb72
2021-07-14 10:20:34,731 [simulate_api.py | 87] INFO: Initial position of V_3 is fa366fc87a124d32926daa5bb093129f
2021-07-14 10:20:34,732 [simulate_api.py | 87] INFO: Initial position of V_4 is e47399648fa842b2b8f80094343d8091
2021-07-14 10:20:34,732 [simulate_api.py | 87] INFO: Initial position of V_5 is becb4f85393540b287e7329758b8d832
2021-07-14 10:20:34,734 [simulate_environment.py | 99] INFO: **************************************************
2021-07-14 10:20:34,735 [simulate_environment.py | 103] INFO: cur time: 2021-07-14 00:10:00, pre time: 2021-07-14 00:00:00
2021-07-14 10:20:34,736 [simulate_environment.py | 140] INFO: Start to update the input of 2021-07-14 00:10:00
2021-07-14 10:20:34,737 [simulate_environment.py | 167] INFO: Get 1 unallocated order items, 0 ongoing order items, 0 completed order items
2021-07-14 10:20:37,511 [simulate_environment.py | 253] INFO: 2021-07-14 00:10:00, Item 0003480001-1: state = 1 < 2, we can not finish the simulation
2021-07-14 10:20:37,512 [simulate_environment.py | 99] INFO: **************************************************
2021-07-14 10:20:37,514 [simulate_environment.py | 103] INFO: cur time: 2021-07-14 00:20:00, pre time: 2021-07-14 00:10:00
2021-07-14 10:20:37,515 [simulate_environment.py | 140] INFO: Start to update the input of 2021-07-14 00:20:00
2021-07-14 10:20:37,536 [simulate_environment.py | 167] INFO: Get 3 unallocated order items, 0 ongoing order items, 0 completed order items
2021-07-14 10:20:40,051 [simulate_environment.py | 253] INFO: 2021-07-14 00:20:00, Item 0003480001-1: state = 1 < 2, we can not finish the simulation
2021-07-14 10:20:40,052 [simulate_environment.py | 99] INFO: **************************************************
2021-07-14 10:20:40,052 [simulate_environment.py | 103] INFO: cur time: 2021-07-14 00:30:00, pre time: 2021-07-14 00:20:00
2021-07-14 10:20:40,053 [simulate_environment.py | 140] INFO: Start to update the input of 2021-07-14 00:30:00
2021-07-14 10:20:40,058 [simulate_environment.py | 167] INFO: Get 1 unallocated order items, 2 ongoing order items, 0 completed order items
2021-07-14 10:20:42,836 [simulate_environment.py | 253] INFO: 2021-07-14 00:30:00, Item 0013570003-1: state = 1 < 2, we can not finish the simulation
2021-07-14 10:20:42,837 [simulate_environment.py | 99] INFO: **************************************************
2021-07-14 10:20:42,837 [simulate_environment.py | 103] INFO: cur time: 2021-07-14 00:40:00, pre time: 2021-07-14 00:30:00
2021-07-14 10:20:42,838 [simulate_environment.py | 140] INFO: Start to update the input of 2021-07-14 00:40:00
2021-07-14 10:20:42,867 [simulate_environment.py | 167] INFO: Get 7 unallocated order items, 2 ongoing order items, 0 completed order items
2021-07-14 10:20:45,504 [simulate_environment.py | 253] INFO: 2021-07-14 00:40:00, Item 0013570003-1: state = 1 < 2, we can not finish the simulation
2021-07-14 10:20:45,504 [simulate_environment.py | 99] INFO: **************************************************
2021-07-14 10:20:45,505 [simulate_environment.py | 103] INFO: cur time: 2021-07-14 00:50:00, pre time: 2021-07-14 00:40:00
2021-07-14 10:20:45,505 [simulate_environment.py | 140] INFO: Start to update the input of 2021-07-14 00:50:00
2021-07-14 10:20:45,523 [simulate_environment.py | 167] INFO: Get 7 unallocated order items, 2 ongoing order items, 0 completed order items
2021-07-14 10:20:48,045 [simulate_environment.py | 253] INFO: 2021-07-14 00:50:00, Item 0013570003-1: state = 1 < 2, we can not finish the simulation
2021-07-14 10:20:48,047 [simulate_environment.py | 99] INFO: **************************************************
2021-07-14 10:20:48,048 [simulate_environment.py | 103] INFO: cur time: 2021-07-14 01:00:00, pre time: 2021-07-14 00:50:00
2021-07-14 10:20:48,049 [simulate_environment.py | 140] INFO: Start to update the input of 2021-07-14 01:00:00
2021-07-14 10:20:48,069 [simulate_environment.py | 167] INFO: Get 7 unallocated order items, 2 ongoing order items, 0 completed order items
2021-07-14 10:20:50,571 [simulate_environment.py | 253] INFO: 2021-07-14 01:00:00, Item 0013570003-1: state = 1 < 2, we can not finish the simulation
2021-07-14 10:20:50,572 [simulate_environment.py | 99] INFO: **************************************************
2021-07-14 10:20:50,573 [simulate_environment.py | 103] INFO: cur time: 2021-07-14 01:10:00, pre time: 2021-07-14 01:00:00
2021-07-14 10:20:50,573 [simulate_environment.py | 140] INFO: Start to update the input of 2021-07-14 01:10:00
2021-07-14 10:20:50,589 [simulate_environment.py | 167] INFO: Get 7 unallocated order items, 2 ongoing order items, 0 completed order items
2021-07-14 10:20:52,965 [simulate_environment.py | 253] INFO: 2021-07-14 01:10:00, Item 0013570003-1: state = 1 < 2, we can not finish the simulation
2021-07-14 10:20:52,966 [simulate_environment.py | 99] INFO: **************************************************
2021-07-14 10:20:52,967 [simulate_environment.py | 103] INFO: cur time: 2021-07-14 01:20:00, pre time: 2021-07-14 01:10:00
2021-07-14 10:20:52,967 [simulate_environment.py | 140] INFO: Start to update the input of 2021-07-14 01:20:00
2021-07-14 10:20:52,985 [simulate_environment.py | 167] INFO: Get 7 unallocated order items, 1 ongoing order items, 1 completed order items
2021-07-14 10:20:55,444 [simulate_environment.py | 253] INFO: 2021-07-14 01:20:00, Item 0013570003-1: state = 1 < 2, we can not finish the simulation
2021-07-14 10:20:55,445 [simulate_environment.py | 99] INFO: **************************************************
2021-07-14 10:20:55,446 [simulate_environment.py | 103] INFO: cur time: 2021-07-14 01:30:00, pre time: 2021-07-14 01:20:00
2021-07-14 10:20:55,447 [simulate_environment.py | 140] INFO: Start to update the input of 2021-07-14 01:30:00
2021-07-14 10:20:55,470 [simulate_environment.py | 167] INFO: Get 6 unallocated order items, 2 ongoing order items, 1 completed order items
2021-07-14 10:20:58,203 [simulate_environment.py | 253] INFO: 2021-07-14 01:30:00, Item 0033520004-1: state = 1 < 2, we can not finish the simulation
2021-07-14 10:20:58,205 [simulate_environment.py | 99] INFO: **************************************************
2021-07-14 10:20:58,206 [simulate_environment.py | 103] INFO: cur time: 2021-07-14 01:40:00, pre time: 2021-07-14 01:30:00
2021-07-14 10:20:58,207 [simulate_environment.py | 140] INFO: Start to update the input of 2021-07-14 01:40:00
2021-07-14 10:20:58,220 [simulate_environment.py | 167] INFO: Get 6 unallocated order items, 2 ongoing order items, 1 completed order items
2021-07-14 10:21:00,583 [simulate_environment.py | 253] INFO: 2021-07-14 01:40:00, Item 0033520004-1: state = 1 < 2, we can not finish the simulation
2021-07-14 10:21:00,584 [simulate_environment.py | 99] INFO: **************************************************
2021-07-14 10:21:00,585 [simulate_environment.py | 103] INFO: cur time: 2021-07-14 01:50:00, pre time: 2021-07-14 01:40:00
2021-07-14 10:21:00,585 [simulate_environment.py | 140] INFO: Start to update the input of 2021-07-14 01:50:00
2021-07-14 10:21:00,612 [simulate_environment.py | 167] INFO: Get 6 unallocated order items, 2 ongoing order items, 1 completed order items
2021-07-14 10:21:03,084 [simulate_environment.py | 253] INFO: 2021-07-14 01:50:00, Item 0033520004-1: state = 1 < 2, we can not finish the simulation
2021-07-14 10:21:03,085 [simulate_environment.py | 99] INFO: **************************************************
2021-07-14 10:21:03,086 [simulate_environment.py | 103] INFO: cur time: 2021-07-14 02:00:00, pre time: 2021-07-14 01:50:00
2021-07-14 10:21:03,087 [simulate_environment.py | 140] INFO: Start to update the input of 2021-07-14 02:00:00
2021-07-14 10:21:03,112 [simulate_environment.py | 167] INFO: Get 6 unallocated order items, 1 ongoing order items, 2 completed order items
2021-07-14 10:21:05,525 [simulate_environment.py | 253] INFO: 2021-07-14 02:00:00, Item 0033520004-1: state = 1 < 2, we can not finish the simulation
2021-07-14 10:21:05,527 [simulate_environment.py | 99] INFO: **************************************************
2021-07-14 10:21:05,528 [simulate_environment.py | 103] INFO: cur time: 2021-07-14 02:10:00, pre time: 2021-07-14 02:00:00
2021-07-14 10:21:05,528 [simulate_environment.py | 140] INFO: Start to update the input of 2021-07-14 02:10:00
2021-07-14 10:21:05,548 [simulate_environment.py | 167] INFO: Get 4 unallocated order items, 4 ongoing order items, 2 completed order items
2021-07-14 10:21:07,965 [simulate_environment.py | 253] INFO: 2021-07-14 02:10:00, Item 0038220005-1: state = 1 < 2, we can not finish the simulation
2021-07-14 10:21:07,966 [simulate_environment.py | 99] INFO: **************************************************
2021-07-14 10:21:07,966 [simulate_environment.py | 103] INFO: cur time: 2021-07-14 02:20:00, pre time: 2021-07-14 02:10:00
2021-07-14 10:21:07,967 [simulate_environment.py | 140] INFO: Start to update the input of 2021-07-14 02:20:00
2021-07-14 10:21:07,987 [simulate_environment.py | 167] INFO: Get 4 unallocated order items, 4 ongoing order items, 2 completed order items
2021-07-14 10:21:10,471 [simulate_environment.py | 253] INFO: 2021-07-14 02:20:00, Item 0038220005-1: state = 1 < 2, we can not finish the simulation
2021-07-14 10:21:10,473 [simulate_environment.py | 99] INFO: **************************************************
2021-07-14 10:21:10,474 [simulate_environment.py | 103] INFO: cur time: 2021-07-14 02:30:00, pre time: 2021-07-14 02:20:00
2021-07-14 10:21:10,475 [simulate_environment.py | 140] INFO: Start to update the input of 2021-07-14 02:30:00
2021-07-14 10:21:10,477 [simulate_environment.py | 167] INFO: Get 1 unallocated order items, 7 ongoing order items, 2 completed order items
2021-07-14 10:21:13,321 [simulate_environment.py | 253] INFO: 2021-07-14 02:30:00, Item 0209340006-1: state = 1 < 2, we can not finish the simulation
2021-07-14 10:21:13,323 [simulate_environment.py | 99] INFO: **************************************************
2021-07-14 10:21:13,324 [simulate_environment.py | 103] INFO: cur time: 2021-07-14 02:40:00, pre time: 2021-07-14 02:30:00
2021-07-14 10:21:13,325 [simulate_environment.py | 140] INFO: Start to update the input of 2021-07-14 02:40:00
2021-07-14 10:21:13,337 [simulate_environment.py | 167] INFO: Get 2 unallocated order items, 7 ongoing order items, 2 completed order items
2021-07-14 10:21:16,018 [simulate_environment.py | 253] INFO: 2021-07-14 02:40:00, Item 0209340006-1: state = 1 < 2, we can not finish the simulation
2021-07-14 10:21:16,019 [simulate_environment.py | 99] INFO: **************************************************
2021-07-14 10:21:16,019 [simulate_environment.py | 103] INFO: cur time: 2021-07-14 02:50:00, pre time: 2021-07-14 02:40:00
2021-07-14 10:21:16,020 [simulate_environment.py | 140] INFO: Start to update the input of 2021-07-14 02:50:00
2021-07-14 10:21:16,036 [simulate_environment.py | 167] INFO: Get 0 unallocated order items, 9 ongoing order items, 2 completed order items
2021-07-14 10:21:18,376 [simulate_environment.py | 253] INFO: 2021-07-14 02:50:00, Item 0517240008-1: state = 0 < 2, we can not finish the simulation
2021-07-14 10:21:18,377 [simulate_environment.py | 99] INFO: **************************************************
2021-07-14 10:21:18,378 [simulate_environment.py | 103] INFO: cur time: 2021-07-14 03:00:00, pre time: 2021-07-14 02:50:00
2021-07-14 10:21:18,378 [simulate_environment.py | 140] INFO: Start to update the input of 2021-07-14 03:00:00
2021-07-14 10:21:18,395 [simulate_environment.py | 167] INFO: Get 0 unallocated order items, 5 ongoing order items, 6 completed order items
2021-07-14 10:21:21,045 [simulate_environment.py | 253] INFO: 2021-07-14 03:00:00, Item 0517240008-1: state = 0 < 2, we can not finish the simulation
2021-07-14 10:21:21,046 [simulate_environment.py | 99] INFO: **************************************************
2021-07-14 10:21:21,046 [simulate_environment.py | 103] INFO: cur time: 2021-07-14 03:10:00, pre time: 2021-07-14 03:00:00
2021-07-14 10:21:21,047 [simulate_environment.py | 140] INFO: Start to update the input of 2021-07-14 03:10:00
2021-07-14 10:21:21,059 [simulate_environment.py | 167] INFO: Get 0 unallocated order items, 5 ongoing order items, 6 completed order items
2021-07-14 10:21:23,876 [simulate_environment.py | 253] INFO: 2021-07-14 03:10:00, Item 0517240008-1: state = 0 < 2, we can not finish the simulation
2021-07-14 10:21:23,878 [simulate_environment.py | 99] INFO: **************************************************
2021-07-14 10:21:23,878 [simulate_environment.py | 103] INFO: cur time: 2021-07-14 03:20:00, pre time: 2021-07-14 03:10:00
2021-07-14 10:21:23,879 [simulate_environment.py | 140] INFO: Start to update the input of 2021-07-14 03:20:00
2021-07-14 10:21:23,889 [simulate_environment.py | 167] INFO: Get 0 unallocated order items, 5 ongoing order items, 6 completed order items
2021-07-14 10:21:26,638 [simulate_environment.py | 253] INFO: 2021-07-14 03:20:00, Item 0517240008-1: state = 0 < 2, we can not finish the simulation
2021-07-14 10:21:26,639 [simulate_environment.py | 99] INFO: **************************************************
2021-07-14 10:21:26,640 [simulate_environment.py | 103] INFO: cur time: 2021-07-14 03:30:00, pre time: 2021-07-14 03:20:00
2021-07-14 10:21:26,641 [simulate_environment.py | 140] INFO: Start to update the input of 2021-07-14 03:30:00
2021-07-14 10:21:26,659 [simulate_environment.py | 167] INFO: Get 0 unallocated order items, 2 ongoing order items, 9 completed order items
2021-07-14 10:21:29,433 [simulate_environment.py | 253] INFO: 2021-07-14 03:30:00, Item 0517240008-1: state = 0 < 2, we can not finish the simulation
2021-07-14 10:21:29,434 [simulate_environment.py | 99] INFO: **************************************************
2021-07-14 10:21:29,434 [simulate_environment.py | 103] INFO: cur time: 2021-07-14 03:40:00, pre time: 2021-07-14 03:30:00
2021-07-14 10:21:29,435 [simulate_environment.py | 140] INFO: Start to update the input of 2021-07-14 03:40:00
2021-07-14 10:21:29,457 [simulate_environment.py | 167] INFO: Get 0 unallocated order items, 0 ongoing order items, 11 completed order items
2021-07-14 10:21:31,882 [simulate_environment.py | 253] INFO: 2021-07-14 03:40:00, Item 0517240008-1: state = 0 < 2, we can not finish the simulation
2021-07-14 10:21:31,883 [simulate_environment.py | 99] INFO: **************************************************
2021-07-14 10:21:31,884 [simulate_environment.py | 103] INFO: cur time: 2021-07-14 03:50:00, pre time: 2021-07-14 03:40:00
2021-07-14 10:21:31,885 [simulate_environment.py | 140] INFO: Start to update the input of 2021-07-14 03:50:00
2021-07-14 10:21:31,908 [simulate_environment.py | 167] INFO: Get 0 unallocated order items, 0 ongoing order items, 11 completed order items
2021-07-14 10:21:34,910 [simulate_environment.py | 253] INFO: 2021-07-14 03:50:00, Item 0517240008-1: state = 0 < 2, we can not finish the simulation
2021-07-14 10:21:34,910 [simulate_environment.py | 99] INFO: **************************************************
2021-07-14 10:21:34,911 [simulate_environment.py | 103] INFO: cur time: 2021-07-14 04:00:00, pre time: 2021-07-14 03:50:00
2021-07-14 10:21:34,911 [simulate_environment.py | 140] INFO: Start to update the input of 2021-07-14 04:00:00
2021-07-14 10:21:34,924 [simulate_environment.py | 167] INFO: Get 0 unallocated order items, 0 ongoing order items, 11 completed order items
2021-07-14 10:21:37,489 [simulate_environment.py | 253] INFO: 2021-07-14 04:00:00, Item 0517240008-1: state = 0 < 2, we can not finish the simulation
2021-07-14 10:21:37,490 [simulate_environment.py | 99] INFO: **************************************************
2021-07-14 10:21:37,491 [simulate_environment.py | 103] INFO: cur time: 2021-07-14 04:10:00, pre time: 2021-07-14 04:00:00
2021-07-14 10:21:37,492 [simulate_environment.py | 140] INFO: Start to update the input of 2021-07-14 04:10:00
2021-07-14 10:21:37,518 [simulate_environment.py | 167] INFO: Get 0 unallocated order items, 0 ongoing order items, 11 completed order items
2021-07-14 10:21:40,107 [simulate_environment.py | 253] INFO: 2021-07-14 04:10:00, Item 0517240008-1: state = 0 < 2, we can not finish the simulation
2021-07-14 10:21:40,108 [simulate_environment.py | 99] INFO: **************************************************
2021-07-14 10:21:40,109 [simulate_environment.py | 103] INFO: cur time: 2021-07-14 04:20:00, pre time: 2021-07-14 04:10:00
2021-07-14 10:21:40,110 [simulate_environment.py | 140] INFO: Start to update the input of 2021-07-14 04:20:00
2021-07-14 10:21:40,127 [simulate_environment.py | 167] INFO: Get 0 unallocated order items, 0 ongoing order items, 11 completed order items
2021-07-14 10:21:43,167 [simulate_environment.py | 253] INFO: 2021-07-14 04:20:00, Item 0517240008-1: state = 0 < 2, we can not finish the simulation
2021-07-14 10:21:43,168 [simulate_environment.py | 99] INFO: **************************************************
2021-07-14 10:21:43,169 [simulate_environment.py | 103] INFO: cur time: 2021-07-14 04:30:00, pre time: 2021-07-14 04:20:00
2021-07-14 10:21:43,170 [simulate_environment.py | 140] INFO: Start to update the input of 2021-07-14 04:30:00
2021-07-14 10:21:43,172 [simulate_environment.py | 167] INFO: Get 0 unallocated order items, 0 ongoing order items, 11 completed order items
2021-07-14 10:21:44,701 [simulate_environment.py | 245] ERROR: 
2021-07-14 10:21:44,702 [simulate_environment.py | 246] ERROR: Can not catch the 'SUCCESS' from the algorithm. 未寻获算法输出成功标识'SUCCESS'。
