2021-07-15 12:10:13,547 [<ipython-input-2-6c912aa295a1> | 49] INFO: Start to run instance_64
2021-07-15 12:10:13,548 [simulate_api.py | 60] INFO: Start time of the simulator: 2021-07-15 00:00:00, time interval:  600.00
2021-07-15 12:10:13,562 [input_utils.py  | 48] INFO: Get 154 factories
2021-07-15 12:10:15,497 [input_utils.py  | 52] INFO: Get 23562 routes
2021-07-15 12:10:15,543 [input_utils.py  | 57] INFO: Get 100 vehicles
2021-07-15 12:10:16,241 [input_utils.py  | 61] INFO: Get 4000 orders
2021-07-15 12:10:16,243 [simulate_api.py | 87] INFO: Initial position of V_1 is e2d5093fbe36431f8986ddb0e1c586be
2021-07-15 12:10:16,246 [simulate_api.py | 87] INFO: Initial position of V_2 is 7fe14b93f0f04ee7a994ef5b2c1fdb72
2021-07-15 12:10:16,246 [simulate_api.py | 87] INFO: Initial position of V_3 is fa366fc87a124d32926daa5bb093129f
2021-07-15 12:10:16,247 [simulate_api.py | 87] INFO: Initial position of V_4 is e47399648fa842b2b8f80094343d8091
2021-07-15 12:10:16,249 [simulate_api.py | 87] INFO: Initial position of V_5 is becb4f85393540b287e7329758b8d832
2021-07-15 12:10:16,250 [simulate_api.py | 87] INFO: Initial position of V_6 is 7fb0acc4e2634440ba26a7ebc0040dc2
2021-07-15 12:10:16,251 [simulate_api.py | 87] INFO: Initial position of V_7 is 6380b13f12984a08a4994fb4c126215b
2021-07-15 12:10:16,253 [simulate_api.py | 87] INFO: Initial position of V_8 is 449b516ba21b4270ac1ea1b13a89514c
2021-07-15 12:10:16,254 [simulate_api.py | 87] INFO: Initial position of V_9 is c174cfe9fcbf4f1b82095941a49f7bd9
2021-07-15 12:10:16,255 [simulate_api.py | 87] INFO: Initial position of V_10 is c0979c05f2c44e6fa7c5e42ae9aa977e
2021-07-15 12:10:16,256 [simulate_api.py | 87] INFO: Initial position of V_11 is 4a85fbdd319140dd83f55766289d365f
2021-07-15 12:10:16,257 [simulate_api.py | 87] INFO: Initial position of V_12 is 61a68b6b728b4413ba6a0f695091579c
2021-07-15 12:10:16,257 [simulate_api.py | 87] INFO: Initial position of V_13 is 76d691d6054f42d48f27e16806928020
2021-07-15 12:10:16,258 [simulate_api.py | 87] INFO: Initial position of V_14 is 433544a316b84100a11a703f1b99494a
2021-07-15 12:10:16,259 [simulate_api.py | 87] INFO: Initial position of V_15 is 680ee12255ad415ab7838647f138778e
2021-07-15 12:10:16,259 [simulate_api.py | 87] INFO: Initial position of V_16 is 433544a316b84100a11a703f1b99494a
2021-07-15 12:10:16,260 [simulate_api.py | 87] INFO: Initial position of V_17 is 8479328003a8427ca68b7600f0ac7045
2021-07-15 12:10:16,261 [simulate_api.py | 87] INFO: Initial position of V_18 is 9b8851cf57f944c6b168ec887558ffaa
2021-07-15 12:10:16,261 [simulate_api.py | 87] INFO: Initial position of V_19 is 433901c139d54522a8f3790b07a335e5
2021-07-15 12:10:16,263 [simulate_api.py | 87] INFO: Initial position of V_20 is a6d6e6a52a0044e99991fc8fb0248027
2021-07-15 12:10:16,264 [simulate_api.py | 87] INFO: Initial position of V_21 is d1f8de642d734931be957336196d996d
2021-07-15 12:10:16,264 [simulate_api.py | 87] INFO: Initial position of V_22 is 773b0458659248f1938a61ddaeef55ef
2021-07-15 12:10:16,265 [simulate_api.py | 87] INFO: Initial position of V_23 is 6e4801bd12654045a5f3d63e2951594c
2021-07-15 12:10:16,266 [simulate_api.py | 87] INFO: Initial position of V_24 is e15ed46435514dda8bd6a420ab3e5d0b
2021-07-15 12:10:16,267 [simulate_api.py | 87] INFO: Initial position of V_25 is a678f7137f7e4debbc6bc4679cd2c1b4
2021-07-15 12:10:16,267 [simulate_api.py | 87] INFO: Initial position of V_26 is 32ab2049f3fb437881ff3912470d7840
2021-07-15 12:10:16,268 [simulate_api.py | 87] INFO: Initial position of V_27 is 773b0458659248f1938a61ddaeef55ef
2021-07-15 12:10:16,268 [simulate_api.py | 87] INFO: Initial position of V_28 is a6fefc4ac6f541cbbc7af963c13350f6
2021-07-15 12:10:16,269 [simulate_api.py | 87] INFO: Initial position of V_29 is aa61dc034d9240e9950b027ba204f5f0
2021-07-15 12:10:16,270 [simulate_api.py | 87] INFO: Initial position of V_30 is ef3171964da04ea7ac2e547f2441eff0
2021-07-15 12:10:16,270 [simulate_api.py | 87] INFO: Initial position of V_31 is 4780dc7fb51f4f5da3dea9e56c125fe6
2021-07-15 12:10:16,271 [simulate_api.py | 87] INFO: Initial position of V_32 is ffaae12a3c054da585696a96e880cf64
2021-07-15 12:10:16,271 [simulate_api.py | 87] INFO: Initial position of V_33 is c174cfe9fcbf4f1b82095941a49f7bd9
2021-07-15 12:10:16,272 [simulate_api.py | 87] INFO: Initial position of V_34 is f7ee272fbbba4f918bcd4f36ea053908
2021-07-15 12:10:16,272 [simulate_api.py | 87] INFO: Initial position of V_35 is af35b43e04df49b9b469a0018730faeb
2021-07-15 12:10:16,273 [simulate_api.py | 87] INFO: Initial position of V_36 is e47399648fa842b2b8f80094343d8091
2021-07-15 12:10:16,273 [simulate_api.py | 87] INFO: Initial position of V_37 is 00e5630fbb3c4ff4b753ac1e1c15d561
2021-07-15 12:10:16,274 [simulate_api.py | 87] INFO: Initial position of V_38 is 24b6bf044ee8473db7030d008fb422b5
2021-07-15 12:10:16,274 [simulate_api.py | 87] INFO: Initial position of V_39 is f5118fa189b742a897beec2f77de9b27
2021-07-15 12:10:16,275 [simulate_api.py | 87] INFO: Initial position of V_40 is 797fe83c0ac14a3c8724aa4d9ce0049a
2021-07-15 12:10:16,275 [simulate_api.py | 87] INFO: Initial position of V_41 is ce433928b8724d77bbe97ccb1e3312a5
2021-07-15 12:10:16,276 [simulate_api.py | 87] INFO: Initial position of V_42 is 9829a9e1f6874f28b33b57a7a42bb49f
2021-07-15 12:10:16,277 [simulate_api.py | 87] INFO: Initial position of V_43 is 1821ddf96fe14083ba213868cd82b840
2021-07-15 12:10:16,277 [simulate_api.py | 87] INFO: Initial position of V_44 is e2327ef4f46a40908e2b8ad97e855333
2021-07-15 12:10:16,278 [simulate_api.py | 87] INFO: Initial position of V_45 is 9f1a09c368584eba9e7f10a53d55caae
2021-07-15 12:10:16,278 [simulate_api.py | 87] INFO: Initial position of V_46 is 206128e3ee9a458d9cfd053cedc0fad6
2021-07-15 12:10:16,279 [simulate_api.py | 87] INFO: Initial position of V_47 is 0c589202a6584664939d46842080d019
2021-07-15 12:10:16,279 [simulate_api.py | 87] INFO: Initial position of V_48 is 081dc54492414061ae6c6e47bf7b8db5
2021-07-15 12:10:16,280 [simulate_api.py | 87] INFO: Initial position of V_49 is 5ec55e3f537d448d95144cec1cc37f54
2021-07-15 12:10:16,280 [simulate_api.py | 87] INFO: Initial position of V_50 is 5920212e6b0b46b198b9677bfe74f35d
2021-07-15 12:10:16,281 [simulate_api.py | 87] INFO: Initial position of V_51 is bdb72ae965bb4229a3b93402b5cd3d78
2021-07-15 12:10:16,281 [simulate_api.py | 87] INFO: Initial position of V_52 is 6fbe6d91a5f04b359e02bde29d349128
2021-07-15 12:10:16,282 [simulate_api.py | 87] INFO: Initial position of V_53 is 13b35cedb9274b359a8a666d67ef5538
2021-07-15 12:10:16,282 [simulate_api.py | 87] INFO: Initial position of V_54 is 1e93ab7137b643aab3f9b31fdb1c35a8
2021-07-15 12:10:16,283 [simulate_api.py | 87] INFO: Initial position of V_55 is 797fe83c0ac14a3c8724aa4d9ce0049a
2021-07-15 12:10:16,284 [simulate_api.py | 87] INFO: Initial position of V_56 is 7b84670cf4164cccba22ebb17a2c290a
2021-07-15 12:10:16,285 [simulate_api.py | 87] INFO: Initial position of V_57 is c56a0078468d4f1498be9e79f6bbd4c0
2021-07-15 12:10:16,286 [simulate_api.py | 87] INFO: Initial position of V_58 is becb4f85393540b287e7329758b8d832
2021-07-15 12:10:16,287 [simulate_api.py | 87] INFO: Initial position of V_59 is b854aac6ac2345789fbb3d155321216a
2021-07-15 12:10:16,288 [simulate_api.py | 87] INFO: Initial position of V_60 is 80cc1546ba7645e3964fd017e4af3299
2021-07-15 12:10:16,289 [simulate_api.py | 87] INFO: Initial position of V_61 is 449b516ba21b4270ac1ea1b13a89514c
2021-07-15 12:10:16,289 [simulate_api.py | 87] INFO: Initial position of V_62 is ffaae12a3c054da585696a96e880cf64
2021-07-15 12:10:16,290 [simulate_api.py | 87] INFO: Initial position of V_63 is e723c30f335b4391ad73fbccdfb67d1e
2021-07-15 12:10:16,291 [simulate_api.py | 87] INFO: Initial position of V_64 is e5dc8bf4da6a4112b4dfca025d6a8948
2021-07-15 12:10:16,292 [simulate_api.py | 87] INFO: Initial position of V_65 is 24b6bf044ee8473db7030d008fb422b5
2021-07-15 12:10:16,292 [simulate_api.py | 87] INFO: Initial position of V_66 is e2327ef4f46a40908e2b8ad97e855333
2021-07-15 12:10:16,293 [simulate_api.py | 87] INFO: Initial position of V_67 is 6ba3750e4eda425fae9db0cd825c39cd
2021-07-15 12:10:16,294 [simulate_api.py | 87] INFO: Initial position of V_68 is 4780dc7fb51f4f5da3dea9e56c125fe6
2021-07-15 12:10:16,294 [simulate_api.py | 87] INFO: Initial position of V_69 is 24b6bf044ee8473db7030d008fb422b5
2021-07-15 12:10:16,295 [simulate_api.py | 87] INFO: Initial position of V_70 is 9b40bfd6ca1c432498685540652a5a8b
2021-07-15 12:10:16,295 [simulate_api.py | 87] INFO: Initial position of V_71 is 707d2dad46ab496e97305cc2e3ae8cf2
2021-07-15 12:10:16,296 [simulate_api.py | 87] INFO: Initial position of V_72 is f7ee272fbbba4f918bcd4f36ea053908
2021-07-15 12:10:16,297 [simulate_api.py | 87] INFO: Initial position of V_73 is 797fe83c0ac14a3c8724aa4d9ce0049a
2021-07-15 12:10:16,298 [simulate_api.py | 87] INFO: Initial position of V_74 is 2445d4bd004c457d95957d6ecf77f759
2021-07-15 12:10:16,299 [simulate_api.py | 87] INFO: Initial position of V_75 is e2d5093fbe36431f8986ddb0e1c586be
2021-07-15 12:10:16,299 [simulate_api.py | 87] INFO: Initial position of V_76 is c56a0078468d4f1498be9e79f6bbd4c0
2021-07-15 12:10:16,300 [simulate_api.py | 87] INFO: Initial position of V_77 is 434ba7a94f63491a8cc6d6b913f54218
2021-07-15 12:10:16,301 [simulate_api.py | 87] INFO: Initial position of V_78 is bdb72ae965bb4229a3b93402b5cd3d78
2021-07-15 12:10:16,302 [simulate_api.py | 87] INFO: Initial position of V_79 is e723c30f335b4391ad73fbccdfb67d1e
2021-07-15 12:10:16,303 [simulate_api.py | 87] INFO: Initial position of V_80 is 6ac617af0ea04e9bbbc3b206d86d73a6
2021-07-15 12:10:16,304 [simulate_api.py | 87] INFO: Initial position of V_81 is 081dc54492414061ae6c6e47bf7b8db5
2021-07-15 12:10:16,305 [simulate_api.py | 87] INFO: Initial position of V_82 is 6ac617af0ea04e9bbbc3b206d86d73a6
2021-07-15 12:10:16,305 [simulate_api.py | 87] INFO: Initial position of V_83 is 9316c24ab8b9471fa75f9da67d0b7db2
2021-07-15 12:10:16,306 [simulate_api.py | 87] INFO: Initial position of V_84 is e47399648fa842b2b8f80094343d8091
2021-07-15 12:10:16,307 [simulate_api.py | 87] INFO: Initial position of V_85 is 1394dce6e0b24fc8ad3d0a807e490829
2021-07-15 12:10:16,307 [simulate_api.py | 87] INFO: Initial position of V_86 is ee187c7680604a9fa1f3d3837610c11a
2021-07-15 12:10:16,308 [simulate_api.py | 87] INFO: Initial position of V_87 is f5264a9b32c94706a8bc981ab961952a
2021-07-15 12:10:16,309 [simulate_api.py | 87] INFO: Initial position of V_88 is f7d977891ba84a7491024709803f38cc
2021-07-15 12:10:16,309 [simulate_api.py | 87] INFO: Initial position of V_89 is be79e1dcfff84bca9677a61c7fd5b5a6
2021-07-15 12:10:16,310 [simulate_api.py | 87] INFO: Initial position of V_90 is 77ec676ff9e348298044721c0fc2b690
2021-07-15 12:10:16,310 [simulate_api.py | 87] INFO: Initial position of V_91 is 7b84670cf4164cccba22ebb17a2c290a
2021-07-15 12:10:16,311 [simulate_api.py | 87] INFO: Initial position of V_92 is 6ba3750e4eda425fae9db0cd825c39cd
2021-07-15 12:10:16,312 [simulate_api.py | 87] INFO: Initial position of V_93 is fa91b55160e245edb77a213135cccd27
2021-07-15 12:10:16,312 [simulate_api.py | 87] INFO: Initial position of V_94 is b6dd694ae05541dba369a2a759d2c2b9
2021-07-15 12:10:16,313 [simulate_api.py | 87] INFO: Initial position of V_95 is 66b7f2fbd6a042c1bbd1b567d68daa56
2021-07-15 12:10:16,313 [simulate_api.py | 87] INFO: Initial position of V_96 is af35b43e04df49b9b469a0018730faeb
2021-07-15 12:10:16,314 [simulate_api.py | 87] INFO: Initial position of V_97 is 856895eda4fa41159b4aed0b71355cae
2021-07-15 12:10:16,314 [simulate_api.py | 87] INFO: Initial position of V_98 is 61a68b6b728b4413ba6a0f695091579c
2021-07-15 12:10:16,315 [simulate_api.py | 87] INFO: Initial position of V_99 is 9b40bfd6ca1c432498685540652a5a8b
2021-07-15 12:10:16,316 [simulate_api.py | 87] INFO: Initial position of V_100 is 7fe14b93f0f04ee7a994ef5b2c1fdb72
2021-07-15 12:10:16,327 [simulate_environment.py | 99] INFO: **************************************************
2021-07-15 12:10:16,328 [simulate_environment.py | 103] INFO: cur time: 2021-07-15 00:10:00, pre time: 2021-07-15 00:00:00
2021-07-15 12:10:16,329 [simulate_environment.py | 140] INFO: Start to update the input of 2021-07-15 00:10:00
2021-07-15 12:10:16,335 [simulate_environment.py | 167] INFO: Get 108 unallocated order items, 0 ongoing order items, 0 completed order items
2021-07-15 12:10:21,378 [simulate_environment.py | 253] INFO: 2021-07-15 00:10:00, Item 0000030001-1: state = 1 < 2, we can not finish the simulation
2021-07-15 12:10:21,381 [simulate_environment.py | 99] INFO: **************************************************
2021-07-15 12:10:21,382 [simulate_environment.py | 103] INFO: cur time: 2021-07-15 00:20:00, pre time: 2021-07-15 00:10:00
2021-07-15 12:10:21,383 [simulate_environment.py | 140] INFO: Start to update the input of 2021-07-15 00:20:00
2021-07-15 12:10:21,403 [simulate_environment.py | 167] INFO: Get 96 unallocated order items, 97 ongoing order items, 0 completed order items
2021-07-15 12:10:25,973 [simulate_environment.py | 253] INFO: 2021-07-15 00:20:00, Item 0001280007-1: state = 1 < 2, we can not finish the simulation
2021-07-15 12:10:25,977 [simulate_environment.py | 99] INFO: **************************************************
2021-07-15 12:10:25,978 [simulate_environment.py | 103] INFO: cur time: 2021-07-15 00:30:00, pre time: 2021-07-15 00:20:00
2021-07-15 12:10:25,978 [simulate_environment.py | 140] INFO: Start to update the input of 2021-07-15 00:30:00
2021-07-15 12:10:25,999 [simulate_environment.py | 167] INFO: Get 156 unallocated order items, 128 ongoing order items, 0 completed order items
2021-07-15 12:10:32,360 [simulate_environment.py | 253] INFO: 2021-07-15 00:30:00, Item 0001280007-1: state = 1 < 2, we can not finish the simulation
2021-07-15 12:10:32,365 [simulate_environment.py | 99] INFO: **************************************************
2021-07-15 12:10:32,366 [simulate_environment.py | 103] INFO: cur time: 2021-07-15 00:40:00, pre time: 2021-07-15 00:30:00
2021-07-15 12:10:32,366 [simulate_environment.py | 140] INFO: Start to update the input of 2021-07-15 00:40:00
2021-07-15 12:10:32,389 [simulate_environment.py | 167] INFO: Get 245 unallocated order items, 144 ongoing order items, 0 completed order items
2021-07-15 12:10:38,495 [simulate_environment.py | 253] INFO: 2021-07-15 00:40:00, Item 0001280007-1: state = 1 < 2, we can not finish the simulation
2021-07-15 12:10:38,505 [simulate_environment.py | 99] INFO: **************************************************
2021-07-15 12:10:38,505 [simulate_environment.py | 103] INFO: cur time: 2021-07-15 00:50:00, pre time: 2021-07-15 00:40:00
2021-07-15 12:10:38,506 [simulate_environment.py | 140] INFO: Start to update the input of 2021-07-15 00:50:00
2021-07-15 12:10:38,530 [simulate_environment.py | 167] INFO: Get 261 unallocated order items, 184 ongoing order items, 16 completed order items
2021-07-15 12:10:42,576 [simulate_environment.py | 253] INFO: 2021-07-15 00:50:00, Item 0001280007-1: state = 1 < 2, we can not finish the simulation
2021-07-15 12:10:42,584 [simulate_environment.py | 99] INFO: **************************************************
2021-07-15 12:10:42,584 [simulate_environment.py | 103] INFO: cur time: 2021-07-15 01:00:00, pre time: 2021-07-15 00:50:00
2021-07-15 12:10:42,585 [simulate_environment.py | 140] INFO: Start to update the input of 2021-07-15 01:00:00
2021-07-15 12:10:42,611 [simulate_environment.py | 167] INFO: Get 230 unallocated order items, 245 ongoing order items, 42 completed order items
2021-07-15 12:10:47,668 [simulate_environment.py | 253] INFO: 2021-07-15 01:00:00, Item 0003130013-1: state = 1 < 2, we can not finish the simulation
2021-07-15 12:10:47,677 [simulate_environment.py | 99] INFO: **************************************************
2021-07-15 12:10:47,677 [simulate_environment.py | 103] INFO: cur time: 2021-07-15 01:10:00, pre time: 2021-07-15 01:00:00
2021-07-15 12:10:47,678 [simulate_environment.py | 140] INFO: Start to update the input of 2021-07-15 01:10:00
2021-07-15 12:10:47,704 [simulate_environment.py | 167] INFO: Get 232 unallocated order items, 281 ongoing order items, 46 completed order items
2021-07-15 12:10:51,938 [simulate_environment.py | 253] INFO: 2021-07-15 01:10:00, Item 0003130013-1: state = 1 < 2, we can not finish the simulation
2021-07-15 12:10:51,949 [simulate_environment.py | 99] INFO: **************************************************
2021-07-15 12:10:51,950 [simulate_environment.py | 103] INFO: cur time: 2021-07-15 01:20:00, pre time: 2021-07-15 01:10:00
2021-07-15 12:10:51,950 [simulate_environment.py | 140] INFO: Start to update the input of 2021-07-15 01:20:00
2021-07-15 12:10:51,987 [simulate_environment.py | 167] INFO: Get 199 unallocated order items, 298 ongoing order items, 62 completed order items
2021-07-15 12:10:55,687 [simulate_environment.py | 253] INFO: 2021-07-15 01:20:00, Item 0003130013-1: state = 1 < 2, we can not finish the simulation
2021-07-15 12:10:55,696 [simulate_environment.py | 99] INFO: **************************************************
2021-07-15 12:10:55,697 [simulate_environment.py | 103] INFO: cur time: 2021-07-15 01:30:00, pre time: 2021-07-15 01:20:00
2021-07-15 12:10:55,698 [simulate_environment.py | 140] INFO: Start to update the input of 2021-07-15 01:30:00
2021-07-15 12:10:55,714 [simulate_environment.py | 167] INFO: Get 179 unallocated order items, 283 ongoing order items, 97 completed order items
2021-07-15 12:10:58,678 [simulate_environment.py | 253] INFO: 2021-07-15 01:30:00, Item 0003130013-1: state = 1 < 2, we can not finish the simulation
2021-07-15 12:10:58,689 [simulate_environment.py | 99] INFO: **************************************************
2021-07-15 12:10:58,690 [simulate_environment.py | 103] INFO: cur time: 2021-07-15 01:40:00, pre time: 2021-07-15 01:30:00
2021-07-15 12:10:58,691 [simulate_environment.py | 140] INFO: Start to update the input of 2021-07-15 01:40:00
2021-07-15 12:10:58,720 [simulate_environment.py | 167] INFO: Get 119 unallocated order items, 321 ongoing order items, 119 completed order items
2021-07-15 12:11:01,848 [simulate_environment.py | 253] INFO: 2021-07-15 01:40:00, Item 0003130013-1: state = 1 < 2, we can not finish the simulation
2021-07-15 12:11:01,856 [simulate_environment.py | 99] INFO: **************************************************
2021-07-15 12:11:01,857 [simulate_environment.py | 103] INFO: cur time: 2021-07-15 01:50:00, pre time: 2021-07-15 01:40:00
2021-07-15 12:11:01,858 [simulate_environment.py | 140] INFO: Start to update the input of 2021-07-15 01:50:00
2021-07-15 12:11:01,880 [simulate_environment.py | 167] INFO: Get 103 unallocated order items, 299 ongoing order items, 160 completed order items
2021-07-15 12:11:04,833 [simulate_environment.py | 253] INFO: 2021-07-15 01:50:00, Item 0012180045-18: state = 1 < 2, we can not finish the simulation
2021-07-15 12:11:04,842 [simulate_environment.py | 99] INFO: **************************************************
2021-07-15 12:11:04,843 [simulate_environment.py | 103] INFO: cur time: 2021-07-15 02:00:00, pre time: 2021-07-15 01:50:00
2021-07-15 12:11:04,844 [simulate_environment.py | 140] INFO: Start to update the input of 2021-07-15 02:00:00
2021-07-15 12:11:04,874 [simulate_environment.py | 167] INFO: Get 74 unallocated order items, 304 ongoing order items, 186 completed order items
2021-07-15 12:11:07,732 [simulate_environment.py | 253] INFO: 2021-07-15 02:00:00, Item 0012180045-18: state = 1 < 2, we can not finish the simulation
2021-07-15 12:11:07,743 [simulate_environment.py | 99] INFO: **************************************************
2021-07-15 12:11:07,744 [simulate_environment.py | 103] INFO: cur time: 2021-07-15 02:10:00, pre time: 2021-07-15 02:00:00
2021-07-15 12:11:07,744 [simulate_environment.py | 140] INFO: Start to update the input of 2021-07-15 02:10:00
2021-07-15 12:11:07,765 [simulate_environment.py | 167] INFO: Get 73 unallocated order items, 277 ongoing order items, 222 completed order items
2021-07-15 12:11:10,850 [simulate_environment.py | 253] INFO: 2021-07-15 02:10:00, Item 0012180045-18: state = 1 < 2, we can not finish the simulation
2021-07-15 12:11:10,861 [simulate_environment.py | 99] INFO: **************************************************
2021-07-15 12:11:10,862 [simulate_environment.py | 103] INFO: cur time: 2021-07-15 02:20:00, pre time: 2021-07-15 02:10:00
2021-07-15 12:11:10,862 [simulate_environment.py | 140] INFO: Start to update the input of 2021-07-15 02:20:00
2021-07-15 12:11:10,882 [simulate_environment.py | 167] INFO: Get 95 unallocated order items, 261 ongoing order items, 243 completed order items
2021-07-15 12:11:15,383 [simulate_environment.py | 253] INFO: 2021-07-15 02:20:00, Item 0012180045-18: state = 1 < 2, we can not finish the simulation
2021-07-15 12:11:15,390 [simulate_environment.py | 99] INFO: **************************************************
2021-07-15 12:11:15,391 [simulate_environment.py | 103] INFO: cur time: 2021-07-15 02:30:00, pre time: 2021-07-15 02:20:00
2021-07-15 12:11:15,392 [simulate_environment.py | 140] INFO: Start to update the input of 2021-07-15 02:30:00
2021-07-15 12:11:15,423 [simulate_environment.py | 167] INFO: Get 116 unallocated order items, 256 ongoing order items, 266 completed order items
2021-07-15 12:11:19,282 [simulate_environment.py | 253] INFO: 2021-07-15 02:30:00, Item 0033240131-1: state = 1 < 2, we can not finish the simulation
2021-07-15 12:11:19,291 [simulate_environment.py | 99] INFO: **************************************************
2021-07-15 12:11:19,293 [simulate_environment.py | 103] INFO: cur time: 2021-07-15 02:40:00, pre time: 2021-07-15 02:30:00
2021-07-15 12:11:19,294 [simulate_environment.py | 140] INFO: Start to update the input of 2021-07-15 02:40:00
2021-07-15 12:11:19,334 [simulate_environment.py | 167] INFO: Get 146 unallocated order items, 249 ongoing order items, 278 completed order items
2021-07-15 12:11:23,133 [simulate_environment.py | 253] INFO: 2021-07-15 02:40:00, Item 0033240131-1: state = 1 < 2, we can not finish the simulation
2021-07-15 12:11:23,143 [simulate_environment.py | 99] INFO: **************************************************
2021-07-15 12:11:23,143 [simulate_environment.py | 103] INFO: cur time: 2021-07-15 02:50:00, pre time: 2021-07-15 02:40:00
2021-07-15 12:11:23,144 [simulate_environment.py | 140] INFO: Start to update the input of 2021-07-15 02:50:00
2021-07-15 12:11:23,175 [simulate_environment.py | 167] INFO: Get 161 unallocated order items, 246 ongoing order items, 297 completed order items
2021-07-15 12:11:26,726 [simulate_environment.py | 253] INFO: 2021-07-15 02:50:00, Item 0033560135-1: state = 1 < 2, we can not finish the simulation
2021-07-15 12:11:26,734 [simulate_environment.py | 99] INFO: **************************************************
2021-07-15 12:11:26,735 [simulate_environment.py | 103] INFO: cur time: 2021-07-15 03:00:00, pre time: 2021-07-15 02:50:00
2021-07-15 12:11:26,736 [simulate_environment.py | 140] INFO: Start to update the input of 2021-07-15 03:00:00
2021-07-15 12:11:26,764 [simulate_environment.py | 167] INFO: Get 178 unallocated order items, 233 ongoing order items, 333 completed order items
2021-07-15 12:11:30,419 [simulate_environment.py | 253] INFO: 2021-07-15 03:00:00, Item 0033560135-1: state = 1 < 2, we can not finish the simulation
2021-07-15 12:11:30,427 [simulate_environment.py | 99] INFO: **************************************************
2021-07-15 12:11:30,428 [simulate_environment.py | 103] INFO: cur time: 2021-07-15 03:10:00, pre time: 2021-07-15 03:00:00
2021-07-15 12:11:30,428 [simulate_environment.py | 140] INFO: Start to update the input of 2021-07-15 03:10:00
2021-07-15 12:11:30,455 [simulate_environment.py | 167] INFO: Get 224 unallocated order items, 245 ongoing order items, 336 completed order items
2021-07-15 12:11:36,452 [simulate_environment.py | 253] INFO: 2021-07-15 03:10:00, Item 0033560135-1: state = 1 < 2, we can not finish the simulation
2021-07-15 12:11:36,462 [simulate_environment.py | 99] INFO: **************************************************
2021-07-15 12:11:36,463 [simulate_environment.py | 103] INFO: cur time: 2021-07-15 03:20:00, pre time: 2021-07-15 03:10:00
2021-07-15 12:11:36,463 [simulate_environment.py | 140] INFO: Start to update the input of 2021-07-15 03:20:00
2021-07-15 12:11:36,476 [simulate_environment.py | 167] INFO: Get 220 unallocated order items, 279 ongoing order items, 365 completed order items
2021-07-15 12:11:42,014 [simulate_environment.py | 253] INFO: 2021-07-15 03:20:00, Item 0033560135-1: state = 1 < 2, we can not finish the simulation
2021-07-15 12:11:42,025 [simulate_environment.py | 99] INFO: **************************************************
2021-07-15 12:11:42,026 [simulate_environment.py | 103] INFO: cur time: 2021-07-15 03:30:00, pre time: 2021-07-15 03:20:00
2021-07-15 12:11:42,027 [simulate_environment.py | 140] INFO: Start to update the input of 2021-07-15 03:30:00
2021-07-15 12:11:42,040 [simulate_environment.py | 167] INFO: Get 231 unallocated order items, 284 ongoing order items, 395 completed order items
2021-07-15 12:11:55,569 [simulate_environment.py | 253] INFO: 2021-07-15 03:30:00, Item 0033560135-1: state = 1 < 2, we can not finish the simulation
2021-07-15 12:11:55,582 [simulate_environment.py | 99] INFO: **************************************************
2021-07-15 12:11:55,583 [simulate_environment.py | 103] INFO: cur time: 2021-07-15 03:40:00, pre time: 2021-07-15 03:30:00
2021-07-15 12:11:55,583 [simulate_environment.py | 140] INFO: Start to update the input of 2021-07-15 03:40:00
2021-07-15 12:11:55,604 [simulate_environment.py | 167] INFO: Get 307 unallocated order items, 331 ongoing order items, 400 completed order items
2021-07-15 12:12:09,658 [simulate_environment.py | 253] INFO: 2021-07-15 03:40:00, Item 0033560135-1: state = 1 < 2, we can not finish the simulation
2021-07-15 12:12:09,671 [simulate_environment.py | 99] INFO: **************************************************
2021-07-15 12:12:09,672 [simulate_environment.py | 103] INFO: cur time: 2021-07-15 03:50:00, pre time: 2021-07-15 03:40:00
2021-07-15 12:12:09,672 [simulate_environment.py | 140] INFO: Start to update the input of 2021-07-15 03:50:00
2021-07-15 12:12:09,696 [simulate_environment.py | 167] INFO: Get 324 unallocated order items, 324 ongoing order items, 464 completed order items
2021-07-15 12:12:21,439 [simulate_environment.py | 253] INFO: 2021-07-15 03:50:00, Item 0144170230-1: state = 1 < 2, we can not finish the simulation
2021-07-15 12:12:21,451 [simulate_environment.py | 99] INFO: **************************************************
2021-07-15 12:12:21,452 [simulate_environment.py | 103] INFO: cur time: 2021-07-15 04:00:00, pre time: 2021-07-15 03:50:00
2021-07-15 12:12:21,452 [simulate_environment.py | 140] INFO: Start to update the input of 2021-07-15 04:00:00
2021-07-15 12:12:21,487 [simulate_environment.py | 167] INFO: Get 349 unallocated order items, 357 ongoing order items, 475 completed order items
2021-07-15 12:12:30,009 [simulate_environment.py | 253] INFO: 2021-07-15 04:00:00, Item 0144170230-1: state = 1 < 2, we can not finish the simulation
2021-07-15 12:12:30,023 [simulate_environment.py | 99] INFO: **************************************************
2021-07-15 12:12:30,024 [simulate_environment.py | 103] INFO: cur time: 2021-07-15 04:10:00, pre time: 2021-07-15 04:00:00
2021-07-15 12:12:30,025 [simulate_environment.py | 140] INFO: Start to update the input of 2021-07-15 04:10:00
2021-07-15 12:12:30,037 [simulate_environment.py | 167] INFO: Get 335 unallocated order items, 406 ongoing order items, 491 completed order items
2021-07-15 12:12:41,801 [simulate_environment.py | 253] INFO: 2021-07-15 04:10:00, Item 0144170230-1: state = 1 < 2, we can not finish the simulation
2021-07-15 12:12:41,817 [simulate_environment.py | 99] INFO: **************************************************
2021-07-15 12:12:41,818 [simulate_environment.py | 103] INFO: cur time: 2021-07-15 04:20:00, pre time: 2021-07-15 04:10:00
2021-07-15 12:12:41,818 [simulate_environment.py | 140] INFO: Start to update the input of 2021-07-15 04:20:00
2021-07-15 12:12:41,847 [simulate_environment.py | 167] INFO: Get 395 unallocated order items, 441 ongoing order items, 503 completed order items
2021-07-15 12:12:53,448 [simulate_environment.py | 253] INFO: 2021-07-15 04:20:00, Item 0144170230-1: state = 1 < 2, we can not finish the simulation
2021-07-15 12:12:53,467 [simulate_environment.py | 99] INFO: **************************************************
2021-07-15 12:12:53,468 [simulate_environment.py | 103] INFO: cur time: 2021-07-15 04:30:00, pre time: 2021-07-15 04:20:00
2021-07-15 12:12:53,469 [simulate_environment.py | 140] INFO: Start to update the input of 2021-07-15 04:30:00
2021-07-15 12:12:53,502 [simulate_environment.py | 167] INFO: Get 459 unallocated order items, 416 ongoing order items, 577 completed order items
2021-07-15 12:13:10,319 [simulate_environment.py | 253] INFO: 2021-07-15 04:30:00, Item 0144170230-1: state = 1 < 2, we can not finish the simulation
2021-07-15 12:13:10,339 [simulate_environment.py | 99] INFO: **************************************************
2021-07-15 12:13:10,340 [simulate_environment.py | 103] INFO: cur time: 2021-07-15 04:40:00, pre time: 2021-07-15 04:30:00
2021-07-15 12:13:10,341 [simulate_environment.py | 140] INFO: Start to update the input of 2021-07-15 04:40:00
2021-07-15 12:13:10,374 [simulate_environment.py | 167] INFO: Get 429 unallocated order items, 454 ongoing order items, 618 completed order items
2021-07-15 12:13:36,217 [simulate_environment.py | 253] INFO: 2021-07-15 04:40:00, Item 0144170230-1: state = 1 < 2, we can not finish the simulation
2021-07-15 12:13:36,236 [simulate_environment.py | 99] INFO: **************************************************
2021-07-15 12:13:36,237 [simulate_environment.py | 103] INFO: cur time: 2021-07-15 04:50:00, pre time: 2021-07-15 04:40:00
2021-07-15 12:13:36,237 [simulate_environment.py | 140] INFO: Start to update the input of 2021-07-15 04:50:00
2021-07-15 12:13:36,276 [simulate_environment.py | 167] INFO: Get 390 unallocated order items, 492 ongoing order items, 662 completed order items
2021-07-15 12:14:01,001 [simulate_environment.py | 253] INFO: 2021-07-15 04:50:00, Item 0144170230-1: state = 1 < 2, we can not finish the simulation
2021-07-15 12:14:01,024 [simulate_environment.py | 99] INFO: **************************************************
2021-07-15 12:14:01,025 [simulate_environment.py | 103] INFO: cur time: 2021-07-15 05:00:00, pre time: 2021-07-15 04:50:00
2021-07-15 12:14:01,026 [simulate_environment.py | 140] INFO: Start to update the input of 2021-07-15 05:00:00
2021-07-15 12:14:01,064 [simulate_environment.py | 167] INFO: Get 425 unallocated order items, 498 ongoing order items, 682 completed order items
2021-07-15 12:14:32,893 [simulate_environment.py | 253] INFO: 2021-07-15 05:00:00, Item 0144170230-1: state = 1 < 2, we can not finish the simulation
2021-07-15 12:14:32,918 [simulate_environment.py | 99] INFO: **************************************************
2021-07-15 12:14:32,919 [simulate_environment.py | 103] INFO: cur time: 2021-07-15 05:10:00, pre time: 2021-07-15 05:00:00
2021-07-15 12:14:32,920 [simulate_environment.py | 140] INFO: Start to update the input of 2021-07-15 05:10:00
2021-07-15 12:14:32,954 [simulate_environment.py | 167] INFO: Get 401 unallocated order items, 525 ongoing order items, 701 completed order items
2021-07-15 12:14:51,362 [simulate_environment.py | 253] INFO: 2021-07-15 05:10:00, Item 0144170230-1: state = 1 < 2, we can not finish the simulation
2021-07-15 12:14:51,385 [simulate_environment.py | 99] INFO: **************************************************
2021-07-15 12:14:51,385 [simulate_environment.py | 103] INFO: cur time: 2021-07-15 05:20:00, pre time: 2021-07-15 05:10:00
2021-07-15 12:14:51,386 [simulate_environment.py | 140] INFO: Start to update the input of 2021-07-15 05:20:00
2021-07-15 12:14:51,424 [simulate_environment.py | 167] INFO: Get 416 unallocated order items, 506 ongoing order items, 742 completed order items
2021-07-15 12:15:17,146 [simulate_environment.py | 253] INFO: 2021-07-15 05:20:00, Item 0302000302-1: state = 1 < 2, we can not finish the simulation
2021-07-15 12:15:17,167 [simulate_environment.py | 99] INFO: **************************************************
2021-07-15 12:15:17,168 [simulate_environment.py | 103] INFO: cur time: 2021-07-15 05:30:00, pre time: 2021-07-15 05:20:00
2021-07-15 12:15:17,169 [simulate_environment.py | 140] INFO: Start to update the input of 2021-07-15 05:30:00
2021-07-15 12:15:17,198 [simulate_environment.py | 167] INFO: Get 457 unallocated order items, 509 ongoing order items, 760 completed order items
2021-07-15 12:15:52,356 [simulate_environment.py | 253] INFO: 2021-07-15 05:30:00, Item 0302000302-1: state = 1 < 2, we can not finish the simulation
2021-07-15 12:15:52,377 [simulate_environment.py | 99] INFO: **************************************************
2021-07-15 12:15:52,378 [simulate_environment.py | 103] INFO: cur time: 2021-07-15 05:40:00, pre time: 2021-07-15 05:30:00
2021-07-15 12:15:52,379 [simulate_environment.py | 140] INFO: Start to update the input of 2021-07-15 05:40:00
2021-07-15 12:15:52,410 [simulate_environment.py | 167] INFO: Get 467 unallocated order items, 544 ongoing order items, 786 completed order items
2021-07-15 12:16:21,697 [simulate_environment.py | 253] INFO: 2021-07-15 05:40:00, Item 0302000302-1: state = 1 < 2, we can not finish the simulation
2021-07-15 12:16:21,725 [simulate_environment.py | 99] INFO: **************************************************
2021-07-15 12:16:21,726 [simulate_environment.py | 103] INFO: cur time: 2021-07-15 05:50:00, pre time: 2021-07-15 05:40:00
2021-07-15 12:16:21,727 [simulate_environment.py | 140] INFO: Start to update the input of 2021-07-15 05:50:00
2021-07-15 12:16:21,764 [simulate_environment.py | 167] INFO: Get 551 unallocated order items, 562 ongoing order items, 806 completed order items
2021-07-15 12:16:45,336 [simulate_environment.py | 253] INFO: 2021-07-15 05:50:00, Item 0302000302-1: state = 1 < 2, we can not finish the simulation
2021-07-15 12:16:45,362 [simulate_environment.py | 99] INFO: **************************************************
2021-07-15 12:16:45,363 [simulate_environment.py | 103] INFO: cur time: 2021-07-15 06:00:00, pre time: 2021-07-15 05:50:00
2021-07-15 12:16:45,363 [simulate_environment.py | 140] INFO: Start to update the input of 2021-07-15 06:00:00
2021-07-15 12:16:45,382 [simulate_environment.py | 167] INFO: Get 597 unallocated order items, 567 ongoing order items, 824 completed order items
2021-07-15 12:17:14,323 [simulate_environment.py | 253] INFO: 2021-07-15 06:00:00, Item 0304490311-1: state = 1 < 2, we can not finish the simulation
2021-07-15 12:17:14,352 [simulate_environment.py | 99] INFO: **************************************************
2021-07-15 12:17:14,353 [simulate_environment.py | 103] INFO: cur time: 2021-07-15 06:10:00, pre time: 2021-07-15 06:00:00
2021-07-15 12:17:14,353 [simulate_environment.py | 140] INFO: Start to update the input of 2021-07-15 06:10:00
2021-07-15 12:17:14,394 [simulate_environment.py | 167] INFO: Get 634 unallocated order items, 576 ongoing order items, 860 completed order items
2021-07-15 12:17:49,699 [simulate_environment.py | 253] INFO: 2021-07-15 06:10:00, Item 0304490311-1: state = 1 < 2, we can not finish the simulation
2021-07-15 12:17:49,731 [simulate_environment.py | 99] INFO: **************************************************
2021-07-15 12:17:49,732 [simulate_environment.py | 103] INFO: cur time: 2021-07-15 06:20:00, pre time: 2021-07-15 06:10:00
2021-07-15 12:17:49,733 [simulate_environment.py | 140] INFO: Start to update the input of 2021-07-15 06:20:00
2021-07-15 12:17:49,768 [simulate_environment.py | 167] INFO: Get 714 unallocated order items, 556 ongoing order items, 918 completed order items
2021-07-15 12:18:35,161 [simulate_environment.py | 253] INFO: 2021-07-15 06:20:00, Item 0310090327-1: state = 1 < 2, we can not finish the simulation
2021-07-15 12:18:35,194 [simulate_environment.py | 99] INFO: **************************************************
2021-07-15 12:18:35,196 [simulate_environment.py | 103] INFO: cur time: 2021-07-15 06:30:00, pre time: 2021-07-15 06:20:00
2021-07-15 12:18:35,197 [simulate_environment.py | 140] INFO: Start to update the input of 2021-07-15 06:30:00
2021-07-15 12:18:35,236 [simulate_environment.py | 167] INFO: Get 730 unallocated order items, 543 ongoing order items, 950 completed order items
2021-07-15 12:19:34,021 [simulate_environment.py | 253] INFO: 2021-07-15 06:30:00, Item 0310090327-1: state = 1 < 2, we can not finish the simulation
2021-07-15 12:19:34,055 [simulate_environment.py | 99] INFO: **************************************************
2021-07-15 12:19:34,056 [simulate_environment.py | 103] INFO: cur time: 2021-07-15 06:40:00, pre time: 2021-07-15 06:30:00
2021-07-15 12:19:34,056 [simulate_environment.py | 140] INFO: Start to update the input of 2021-07-15 06:40:00
2021-07-15 12:19:34,095 [simulate_environment.py | 167] INFO: Get 807 unallocated order items, 525 ongoing order items, 1000 completed order items
2021-07-15 12:20:20,191 [simulate_environment.py | 253] INFO: 2021-07-15 06:40:00, Item 0310090327-1: state = 1 < 2, we can not finish the simulation
2021-07-15 12:20:20,229 [simulate_environment.py | 99] INFO: **************************************************
2021-07-15 12:20:20,230 [simulate_environment.py | 103] INFO: cur time: 2021-07-15 06:50:00, pre time: 2021-07-15 06:40:00
2021-07-15 12:20:20,231 [simulate_environment.py | 140] INFO: Start to update the input of 2021-07-15 06:50:00
2021-07-15 12:20:20,260 [simulate_environment.py | 167] INFO: Get 857 unallocated order items, 531 ongoing order items, 1027 completed order items
2021-07-15 12:21:24,295 [checker.py      | 140] ERROR: left capacity 16.0 > capacity 15
2021-07-15 12:21:24,296 [checker.py      | 70] ERROR: Vehicle V_3 violates the capacity constraint
2021-07-15 12:21:24,296 [simulate_environment.py | 115] ERROR: Dispatch result is infeasible
2021-07-15 12:21:24,308 [<ipython-input-2-6c912aa295a1> | 54] INFO: Score of instance_64: 9223372036854775807
