2021-07-14 16:53:31,503 [<ipython-input-1-6c912aa295a1> | 49] INFO: Start to run instance_64
2021-07-14 16:53:31,504 [simulate_api.py | 60] INFO: Start time of the simulator: 2021-07-14 00:00:00, time interval:  600.00
2021-07-14 16:53:31,524 [input_utils.py  | 48] INFO: Get 154 factories
2021-07-14 16:53:33,514 [input_utils.py  | 52] INFO: Get 23562 routes
2021-07-14 16:53:33,549 [input_utils.py  | 57] INFO: Get 100 vehicles
2021-07-14 16:53:34,296 [input_utils.py  | 61] INFO: Get 4000 orders
2021-07-14 16:53:34,297 [simulate_api.py | 87] INFO: Initial position of V_1 is e2d5093fbe36431f8986ddb0e1c586be
2021-07-14 16:53:34,299 [simulate_api.py | 87] INFO: Initial position of V_2 is 7fe14b93f0f04ee7a994ef5b2c1fdb72
2021-07-14 16:53:34,300 [simulate_api.py | 87] INFO: Initial position of V_3 is fa366fc87a124d32926daa5bb093129f
2021-07-14 16:53:34,300 [simulate_api.py | 87] INFO: Initial position of V_4 is e47399648fa842b2b8f80094343d8091
2021-07-14 16:53:34,301 [simulate_api.py | 87] INFO: Initial position of V_5 is becb4f85393540b287e7329758b8d832
2021-07-14 16:53:34,302 [simulate_api.py | 87] INFO: Initial position of V_6 is 7fb0acc4e2634440ba26a7ebc0040dc2
2021-07-14 16:53:34,303 [simulate_api.py | 87] INFO: Initial position of V_7 is 6380b13f12984a08a4994fb4c126215b
2021-07-14 16:53:34,304 [simulate_api.py | 87] INFO: Initial position of V_8 is 449b516ba21b4270ac1ea1b13a89514c
2021-07-14 16:53:34,306 [simulate_api.py | 87] INFO: Initial position of V_9 is c174cfe9fcbf4f1b82095941a49f7bd9
2021-07-14 16:53:34,307 [simulate_api.py | 87] INFO: Initial position of V_10 is c0979c05f2c44e6fa7c5e42ae9aa977e
2021-07-14 16:53:34,308 [simulate_api.py | 87] INFO: Initial position of V_11 is 4a85fbdd319140dd83f55766289d365f
2021-07-14 16:53:34,308 [simulate_api.py | 87] INFO: Initial position of V_12 is 61a68b6b728b4413ba6a0f695091579c
2021-07-14 16:53:34,309 [simulate_api.py | 87] INFO: Initial position of V_13 is 76d691d6054f42d48f27e16806928020
2021-07-14 16:53:34,310 [simulate_api.py | 87] INFO: Initial position of V_14 is 433544a316b84100a11a703f1b99494a
2021-07-14 16:53:34,311 [simulate_api.py | 87] INFO: Initial position of V_15 is 680ee12255ad415ab7838647f138778e
2021-07-14 16:53:34,311 [simulate_api.py | 87] INFO: Initial position of V_16 is 433544a316b84100a11a703f1b99494a
2021-07-14 16:53:34,312 [simulate_api.py | 87] INFO: Initial position of V_17 is 8479328003a8427ca68b7600f0ac7045
2021-07-14 16:53:34,312 [simulate_api.py | 87] INFO: Initial position of V_18 is 9b8851cf57f944c6b168ec887558ffaa
2021-07-14 16:53:34,313 [simulate_api.py | 87] INFO: Initial position of V_19 is 433901c139d54522a8f3790b07a335e5
2021-07-14 16:53:34,314 [simulate_api.py | 87] INFO: Initial position of V_20 is a6d6e6a52a0044e99991fc8fb0248027
2021-07-14 16:53:34,315 [simulate_api.py | 87] INFO: Initial position of V_21 is d1f8de642d734931be957336196d996d
2021-07-14 16:53:34,315 [simulate_api.py | 87] INFO: Initial position of V_22 is 773b0458659248f1938a61ddaeef55ef
2021-07-14 16:53:34,316 [simulate_api.py | 87] INFO: Initial position of V_23 is 6e4801bd12654045a5f3d63e2951594c
2021-07-14 16:53:34,317 [simulate_api.py | 87] INFO: Initial position of V_24 is e15ed46435514dda8bd6a420ab3e5d0b
2021-07-14 16:53:34,317 [simulate_api.py | 87] INFO: Initial position of V_25 is a678f7137f7e4debbc6bc4679cd2c1b4
2021-07-14 16:53:34,318 [simulate_api.py | 87] INFO: Initial position of V_26 is 32ab2049f3fb437881ff3912470d7840
2021-07-14 16:53:34,319 [simulate_api.py | 87] INFO: Initial position of V_27 is 773b0458659248f1938a61ddaeef55ef
2021-07-14 16:53:34,319 [simulate_api.py | 87] INFO: Initial position of V_28 is a6fefc4ac6f541cbbc7af963c13350f6
2021-07-14 16:53:34,320 [simulate_api.py | 87] INFO: Initial position of V_29 is aa61dc034d9240e9950b027ba204f5f0
2021-07-14 16:53:34,321 [simulate_api.py | 87] INFO: Initial position of V_30 is ef3171964da04ea7ac2e547f2441eff0
2021-07-14 16:53:34,322 [simulate_api.py | 87] INFO: Initial position of V_31 is 4780dc7fb51f4f5da3dea9e56c125fe6
2021-07-14 16:53:34,322 [simulate_api.py | 87] INFO: Initial position of V_32 is ffaae12a3c054da585696a96e880cf64
2021-07-14 16:53:34,323 [simulate_api.py | 87] INFO: Initial position of V_33 is c174cfe9fcbf4f1b82095941a49f7bd9
2021-07-14 16:53:34,324 [simulate_api.py | 87] INFO: Initial position of V_34 is f7ee272fbbba4f918bcd4f36ea053908
2021-07-14 16:53:34,325 [simulate_api.py | 87] INFO: Initial position of V_35 is af35b43e04df49b9b469a0018730faeb
2021-07-14 16:53:34,326 [simulate_api.py | 87] INFO: Initial position of V_36 is e47399648fa842b2b8f80094343d8091
2021-07-14 16:53:34,327 [simulate_api.py | 87] INFO: Initial position of V_37 is 00e5630fbb3c4ff4b753ac1e1c15d561
2021-07-14 16:53:34,328 [simulate_api.py | 87] INFO: Initial position of V_38 is 24b6bf044ee8473db7030d008fb422b5
2021-07-14 16:53:34,329 [simulate_api.py | 87] INFO: Initial position of V_39 is f5118fa189b742a897beec2f77de9b27
2021-07-14 16:53:34,330 [simulate_api.py | 87] INFO: Initial position of V_40 is 797fe83c0ac14a3c8724aa4d9ce0049a
2021-07-14 16:53:34,331 [simulate_api.py | 87] INFO: Initial position of V_41 is ce433928b8724d77bbe97ccb1e3312a5
2021-07-14 16:53:34,332 [simulate_api.py | 87] INFO: Initial position of V_42 is 9829a9e1f6874f28b33b57a7a42bb49f
2021-07-14 16:53:34,333 [simulate_api.py | 87] INFO: Initial position of V_43 is 1821ddf96fe14083ba213868cd82b840
2021-07-14 16:53:34,334 [simulate_api.py | 87] INFO: Initial position of V_44 is e2327ef4f46a40908e2b8ad97e855333
2021-07-14 16:53:34,334 [simulate_api.py | 87] INFO: Initial position of V_45 is 9f1a09c368584eba9e7f10a53d55caae
2021-07-14 16:53:34,335 [simulate_api.py | 87] INFO: Initial position of V_46 is 206128e3ee9a458d9cfd053cedc0fad6
2021-07-14 16:53:34,335 [simulate_api.py | 87] INFO: Initial position of V_47 is 0c589202a6584664939d46842080d019
2021-07-14 16:53:34,336 [simulate_api.py | 87] INFO: Initial position of V_48 is 081dc54492414061ae6c6e47bf7b8db5
2021-07-14 16:53:34,337 [simulate_api.py | 87] INFO: Initial position of V_49 is 5ec55e3f537d448d95144cec1cc37f54
2021-07-14 16:53:34,338 [simulate_api.py | 87] INFO: Initial position of V_50 is 5920212e6b0b46b198b9677bfe74f35d
2021-07-14 16:53:34,339 [simulate_api.py | 87] INFO: Initial position of V_51 is bdb72ae965bb4229a3b93402b5cd3d78
2021-07-14 16:53:34,340 [simulate_api.py | 87] INFO: Initial position of V_52 is 6fbe6d91a5f04b359e02bde29d349128
2021-07-14 16:53:34,340 [simulate_api.py | 87] INFO: Initial position of V_53 is 13b35cedb9274b359a8a666d67ef5538
2021-07-14 16:53:34,341 [simulate_api.py | 87] INFO: Initial position of V_54 is 1e93ab7137b643aab3f9b31fdb1c35a8
2021-07-14 16:53:34,341 [simulate_api.py | 87] INFO: Initial position of V_55 is 797fe83c0ac14a3c8724aa4d9ce0049a
2021-07-14 16:53:34,342 [simulate_api.py | 87] INFO: Initial position of V_56 is 7b84670cf4164cccba22ebb17a2c290a
2021-07-14 16:53:34,343 [simulate_api.py | 87] INFO: Initial position of V_57 is c56a0078468d4f1498be9e79f6bbd4c0
2021-07-14 16:53:34,344 [simulate_api.py | 87] INFO: Initial position of V_58 is becb4f85393540b287e7329758b8d832
2021-07-14 16:53:34,345 [simulate_api.py | 87] INFO: Initial position of V_59 is b854aac6ac2345789fbb3d155321216a
2021-07-14 16:53:34,345 [simulate_api.py | 87] INFO: Initial position of V_60 is 80cc1546ba7645e3964fd017e4af3299
2021-07-14 16:53:34,347 [simulate_api.py | 87] INFO: Initial position of V_61 is 449b516ba21b4270ac1ea1b13a89514c
2021-07-14 16:53:34,348 [simulate_api.py | 87] INFO: Initial position of V_62 is ffaae12a3c054da585696a96e880cf64
2021-07-14 16:53:34,349 [simulate_api.py | 87] INFO: Initial position of V_63 is e723c30f335b4391ad73fbccdfb67d1e
2021-07-14 16:53:34,349 [simulate_api.py | 87] INFO: Initial position of V_64 is e5dc8bf4da6a4112b4dfca025d6a8948
2021-07-14 16:53:34,350 [simulate_api.py | 87] INFO: Initial position of V_65 is 24b6bf044ee8473db7030d008fb422b5
2021-07-14 16:53:34,351 [simulate_api.py | 87] INFO: Initial position of V_66 is e2327ef4f46a40908e2b8ad97e855333
2021-07-14 16:53:34,352 [simulate_api.py | 87] INFO: Initial position of V_67 is 6ba3750e4eda425fae9db0cd825c39cd
2021-07-14 16:53:34,353 [simulate_api.py | 87] INFO: Initial position of V_68 is 4780dc7fb51f4f5da3dea9e56c125fe6
2021-07-14 16:53:34,354 [simulate_api.py | 87] INFO: Initial position of V_69 is 24b6bf044ee8473db7030d008fb422b5
2021-07-14 16:53:34,355 [simulate_api.py | 87] INFO: Initial position of V_70 is 9b40bfd6ca1c432498685540652a5a8b
2021-07-14 16:53:34,356 [simulate_api.py | 87] INFO: Initial position of V_71 is 707d2dad46ab496e97305cc2e3ae8cf2
2021-07-14 16:53:34,357 [simulate_api.py | 87] INFO: Initial position of V_72 is f7ee272fbbba4f918bcd4f36ea053908
2021-07-14 16:53:34,357 [simulate_api.py | 87] INFO: Initial position of V_73 is 797fe83c0ac14a3c8724aa4d9ce0049a
2021-07-14 16:53:34,359 [simulate_api.py | 87] INFO: Initial position of V_74 is 2445d4bd004c457d95957d6ecf77f759
2021-07-14 16:53:34,360 [simulate_api.py | 87] INFO: Initial position of V_75 is e2d5093fbe36431f8986ddb0e1c586be
2021-07-14 16:53:34,361 [simulate_api.py | 87] INFO: Initial position of V_76 is c56a0078468d4f1498be9e79f6bbd4c0
2021-07-14 16:53:34,362 [simulate_api.py | 87] INFO: Initial position of V_77 is 434ba7a94f63491a8cc6d6b913f54218
2021-07-14 16:53:34,362 [simulate_api.py | 87] INFO: Initial position of V_78 is bdb72ae965bb4229a3b93402b5cd3d78
2021-07-14 16:53:34,363 [simulate_api.py | 87] INFO: Initial position of V_79 is e723c30f335b4391ad73fbccdfb67d1e
2021-07-14 16:53:34,364 [simulate_api.py | 87] INFO: Initial position of V_80 is 6ac617af0ea04e9bbbc3b206d86d73a6
2021-07-14 16:53:34,365 [simulate_api.py | 87] INFO: Initial position of V_81 is 081dc54492414061ae6c6e47bf7b8db5
2021-07-14 16:53:34,366 [simulate_api.py | 87] INFO: Initial position of V_82 is 6ac617af0ea04e9bbbc3b206d86d73a6
2021-07-14 16:53:34,367 [simulate_api.py | 87] INFO: Initial position of V_83 is 9316c24ab8b9471fa75f9da67d0b7db2
2021-07-14 16:53:34,368 [simulate_api.py | 87] INFO: Initial position of V_84 is e47399648fa842b2b8f80094343d8091
2021-07-14 16:53:34,369 [simulate_api.py | 87] INFO: Initial position of V_85 is 1394dce6e0b24fc8ad3d0a807e490829
2021-07-14 16:53:34,369 [simulate_api.py | 87] INFO: Initial position of V_86 is ee187c7680604a9fa1f3d3837610c11a
2021-07-14 16:53:34,370 [simulate_api.py | 87] INFO: Initial position of V_87 is f5264a9b32c94706a8bc981ab961952a
2021-07-14 16:53:34,370 [simulate_api.py | 87] INFO: Initial position of V_88 is f7d977891ba84a7491024709803f38cc
2021-07-14 16:53:34,371 [simulate_api.py | 87] INFO: Initial position of V_89 is be79e1dcfff84bca9677a61c7fd5b5a6
2021-07-14 16:53:34,372 [simulate_api.py | 87] INFO: Initial position of V_90 is 77ec676ff9e348298044721c0fc2b690
2021-07-14 16:53:34,372 [simulate_api.py | 87] INFO: Initial position of V_91 is 7b84670cf4164cccba22ebb17a2c290a
2021-07-14 16:53:34,373 [simulate_api.py | 87] INFO: Initial position of V_92 is 6ba3750e4eda425fae9db0cd825c39cd
2021-07-14 16:53:34,374 [simulate_api.py | 87] INFO: Initial position of V_93 is fa91b55160e245edb77a213135cccd27
2021-07-14 16:53:34,374 [simulate_api.py | 87] INFO: Initial position of V_94 is b6dd694ae05541dba369a2a759d2c2b9
2021-07-14 16:53:34,375 [simulate_api.py | 87] INFO: Initial position of V_95 is 66b7f2fbd6a042c1bbd1b567d68daa56
2021-07-14 16:53:34,375 [simulate_api.py | 87] INFO: Initial position of V_96 is af35b43e04df49b9b469a0018730faeb
2021-07-14 16:53:34,376 [simulate_api.py | 87] INFO: Initial position of V_97 is 856895eda4fa41159b4aed0b71355cae
2021-07-14 16:53:34,377 [simulate_api.py | 87] INFO: Initial position of V_98 is 61a68b6b728b4413ba6a0f695091579c
2021-07-14 16:53:34,378 [simulate_api.py | 87] INFO: Initial position of V_99 is 9b40bfd6ca1c432498685540652a5a8b
2021-07-14 16:53:34,379 [simulate_api.py | 87] INFO: Initial position of V_100 is 7fe14b93f0f04ee7a994ef5b2c1fdb72
2021-07-14 16:53:34,393 [simulate_environment.py | 99] INFO: **************************************************
2021-07-14 16:53:34,395 [simulate_environment.py | 103] INFO: cur time: 2021-07-14 00:10:00, pre time: 2021-07-14 00:00:00
2021-07-14 16:53:34,396 [simulate_environment.py | 140] INFO: Start to update the input of 2021-07-14 00:10:00
2021-07-14 16:53:34,405 [simulate_environment.py | 167] INFO: Get 108 unallocated order items, 0 ongoing order items, 0 completed order items
2021-07-14 16:54:41,481 [simulate_environment.py | 253] INFO: 2021-07-14 00:10:00, Item 0000030001-1: state = 1 < 2, we can not finish the simulation
2021-07-14 16:54:41,484 [simulate_environment.py | 99] INFO: **************************************************
2021-07-14 16:54:41,485 [simulate_environment.py | 103] INFO: cur time: 2021-07-14 00:20:00, pre time: 2021-07-14 00:10:00
2021-07-14 16:54:41,485 [simulate_environment.py | 140] INFO: Start to update the input of 2021-07-14 00:20:00
2021-07-14 16:54:41,507 [simulate_environment.py | 167] INFO: Get 88 unallocated order items, 105 ongoing order items, 0 completed order items
2021-07-14 16:54:55,184 [simulate_environment.py | 253] INFO: 2021-07-14 00:20:00, Item 0000310002-1: state = 1 < 2, we can not finish the simulation
2021-07-14 16:54:55,188 [simulate_environment.py | 99] INFO: **************************************************
2021-07-14 16:54:55,189 [simulate_environment.py | 103] INFO: cur time: 2021-07-14 00:30:00, pre time: 2021-07-14 00:20:00
2021-07-14 16:54:55,190 [simulate_environment.py | 140] INFO: Start to update the input of 2021-07-14 00:30:00
2021-07-14 16:54:55,209 [simulate_environment.py | 167] INFO: Get 150 unallocated order items, 134 ongoing order items, 0 completed order items
2021-07-14 16:55:06,944 [simulate_environment.py | 253] INFO: 2021-07-14 00:30:00, Item 0000310002-1: state = 1 < 2, we can not finish the simulation
2021-07-14 16:55:06,949 [simulate_environment.py | 99] INFO: **************************************************
2021-07-14 16:55:06,950 [simulate_environment.py | 103] INFO: cur time: 2021-07-14 00:40:00, pre time: 2021-07-14 00:30:00
2021-07-14 16:55:06,951 [simulate_environment.py | 140] INFO: Start to update the input of 2021-07-14 00:40:00
2021-07-14 16:55:06,980 [simulate_environment.py | 167] INFO: Get 244 unallocated order items, 145 ongoing order items, 0 completed order items
2021-07-14 16:55:17,709 [simulate_environment.py | 253] INFO: 2021-07-14 00:40:00, Item 0000310002-1: state = 1 < 2, we can not finish the simulation
2021-07-14 16:55:17,715 [simulate_environment.py | 99] INFO: **************************************************
2021-07-14 16:55:17,715 [simulate_environment.py | 103] INFO: cur time: 2021-07-14 00:50:00, pre time: 2021-07-14 00:40:00
2021-07-14 16:55:17,716 [simulate_environment.py | 140] INFO: Start to update the input of 2021-07-14 00:50:00
2021-07-14 16:55:17,746 [simulate_environment.py | 167] INFO: Get 271 unallocated order items, 179 ongoing order items, 11 completed order items
2021-07-14 16:55:25,136 [simulate_environment.py | 253] INFO: 2021-07-14 00:50:00, Item 0010540043-1: state = 1 < 2, we can not finish the simulation
2021-07-14 16:55:25,144 [simulate_environment.py | 99] INFO: **************************************************
2021-07-14 16:55:25,145 [simulate_environment.py | 103] INFO: cur time: 2021-07-14 01:00:00, pre time: 2021-07-14 00:50:00
2021-07-14 16:55:25,146 [simulate_environment.py | 140] INFO: Start to update the input of 2021-07-14 01:00:00
2021-07-14 16:55:25,157 [simulate_environment.py | 167] INFO: Get 214 unallocated order items, 261 ongoing order items, 42 completed order items
2021-07-14 16:55:29,818 [simulate_environment.py | 253] INFO: 2021-07-14 01:00:00, Item 0010540043-1: state = 1 < 2, we can not finish the simulation
2021-07-14 16:55:29,827 [simulate_environment.py | 99] INFO: **************************************************
2021-07-14 16:55:29,828 [simulate_environment.py | 103] INFO: cur time: 2021-07-14 01:10:00, pre time: 2021-07-14 01:00:00
2021-07-14 16:55:29,828 [simulate_environment.py | 140] INFO: Start to update the input of 2021-07-14 01:10:00
2021-07-14 16:55:29,851 [simulate_environment.py | 167] INFO: Get 209 unallocated order items, 305 ongoing order items, 45 completed order items
2021-07-14 16:55:34,148 [simulate_environment.py | 253] INFO: 2021-07-14 01:10:00, Item 0010540043-1: state = 1 < 2, we can not finish the simulation
2021-07-14 16:55:34,159 [simulate_environment.py | 99] INFO: **************************************************
2021-07-14 16:55:34,160 [simulate_environment.py | 103] INFO: cur time: 2021-07-14 01:20:00, pre time: 2021-07-14 01:10:00
2021-07-14 16:55:34,161 [simulate_environment.py | 140] INFO: Start to update the input of 2021-07-14 01:20:00
2021-07-14 16:55:34,172 [simulate_environment.py | 167] INFO: Get 185 unallocated order items, 317 ongoing order items, 57 completed order items
2021-07-14 16:55:38,270 [simulate_environment.py | 253] INFO: 2021-07-14 01:20:00, Item 0012180045-18: state = 1 < 2, we can not finish the simulation
2021-07-14 16:55:38,281 [simulate_environment.py | 99] INFO: **************************************************
2021-07-14 16:55:38,282 [simulate_environment.py | 103] INFO: cur time: 2021-07-14 01:30:00, pre time: 2021-07-14 01:20:00
2021-07-14 16:55:38,282 [simulate_environment.py | 140] INFO: Start to update the input of 2021-07-14 01:30:00
2021-07-14 16:55:38,308 [simulate_environment.py | 167] INFO: Get 165 unallocated order items, 319 ongoing order items, 75 completed order items
2021-07-14 16:55:42,171 [simulate_environment.py | 253] INFO: 2021-07-14 01:30:00, Item 0012180045-18: state = 1 < 2, we can not finish the simulation
2021-07-14 16:55:42,182 [simulate_environment.py | 99] INFO: **************************************************
2021-07-14 16:55:42,182 [simulate_environment.py | 103] INFO: cur time: 2021-07-14 01:40:00, pre time: 2021-07-14 01:30:00
2021-07-14 16:55:42,183 [simulate_environment.py | 140] INFO: Start to update the input of 2021-07-14 01:40:00
2021-07-14 16:55:42,214 [simulate_environment.py | 167] INFO: Get 86 unallocated order items, 354 ongoing order items, 119 completed order items
2021-07-14 16:55:46,054 [simulate_environment.py | 253] INFO: 2021-07-14 01:40:00, Item 0012180045-18: state = 1 < 2, we can not finish the simulation
2021-07-14 16:55:46,064 [simulate_environment.py | 99] INFO: **************************************************
2021-07-14 16:55:46,064 [simulate_environment.py | 103] INFO: cur time: 2021-07-14 01:50:00, pre time: 2021-07-14 01:40:00
2021-07-14 16:55:46,065 [simulate_environment.py | 140] INFO: Start to update the input of 2021-07-14 01:50:00
2021-07-14 16:55:46,087 [simulate_environment.py | 167] INFO: Get 67 unallocated order items, 356 ongoing order items, 139 completed order items
2021-07-14 16:55:49,896 [simulate_environment.py | 253] INFO: 2021-07-14 01:50:00, Item 0012180045-18: state = 1 < 2, we can not finish the simulation
2021-07-14 16:55:49,915 [simulate_environment.py | 99] INFO: **************************************************
2021-07-14 16:55:49,916 [simulate_environment.py | 103] INFO: cur time: 2021-07-14 02:00:00, pre time: 2021-07-14 01:50:00
2021-07-14 16:55:49,917 [simulate_environment.py | 140] INFO: Start to update the input of 2021-07-14 02:00:00
2021-07-14 16:55:49,951 [simulate_environment.py | 167] INFO: Get 54 unallocated order items, 333 ongoing order items, 177 completed order items
2021-07-14 16:55:53,397 [simulate_environment.py | 253] INFO: 2021-07-14 02:00:00, Item 0012180045-18: state = 1 < 2, we can not finish the simulation
2021-07-14 16:55:53,405 [simulate_environment.py | 99] INFO: **************************************************
2021-07-14 16:55:53,405 [simulate_environment.py | 103] INFO: cur time: 2021-07-14 02:10:00, pre time: 2021-07-14 02:00:00
2021-07-14 16:55:53,406 [simulate_environment.py | 140] INFO: Start to update the input of 2021-07-14 02:10:00
2021-07-14 16:55:53,426 [simulate_environment.py | 167] INFO: Get 61 unallocated order items, 305 ongoing order items, 206 completed order items
2021-07-14 16:55:56,625 [simulate_environment.py | 253] INFO: 2021-07-14 02:10:00, Item 0012180045-18: state = 1 < 2, we can not finish the simulation
2021-07-14 16:55:56,633 [simulate_environment.py | 99] INFO: **************************************************
2021-07-14 16:55:56,634 [simulate_environment.py | 103] INFO: cur time: 2021-07-14 02:20:00, pre time: 2021-07-14 02:10:00
2021-07-14 16:55:56,634 [simulate_environment.py | 140] INFO: Start to update the input of 2021-07-14 02:20:00
2021-07-14 16:55:56,664 [simulate_environment.py | 167] INFO: Get 77 unallocated order items, 294 ongoing order items, 228 completed order items
2021-07-14 16:55:59,912 [simulate_environment.py | 253] INFO: 2021-07-14 02:20:00, Item 0012180045-18: state = 1 < 2, we can not finish the simulation
2021-07-14 16:55:59,921 [simulate_environment.py | 99] INFO: **************************************************
2021-07-14 16:55:59,922 [simulate_environment.py | 103] INFO: cur time: 2021-07-14 02:30:00, pre time: 2021-07-14 02:20:00
2021-07-14 16:55:59,922 [simulate_environment.py | 140] INFO: Start to update the input of 2021-07-14 02:30:00
2021-07-14 16:55:59,946 [simulate_environment.py | 167] INFO: Get 90 unallocated order items, 294 ongoing order items, 254 completed order items
2021-07-14 16:56:06,953 [simulate_environment.py | 253] INFO: 2021-07-14 02:30:00, Item 0014060052-1: state = 1 < 2, we can not finish the simulation
2021-07-14 16:56:06,961 [simulate_environment.py | 99] INFO: **************************************************
2021-07-14 16:56:06,962 [simulate_environment.py | 103] INFO: cur time: 2021-07-14 02:40:00, pre time: 2021-07-14 02:30:00
2021-07-14 16:56:06,963 [simulate_environment.py | 140] INFO: Start to update the input of 2021-07-14 02:40:00
2021-07-14 16:56:06,993 [simulate_environment.py | 167] INFO: Get 124 unallocated order items, 284 ongoing order items, 265 completed order items
2021-07-14 16:56:10,535 [simulate_environment.py | 253] INFO: 2021-07-14 02:40:00, Item 0014060052-1: state = 1 < 2, we can not finish the simulation
2021-07-14 16:56:10,543 [simulate_environment.py | 99] INFO: **************************************************
2021-07-14 16:56:10,543 [simulate_environment.py | 103] INFO: cur time: 2021-07-14 02:50:00, pre time: 2021-07-14 02:40:00
2021-07-14 16:56:10,544 [simulate_environment.py | 140] INFO: Start to update the input of 2021-07-14 02:50:00
2021-07-14 16:56:10,575 [simulate_environment.py | 167] INFO: Get 139 unallocated order items, 284 ongoing order items, 281 completed order items
2021-07-14 16:56:14,641 [simulate_environment.py | 253] INFO: 2021-07-14 02:50:00, Item 0016340060-1: state = 1 < 2, we can not finish the simulation
2021-07-14 16:56:14,649 [simulate_environment.py | 99] INFO: **************************************************
2021-07-14 16:56:14,650 [simulate_environment.py | 103] INFO: cur time: 2021-07-14 03:00:00, pre time: 2021-07-14 02:50:00
2021-07-14 16:56:14,650 [simulate_environment.py | 140] INFO: Start to update the input of 2021-07-14 03:00:00
2021-07-14 16:56:14,684 [simulate_environment.py | 167] INFO: Get 158 unallocated order items, 266 ongoing order items, 320 completed order items
2021-07-14 16:56:24,696 [simulate_environment.py | 253] INFO: 2021-07-14 03:00:00, Item 0016340060-1: state = 1 < 2, we can not finish the simulation
2021-07-14 16:56:24,705 [simulate_environment.py | 99] INFO: **************************************************
2021-07-14 16:56:24,706 [simulate_environment.py | 103] INFO: cur time: 2021-07-14 03:10:00, pre time: 2021-07-14 03:00:00
2021-07-14 16:56:24,707 [simulate_environment.py | 140] INFO: Start to update the input of 2021-07-14 03:10:00
2021-07-14 16:56:24,727 [simulate_environment.py | 167] INFO: Get 200 unallocated order items, 242 ongoing order items, 363 completed order items
2021-07-14 16:56:29,413 [simulate_environment.py | 253] INFO: 2021-07-14 03:10:00, Item 0053260207-1: state = 1 < 2, we can not finish the simulation
2021-07-14 16:56:29,420 [simulate_environment.py | 99] INFO: **************************************************
2021-07-14 16:56:29,421 [simulate_environment.py | 103] INFO: cur time: 2021-07-14 03:20:00, pre time: 2021-07-14 03:10:00
2021-07-14 16:56:29,422 [simulate_environment.py | 140] INFO: Start to update the input of 2021-07-14 03:20:00
2021-07-14 16:56:29,447 [simulate_environment.py | 167] INFO: Get 209 unallocated order items, 248 ongoing order items, 407 completed order items
2021-07-14 16:56:36,496 [simulate_environment.py | 253] INFO: 2021-07-14 03:20:00, Item 0144170230-1: state = 1 < 2, we can not finish the simulation
2021-07-14 16:56:36,505 [simulate_environment.py | 99] INFO: **************************************************
2021-07-14 16:56:36,506 [simulate_environment.py | 103] INFO: cur time: 2021-07-14 03:30:00, pre time: 2021-07-14 03:20:00
2021-07-14 16:56:36,506 [simulate_environment.py | 140] INFO: Start to update the input of 2021-07-14 03:30:00
2021-07-14 16:56:36,518 [simulate_environment.py | 167] INFO: Get 241 unallocated order items, 261 ongoing order items, 408 completed order items
2021-07-14 16:56:45,697 [simulate_environment.py | 253] INFO: 2021-07-14 03:30:00, Item 0144170230-1: state = 1 < 2, we can not finish the simulation
2021-07-14 16:56:45,706 [simulate_environment.py | 99] INFO: **************************************************
2021-07-14 16:56:45,707 [simulate_environment.py | 103] INFO: cur time: 2021-07-14 03:40:00, pre time: 2021-07-14 03:30:00
2021-07-14 16:56:45,707 [simulate_environment.py | 140] INFO: Start to update the input of 2021-07-14 03:40:00
2021-07-14 16:56:45,723 [simulate_environment.py | 167] INFO: Get 321 unallocated order items, 280 ongoing order items, 437 completed order items
2021-07-14 16:56:57,050 [simulate_environment.py | 253] INFO: 2021-07-14 03:40:00, Item 0144170230-1: state = 1 < 2, we can not finish the simulation
2021-07-14 16:56:57,060 [simulate_environment.py | 99] INFO: **************************************************
2021-07-14 16:56:57,061 [simulate_environment.py | 103] INFO: cur time: 2021-07-14 03:50:00, pre time: 2021-07-14 03:40:00
2021-07-14 16:56:57,061 [simulate_environment.py | 140] INFO: Start to update the input of 2021-07-14 03:50:00
2021-07-14 16:56:57,092 [simulate_environment.py | 167] INFO: Get 351 unallocated order items, 289 ongoing order items, 472 completed order items
2021-07-14 16:57:10,826 [simulate_environment.py | 253] INFO: 2021-07-14 03:50:00, Item 0214070244-1: state = 1 < 2, we can not finish the simulation
2021-07-14 16:57:10,837 [simulate_environment.py | 99] INFO: **************************************************
2021-07-14 16:57:10,838 [simulate_environment.py | 103] INFO: cur time: 2021-07-14 04:00:00, pre time: 2021-07-14 03:50:00
2021-07-14 16:57:10,838 [simulate_environment.py | 140] INFO: Start to update the input of 2021-07-14 04:00:00
2021-07-14 16:57:10,874 [simulate_environment.py | 167] INFO: Get 379 unallocated order items, 304 ongoing order items, 498 completed order items
2021-07-14 16:57:45,590 [simulate_environment.py | 253] INFO: 2021-07-14 04:00:00, Item 0214070244-1: state = 1 < 2, we can not finish the simulation
2021-07-14 16:57:45,603 [simulate_environment.py | 99] INFO: **************************************************
2021-07-14 16:57:45,605 [simulate_environment.py | 103] INFO: cur time: 2021-07-14 04:10:00, pre time: 2021-07-14 04:00:00
2021-07-14 16:57:45,606 [simulate_environment.py | 140] INFO: Start to update the input of 2021-07-14 04:10:00
2021-07-14 16:57:45,637 [simulate_environment.py | 167] INFO: Get 363 unallocated order items, 351 ongoing order items, 518 completed order items
2021-07-14 16:58:20,070 [simulate_environment.py | 253] INFO: 2021-07-14 04:10:00, Item 0214070244-1: state = 1 < 2, we can not finish the simulation
2021-07-14 16:58:20,089 [simulate_environment.py | 99] INFO: **************************************************
2021-07-14 16:58:20,090 [simulate_environment.py | 103] INFO: cur time: 2021-07-14 04:20:00, pre time: 2021-07-14 04:10:00
2021-07-14 16:58:20,091 [simulate_environment.py | 140] INFO: Start to update the input of 2021-07-14 04:20:00
2021-07-14 16:58:20,114 [simulate_environment.py | 167] INFO: Get 396 unallocated order items, 415 ongoing order items, 528 completed order items
2021-07-14 16:58:58,766 [simulate_environment.py | 253] INFO: 2021-07-14 04:20:00, Item 0214070244-1: state = 1 < 2, we can not finish the simulation
2021-07-14 16:58:58,781 [simulate_environment.py | 99] INFO: **************************************************
2021-07-14 16:58:58,782 [simulate_environment.py | 103] INFO: cur time: 2021-07-14 04:30:00, pre time: 2021-07-14 04:20:00
2021-07-14 16:58:58,783 [simulate_environment.py | 140] INFO: Start to update the input of 2021-07-14 04:30:00
2021-07-14 16:58:58,812 [simulate_environment.py | 167] INFO: Get 470 unallocated order items, 405 ongoing order items, 577 completed order items
2021-07-14 17:00:34,599 [simulate_environment.py | 253] INFO: 2021-07-14 04:30:00, Item 0214070244-1: state = 1 < 2, we can not finish the simulation
2021-07-14 17:00:34,616 [simulate_environment.py | 99] INFO: **************************************************
2021-07-14 17:00:34,617 [simulate_environment.py | 103] INFO: cur time: 2021-07-14 04:40:00, pre time: 2021-07-14 04:30:00
2021-07-14 17:00:34,618 [simulate_environment.py | 140] INFO: Start to update the input of 2021-07-14 04:40:00
2021-07-14 17:00:34,653 [simulate_environment.py | 167] INFO: Get 455 unallocated order items, 416 ongoing order items, 630 completed order items
2021-07-14 17:01:11,006 [simulate_environment.py | 253] INFO: 2021-07-14 04:40:00, Item 0214070244-1: state = 1 < 2, we can not finish the simulation
2021-07-14 17:01:11,024 [simulate_environment.py | 99] INFO: **************************************************
2021-07-14 17:01:11,025 [simulate_environment.py | 103] INFO: cur time: 2021-07-14 04:50:00, pre time: 2021-07-14 04:40:00
2021-07-14 17:01:11,026 [simulate_environment.py | 140] INFO: Start to update the input of 2021-07-14 04:50:00
2021-07-14 17:01:11,062 [simulate_environment.py | 167] INFO: Get 365 unallocated order items, 531 ongoing order items, 648 completed order items
2021-07-14 17:02:08,399 [simulate_environment.py | 253] INFO: 2021-07-14 04:50:00, Item 0214070244-1: state = 1 < 2, we can not finish the simulation
2021-07-14 17:02:08,419 [simulate_environment.py | 99] INFO: **************************************************
2021-07-14 17:02:08,420 [simulate_environment.py | 103] INFO: cur time: 2021-07-14 05:00:00, pre time: 2021-07-14 04:50:00
2021-07-14 17:02:08,421 [simulate_environment.py | 140] INFO: Start to update the input of 2021-07-14 05:00:00
2021-07-14 17:02:08,449 [simulate_environment.py | 167] INFO: Get 397 unallocated order items, 548 ongoing order items, 660 completed order items
2021-07-14 17:02:54,380 [simulate_environment.py | 253] INFO: 2021-07-14 05:00:00, Item 0252280295-1: state = 1 < 2, we can not finish the simulation
2021-07-14 17:02:54,404 [simulate_environment.py | 99] INFO: **************************************************
2021-07-14 17:02:54,404 [simulate_environment.py | 103] INFO: cur time: 2021-07-14 05:10:00, pre time: 2021-07-14 05:00:00
2021-07-14 17:02:54,405 [simulate_environment.py | 140] INFO: Start to update the input of 2021-07-14 05:10:00
2021-07-14 17:02:54,437 [simulate_environment.py | 167] INFO: Get 389 unallocated order items, 561 ongoing order items, 677 completed order items
2021-07-14 17:03:42,808 [simulate_environment.py | 253] INFO: 2021-07-14 05:10:00, Item 0252280295-1: state = 1 < 2, we can not finish the simulation
2021-07-14 17:03:42,830 [simulate_environment.py | 99] INFO: **************************************************
2021-07-14 17:03:42,831 [simulate_environment.py | 103] INFO: cur time: 2021-07-14 05:20:00, pre time: 2021-07-14 05:10:00
2021-07-14 17:03:42,831 [simulate_environment.py | 140] INFO: Start to update the input of 2021-07-14 05:20:00
2021-07-14 17:03:42,862 [simulate_environment.py | 167] INFO: Get 386 unallocated order items, 589 ongoing order items, 689 completed order items
2021-07-14 17:04:42,764 [simulate_environment.py | 253] INFO: 2021-07-14 05:20:00, Item 0252280295-1: state = 1 < 2, we can not finish the simulation
2021-07-14 17:04:42,792 [simulate_environment.py | 99] INFO: **************************************************
2021-07-14 17:04:42,793 [simulate_environment.py | 103] INFO: cur time: 2021-07-14 05:30:00, pre time: 2021-07-14 05:20:00
2021-07-14 17:04:42,794 [simulate_environment.py | 140] INFO: Start to update the input of 2021-07-14 05:30:00
2021-07-14 17:04:42,827 [simulate_environment.py | 167] INFO: Get 411 unallocated order items, 584 ongoing order items, 731 completed order items
2021-07-14 17:06:18,562 [simulate_environment.py | 253] INFO: 2021-07-14 05:30:00, Item 0252280295-1: state = 1 < 2, we can not finish the simulation
2021-07-14 17:06:18,585 [simulate_environment.py | 99] INFO: **************************************************
2021-07-14 17:06:18,586 [simulate_environment.py | 103] INFO: cur time: 2021-07-14 05:40:00, pre time: 2021-07-14 05:30:00
2021-07-14 17:06:18,587 [simulate_environment.py | 140] INFO: Start to update the input of 2021-07-14 05:40:00
2021-07-14 17:06:18,624 [simulate_environment.py | 167] INFO: Get 423 unallocated order items, 613 ongoing order items, 761 completed order items
2021-07-14 17:09:01,685 [simulate_environment.py | 253] INFO: 2021-07-14 05:40:00, Item 0252280295-1: state = 1 < 2, we can not finish the simulation
2021-07-14 17:09:01,714 [simulate_environment.py | 99] INFO: **************************************************
2021-07-14 17:09:01,715 [simulate_environment.py | 103] INFO: cur time: 2021-07-14 05:50:00, pre time: 2021-07-14 05:40:00
2021-07-14 17:09:01,716 [simulate_environment.py | 140] INFO: Start to update the input of 2021-07-14 05:50:00
2021-07-14 17:09:01,753 [simulate_environment.py | 167] INFO: Get 485 unallocated order items, 602 ongoing order items, 832 completed order items
2021-07-14 17:11:10,674 [simulate_environment.py | 253] INFO: 2021-07-14 05:50:00, Item 0310060326-1: state = 1 < 2, we can not finish the simulation
2021-07-14 17:11:10,698 [simulate_environment.py | 99] INFO: **************************************************
2021-07-14 17:11:10,699 [simulate_environment.py | 103] INFO: cur time: 2021-07-14 06:00:00, pre time: 2021-07-14 05:50:00
2021-07-14 17:11:10,699 [simulate_environment.py | 140] INFO: Start to update the input of 2021-07-14 06:00:00
2021-07-14 17:11:10,736 [simulate_environment.py | 167] INFO: Get 510 unallocated order items, 588 ongoing order items, 890 completed order items
2021-07-14 17:13:49,882 [simulate_environment.py | 253] INFO: 2021-07-14 06:00:00, Item 0310060326-1: state = 1 < 2, we can not finish the simulation
2021-07-14 17:13:49,914 [simulate_environment.py | 99] INFO: **************************************************
2021-07-14 17:13:49,915 [simulate_environment.py | 103] INFO: cur time: 2021-07-14 06:10:00, pre time: 2021-07-14 06:00:00
2021-07-14 17:13:49,916 [simulate_environment.py | 140] INFO: Start to update the input of 2021-07-14 06:10:00
2021-07-14 17:13:49,945 [simulate_environment.py | 167] INFO: Get 553 unallocated order items, 602 ongoing order items, 915 completed order items
2021-07-14 17:17:38,886 [simulate_environment.py | 253] INFO: 2021-07-14 06:10:00, Item 0310060326-1: state = 1 < 2, we can not finish the simulation
2021-07-14 17:17:38,915 [simulate_environment.py | 99] INFO: **************************************************
2021-07-14 17:17:38,916 [simulate_environment.py | 103] INFO: cur time: 2021-07-14 06:20:00, pre time: 2021-07-14 06:10:00
2021-07-14 17:17:38,916 [simulate_environment.py | 140] INFO: Start to update the input of 2021-07-14 06:20:00
2021-07-14 17:17:38,957 [simulate_environment.py | 167] INFO: Get 622 unallocated order items, 621 ongoing order items, 945 completed order items
2021-07-14 17:21:26,015 [simulate_environment.py | 253] INFO: 2021-07-14 06:20:00, Item 0310060326-1: state = 1 < 2, we can not finish the simulation
2021-07-14 17:21:26,050 [simulate_environment.py | 99] INFO: **************************************************
2021-07-14 17:21:26,051 [simulate_environment.py | 103] INFO: cur time: 2021-07-14 06:30:00, pre time: 2021-07-14 06:20:00
2021-07-14 17:21:26,051 [simulate_environment.py | 140] INFO: Start to update the input of 2021-07-14 06:30:00
2021-07-14 17:21:26,087 [simulate_environment.py | 167] INFO: Get 586 unallocated order items, 646 ongoing order items, 991 completed order items
2021-07-14 17:27:15,083 [simulate_environment.py | 253] INFO: 2021-07-14 06:30:00, Item 0354270480-1: state = 1 < 2, we can not finish the simulation
2021-07-14 17:27:15,112 [simulate_environment.py | 99] INFO: **************************************************
2021-07-14 17:27:15,113 [simulate_environment.py | 103] INFO: cur time: 2021-07-14 06:40:00, pre time: 2021-07-14 06:30:00
2021-07-14 17:27:15,114 [simulate_environment.py | 140] INFO: Start to update the input of 2021-07-14 06:40:00
2021-07-14 17:27:15,161 [simulate_environment.py | 167] INFO: Get 664 unallocated order items, 632 ongoing order items, 1036 completed order items
2021-07-14 17:35:28,413 [simulate_environment.py | 253] INFO: 2021-07-14 06:40:00, Item 0403590516-1: state = 1 < 2, we can not finish the simulation
2021-07-14 17:35:28,446 [simulate_environment.py | 99] INFO: **************************************************
2021-07-14 17:35:28,447 [simulate_environment.py | 103] INFO: cur time: 2021-07-14 06:50:00, pre time: 2021-07-14 06:40:00
2021-07-14 17:35:28,447 [simulate_environment.py | 140] INFO: Start to update the input of 2021-07-14 06:50:00
2021-07-14 17:35:28,497 [simulate_environment.py | 167] INFO: Get 729 unallocated order items, 617 ongoing order items, 1069 completed order items
2021-07-14 17:44:57,076 [simulate_environment.py | 253] INFO: 2021-07-14 06:50:00, Item 0403590516-1: state = 1 < 2, we can not finish the simulation
2021-07-14 17:44:57,115 [simulate_environment.py | 99] INFO: **************************************************
2021-07-14 17:44:57,116 [simulate_environment.py | 103] INFO: cur time: 2021-07-14 07:00:00, pre time: 2021-07-14 06:50:00
2021-07-14 17:44:57,117 [simulate_environment.py | 140] INFO: Start to update the input of 2021-07-14 07:00:00
2021-07-14 17:44:57,138 [simulate_environment.py | 167] INFO: Get 695 unallocated order items, 652 ongoing order items, 1095 completed order items
2021-07-14 17:53:59,061 [simulate_environment.py | 253] INFO: 2021-07-14 07:00:00, Item 0419030565-1: state = 1 < 2, we can not finish the simulation
2021-07-14 17:53:59,096 [simulate_environment.py | 99] INFO: **************************************************
2021-07-14 17:53:59,097 [simulate_environment.py | 103] INFO: cur time: 2021-07-14 07:10:00, pre time: 2021-07-14 07:00:00
2021-07-14 17:53:59,097 [simulate_environment.py | 140] INFO: Start to update the input of 2021-07-14 07:10:00
2021-07-14 17:53:59,138 [simulate_environment.py | 167] INFO: Get 691 unallocated order items, 629 ongoing order items, 1128 completed order items
2021-07-14 18:01:11,515 [simulate_environment.py | 253] INFO: 2021-07-14 07:10:00, Item 0419030565-1: state = 1 < 2, we can not finish the simulation
2021-07-14 18:01:11,551 [simulate_environment.py | 99] INFO: **************************************************
2021-07-14 18:01:11,552 [simulate_environment.py | 103] INFO: cur time: 2021-07-14 07:20:00, pre time: 2021-07-14 07:10:00
2021-07-14 18:01:11,553 [simulate_environment.py | 140] INFO: Start to update the input of 2021-07-14 07:20:00
2021-07-14 18:01:11,594 [simulate_environment.py | 167] INFO: Get 687 unallocated order items, 604 ongoing order items, 1159 completed order items
2021-07-14 18:08:00,976 [simulate_environment.py | 253] INFO: 2021-07-14 07:20:00, Item 0419030565-1: state = 1 < 2, we can not finish the simulation
2021-07-14 18:08:01,006 [simulate_environment.py | 99] INFO: **************************************************
2021-07-14 18:08:01,007 [simulate_environment.py | 103] INFO: cur time: 2021-07-14 07:30:00, pre time: 2021-07-14 07:20:00
2021-07-14 18:08:01,007 [simulate_environment.py | 140] INFO: Start to update the input of 2021-07-14 07:30:00
2021-07-14 18:08:01,060 [simulate_environment.py | 167] INFO: Get 661 unallocated order items, 606 ongoing order items, 1190 completed order items
2021-07-14 18:18:01,160 [json_tools.py   | 87] ERROR: Command 'python main_algorithm.py' timed out after 600 seconds
2021-07-14 18:36:35,521 [<ipython-input-2-6c912aa295a1> | 49] INFO: Start to run instance_64
2021-07-14 18:36:35,523 [simulate_api.py | 60] INFO: Start time of the simulator: 2021-07-14 00:00:00, time interval:  600.00
2021-07-14 18:36:35,537 [input_utils.py  | 48] INFO: Get 154 factories
