2021-07-15 10:29:55,334 [<ipython-input-1-6c912aa295a1> | 49] INFO: Start to run instance_64
2021-07-15 10:29:55,336 [simulate_api.py | 60] INFO: Start time of the simulator: 2021-07-15 00:00:00, time interval:  600.00
2021-07-15 10:29:55,352 [input_utils.py  | 48] INFO: Get 154 factories
2021-07-15 10:29:57,589 [input_utils.py  | 52] INFO: Get 23562 routes
2021-07-15 10:29:57,614 [input_utils.py  | 57] INFO: Get 100 vehicles
2021-07-15 10:29:58,295 [input_utils.py  | 61] INFO: Get 4000 orders
2021-07-15 10:29:58,296 [simulate_api.py | 87] INFO: Initial position of V_1 is e2d5093fbe36431f8986ddb0e1c586be
2021-07-15 10:29:58,299 [simulate_api.py | 87] INFO: Initial position of V_2 is 7fe14b93f0f04ee7a994ef5b2c1fdb72
2021-07-15 10:29:58,300 [simulate_api.py | 87] INFO: Initial position of V_3 is fa366fc87a124d32926daa5bb093129f
2021-07-15 10:29:58,300 [simulate_api.py | 87] INFO: Initial position of V_4 is e47399648fa842b2b8f80094343d8091
2021-07-15 10:29:58,301 [simulate_api.py | 87] INFO: Initial position of V_5 is becb4f85393540b287e7329758b8d832
2021-07-15 10:29:58,301 [simulate_api.py | 87] INFO: Initial position of V_6 is 7fb0acc4e2634440ba26a7ebc0040dc2
2021-07-15 10:29:58,302 [simulate_api.py | 87] INFO: Initial position of V_7 is 6380b13f12984a08a4994fb4c126215b
2021-07-15 10:29:58,304 [simulate_api.py | 87] INFO: Initial position of V_8 is 449b516ba21b4270ac1ea1b13a89514c
2021-07-15 10:29:58,305 [simulate_api.py | 87] INFO: Initial position of V_9 is c174cfe9fcbf4f1b82095941a49f7bd9
2021-07-15 10:29:58,306 [simulate_api.py | 87] INFO: Initial position of V_10 is c0979c05f2c44e6fa7c5e42ae9aa977e
2021-07-15 10:29:58,307 [simulate_api.py | 87] INFO: Initial position of V_11 is 4a85fbdd319140dd83f55766289d365f
2021-07-15 10:29:58,307 [simulate_api.py | 87] INFO: Initial position of V_12 is 61a68b6b728b4413ba6a0f695091579c
2021-07-15 10:29:58,308 [simulate_api.py | 87] INFO: Initial position of V_13 is 76d691d6054f42d48f27e16806928020
2021-07-15 10:29:58,309 [simulate_api.py | 87] INFO: Initial position of V_14 is 433544a316b84100a11a703f1b99494a
2021-07-15 10:29:58,309 [simulate_api.py | 87] INFO: Initial position of V_15 is 680ee12255ad415ab7838647f138778e
2021-07-15 10:29:58,310 [simulate_api.py | 87] INFO: Initial position of V_16 is 433544a316b84100a11a703f1b99494a
2021-07-15 10:29:58,310 [simulate_api.py | 87] INFO: Initial position of V_17 is 8479328003a8427ca68b7600f0ac7045
2021-07-15 10:29:58,311 [simulate_api.py | 87] INFO: Initial position of V_18 is 9b8851cf57f944c6b168ec887558ffaa
2021-07-15 10:29:58,311 [simulate_api.py | 87] INFO: Initial position of V_19 is 433901c139d54522a8f3790b07a335e5
2021-07-15 10:29:58,313 [simulate_api.py | 87] INFO: Initial position of V_20 is a6d6e6a52a0044e99991fc8fb0248027
2021-07-15 10:29:58,314 [simulate_api.py | 87] INFO: Initial position of V_21 is d1f8de642d734931be957336196d996d
2021-07-15 10:29:58,314 [simulate_api.py | 87] INFO: Initial position of V_22 is 773b0458659248f1938a61ddaeef55ef
2021-07-15 10:29:58,315 [simulate_api.py | 87] INFO: Initial position of V_23 is 6e4801bd12654045a5f3d63e2951594c
2021-07-15 10:29:58,315 [simulate_api.py | 87] INFO: Initial position of V_24 is e15ed46435514dda8bd6a420ab3e5d0b
2021-07-15 10:29:58,316 [simulate_api.py | 87] INFO: Initial position of V_25 is a678f7137f7e4debbc6bc4679cd2c1b4
2021-07-15 10:29:58,316 [simulate_api.py | 87] INFO: Initial position of V_26 is 32ab2049f3fb437881ff3912470d7840
2021-07-15 10:29:58,317 [simulate_api.py | 87] INFO: Initial position of V_27 is 773b0458659248f1938a61ddaeef55ef
2021-07-15 10:29:58,317 [simulate_api.py | 87] INFO: Initial position of V_28 is a6fefc4ac6f541cbbc7af963c13350f6
2021-07-15 10:29:58,318 [simulate_api.py | 87] INFO: Initial position of V_29 is aa61dc034d9240e9950b027ba204f5f0
2021-07-15 10:29:58,319 [simulate_api.py | 87] INFO: Initial position of V_30 is ef3171964da04ea7ac2e547f2441eff0
2021-07-15 10:29:58,319 [simulate_api.py | 87] INFO: Initial position of V_31 is 4780dc7fb51f4f5da3dea9e56c125fe6
2021-07-15 10:29:58,321 [simulate_api.py | 87] INFO: Initial position of V_32 is ffaae12a3c054da585696a96e880cf64
2021-07-15 10:29:58,321 [simulate_api.py | 87] INFO: Initial position of V_33 is c174cfe9fcbf4f1b82095941a49f7bd9
2021-07-15 10:29:58,322 [simulate_api.py | 87] INFO: Initial position of V_34 is f7ee272fbbba4f918bcd4f36ea053908
2021-07-15 10:29:58,323 [simulate_api.py | 87] INFO: Initial position of V_35 is af35b43e04df49b9b469a0018730faeb
2021-07-15 10:29:58,323 [simulate_api.py | 87] INFO: Initial position of V_36 is e47399648fa842b2b8f80094343d8091
2021-07-15 10:29:58,324 [simulate_api.py | 87] INFO: Initial position of V_37 is 00e5630fbb3c4ff4b753ac1e1c15d561
2021-07-15 10:29:58,325 [simulate_api.py | 87] INFO: Initial position of V_38 is 24b6bf044ee8473db7030d008fb422b5
2021-07-15 10:29:58,325 [simulate_api.py | 87] INFO: Initial position of V_39 is f5118fa189b742a897beec2f77de9b27
2021-07-15 10:29:58,326 [simulate_api.py | 87] INFO: Initial position of V_40 is 797fe83c0ac14a3c8724aa4d9ce0049a
2021-07-15 10:29:58,327 [simulate_api.py | 87] INFO: Initial position of V_41 is ce433928b8724d77bbe97ccb1e3312a5
2021-07-15 10:29:58,328 [simulate_api.py | 87] INFO: Initial position of V_42 is 9829a9e1f6874f28b33b57a7a42bb49f
2021-07-15 10:29:58,328 [simulate_api.py | 87] INFO: Initial position of V_43 is 1821ddf96fe14083ba213868cd82b840
2021-07-15 10:29:58,330 [simulate_api.py | 87] INFO: Initial position of V_44 is e2327ef4f46a40908e2b8ad97e855333
2021-07-15 10:29:58,331 [simulate_api.py | 87] INFO: Initial position of V_45 is 9f1a09c368584eba9e7f10a53d55caae
2021-07-15 10:29:58,331 [simulate_api.py | 87] INFO: Initial position of V_46 is 206128e3ee9a458d9cfd053cedc0fad6
2021-07-15 10:29:58,333 [simulate_api.py | 87] INFO: Initial position of V_47 is 0c589202a6584664939d46842080d019
2021-07-15 10:29:58,333 [simulate_api.py | 87] INFO: Initial position of V_48 is 081dc54492414061ae6c6e47bf7b8db5
2021-07-15 10:29:58,334 [simulate_api.py | 87] INFO: Initial position of V_49 is 5ec55e3f537d448d95144cec1cc37f54
2021-07-15 10:29:58,334 [simulate_api.py | 87] INFO: Initial position of V_50 is 5920212e6b0b46b198b9677bfe74f35d
2021-07-15 10:29:58,335 [simulate_api.py | 87] INFO: Initial position of V_51 is bdb72ae965bb4229a3b93402b5cd3d78
2021-07-15 10:29:58,335 [simulate_api.py | 87] INFO: Initial position of V_52 is 6fbe6d91a5f04b359e02bde29d349128
2021-07-15 10:29:58,336 [simulate_api.py | 87] INFO: Initial position of V_53 is 13b35cedb9274b359a8a666d67ef5538
2021-07-15 10:29:58,337 [simulate_api.py | 87] INFO: Initial position of V_54 is 1e93ab7137b643aab3f9b31fdb1c35a8
2021-07-15 10:29:58,338 [simulate_api.py | 87] INFO: Initial position of V_55 is 797fe83c0ac14a3c8724aa4d9ce0049a
2021-07-15 10:29:58,339 [simulate_api.py | 87] INFO: Initial position of V_56 is 7b84670cf4164cccba22ebb17a2c290a
2021-07-15 10:29:58,340 [simulate_api.py | 87] INFO: Initial position of V_57 is c56a0078468d4f1498be9e79f6bbd4c0
2021-07-15 10:29:58,341 [simulate_api.py | 87] INFO: Initial position of V_58 is becb4f85393540b287e7329758b8d832
2021-07-15 10:29:58,342 [simulate_api.py | 87] INFO: Initial position of V_59 is b854aac6ac2345789fbb3d155321216a
2021-07-15 10:29:58,343 [simulate_api.py | 87] INFO: Initial position of V_60 is 80cc1546ba7645e3964fd017e4af3299
2021-07-15 10:29:58,344 [simulate_api.py | 87] INFO: Initial position of V_61 is 449b516ba21b4270ac1ea1b13a89514c
2021-07-15 10:29:58,345 [simulate_api.py | 87] INFO: Initial position of V_62 is ffaae12a3c054da585696a96e880cf64
2021-07-15 10:29:58,346 [simulate_api.py | 87] INFO: Initial position of V_63 is e723c30f335b4391ad73fbccdfb67d1e
2021-07-15 10:29:58,347 [simulate_api.py | 87] INFO: Initial position of V_64 is e5dc8bf4da6a4112b4dfca025d6a8948
2021-07-15 10:29:58,348 [simulate_api.py | 87] INFO: Initial position of V_65 is 24b6bf044ee8473db7030d008fb422b5
2021-07-15 10:29:58,348 [simulate_api.py | 87] INFO: Initial position of V_66 is e2327ef4f46a40908e2b8ad97e855333
2021-07-15 10:29:58,349 [simulate_api.py | 87] INFO: Initial position of V_67 is 6ba3750e4eda425fae9db0cd825c39cd
2021-07-15 10:29:58,350 [simulate_api.py | 87] INFO: Initial position of V_68 is 4780dc7fb51f4f5da3dea9e56c125fe6
2021-07-15 10:29:58,351 [simulate_api.py | 87] INFO: Initial position of V_69 is 24b6bf044ee8473db7030d008fb422b5
2021-07-15 10:29:58,352 [simulate_api.py | 87] INFO: Initial position of V_70 is 9b40bfd6ca1c432498685540652a5a8b
2021-07-15 10:29:58,352 [simulate_api.py | 87] INFO: Initial position of V_71 is 707d2dad46ab496e97305cc2e3ae8cf2
2021-07-15 10:29:58,354 [simulate_api.py | 87] INFO: Initial position of V_72 is f7ee272fbbba4f918bcd4f36ea053908
2021-07-15 10:29:58,354 [simulate_api.py | 87] INFO: Initial position of V_73 is 797fe83c0ac14a3c8724aa4d9ce0049a
2021-07-15 10:29:58,355 [simulate_api.py | 87] INFO: Initial position of V_74 is 2445d4bd004c457d95957d6ecf77f759
2021-07-15 10:29:58,356 [simulate_api.py | 87] INFO: Initial position of V_75 is e2d5093fbe36431f8986ddb0e1c586be
2021-07-15 10:29:58,356 [simulate_api.py | 87] INFO: Initial position of V_76 is c56a0078468d4f1498be9e79f6bbd4c0
2021-07-15 10:29:58,357 [simulate_api.py | 87] INFO: Initial position of V_77 is 434ba7a94f63491a8cc6d6b913f54218
2021-07-15 10:29:58,358 [simulate_api.py | 87] INFO: Initial position of V_78 is bdb72ae965bb4229a3b93402b5cd3d78
2021-07-15 10:29:58,358 [simulate_api.py | 87] INFO: Initial position of V_79 is e723c30f335b4391ad73fbccdfb67d1e
2021-07-15 10:29:58,359 [simulate_api.py | 87] INFO: Initial position of V_80 is 6ac617af0ea04e9bbbc3b206d86d73a6
2021-07-15 10:29:58,360 [simulate_api.py | 87] INFO: Initial position of V_81 is 081dc54492414061ae6c6e47bf7b8db5
2021-07-15 10:29:58,361 [simulate_api.py | 87] INFO: Initial position of V_82 is 6ac617af0ea04e9bbbc3b206d86d73a6
2021-07-15 10:29:58,361 [simulate_api.py | 87] INFO: Initial position of V_83 is 9316c24ab8b9471fa75f9da67d0b7db2
2021-07-15 10:29:58,362 [simulate_api.py | 87] INFO: Initial position of V_84 is e47399648fa842b2b8f80094343d8091
2021-07-15 10:29:58,363 [simulate_api.py | 87] INFO: Initial position of V_85 is 1394dce6e0b24fc8ad3d0a807e490829
2021-07-15 10:29:58,364 [simulate_api.py | 87] INFO: Initial position of V_86 is ee187c7680604a9fa1f3d3837610c11a
2021-07-15 10:29:58,364 [simulate_api.py | 87] INFO: Initial position of V_87 is f5264a9b32c94706a8bc981ab961952a
2021-07-15 10:29:58,365 [simulate_api.py | 87] INFO: Initial position of V_88 is f7d977891ba84a7491024709803f38cc
2021-07-15 10:29:58,366 [simulate_api.py | 87] INFO: Initial position of V_89 is be79e1dcfff84bca9677a61c7fd5b5a6
2021-07-15 10:29:58,367 [simulate_api.py | 87] INFO: Initial position of V_90 is 77ec676ff9e348298044721c0fc2b690
2021-07-15 10:29:58,368 [simulate_api.py | 87] INFO: Initial position of V_91 is 7b84670cf4164cccba22ebb17a2c290a
2021-07-15 10:29:58,368 [simulate_api.py | 87] INFO: Initial position of V_92 is 6ba3750e4eda425fae9db0cd825c39cd
2021-07-15 10:29:58,369 [simulate_api.py | 87] INFO: Initial position of V_93 is fa91b55160e245edb77a213135cccd27
2021-07-15 10:29:58,370 [simulate_api.py | 87] INFO: Initial position of V_94 is b6dd694ae05541dba369a2a759d2c2b9
2021-07-15 10:29:58,371 [simulate_api.py | 87] INFO: Initial position of V_95 is 66b7f2fbd6a042c1bbd1b567d68daa56
2021-07-15 10:29:58,371 [simulate_api.py | 87] INFO: Initial position of V_96 is af35b43e04df49b9b469a0018730faeb
2021-07-15 10:29:58,372 [simulate_api.py | 87] INFO: Initial position of V_97 is 856895eda4fa41159b4aed0b71355cae
2021-07-15 10:29:58,373 [simulate_api.py | 87] INFO: Initial position of V_98 is 61a68b6b728b4413ba6a0f695091579c
2021-07-15 10:29:58,373 [simulate_api.py | 87] INFO: Initial position of V_99 is 9b40bfd6ca1c432498685540652a5a8b
2021-07-15 10:29:58,375 [simulate_api.py | 87] INFO: Initial position of V_100 is 7fe14b93f0f04ee7a994ef5b2c1fdb72
2021-07-15 10:29:58,387 [simulate_environment.py | 99] INFO: **************************************************
2021-07-15 10:29:58,388 [simulate_environment.py | 103] INFO: cur time: 2021-07-15 00:10:00, pre time: 2021-07-15 00:00:00
2021-07-15 10:29:58,388 [simulate_environment.py | 140] INFO: Start to update the input of 2021-07-15 00:10:00
2021-07-15 10:29:58,394 [simulate_environment.py | 167] INFO: Get 108 unallocated order items, 0 ongoing order items, 0 completed order items
2021-07-15 10:30:03,999 [simulate_environment.py | 253] INFO: 2021-07-15 00:10:00, Item 0000030001-1: state = 1 < 2, we can not finish the simulation
2021-07-15 10:30:04,001 [simulate_environment.py | 99] INFO: **************************************************
2021-07-15 10:30:04,001 [simulate_environment.py | 103] INFO: cur time: 2021-07-15 00:20:00, pre time: 2021-07-15 00:10:00
2021-07-15 10:30:04,002 [simulate_environment.py | 140] INFO: Start to update the input of 2021-07-15 00:20:00
2021-07-15 10:30:04,027 [simulate_environment.py | 167] INFO: Get 96 unallocated order items, 97 ongoing order items, 0 completed order items
2021-07-15 10:30:08,939 [simulate_environment.py | 253] INFO: 2021-07-15 00:20:00, Item 0001280007-1: state = 1 < 2, we can not finish the simulation
2021-07-15 10:30:08,946 [simulate_environment.py | 99] INFO: **************************************************
2021-07-15 10:30:08,946 [simulate_environment.py | 103] INFO: cur time: 2021-07-15 00:30:00, pre time: 2021-07-15 00:20:00
2021-07-15 10:30:08,947 [simulate_environment.py | 140] INFO: Start to update the input of 2021-07-15 00:30:00
2021-07-15 10:30:08,961 [simulate_environment.py | 167] INFO: Get 156 unallocated order items, 128 ongoing order items, 0 completed order items
2021-07-15 10:30:15,727 [simulate_environment.py | 253] INFO: 2021-07-15 00:30:00, Item 0001280007-1: state = 1 < 2, we can not finish the simulation
2021-07-15 10:30:15,732 [simulate_environment.py | 99] INFO: **************************************************
2021-07-15 10:30:15,733 [simulate_environment.py | 103] INFO: cur time: 2021-07-15 00:40:00, pre time: 2021-07-15 00:30:00
2021-07-15 10:30:15,733 [simulate_environment.py | 140] INFO: Start to update the input of 2021-07-15 00:40:00
2021-07-15 10:30:15,766 [simulate_environment.py | 167] INFO: Get 245 unallocated order items, 144 ongoing order items, 0 completed order items
2021-07-15 10:30:22,108 [simulate_environment.py | 253] INFO: 2021-07-15 00:40:00, Item 0001280007-1: state = 1 < 2, we can not finish the simulation
2021-07-15 10:30:22,123 [simulate_environment.py | 99] INFO: **************************************************
2021-07-15 10:30:22,125 [simulate_environment.py | 103] INFO: cur time: 2021-07-15 00:50:00, pre time: 2021-07-15 00:40:00
2021-07-15 10:30:22,127 [simulate_environment.py | 140] INFO: Start to update the input of 2021-07-15 00:50:00
2021-07-15 10:30:22,157 [simulate_environment.py | 167] INFO: Get 261 unallocated order items, 184 ongoing order items, 16 completed order items
2021-07-15 10:30:27,120 [simulate_environment.py | 253] INFO: 2021-07-15 00:50:00, Item 0001280007-1: state = 1 < 2, we can not finish the simulation
2021-07-15 10:30:27,131 [simulate_environment.py | 99] INFO: **************************************************
2021-07-15 10:30:27,132 [simulate_environment.py | 103] INFO: cur time: 2021-07-15 01:00:00, pre time: 2021-07-15 00:50:00
2021-07-15 10:30:27,134 [simulate_environment.py | 140] INFO: Start to update the input of 2021-07-15 01:00:00
2021-07-15 10:30:27,147 [simulate_environment.py | 167] INFO: Get 230 unallocated order items, 245 ongoing order items, 42 completed order items
2021-07-15 10:30:32,819 [simulate_environment.py | 253] INFO: 2021-07-15 01:00:00, Item 0003130013-1: state = 1 < 2, we can not finish the simulation
2021-07-15 10:30:32,828 [simulate_environment.py | 99] INFO: **************************************************
2021-07-15 10:30:32,829 [simulate_environment.py | 103] INFO: cur time: 2021-07-15 01:10:00, pre time: 2021-07-15 01:00:00
2021-07-15 10:30:32,829 [simulate_environment.py | 140] INFO: Start to update the input of 2021-07-15 01:10:00
2021-07-15 10:30:32,862 [simulate_environment.py | 167] INFO: Get 232 unallocated order items, 281 ongoing order items, 46 completed order items
2021-07-15 10:30:36,877 [simulate_environment.py | 253] INFO: 2021-07-15 01:10:00, Item 0003130013-1: state = 1 < 2, we can not finish the simulation
2021-07-15 10:30:36,887 [simulate_environment.py | 99] INFO: **************************************************
2021-07-15 10:30:36,887 [simulate_environment.py | 103] INFO: cur time: 2021-07-15 01:20:00, pre time: 2021-07-15 01:10:00
2021-07-15 10:30:36,888 [simulate_environment.py | 140] INFO: Start to update the input of 2021-07-15 01:20:00
2021-07-15 10:30:36,915 [simulate_environment.py | 167] INFO: Get 199 unallocated order items, 298 ongoing order items, 62 completed order items
2021-07-15 10:30:40,337 [simulate_environment.py | 253] INFO: 2021-07-15 01:20:00, Item 0003130013-1: state = 1 < 2, we can not finish the simulation
2021-07-15 10:30:40,348 [simulate_environment.py | 99] INFO: **************************************************
2021-07-15 10:30:40,348 [simulate_environment.py | 103] INFO: cur time: 2021-07-15 01:30:00, pre time: 2021-07-15 01:20:00
2021-07-15 10:30:40,349 [simulate_environment.py | 140] INFO: Start to update the input of 2021-07-15 01:30:00
2021-07-15 10:30:40,374 [simulate_environment.py | 167] INFO: Get 179 unallocated order items, 283 ongoing order items, 97 completed order items
2021-07-15 10:30:43,272 [simulate_environment.py | 253] INFO: 2021-07-15 01:30:00, Item 0003130013-1: state = 1 < 2, we can not finish the simulation
2021-07-15 10:30:43,280 [simulate_environment.py | 99] INFO: **************************************************
2021-07-15 10:30:43,280 [simulate_environment.py | 103] INFO: cur time: 2021-07-15 01:40:00, pre time: 2021-07-15 01:30:00
2021-07-15 10:30:43,281 [simulate_environment.py | 140] INFO: Start to update the input of 2021-07-15 01:40:00
2021-07-15 10:30:43,306 [simulate_environment.py | 167] INFO: Get 119 unallocated order items, 321 ongoing order items, 119 completed order items
2021-07-15 10:30:46,349 [simulate_environment.py | 253] INFO: 2021-07-15 01:40:00, Item 0003130013-1: state = 1 < 2, we can not finish the simulation
2021-07-15 10:30:46,358 [simulate_environment.py | 99] INFO: **************************************************
2021-07-15 10:30:46,359 [simulate_environment.py | 103] INFO: cur time: 2021-07-15 01:50:00, pre time: 2021-07-15 01:40:00
2021-07-15 10:30:46,359 [simulate_environment.py | 140] INFO: Start to update the input of 2021-07-15 01:50:00
2021-07-15 10:30:46,385 [simulate_environment.py | 167] INFO: Get 103 unallocated order items, 299 ongoing order items, 160 completed order items
2021-07-15 10:30:49,325 [simulate_environment.py | 253] INFO: 2021-07-15 01:50:00, Item 0012180045-18: state = 1 < 2, we can not finish the simulation
2021-07-15 10:30:49,333 [simulate_environment.py | 99] INFO: **************************************************
2021-07-15 10:30:49,333 [simulate_environment.py | 103] INFO: cur time: 2021-07-15 02:00:00, pre time: 2021-07-15 01:50:00
2021-07-15 10:30:49,334 [simulate_environment.py | 140] INFO: Start to update the input of 2021-07-15 02:00:00
2021-07-15 10:30:49,343 [simulate_environment.py | 167] INFO: Get 74 unallocated order items, 304 ongoing order items, 186 completed order items
2021-07-15 10:30:52,515 [simulate_environment.py | 253] INFO: 2021-07-15 02:00:00, Item 0012180045-18: state = 1 < 2, we can not finish the simulation
2021-07-15 10:30:52,525 [simulate_environment.py | 99] INFO: **************************************************
2021-07-15 10:30:52,526 [simulate_environment.py | 103] INFO: cur time: 2021-07-15 02:10:00, pre time: 2021-07-15 02:00:00
2021-07-15 10:30:52,526 [simulate_environment.py | 140] INFO: Start to update the input of 2021-07-15 02:10:00
2021-07-15 10:30:52,556 [simulate_environment.py | 167] INFO: Get 73 unallocated order items, 277 ongoing order items, 222 completed order items
2021-07-15 10:30:55,505 [simulate_environment.py | 253] INFO: 2021-07-15 02:10:00, Item 0012180045-18: state = 1 < 2, we can not finish the simulation
2021-07-15 10:30:55,513 [simulate_environment.py | 99] INFO: **************************************************
2021-07-15 10:30:55,515 [simulate_environment.py | 103] INFO: cur time: 2021-07-15 02:20:00, pre time: 2021-07-15 02:10:00
2021-07-15 10:30:55,516 [simulate_environment.py | 140] INFO: Start to update the input of 2021-07-15 02:20:00
2021-07-15 10:30:55,539 [simulate_environment.py | 167] INFO: Get 95 unallocated order items, 261 ongoing order items, 243 completed order items
2021-07-15 10:30:59,686 [simulate_environment.py | 253] INFO: 2021-07-15 02:20:00, Item 0012180045-18: state = 1 < 2, we can not finish the simulation
2021-07-15 10:30:59,695 [simulate_environment.py | 99] INFO: **************************************************
2021-07-15 10:30:59,696 [simulate_environment.py | 103] INFO: cur time: 2021-07-15 02:30:00, pre time: 2021-07-15 02:20:00
2021-07-15 10:30:59,697 [simulate_environment.py | 140] INFO: Start to update the input of 2021-07-15 02:30:00
2021-07-15 10:30:59,722 [simulate_environment.py | 167] INFO: Get 116 unallocated order items, 256 ongoing order items, 266 completed order items
2021-07-15 10:31:03,258 [simulate_environment.py | 253] INFO: 2021-07-15 02:30:00, Item 0033240131-1: state = 1 < 2, we can not finish the simulation
2021-07-15 10:31:03,266 [simulate_environment.py | 99] INFO: **************************************************
2021-07-15 10:31:03,267 [simulate_environment.py | 103] INFO: cur time: 2021-07-15 02:40:00, pre time: 2021-07-15 02:30:00
2021-07-15 10:31:03,268 [simulate_environment.py | 140] INFO: Start to update the input of 2021-07-15 02:40:00
2021-07-15 10:31:03,288 [simulate_environment.py | 167] INFO: Get 146 unallocated order items, 249 ongoing order items, 278 completed order items
2021-07-15 10:31:06,988 [simulate_environment.py | 253] INFO: 2021-07-15 02:40:00, Item 0033240131-1: state = 1 < 2, we can not finish the simulation
2021-07-15 10:31:06,997 [simulate_environment.py | 99] INFO: **************************************************
2021-07-15 10:31:06,998 [simulate_environment.py | 103] INFO: cur time: 2021-07-15 02:50:00, pre time: 2021-07-15 02:40:00
2021-07-15 10:31:06,999 [simulate_environment.py | 140] INFO: Start to update the input of 2021-07-15 02:50:00
2021-07-15 10:31:07,015 [simulate_environment.py | 167] INFO: Get 161 unallocated order items, 246 ongoing order items, 297 completed order items
2021-07-15 10:31:10,492 [simulate_environment.py | 253] INFO: 2021-07-15 02:50:00, Item 0033560135-1: state = 1 < 2, we can not finish the simulation
2021-07-15 10:31:10,501 [simulate_environment.py | 99] INFO: **************************************************
2021-07-15 10:31:10,502 [simulate_environment.py | 103] INFO: cur time: 2021-07-15 03:00:00, pre time: 2021-07-15 02:50:00
2021-07-15 10:31:10,502 [simulate_environment.py | 140] INFO: Start to update the input of 2021-07-15 03:00:00
2021-07-15 10:31:10,531 [simulate_environment.py | 167] INFO: Get 178 unallocated order items, 233 ongoing order items, 333 completed order items
2021-07-15 10:31:14,090 [simulate_environment.py | 253] INFO: 2021-07-15 03:00:00, Item 0033560135-1: state = 1 < 2, we can not finish the simulation
2021-07-15 10:31:14,098 [simulate_environment.py | 99] INFO: **************************************************
2021-07-15 10:31:14,099 [simulate_environment.py | 103] INFO: cur time: 2021-07-15 03:10:00, pre time: 2021-07-15 03:00:00
2021-07-15 10:31:14,099 [simulate_environment.py | 140] INFO: Start to update the input of 2021-07-15 03:10:00
2021-07-15 10:31:14,130 [simulate_environment.py | 167] INFO: Get 224 unallocated order items, 245 ongoing order items, 336 completed order items
2021-07-15 10:31:20,184 [simulate_environment.py | 253] INFO: 2021-07-15 03:10:00, Item 0033560135-1: state = 1 < 2, we can not finish the simulation
2021-07-15 10:31:20,194 [simulate_environment.py | 99] INFO: **************************************************
2021-07-15 10:31:20,195 [simulate_environment.py | 103] INFO: cur time: 2021-07-15 03:20:00, pre time: 2021-07-15 03:10:00
2021-07-15 10:31:20,196 [simulate_environment.py | 140] INFO: Start to update the input of 2021-07-15 03:20:00
2021-07-15 10:31:20,223 [simulate_environment.py | 167] INFO: Get 220 unallocated order items, 279 ongoing order items, 365 completed order items
2021-07-15 10:31:26,537 [simulate_environment.py | 253] INFO: 2021-07-15 03:20:00, Item 0033560135-1: state = 1 < 2, we can not finish the simulation
2021-07-15 10:31:26,547 [simulate_environment.py | 99] INFO: **************************************************
2021-07-15 10:31:26,549 [simulate_environment.py | 103] INFO: cur time: 2021-07-15 03:30:00, pre time: 2021-07-15 03:20:00
2021-07-15 10:31:26,550 [simulate_environment.py | 140] INFO: Start to update the input of 2021-07-15 03:30:00
2021-07-15 10:31:26,581 [simulate_environment.py | 167] INFO: Get 231 unallocated order items, 284 ongoing order items, 395 completed order items
2021-07-15 10:31:39,479 [simulate_environment.py | 253] INFO: 2021-07-15 03:30:00, Item 0033560135-1: state = 1 < 2, we can not finish the simulation
2021-07-15 10:31:39,491 [simulate_environment.py | 99] INFO: **************************************************
2021-07-15 10:31:39,492 [simulate_environment.py | 103] INFO: cur time: 2021-07-15 03:40:00, pre time: 2021-07-15 03:30:00
2021-07-15 10:31:39,493 [simulate_environment.py | 140] INFO: Start to update the input of 2021-07-15 03:40:00
2021-07-15 10:31:39,511 [simulate_environment.py | 167] INFO: Get 307 unallocated order items, 331 ongoing order items, 400 completed order items
2021-07-15 10:31:54,999 [simulate_environment.py | 253] INFO: 2021-07-15 03:40:00, Item 0033560135-1: state = 1 < 2, we can not finish the simulation
2021-07-15 10:31:55,014 [simulate_environment.py | 99] INFO: **************************************************
2021-07-15 10:31:55,015 [simulate_environment.py | 103] INFO: cur time: 2021-07-15 03:50:00, pre time: 2021-07-15 03:40:00
2021-07-15 10:31:55,017 [simulate_environment.py | 140] INFO: Start to update the input of 2021-07-15 03:50:00
2021-07-15 10:31:55,044 [simulate_environment.py | 167] INFO: Get 324 unallocated order items, 324 ongoing order items, 464 completed order items
2021-07-15 10:32:07,457 [simulate_environment.py | 253] INFO: 2021-07-15 03:50:00, Item 0144170230-1: state = 1 < 2, we can not finish the simulation
2021-07-15 10:32:07,470 [simulate_environment.py | 99] INFO: **************************************************
2021-07-15 10:32:07,471 [simulate_environment.py | 103] INFO: cur time: 2021-07-15 04:00:00, pre time: 2021-07-15 03:50:00
2021-07-15 10:32:07,472 [simulate_environment.py | 140] INFO: Start to update the input of 2021-07-15 04:00:00
2021-07-15 10:32:07,501 [simulate_environment.py | 167] INFO: Get 349 unallocated order items, 357 ongoing order items, 475 completed order items
2021-07-15 10:32:15,261 [simulate_environment.py | 253] INFO: 2021-07-15 04:00:00, Item 0144170230-1: state = 1 < 2, we can not finish the simulation
2021-07-15 10:32:15,276 [simulate_environment.py | 99] INFO: **************************************************
2021-07-15 10:32:15,277 [simulate_environment.py | 103] INFO: cur time: 2021-07-15 04:10:00, pre time: 2021-07-15 04:00:00
2021-07-15 10:32:15,278 [simulate_environment.py | 140] INFO: Start to update the input of 2021-07-15 04:10:00
2021-07-15 10:32:15,310 [simulate_environment.py | 167] INFO: Get 335 unallocated order items, 406 ongoing order items, 491 completed order items
2021-07-15 10:32:26,175 [simulate_environment.py | 253] INFO: 2021-07-15 04:10:00, Item 0144170230-1: state = 1 < 2, we can not finish the simulation
2021-07-15 10:32:26,189 [simulate_environment.py | 99] INFO: **************************************************
2021-07-15 10:32:26,189 [simulate_environment.py | 103] INFO: cur time: 2021-07-15 04:20:00, pre time: 2021-07-15 04:10:00
2021-07-15 10:32:26,190 [simulate_environment.py | 140] INFO: Start to update the input of 2021-07-15 04:20:00
2021-07-15 10:32:26,204 [simulate_environment.py | 167] INFO: Get 395 unallocated order items, 441 ongoing order items, 503 completed order items
2021-07-15 10:32:38,362 [simulate_environment.py | 253] INFO: 2021-07-15 04:20:00, Item 0144170230-1: state = 1 < 2, we can not finish the simulation
2021-07-15 10:32:38,380 [simulate_environment.py | 99] INFO: **************************************************
2021-07-15 10:32:38,381 [simulate_environment.py | 103] INFO: cur time: 2021-07-15 04:30:00, pre time: 2021-07-15 04:20:00
2021-07-15 10:32:38,382 [simulate_environment.py | 140] INFO: Start to update the input of 2021-07-15 04:30:00
2021-07-15 10:32:38,419 [simulate_environment.py | 167] INFO: Get 459 unallocated order items, 416 ongoing order items, 577 completed order items
2021-07-15 10:32:55,534 [simulate_environment.py | 253] INFO: 2021-07-15 04:30:00, Item 0144170230-1: state = 1 < 2, we can not finish the simulation
2021-07-15 10:32:55,557 [simulate_environment.py | 99] INFO: **************************************************
2021-07-15 10:32:55,557 [simulate_environment.py | 103] INFO: cur time: 2021-07-15 04:40:00, pre time: 2021-07-15 04:30:00
2021-07-15 10:32:55,558 [simulate_environment.py | 140] INFO: Start to update the input of 2021-07-15 04:40:00
2021-07-15 10:32:55,575 [simulate_environment.py | 167] INFO: Get 429 unallocated order items, 454 ongoing order items, 618 completed order items
2021-07-15 10:33:21,940 [simulate_environment.py | 253] INFO: 2021-07-15 04:40:00, Item 0144170230-1: state = 1 < 2, we can not finish the simulation
2021-07-15 10:33:21,961 [simulate_environment.py | 99] INFO: **************************************************
2021-07-15 10:33:21,962 [simulate_environment.py | 103] INFO: cur time: 2021-07-15 04:50:00, pre time: 2021-07-15 04:40:00
2021-07-15 10:33:21,962 [simulate_environment.py | 140] INFO: Start to update the input of 2021-07-15 04:50:00
2021-07-15 10:33:21,994 [simulate_environment.py | 167] INFO: Get 390 unallocated order items, 492 ongoing order items, 662 completed order items
2021-07-15 10:33:47,775 [simulate_environment.py | 253] INFO: 2021-07-15 04:50:00, Item 0144170230-1: state = 1 < 2, we can not finish the simulation
2021-07-15 10:33:47,795 [simulate_environment.py | 99] INFO: **************************************************
2021-07-15 10:33:47,796 [simulate_environment.py | 103] INFO: cur time: 2021-07-15 05:00:00, pre time: 2021-07-15 04:50:00
2021-07-15 10:33:47,797 [simulate_environment.py | 140] INFO: Start to update the input of 2021-07-15 05:00:00
2021-07-15 10:33:47,816 [simulate_environment.py | 167] INFO: Get 425 unallocated order items, 498 ongoing order items, 682 completed order items
2021-07-15 10:34:21,853 [simulate_environment.py | 253] INFO: 2021-07-15 05:00:00, Item 0144170230-1: state = 1 < 2, we can not finish the simulation
2021-07-15 10:34:21,874 [simulate_environment.py | 99] INFO: **************************************************
2021-07-15 10:34:21,875 [simulate_environment.py | 103] INFO: cur time: 2021-07-15 05:10:00, pre time: 2021-07-15 05:00:00
2021-07-15 10:34:21,877 [simulate_environment.py | 140] INFO: Start to update the input of 2021-07-15 05:10:00
2021-07-15 10:34:21,913 [simulate_environment.py | 167] INFO: Get 401 unallocated order items, 525 ongoing order items, 701 completed order items
2021-07-15 10:34:40,060 [simulate_environment.py | 253] INFO: 2021-07-15 05:10:00, Item 0144170230-1: state = 1 < 2, we can not finish the simulation
2021-07-15 10:34:40,089 [simulate_environment.py | 99] INFO: **************************************************
2021-07-15 10:34:40,089 [simulate_environment.py | 103] INFO: cur time: 2021-07-15 05:20:00, pre time: 2021-07-15 05:10:00
2021-07-15 10:34:40,090 [simulate_environment.py | 140] INFO: Start to update the input of 2021-07-15 05:20:00
2021-07-15 10:34:40,124 [simulate_environment.py | 167] INFO: Get 416 unallocated order items, 506 ongoing order items, 742 completed order items
2021-07-15 10:35:08,259 [simulate_environment.py | 253] INFO: 2021-07-15 05:20:00, Item 0302000302-1: state = 1 < 2, we can not finish the simulation
2021-07-15 10:35:08,282 [simulate_environment.py | 99] INFO: **************************************************
2021-07-15 10:35:08,284 [simulate_environment.py | 103] INFO: cur time: 2021-07-15 05:30:00, pre time: 2021-07-15 05:20:00
2021-07-15 10:35:08,284 [simulate_environment.py | 140] INFO: Start to update the input of 2021-07-15 05:30:00
2021-07-15 10:35:08,301 [simulate_environment.py | 167] INFO: Get 457 unallocated order items, 509 ongoing order items, 760 completed order items
2021-07-15 10:35:44,910 [simulate_environment.py | 253] INFO: 2021-07-15 05:30:00, Item 0302000302-1: state = 1 < 2, we can not finish the simulation
2021-07-15 10:35:44,930 [simulate_environment.py | 99] INFO: **************************************************
2021-07-15 10:35:44,931 [simulate_environment.py | 103] INFO: cur time: 2021-07-15 05:40:00, pre time: 2021-07-15 05:30:00
2021-07-15 10:35:44,932 [simulate_environment.py | 140] INFO: Start to update the input of 2021-07-15 05:40:00
2021-07-15 10:35:44,964 [simulate_environment.py | 167] INFO: Get 467 unallocated order items, 544 ongoing order items, 786 completed order items
2021-07-15 10:36:17,761 [simulate_environment.py | 253] INFO: 2021-07-15 05:40:00, Item 0302000302-1: state = 1 < 2, we can not finish the simulation
2021-07-15 10:36:17,788 [simulate_environment.py | 99] INFO: **************************************************
2021-07-15 10:36:17,789 [simulate_environment.py | 103] INFO: cur time: 2021-07-15 05:50:00, pre time: 2021-07-15 05:40:00
2021-07-15 10:36:17,790 [simulate_environment.py | 140] INFO: Start to update the input of 2021-07-15 05:50:00
2021-07-15 10:36:17,815 [simulate_environment.py | 167] INFO: Get 551 unallocated order items, 562 ongoing order items, 806 completed order items
2021-07-15 10:36:41,948 [simulate_environment.py | 253] INFO: 2021-07-15 05:50:00, Item 0302000302-1: state = 1 < 2, we can not finish the simulation
2021-07-15 10:36:41,978 [simulate_environment.py | 99] INFO: **************************************************
2021-07-15 10:36:41,979 [simulate_environment.py | 103] INFO: cur time: 2021-07-15 06:00:00, pre time: 2021-07-15 05:50:00
2021-07-15 10:36:41,979 [simulate_environment.py | 140] INFO: Start to update the input of 2021-07-15 06:00:00
2021-07-15 10:36:42,015 [simulate_environment.py | 167] INFO: Get 597 unallocated order items, 567 ongoing order items, 824 completed order items
2021-07-15 10:37:11,891 [simulate_environment.py | 253] INFO: 2021-07-15 06:00:00, Item 0304490311-1: state = 1 < 2, we can not finish the simulation
2021-07-15 10:37:11,918 [simulate_environment.py | 99] INFO: **************************************************
2021-07-15 10:37:11,919 [simulate_environment.py | 103] INFO: cur time: 2021-07-15 06:10:00, pre time: 2021-07-15 06:00:00
2021-07-15 10:37:11,919 [simulate_environment.py | 140] INFO: Start to update the input of 2021-07-15 06:10:00
2021-07-15 10:37:11,941 [simulate_environment.py | 167] INFO: Get 634 unallocated order items, 576 ongoing order items, 860 completed order items
2021-07-15 10:37:49,849 [simulate_environment.py | 253] INFO: 2021-07-15 06:10:00, Item 0304490311-1: state = 1 < 2, we can not finish the simulation
2021-07-15 10:37:49,878 [simulate_environment.py | 99] INFO: **************************************************
2021-07-15 10:37:49,879 [simulate_environment.py | 103] INFO: cur time: 2021-07-15 06:20:00, pre time: 2021-07-15 06:10:00
2021-07-15 10:37:49,879 [simulate_environment.py | 140] INFO: Start to update the input of 2021-07-15 06:20:00
2021-07-15 10:37:49,919 [simulate_environment.py | 167] INFO: Get 714 unallocated order items, 556 ongoing order items, 918 completed order items
2021-07-15 10:38:38,341 [simulate_environment.py | 253] INFO: 2021-07-15 06:20:00, Item 0310090327-1: state = 1 < 2, we can not finish the simulation
2021-07-15 10:38:38,375 [simulate_environment.py | 99] INFO: **************************************************
2021-07-15 10:38:38,376 [simulate_environment.py | 103] INFO: cur time: 2021-07-15 06:30:00, pre time: 2021-07-15 06:20:00
2021-07-15 10:38:38,376 [simulate_environment.py | 140] INFO: Start to update the input of 2021-07-15 06:30:00
2021-07-15 10:38:38,410 [simulate_environment.py | 167] INFO: Get 730 unallocated order items, 543 ongoing order items, 950 completed order items
2021-07-15 10:39:44,708 [simulate_environment.py | 253] INFO: 2021-07-15 06:30:00, Item 0310090327-1: state = 1 < 2, we can not finish the simulation
2021-07-15 10:39:44,738 [simulate_environment.py | 99] INFO: **************************************************
2021-07-15 10:39:44,739 [simulate_environment.py | 103] INFO: cur time: 2021-07-15 06:40:00, pre time: 2021-07-15 06:30:00
2021-07-15 10:39:44,740 [simulate_environment.py | 140] INFO: Start to update the input of 2021-07-15 06:40:00
2021-07-15 10:39:44,767 [simulate_environment.py | 167] INFO: Get 807 unallocated order items, 525 ongoing order items, 1000 completed order items
2021-07-15 10:40:31,008 [checker.py      | 171] WARNING: V_3 has adjacent-duplicated nodes which are encouraged to be combined in one.
2021-07-15 10:40:31,010 [checker.py      | 171] WARNING: V_6 has adjacent-duplicated nodes which are encouraged to be combined in one.
2021-07-15 10:40:31,013 [checker.py      | 75] ERROR: Vehicle V_11 violates the LIFO constraint
2021-07-15 10:40:31,014 [simulate_environment.py | 115] ERROR: Dispatch result is infeasible
2021-07-15 10:40:31,028 [<ipython-input-1-6c912aa295a1> | 54] INFO: Score of instance_64: 9223372036854775807
