2021-07-14 02:42:29,431 [<ipython-input-1-35521dce9a68> | 49] INFO: Start to run instance_7
2021-07-14 02:42:29,432 [simulate_api.py | 60] INFO: Start time of the simulator: 2021-07-14 00:00:00, time interval:  600.00
2021-07-14 02:42:29,445 [input_utils.py  | 48] INFO: Get 154 factories
2021-07-14 02:42:31,467 [input_utils.py  | 52] INFO: Get 23562 routes
2021-07-14 02:42:31,496 [input_utils.py  | 57] INFO: Get 5 vehicles
2021-07-14 02:42:31,513 [input_utils.py  | 61] INFO: Get 50 orders
2021-07-14 02:42:31,515 [simulate_api.py | 87] INFO: Initial position of V_1 is e2d5093fbe36431f8986ddb0e1c586be
2021-07-14 02:42:31,524 [simulate_api.py | 87] INFO: Initial position of V_2 is 7fe14b93f0f04ee7a994ef5b2c1fdb72
2021-07-14 02:42:31,525 [simulate_api.py | 87] INFO: Initial position of V_3 is fa366fc87a124d32926daa5bb093129f
2021-07-14 02:42:31,526 [simulate_api.py | 87] INFO: Initial position of V_4 is e47399648fa842b2b8f80094343d8091
2021-07-14 02:42:31,527 [simulate_api.py | 87] INFO: Initial position of V_5 is becb4f85393540b287e7329758b8d832
2021-07-14 02:42:31,529 [simulate_environment.py | 99] INFO: **************************************************
2021-07-14 02:42:31,530 [simulate_environment.py | 103] INFO: cur time: 2021-07-14 00:10:00, pre time: 2021-07-14 00:00:00
2021-07-14 02:42:31,531 [simulate_environment.py | 140] INFO: Start to update the input of 2021-07-14 00:10:00
2021-07-14 02:42:31,532 [simulate_environment.py | 167] INFO: Get 1 unallocated order items, 0 ongoing order items, 0 completed order items
2021-07-14 02:42:34,373 [simulate_environment.py | 253] INFO: 2021-07-14 00:10:00, Item 0002470001-1: state = 1 < 2, we can not finish the simulation
2021-07-14 02:42:34,374 [simulate_environment.py | 99] INFO: **************************************************
2021-07-14 02:42:34,375 [simulate_environment.py | 103] INFO: cur time: 2021-07-14 00:20:00, pre time: 2021-07-14 00:10:00
2021-07-14 02:42:34,375 [simulate_environment.py | 140] INFO: Start to update the input of 2021-07-14 00:20:00
2021-07-14 02:42:34,390 [simulate_environment.py | 167] INFO: Get 1 unallocated order items, 0 ongoing order items, 0 completed order items
2021-07-14 02:42:36,867 [simulate_environment.py | 253] INFO: 2021-07-14 00:20:00, Item 0002470001-1: state = 1 < 2, we can not finish the simulation
2021-07-14 02:42:36,868 [simulate_environment.py | 99] INFO: **************************************************
2021-07-14 02:42:36,868 [simulate_environment.py | 103] INFO: cur time: 2021-07-14 00:30:00, pre time: 2021-07-14 00:20:00
2021-07-14 02:42:36,869 [simulate_environment.py | 140] INFO: Start to update the input of 2021-07-14 00:30:00
2021-07-14 02:42:36,883 [simulate_environment.py | 167] INFO: Get 1 unallocated order items, 0 ongoing order items, 0 completed order items
2021-07-14 02:42:39,323 [simulate_environment.py | 253] INFO: 2021-07-14 00:30:00, Item 0002470001-1: state = 1 < 2, we can not finish the simulation
2021-07-14 02:42:39,324 [simulate_environment.py | 99] INFO: **************************************************
2021-07-14 02:42:39,324 [simulate_environment.py | 103] INFO: cur time: 2021-07-14 00:40:00, pre time: 2021-07-14 00:30:00
2021-07-14 02:42:39,324 [simulate_environment.py | 140] INFO: Start to update the input of 2021-07-14 00:40:00
2021-07-14 02:42:39,341 [simulate_environment.py | 167] INFO: Get 1 unallocated order items, 1 ongoing order items, 0 completed order items
2021-07-14 02:42:41,781 [simulate_environment.py | 253] INFO: 2021-07-14 00:40:00, Item 0039060002-1: state = 1 < 2, we can not finish the simulation
2021-07-14 02:42:41,781 [simulate_environment.py | 99] INFO: **************************************************
2021-07-14 02:42:41,782 [simulate_environment.py | 103] INFO: cur time: 2021-07-14 00:50:00, pre time: 2021-07-14 00:40:00
2021-07-14 02:42:41,783 [simulate_environment.py | 140] INFO: Start to update the input of 2021-07-14 00:50:00
2021-07-14 02:42:41,799 [simulate_environment.py | 167] INFO: Get 1 unallocated order items, 1 ongoing order items, 0 completed order items
2021-07-14 02:42:44,275 [simulate_environment.py | 253] INFO: 2021-07-14 00:50:00, Item 0039060002-1: state = 1 < 2, we can not finish the simulation
2021-07-14 02:42:44,276 [simulate_environment.py | 99] INFO: **************************************************
2021-07-14 02:42:44,277 [simulate_environment.py | 103] INFO: cur time: 2021-07-14 01:00:00, pre time: 2021-07-14 00:50:00
2021-07-14 02:42:44,278 [simulate_environment.py | 140] INFO: Start to update the input of 2021-07-14 01:00:00
2021-07-14 02:42:44,299 [simulate_environment.py | 167] INFO: Get 1 unallocated order items, 1 ongoing order items, 0 completed order items
2021-07-14 02:42:46,751 [simulate_environment.py | 253] INFO: 2021-07-14 01:00:00, Item 0039060002-1: state = 1 < 2, we can not finish the simulation
2021-07-14 02:42:46,752 [simulate_environment.py | 99] INFO: **************************************************
2021-07-14 02:42:46,752 [simulate_environment.py | 103] INFO: cur time: 2021-07-14 01:10:00, pre time: 2021-07-14 01:00:00
2021-07-14 02:42:46,753 [simulate_environment.py | 140] INFO: Start to update the input of 2021-07-14 01:10:00
2021-07-14 02:42:46,767 [simulate_environment.py | 167] INFO: Get 1 unallocated order items, 1 ongoing order items, 0 completed order items
2021-07-14 02:42:49,293 [simulate_environment.py | 253] INFO: 2021-07-14 01:10:00, Item 0039060002-1: state = 1 < 2, we can not finish the simulation
2021-07-14 02:42:49,294 [simulate_environment.py | 99] INFO: **************************************************
2021-07-14 02:42:49,295 [simulate_environment.py | 103] INFO: cur time: 2021-07-14 01:20:00, pre time: 2021-07-14 01:10:00
2021-07-14 02:42:49,295 [simulate_environment.py | 140] INFO: Start to update the input of 2021-07-14 01:20:00
2021-07-14 02:42:49,312 [simulate_environment.py | 167] INFO: Get 1 unallocated order items, 1 ongoing order items, 0 completed order items
2021-07-14 02:42:51,716 [simulate_environment.py | 253] INFO: 2021-07-14 01:20:00, Item 0039060002-1: state = 1 < 2, we can not finish the simulation
2021-07-14 02:42:51,717 [simulate_environment.py | 99] INFO: **************************************************
2021-07-14 02:42:51,718 [simulate_environment.py | 103] INFO: cur time: 2021-07-14 01:30:00, pre time: 2021-07-14 01:20:00
2021-07-14 02:42:51,719 [simulate_environment.py | 140] INFO: Start to update the input of 2021-07-14 01:30:00
2021-07-14 02:42:51,741 [simulate_environment.py | 167] INFO: Get 1 unallocated order items, 1 ongoing order items, 0 completed order items
2021-07-14 02:42:54,367 [simulate_environment.py | 253] INFO: 2021-07-14 01:30:00, Item 0039060002-1: state = 1 < 2, we can not finish the simulation
2021-07-14 02:42:54,368 [simulate_environment.py | 99] INFO: **************************************************
2021-07-14 02:42:54,369 [simulate_environment.py | 103] INFO: cur time: 2021-07-14 01:40:00, pre time: 2021-07-14 01:30:00
2021-07-14 02:42:54,369 [simulate_environment.py | 140] INFO: Start to update the input of 2021-07-14 01:40:00
2021-07-14 02:42:54,391 [simulate_environment.py | 167] INFO: Get 1 unallocated order items, 1 ongoing order items, 0 completed order items
2021-07-14 02:42:57,085 [simulate_environment.py | 253] INFO: 2021-07-14 01:40:00, Item 0039060002-1: state = 1 < 2, we can not finish the simulation
2021-07-14 02:42:57,085 [simulate_environment.py | 99] INFO: **************************************************
2021-07-14 02:42:57,086 [simulate_environment.py | 103] INFO: cur time: 2021-07-14 01:50:00, pre time: 2021-07-14 01:40:00
2021-07-14 02:42:57,086 [simulate_environment.py | 140] INFO: Start to update the input of 2021-07-14 01:50:00
2021-07-14 02:42:57,114 [simulate_environment.py | 167] INFO: Get 0 unallocated order items, 1 ongoing order items, 1 completed order items
2021-07-14 02:42:59,500 [simulate_environment.py | 253] INFO: 2021-07-14 01:50:00, Item 0205230003-1: state = 0 < 2, we can not finish the simulation
2021-07-14 02:42:59,501 [simulate_environment.py | 99] INFO: **************************************************
2021-07-14 02:42:59,502 [simulate_environment.py | 103] INFO: cur time: 2021-07-14 02:00:00, pre time: 2021-07-14 01:50:00
2021-07-14 02:42:59,503 [simulate_environment.py | 140] INFO: Start to update the input of 2021-07-14 02:00:00
2021-07-14 02:42:59,516 [simulate_environment.py | 167] INFO: Get 0 unallocated order items, 1 ongoing order items, 1 completed order items
2021-07-14 02:43:02,311 [simulate_environment.py | 253] INFO: 2021-07-14 02:00:00, Item 0205230003-1: state = 0 < 2, we can not finish the simulation
2021-07-14 02:43:02,312 [simulate_environment.py | 99] INFO: **************************************************
2021-07-14 02:43:02,312 [simulate_environment.py | 103] INFO: cur time: 2021-07-14 02:10:00, pre time: 2021-07-14 02:00:00
2021-07-14 02:43:02,313 [simulate_environment.py | 140] INFO: Start to update the input of 2021-07-14 02:10:00
2021-07-14 02:43:02,333 [simulate_environment.py | 167] INFO: Get 1 unallocated order items, 1 ongoing order items, 1 completed order items
2021-07-14 02:43:04,924 [simulate_environment.py | 253] INFO: 2021-07-14 02:10:00, Item 0205230003-1: state = 1 < 2, we can not finish the simulation
2021-07-14 02:43:04,925 [simulate_environment.py | 99] INFO: **************************************************
2021-07-14 02:43:04,925 [simulate_environment.py | 103] INFO: cur time: 2021-07-14 02:20:00, pre time: 2021-07-14 02:10:00
2021-07-14 02:43:04,926 [simulate_environment.py | 140] INFO: Start to update the input of 2021-07-14 02:20:00
2021-07-14 02:43:04,940 [simulate_environment.py | 167] INFO: Get 1 unallocated order items, 1 ongoing order items, 1 completed order items
2021-07-14 02:43:07,502 [simulate_environment.py | 253] INFO: 2021-07-14 02:20:00, Item 0205230003-1: state = 1 < 2, we can not finish the simulation
2021-07-14 02:43:07,502 [simulate_environment.py | 99] INFO: **************************************************
2021-07-14 02:43:07,503 [simulate_environment.py | 103] INFO: cur time: 2021-07-14 02:30:00, pre time: 2021-07-14 02:20:00
2021-07-14 02:43:07,503 [simulate_environment.py | 140] INFO: Start to update the input of 2021-07-14 02:30:00
2021-07-14 02:43:07,511 [simulate_environment.py | 167] INFO: Get 1 unallocated order items, 0 ongoing order items, 2 completed order items
2021-07-14 02:43:10,049 [simulate_environment.py | 253] INFO: 2021-07-14 02:30:00, Item 0205230003-1: state = 1 < 2, we can not finish the simulation
2021-07-14 02:43:10,050 [simulate_environment.py | 99] INFO: **************************************************
2021-07-14 02:43:10,050 [simulate_environment.py | 103] INFO: cur time: 2021-07-14 02:40:00, pre time: 2021-07-14 02:30:00
2021-07-14 02:43:10,051 [simulate_environment.py | 140] INFO: Start to update the input of 2021-07-14 02:40:00
2021-07-14 02:43:10,063 [simulate_environment.py | 167] INFO: Get 1 unallocated order items, 0 ongoing order items, 2 completed order items
2021-07-14 02:43:12,636 [simulate_environment.py | 253] INFO: 2021-07-14 02:40:00, Item 0205230003-1: state = 1 < 2, we can not finish the simulation
2021-07-14 02:43:12,636 [simulate_environment.py | 99] INFO: **************************************************
2021-07-14 02:43:12,637 [simulate_environment.py | 103] INFO: cur time: 2021-07-14 02:50:00, pre time: 2021-07-14 02:40:00
2021-07-14 02:43:12,637 [simulate_environment.py | 140] INFO: Start to update the input of 2021-07-14 02:50:00
2021-07-14 02:43:12,656 [simulate_environment.py | 167] INFO: Get 21 unallocated order items, 0 ongoing order items, 2 completed order items
2021-07-14 02:43:15,038 [simulate_environment.py | 253] INFO: 2021-07-14 02:50:00, Item 0205230003-1: state = 1 < 2, we can not finish the simulation
2021-07-14 02:43:15,039 [simulate_environment.py | 99] INFO: **************************************************
2021-07-14 02:43:15,039 [simulate_environment.py | 103] INFO: cur time: 2021-07-14 03:00:00, pre time: 2021-07-14 02:50:00
2021-07-14 02:43:15,040 [simulate_environment.py | 140] INFO: Start to update the input of 2021-07-14 03:00:00
2021-07-14 02:43:15,060 [simulate_environment.py | 167] INFO: Get 20 unallocated order items, 1 ongoing order items, 2 completed order items
2021-07-14 02:43:17,813 [simulate_environment.py | 253] INFO: 2021-07-14 03:00:00, Item 0247500004-1: state = 1 < 2, we can not finish the simulation
2021-07-14 02:43:17,814 [simulate_environment.py | 99] INFO: **************************************************
2021-07-14 02:43:17,814 [simulate_environment.py | 103] INFO: cur time: 2021-07-14 03:10:00, pre time: 2021-07-14 03:00:00
2021-07-14 02:43:17,815 [simulate_environment.py | 140] INFO: Start to update the input of 2021-07-14 03:10:00
2021-07-14 02:43:17,821 [simulate_environment.py | 167] INFO: Get 1 unallocated order items, 20 ongoing order items, 2 completed order items
2021-07-14 02:43:20,435 [simulate_environment.py | 253] INFO: 2021-07-14 03:10:00, Item 0247500004-20: state = 1 < 2, we can not finish the simulation
2021-07-14 02:43:20,436 [simulate_environment.py | 99] INFO: **************************************************
2021-07-14 02:43:20,437 [simulate_environment.py | 103] INFO: cur time: 2021-07-14 03:20:00, pre time: 2021-07-14 03:10:00
2021-07-14 02:43:20,437 [simulate_environment.py | 140] INFO: Start to update the input of 2021-07-14 03:20:00
2021-07-14 02:43:20,449 [simulate_environment.py | 167] INFO: Get 2 unallocated order items, 20 ongoing order items, 2 completed order items
2021-07-14 02:43:23,125 [simulate_environment.py | 253] INFO: 2021-07-14 03:20:00, Item 0247500004-20: state = 1 < 2, we can not finish the simulation
2021-07-14 02:43:23,126 [simulate_environment.py | 99] INFO: **************************************************
2021-07-14 02:43:23,127 [simulate_environment.py | 103] INFO: cur time: 2021-07-14 03:30:00, pre time: 2021-07-14 03:20:00
2021-07-14 02:43:23,127 [simulate_environment.py | 140] INFO: Start to update the input of 2021-07-14 03:30:00
2021-07-14 02:43:23,133 [simulate_environment.py | 167] INFO: Get 3 unallocated order items, 20 ongoing order items, 2 completed order items
2021-07-14 02:43:25,708 [simulate_environment.py | 253] INFO: 2021-07-14 03:30:00, Item 0247500004-20: state = 1 < 2, we can not finish the simulation
2021-07-14 02:43:25,709 [simulate_environment.py | 99] INFO: **************************************************
2021-07-14 02:43:25,710 [simulate_environment.py | 103] INFO: cur time: 2021-07-14 03:40:00, pre time: 2021-07-14 03:30:00
2021-07-14 02:43:25,710 [simulate_environment.py | 140] INFO: Start to update the input of 2021-07-14 03:40:00
2021-07-14 02:43:25,739 [simulate_environment.py | 167] INFO: Get 3 unallocated order items, 20 ongoing order items, 2 completed order items
2021-07-14 02:43:28,147 [simulate_environment.py | 253] INFO: 2021-07-14 03:40:00, Item 0247500004-20: state = 1 < 2, we can not finish the simulation
2021-07-14 02:43:28,149 [simulate_environment.py | 99] INFO: **************************************************
2021-07-14 02:43:28,149 [simulate_environment.py | 103] INFO: cur time: 2021-07-14 03:50:00, pre time: 2021-07-14 03:40:00
2021-07-14 02:43:28,150 [simulate_environment.py | 140] INFO: Start to update the input of 2021-07-14 03:50:00
2021-07-14 02:43:28,164 [simulate_environment.py | 167] INFO: Get 1 unallocated order items, 23 ongoing order items, 2 completed order items
2021-07-14 02:43:30,663 [simulate_environment.py | 253] INFO: 2021-07-14 03:50:00, Item 0344020007-1: state = 1 < 2, we can not finish the simulation
2021-07-14 02:43:30,665 [simulate_environment.py | 99] INFO: **************************************************
2021-07-14 02:43:30,665 [simulate_environment.py | 103] INFO: cur time: 2021-07-14 04:00:00, pre time: 2021-07-14 03:50:00
2021-07-14 02:43:30,666 [simulate_environment.py | 140] INFO: Start to update the input of 2021-07-14 04:00:00
2021-07-14 02:43:30,687 [simulate_environment.py | 167] INFO: Get 2 unallocated order items, 23 ongoing order items, 2 completed order items
2021-07-14 02:43:33,106 [simulate_environment.py | 253] INFO: 2021-07-14 04:00:00, Item 0344020007-1: state = 1 < 2, we can not finish the simulation
2021-07-14 02:43:33,107 [simulate_environment.py | 99] INFO: **************************************************
2021-07-14 02:43:33,107 [simulate_environment.py | 103] INFO: cur time: 2021-07-14 04:10:00, pre time: 2021-07-14 04:00:00
2021-07-14 02:43:33,108 [simulate_environment.py | 140] INFO: Start to update the input of 2021-07-14 04:10:00
2021-07-14 02:43:33,131 [simulate_environment.py | 167] INFO: Get 2 unallocated order items, 23 ongoing order items, 2 completed order items
2021-07-14 02:43:35,603 [simulate_environment.py | 253] INFO: 2021-07-14 04:10:00, Item 0344020007-1: state = 1 < 2, we can not finish the simulation
2021-07-14 02:43:35,605 [simulate_environment.py | 99] INFO: **************************************************
2021-07-14 02:43:35,606 [simulate_environment.py | 103] INFO: cur time: 2021-07-14 04:20:00, pre time: 2021-07-14 04:10:00
2021-07-14 02:43:35,607 [simulate_environment.py | 140] INFO: Start to update the input of 2021-07-14 04:20:00
2021-07-14 02:43:35,632 [simulate_environment.py | 167] INFO: Get 3 unallocated order items, 23 ongoing order items, 2 completed order items
2021-07-14 02:43:38,204 [simulate_environment.py | 253] INFO: 2021-07-14 04:20:00, Item 0344020007-1: state = 1 < 2, we can not finish the simulation
2021-07-14 02:43:38,205 [simulate_environment.py | 99] INFO: **************************************************
2021-07-14 02:43:38,206 [simulate_environment.py | 103] INFO: cur time: 2021-07-14 04:30:00, pre time: 2021-07-14 04:20:00
2021-07-14 02:43:38,206 [simulate_environment.py | 140] INFO: Start to update the input of 2021-07-14 04:30:00
2021-07-14 02:43:38,214 [simulate_environment.py | 167] INFO: Get 3 unallocated order items, 23 ongoing order items, 2 completed order items
2021-07-14 02:43:40,725 [simulate_environment.py | 253] INFO: 2021-07-14 04:30:00, Item 0344020007-1: state = 1 < 2, we can not finish the simulation
2021-07-14 02:43:40,726 [simulate_environment.py | 99] INFO: **************************************************
2021-07-14 02:43:40,727 [simulate_environment.py | 103] INFO: cur time: 2021-07-14 04:40:00, pre time: 2021-07-14 04:30:00
2021-07-14 02:43:40,727 [simulate_environment.py | 140] INFO: Start to update the input of 2021-07-14 04:40:00
2021-07-14 02:43:40,755 [simulate_environment.py | 167] INFO: Get 4 unallocated order items, 20 ongoing order items, 5 completed order items
2021-07-14 02:43:43,113 [simulate_environment.py | 253] INFO: 2021-07-14 04:40:00, Item 0344020007-1: state = 1 < 2, we can not finish the simulation
2021-07-14 02:43:43,114 [simulate_environment.py | 99] INFO: **************************************************
2021-07-14 02:43:43,115 [simulate_environment.py | 103] INFO: cur time: 2021-07-14 04:50:00, pre time: 2021-07-14 04:40:00
2021-07-14 02:43:43,115 [simulate_environment.py | 140] INFO: Start to update the input of 2021-07-14 04:50:00
2021-07-14 02:43:43,117 [simulate_environment.py | 167] INFO: Get 5 unallocated order items, 20 ongoing order items, 5 completed order items
2021-07-14 02:43:45,599 [simulate_environment.py | 253] INFO: 2021-07-14 04:50:00, Item 0344020007-1: state = 1 < 2, we can not finish the simulation
2021-07-14 02:43:45,600 [simulate_environment.py | 99] INFO: **************************************************
2021-07-14 02:43:45,601 [simulate_environment.py | 103] INFO: cur time: 2021-07-14 05:00:00, pre time: 2021-07-14 04:50:00
2021-07-14 02:43:45,601 [simulate_environment.py | 140] INFO: Start to update the input of 2021-07-14 05:00:00
2021-07-14 02:43:45,620 [simulate_environment.py | 167] INFO: Get 5 unallocated order items, 1 ongoing order items, 24 completed order items
2021-07-14 02:43:48,010 [simulate_environment.py | 253] INFO: 2021-07-14 05:00:00, Item 0344020007-1: state = 1 < 2, we can not finish the simulation
2021-07-14 02:43:48,010 [simulate_environment.py | 99] INFO: **************************************************
2021-07-14 02:43:48,010 [simulate_environment.py | 103] INFO: cur time: 2021-07-14 05:10:00, pre time: 2021-07-14 05:00:00
2021-07-14 02:43:48,011 [simulate_environment.py | 140] INFO: Start to update the input of 2021-07-14 05:10:00
2021-07-14 02:43:48,027 [simulate_environment.py | 167] INFO: Get 4 unallocated order items, 2 ongoing order items, 24 completed order items
2021-07-14 02:43:50,691 [simulate_environment.py | 253] INFO: 2021-07-14 05:10:00, Item 0344020007-1: state = 1 < 2, we can not finish the simulation
2021-07-14 02:43:50,692 [simulate_environment.py | 99] INFO: **************************************************
2021-07-14 02:43:50,692 [simulate_environment.py | 103] INFO: cur time: 2021-07-14 05:20:00, pre time: 2021-07-14 05:10:00
2021-07-14 02:43:50,693 [simulate_environment.py | 140] INFO: Start to update the input of 2021-07-14 05:20:00
2021-07-14 02:43:50,697 [simulate_environment.py | 167] INFO: Get 3 unallocated order items, 3 ongoing order items, 24 completed order items
2021-07-14 02:43:53,071 [simulate_environment.py | 253] INFO: 2021-07-14 05:20:00, Item 0344020007-1: state = 1 < 2, we can not finish the simulation
2021-07-14 02:43:53,072 [simulate_environment.py | 99] INFO: **************************************************
2021-07-14 02:43:53,072 [simulate_environment.py | 103] INFO: cur time: 2021-07-14 05:30:00, pre time: 2021-07-14 05:20:00
2021-07-14 02:43:53,073 [simulate_environment.py | 140] INFO: Start to update the input of 2021-07-14 05:30:00
2021-07-14 02:43:53,087 [simulate_environment.py | 167] INFO: Get 3 unallocated order items, 3 ongoing order items, 24 completed order items
2021-07-14 02:43:55,463 [simulate_environment.py | 253] INFO: 2021-07-14 05:30:00, Item 0344020007-1: state = 1 < 2, we can not finish the simulation
2021-07-14 02:43:55,464 [simulate_environment.py | 99] INFO: **************************************************
2021-07-14 02:43:55,465 [simulate_environment.py | 103] INFO: cur time: 2021-07-14 05:40:00, pre time: 2021-07-14 05:30:00
2021-07-14 02:43:55,465 [simulate_environment.py | 140] INFO: Start to update the input of 2021-07-14 05:40:00
2021-07-14 02:43:55,488 [simulate_environment.py | 167] INFO: Get 3 unallocated order items, 2 ongoing order items, 25 completed order items
2021-07-14 02:43:57,949 [simulate_environment.py | 253] INFO: 2021-07-14 05:40:00, Item 0344020007-1: state = 1 < 2, we can not finish the simulation
2021-07-14 02:43:57,950 [simulate_environment.py | 99] INFO: **************************************************
2021-07-14 02:43:57,952 [simulate_environment.py | 103] INFO: cur time: 2021-07-14 05:50:00, pre time: 2021-07-14 05:40:00
2021-07-14 02:43:57,953 [simulate_environment.py | 140] INFO: Start to update the input of 2021-07-14 05:50:00
2021-07-14 02:43:57,966 [simulate_environment.py | 167] INFO: Get 5 unallocated order items, 2 ongoing order items, 25 completed order items
2021-07-14 02:44:00,433 [simulate_environment.py | 253] INFO: 2021-07-14 05:50:00, Item 0344020007-1: state = 1 < 2, we can not finish the simulation
2021-07-14 02:44:00,433 [simulate_environment.py | 99] INFO: **************************************************
2021-07-14 02:44:00,434 [simulate_environment.py | 103] INFO: cur time: 2021-07-14 06:00:00, pre time: 2021-07-14 05:50:00
2021-07-14 02:44:00,434 [simulate_environment.py | 140] INFO: Start to update the input of 2021-07-14 06:00:00
2021-07-14 02:44:00,453 [simulate_environment.py | 167] INFO: Get 5 unallocated order items, 2 ongoing order items, 25 completed order items
2021-07-14 02:44:03,169 [simulate_environment.py | 253] INFO: 2021-07-14 06:00:00, Item 0344020007-1: state = 1 < 2, we can not finish the simulation
2021-07-14 02:44:03,170 [simulate_environment.py | 99] INFO: **************************************************
2021-07-14 02:44:03,170 [simulate_environment.py | 103] INFO: cur time: 2021-07-14 06:10:00, pre time: 2021-07-14 06:00:00
2021-07-14 02:44:03,171 [simulate_environment.py | 140] INFO: Start to update the input of 2021-07-14 06:10:00
2021-07-14 02:44:03,186 [simulate_environment.py | 167] INFO: Get 13 unallocated order items, 2 ongoing order items, 25 completed order items
2021-07-14 02:44:05,550 [simulate_environment.py | 253] INFO: 2021-07-14 06:10:00, Item 0344020007-1: state = 1 < 2, we can not finish the simulation
2021-07-14 02:44:05,552 [simulate_environment.py | 99] INFO: **************************************************
2021-07-14 02:44:05,552 [simulate_environment.py | 103] INFO: cur time: 2021-07-14 06:20:00, pre time: 2021-07-14 06:10:00
2021-07-14 02:44:05,553 [simulate_environment.py | 140] INFO: Start to update the input of 2021-07-14 06:20:00
2021-07-14 02:44:05,561 [simulate_environment.py | 167] INFO: Get 19 unallocated order items, 4 ongoing order items, 25 completed order items
2021-07-14 02:44:07,923 [simulate_environment.py | 253] INFO: 2021-07-14 06:20:00, Item 0344020007-1: state = 1 < 2, we can not finish the simulation
2021-07-14 02:44:07,924 [simulate_environment.py | 99] INFO: **************************************************
2021-07-14 02:44:07,925 [simulate_environment.py | 103] INFO: cur time: 2021-07-14 06:30:00, pre time: 2021-07-14 06:20:00
2021-07-14 02:44:07,925 [simulate_environment.py | 140] INFO: Start to update the input of 2021-07-14 06:30:00
2021-07-14 02:44:07,943 [simulate_environment.py | 167] INFO: Get 19 unallocated order items, 4 ongoing order items, 25 completed order items
2021-07-14 02:44:10,417 [simulate_environment.py | 253] INFO: 2021-07-14 06:30:00, Item 0344020007-1: state = 1 < 2, we can not finish the simulation
2021-07-14 02:44:10,419 [simulate_environment.py | 99] INFO: **************************************************
2021-07-14 02:44:10,419 [simulate_environment.py | 103] INFO: cur time: 2021-07-14 06:40:00, pre time: 2021-07-14 06:30:00
2021-07-14 02:44:10,420 [simulate_environment.py | 140] INFO: Start to update the input of 2021-07-14 06:40:00
2021-07-14 02:44:10,438 [simulate_environment.py | 167] INFO: Get 19 unallocated order items, 6 ongoing order items, 25 completed order items
2021-07-14 02:44:12,830 [simulate_environment.py | 253] INFO: 2021-07-14 06:40:00, Item 0540390012-1: state = 1 < 2, we can not finish the simulation
2021-07-14 02:44:12,831 [simulate_environment.py | 99] INFO: **************************************************
2021-07-14 02:44:12,832 [simulate_environment.py | 103] INFO: cur time: 2021-07-14 06:50:00, pre time: 2021-07-14 06:40:00
2021-07-14 02:44:12,832 [simulate_environment.py | 140] INFO: Start to update the input of 2021-07-14 06:50:00
2021-07-14 02:44:12,850 [simulate_environment.py | 167] INFO: Get 18 unallocated order items, 7 ongoing order items, 25 completed order items
2021-07-14 02:44:15,218 [simulate_environment.py | 253] INFO: 2021-07-14 06:50:00, Item 0602330014-1: state = 1 < 2, we can not finish the simulation
2021-07-14 02:44:15,219 [simulate_environment.py | 99] INFO: **************************************************
2021-07-14 02:44:15,220 [simulate_environment.py | 103] INFO: cur time: 2021-07-14 07:00:00, pre time: 2021-07-14 06:50:00
2021-07-14 02:44:15,220 [simulate_environment.py | 140] INFO: Start to update the input of 2021-07-14 07:00:00
2021-07-14 02:44:15,233 [simulate_environment.py | 167] INFO: Get 18 unallocated order items, 7 ongoing order items, 25 completed order items
2021-07-14 02:44:17,699 [simulate_environment.py | 253] INFO: 2021-07-14 07:00:00, Item 0602330014-1: state = 1 < 2, we can not finish the simulation
2021-07-14 02:44:17,699 [simulate_environment.py | 99] INFO: **************************************************
2021-07-14 02:44:17,700 [simulate_environment.py | 103] INFO: cur time: 2021-07-14 07:10:00, pre time: 2021-07-14 07:00:00
2021-07-14 02:44:17,701 [simulate_environment.py | 140] INFO: Start to update the input of 2021-07-14 07:10:00
2021-07-14 02:44:17,722 [simulate_environment.py | 167] INFO: Get 18 unallocated order items, 7 ongoing order items, 25 completed order items
2021-07-14 02:44:20,105 [simulate_environment.py | 253] INFO: 2021-07-14 07:10:00, Item 0602330014-1: state = 1 < 2, we can not finish the simulation
2021-07-14 02:44:20,106 [simulate_environment.py | 99] INFO: **************************************************
2021-07-14 02:44:20,107 [simulate_environment.py | 103] INFO: cur time: 2021-07-14 07:20:00, pre time: 2021-07-14 07:10:00
2021-07-14 02:44:20,107 [simulate_environment.py | 140] INFO: Start to update the input of 2021-07-14 07:20:00
2021-07-14 02:44:20,125 [simulate_environment.py | 167] INFO: Get 18 unallocated order items, 7 ongoing order items, 25 completed order items
2021-07-14 02:44:22,486 [simulate_environment.py | 253] INFO: 2021-07-14 07:20:00, Item 0602330014-1: state = 1 < 2, we can not finish the simulation
2021-07-14 02:44:22,487 [simulate_environment.py | 99] INFO: **************************************************
2021-07-14 02:44:22,487 [simulate_environment.py | 103] INFO: cur time: 2021-07-14 07:30:00, pre time: 2021-07-14 07:20:00
2021-07-14 02:44:22,488 [simulate_environment.py | 140] INFO: Start to update the input of 2021-07-14 07:30:00
2021-07-14 02:44:22,502 [simulate_environment.py | 167] INFO: Get 12 unallocated order items, 10 ongoing order items, 30 completed order items
2021-07-14 02:44:24,994 [simulate_environment.py | 253] INFO: 2021-07-14 07:30:00, Item 0602330014-1: state = 1 < 2, we can not finish the simulation
2021-07-14 02:44:24,995 [simulate_environment.py | 99] INFO: **************************************************
2021-07-14 02:44:24,996 [simulate_environment.py | 103] INFO: cur time: 2021-07-14 07:40:00, pre time: 2021-07-14 07:30:00
2021-07-14 02:44:24,996 [simulate_environment.py | 140] INFO: Start to update the input of 2021-07-14 07:40:00
2021-07-14 02:44:25,013 [simulate_environment.py | 167] INFO: Get 12 unallocated order items, 10 ongoing order items, 30 completed order items
2021-07-14 02:44:27,399 [simulate_environment.py | 253] INFO: 2021-07-14 07:40:00, Item 0602330014-1: state = 1 < 2, we can not finish the simulation
2021-07-14 02:44:27,400 [simulate_environment.py | 99] INFO: **************************************************
2021-07-14 02:44:27,401 [simulate_environment.py | 103] INFO: cur time: 2021-07-14 07:50:00, pre time: 2021-07-14 07:40:00
2021-07-14 02:44:27,402 [simulate_environment.py | 140] INFO: Start to update the input of 2021-07-14 07:50:00
2021-07-14 02:44:27,416 [simulate_environment.py | 167] INFO: Get 12 unallocated order items, 10 ongoing order items, 30 completed order items
2021-07-14 02:44:30,053 [simulate_environment.py | 253] INFO: 2021-07-14 07:50:00, Item 0602330014-1: state = 1 < 2, we can not finish the simulation
2021-07-14 02:44:30,054 [simulate_environment.py | 99] INFO: **************************************************
2021-07-14 02:44:30,054 [simulate_environment.py | 103] INFO: cur time: 2021-07-14 08:00:00, pre time: 2021-07-14 07:50:00
2021-07-14 02:44:30,055 [simulate_environment.py | 140] INFO: Start to update the input of 2021-07-14 08:00:00
2021-07-14 02:44:30,082 [simulate_environment.py | 167] INFO: Get 10 unallocated order items, 12 ongoing order items, 30 completed order items
2021-07-14 02:44:32,473 [simulate_environment.py | 253] INFO: 2021-07-14 08:00:00, Item 0602330014-1: state = 1 < 2, we can not finish the simulation
2021-07-14 02:44:32,474 [simulate_environment.py | 99] INFO: **************************************************
2021-07-14 02:44:32,475 [simulate_environment.py | 103] INFO: cur time: 2021-07-14 08:10:00, pre time: 2021-07-14 08:00:00
2021-07-14 02:44:32,475 [simulate_environment.py | 140] INFO: Start to update the input of 2021-07-14 08:10:00
2021-07-14 02:44:32,491 [simulate_environment.py | 167] INFO: Get 4 unallocated order items, 17 ongoing order items, 31 completed order items
2021-07-14 02:44:35,457 [simulate_environment.py | 253] INFO: 2021-07-14 08:10:00, Item 0630230018-1: state = 1 < 2, we can not finish the simulation
2021-07-14 02:44:35,459 [simulate_environment.py | 99] INFO: **************************************************
2021-07-14 02:44:35,459 [simulate_environment.py | 103] INFO: cur time: 2021-07-14 08:20:00, pre time: 2021-07-14 08:10:00
2021-07-14 02:44:35,460 [simulate_environment.py | 140] INFO: Start to update the input of 2021-07-14 08:20:00
2021-07-14 02:44:35,461 [simulate_environment.py | 167] INFO: Get 5 unallocated order items, 17 ongoing order items, 31 completed order items
2021-07-14 02:44:37,919 [simulate_environment.py | 253] INFO: 2021-07-14 08:20:00, Item 0630230018-1: state = 1 < 2, we can not finish the simulation
2021-07-14 02:44:37,920 [simulate_environment.py | 99] INFO: **************************************************
2021-07-14 02:44:37,921 [simulate_environment.py | 103] INFO: cur time: 2021-07-14 08:30:00, pre time: 2021-07-14 08:20:00
2021-07-14 02:44:37,921 [simulate_environment.py | 140] INFO: Start to update the input of 2021-07-14 08:30:00
2021-07-14 02:44:37,940 [simulate_environment.py | 167] INFO: Get 5 unallocated order items, 15 ongoing order items, 33 completed order items
2021-07-14 02:44:40,685 [simulate_environment.py | 253] INFO: 2021-07-14 08:30:00, Item 0630230018-1: state = 1 < 2, we can not finish the simulation
2021-07-14 02:44:40,687 [simulate_environment.py | 99] INFO: **************************************************
2021-07-14 02:44:40,687 [simulate_environment.py | 103] INFO: cur time: 2021-07-14 08:40:00, pre time: 2021-07-14 08:30:00
2021-07-14 02:44:40,688 [simulate_environment.py | 140] INFO: Start to update the input of 2021-07-14 08:40:00
2021-07-14 02:44:40,701 [simulate_environment.py | 167] INFO: Get 5 unallocated order items, 14 ongoing order items, 34 completed order items
2021-07-14 02:44:43,327 [simulate_environment.py | 253] INFO: 2021-07-14 08:40:00, Item 0630230018-1: state = 1 < 2, we can not finish the simulation
2021-07-14 02:44:43,329 [simulate_environment.py | 99] INFO: **************************************************
2021-07-14 02:44:43,330 [simulate_environment.py | 103] INFO: cur time: 2021-07-14 08:50:00, pre time: 2021-07-14 08:40:00
2021-07-14 02:44:43,330 [simulate_environment.py | 140] INFO: Start to update the input of 2021-07-14 08:50:00
2021-07-14 02:44:43,342 [simulate_environment.py | 167] INFO: Get 3 unallocated order items, 15 ongoing order items, 35 completed order items
2021-07-14 02:44:45,865 [simulate_environment.py | 253] INFO: 2021-07-14 08:50:00, Item 0727590019-1: state = 1 < 2, we can not finish the simulation
2021-07-14 02:44:45,867 [simulate_environment.py | 99] INFO: **************************************************
2021-07-14 02:44:45,867 [simulate_environment.py | 103] INFO: cur time: 2021-07-14 09:00:00, pre time: 2021-07-14 08:50:00
2021-07-14 02:44:45,868 [simulate_environment.py | 140] INFO: Start to update the input of 2021-07-14 09:00:00
2021-07-14 02:44:45,885 [simulate_environment.py | 167] INFO: Get 3 unallocated order items, 15 ongoing order items, 35 completed order items
2021-07-14 02:44:48,348 [simulate_environment.py | 253] INFO: 2021-07-14 09:00:00, Item 0727590019-1: state = 1 < 2, we can not finish the simulation
2021-07-14 02:44:48,349 [simulate_environment.py | 99] INFO: **************************************************
2021-07-14 02:44:48,349 [simulate_environment.py | 103] INFO: cur time: 2021-07-14 09:10:00, pre time: 2021-07-14 09:00:00
2021-07-14 02:44:48,350 [simulate_environment.py | 140] INFO: Start to update the input of 2021-07-14 09:10:00
2021-07-14 02:44:48,365 [simulate_environment.py | 167] INFO: Get 3 unallocated order items, 15 ongoing order items, 35 completed order items
2021-07-14 02:44:51,134 [simulate_environment.py | 253] INFO: 2021-07-14 09:10:00, Item 0727590019-1: state = 1 < 2, we can not finish the simulation
2021-07-14 02:44:51,135 [simulate_environment.py | 99] INFO: **************************************************
2021-07-14 02:44:51,136 [simulate_environment.py | 103] INFO: cur time: 2021-07-14 09:20:00, pre time: 2021-07-14 09:10:00
2021-07-14 02:44:51,136 [simulate_environment.py | 140] INFO: Start to update the input of 2021-07-14 09:20:00
2021-07-14 02:44:51,157 [simulate_environment.py | 167] INFO: Get 3 unallocated order items, 15 ongoing order items, 35 completed order items
2021-07-14 02:44:53,539 [simulate_environment.py | 253] INFO: 2021-07-14 09:20:00, Item 0727590019-1: state = 1 < 2, we can not finish the simulation
2021-07-14 02:44:53,540 [simulate_environment.py | 99] INFO: **************************************************
2021-07-14 02:44:53,540 [simulate_environment.py | 103] INFO: cur time: 2021-07-14 09:30:00, pre time: 2021-07-14 09:20:00
2021-07-14 02:44:53,541 [simulate_environment.py | 140] INFO: Start to update the input of 2021-07-14 09:30:00
2021-07-14 02:44:53,557 [simulate_environment.py | 167] INFO: Get 3 unallocated order items, 7 ongoing order items, 43 completed order items
2021-07-14 02:44:56,110 [simulate_environment.py | 253] INFO: 2021-07-14 09:30:00, Item 0727590019-1: state = 1 < 2, we can not finish the simulation
2021-07-14 02:44:56,111 [simulate_environment.py | 99] INFO: **************************************************
2021-07-14 02:44:56,111 [simulate_environment.py | 103] INFO: cur time: 2021-07-14 09:40:00, pre time: 2021-07-14 09:30:00
2021-07-14 02:44:56,112 [simulate_environment.py | 140] INFO: Start to update the input of 2021-07-14 09:40:00
2021-07-14 02:44:56,121 [simulate_environment.py | 167] INFO: Get 2 unallocated order items, 1 ongoing order items, 50 completed order items
2021-07-14 02:44:58,655 [simulate_environment.py | 253] INFO: 2021-07-14 09:40:00, Item 0727590019-1: state = 1 < 2, we can not finish the simulation
2021-07-14 02:44:58,656 [simulate_environment.py | 99] INFO: **************************************************
2021-07-14 02:44:58,656 [simulate_environment.py | 103] INFO: cur time: 2021-07-14 09:50:00, pre time: 2021-07-14 09:40:00
2021-07-14 02:44:58,657 [simulate_environment.py | 140] INFO: Start to update the input of 2021-07-14 09:50:00
2021-07-14 02:44:58,674 [simulate_environment.py | 167] INFO: Get 5 unallocated order items, 1 ongoing order items, 50 completed order items
2021-07-14 02:45:01,100 [simulate_environment.py | 253] INFO: 2021-07-14 09:50:00, Item 0727590019-1: state = 1 < 2, we can not finish the simulation
2021-07-14 02:45:01,101 [simulate_environment.py | 99] INFO: **************************************************
2021-07-14 02:45:01,101 [simulate_environment.py | 103] INFO: cur time: 2021-07-14 10:00:00, pre time: 2021-07-14 09:50:00
2021-07-14 02:45:01,101 [simulate_environment.py | 140] INFO: Start to update the input of 2021-07-14 10:00:00
2021-07-14 02:45:01,119 [simulate_environment.py | 167] INFO: Get 3 unallocated order items, 3 ongoing order items, 50 completed order items
2021-07-14 02:45:03,634 [simulate_environment.py | 253] INFO: 2021-07-14 10:00:00, Item 0945570021-1: state = 1 < 2, we can not finish the simulation
2021-07-14 02:45:03,635 [simulate_environment.py | 99] INFO: **************************************************
2021-07-14 02:45:03,636 [simulate_environment.py | 103] INFO: cur time: 2021-07-14 10:10:00, pre time: 2021-07-14 10:00:00
2021-07-14 02:45:03,636 [simulate_environment.py | 140] INFO: Start to update the input of 2021-07-14 10:10:00
2021-07-14 02:45:03,658 [simulate_environment.py | 167] INFO: Get 0 unallocated order items, 6 ongoing order items, 50 completed order items
2021-07-14 02:45:06,146 [simulate_environment.py | 253] INFO: 2021-07-14 10:10:00, Item 1010460022-1: state = 0 < 2, we can not finish the simulation
2021-07-14 02:45:06,147 [simulate_environment.py | 99] INFO: **************************************************
2021-07-14 02:45:06,147 [simulate_environment.py | 103] INFO: cur time: 2021-07-14 10:20:00, pre time: 2021-07-14 10:10:00
2021-07-14 02:45:06,148 [simulate_environment.py | 140] INFO: Start to update the input of 2021-07-14 10:20:00
2021-07-14 02:45:06,170 [simulate_environment.py | 167] INFO: Get 19 unallocated order items, 6 ongoing order items, 50 completed order items
2021-07-14 02:45:08,713 [checker.py      | 146] ERROR: left capacity -1 < 0
2021-07-14 02:45:08,713 [checker.py      | 70] ERROR: Vehicle V_5 violates the capacity constraint
2021-07-14 02:45:08,714 [simulate_environment.py | 115] ERROR: Dispatch result is infeasible
2021-07-14 02:45:08,718 [<ipython-input-1-35521dce9a68> | 54] INFO: Score of instance_7: 9223372036854775807
