2021-07-15 17:43:13,292 [<ipython-input-1-6c912aa295a1> | 49] INFO: Start to run instance_64
2021-07-15 17:43:13,293 [simulate_api.py | 60] INFO: Start time of the simulator: 2021-07-15 00:00:00, time interval:  600.00
2021-07-15 17:43:13,311 [input_utils.py  | 48] INFO: Get 154 factories
2021-07-15 17:43:15,332 [input_utils.py  | 52] INFO: Get 23562 routes
2021-07-15 17:43:15,361 [input_utils.py  | 57] INFO: Get 100 vehicles
2021-07-15 17:43:16,067 [input_utils.py  | 61] INFO: Get 4000 orders
2021-07-15 17:43:16,068 [simulate_api.py | 87] INFO: Initial position of V_1 is e2d5093fbe36431f8986ddb0e1c586be
2021-07-15 17:43:16,077 [simulate_api.py | 87] INFO: Initial position of V_2 is 7fe14b93f0f04ee7a994ef5b2c1fdb72
2021-07-15 17:43:16,078 [simulate_api.py | 87] INFO: Initial position of V_3 is fa366fc87a124d32926daa5bb093129f
2021-07-15 17:43:16,078 [simulate_api.py | 87] INFO: Initial position of V_4 is e47399648fa842b2b8f80094343d8091
2021-07-15 17:43:16,079 [simulate_api.py | 87] INFO: Initial position of V_5 is becb4f85393540b287e7329758b8d832
2021-07-15 17:43:16,079 [simulate_api.py | 87] INFO: Initial position of V_6 is 7fb0acc4e2634440ba26a7ebc0040dc2
2021-07-15 17:43:16,080 [simulate_api.py | 87] INFO: Initial position of V_7 is 6380b13f12984a08a4994fb4c126215b
2021-07-15 17:43:16,082 [simulate_api.py | 87] INFO: Initial position of V_8 is 449b516ba21b4270ac1ea1b13a89514c
2021-07-15 17:43:16,082 [simulate_api.py | 87] INFO: Initial position of V_9 is c174cfe9fcbf4f1b82095941a49f7bd9
2021-07-15 17:43:16,083 [simulate_api.py | 87] INFO: Initial position of V_10 is c0979c05f2c44e6fa7c5e42ae9aa977e
2021-07-15 17:43:16,083 [simulate_api.py | 87] INFO: Initial position of V_11 is 4a85fbdd319140dd83f55766289d365f
2021-07-15 17:43:16,084 [simulate_api.py | 87] INFO: Initial position of V_12 is 61a68b6b728b4413ba6a0f695091579c
2021-07-15 17:43:16,085 [simulate_api.py | 87] INFO: Initial position of V_13 is 76d691d6054f42d48f27e16806928020
2021-07-15 17:43:16,085 [simulate_api.py | 87] INFO: Initial position of V_14 is 433544a316b84100a11a703f1b99494a
2021-07-15 17:43:16,086 [simulate_api.py | 87] INFO: Initial position of V_15 is 680ee12255ad415ab7838647f138778e
2021-07-15 17:43:16,087 [simulate_api.py | 87] INFO: Initial position of V_16 is 433544a316b84100a11a703f1b99494a
2021-07-15 17:43:16,087 [simulate_api.py | 87] INFO: Initial position of V_17 is 8479328003a8427ca68b7600f0ac7045
2021-07-15 17:43:16,088 [simulate_api.py | 87] INFO: Initial position of V_18 is 9b8851cf57f944c6b168ec887558ffaa
2021-07-15 17:43:16,089 [simulate_api.py | 87] INFO: Initial position of V_19 is 433901c139d54522a8f3790b07a335e5
2021-07-15 17:43:16,089 [simulate_api.py | 87] INFO: Initial position of V_20 is a6d6e6a52a0044e99991fc8fb0248027
2021-07-15 17:43:16,090 [simulate_api.py | 87] INFO: Initial position of V_21 is d1f8de642d734931be957336196d996d
2021-07-15 17:43:16,091 [simulate_api.py | 87] INFO: Initial position of V_22 is 773b0458659248f1938a61ddaeef55ef
2021-07-15 17:43:16,092 [simulate_api.py | 87] INFO: Initial position of V_23 is 6e4801bd12654045a5f3d63e2951594c
2021-07-15 17:43:16,093 [simulate_api.py | 87] INFO: Initial position of V_24 is e15ed46435514dda8bd6a420ab3e5d0b
2021-07-15 17:43:16,094 [simulate_api.py | 87] INFO: Initial position of V_25 is a678f7137f7e4debbc6bc4679cd2c1b4
2021-07-15 17:43:16,094 [simulate_api.py | 87] INFO: Initial position of V_26 is 32ab2049f3fb437881ff3912470d7840
2021-07-15 17:43:16,095 [simulate_api.py | 87] INFO: Initial position of V_27 is 773b0458659248f1938a61ddaeef55ef
2021-07-15 17:43:16,096 [simulate_api.py | 87] INFO: Initial position of V_28 is a6fefc4ac6f541cbbc7af963c13350f6
2021-07-15 17:43:16,097 [simulate_api.py | 87] INFO: Initial position of V_29 is aa61dc034d9240e9950b027ba204f5f0
2021-07-15 17:43:16,098 [simulate_api.py | 87] INFO: Initial position of V_30 is ef3171964da04ea7ac2e547f2441eff0
2021-07-15 17:43:16,100 [simulate_api.py | 87] INFO: Initial position of V_31 is 4780dc7fb51f4f5da3dea9e56c125fe6
2021-07-15 17:43:16,101 [simulate_api.py | 87] INFO: Initial position of V_32 is ffaae12a3c054da585696a96e880cf64
2021-07-15 17:43:16,101 [simulate_api.py | 87] INFO: Initial position of V_33 is c174cfe9fcbf4f1b82095941a49f7bd9
2021-07-15 17:43:16,102 [simulate_api.py | 87] INFO: Initial position of V_34 is f7ee272fbbba4f918bcd4f36ea053908
2021-07-15 17:43:16,103 [simulate_api.py | 87] INFO: Initial position of V_35 is af35b43e04df49b9b469a0018730faeb
2021-07-15 17:43:16,103 [simulate_api.py | 87] INFO: Initial position of V_36 is e47399648fa842b2b8f80094343d8091
2021-07-15 17:43:16,104 [simulate_api.py | 87] INFO: Initial position of V_37 is 00e5630fbb3c4ff4b753ac1e1c15d561
2021-07-15 17:43:16,107 [simulate_api.py | 87] INFO: Initial position of V_38 is 24b6bf044ee8473db7030d008fb422b5
2021-07-15 17:43:16,113 [simulate_api.py | 87] INFO: Initial position of V_39 is f5118fa189b742a897beec2f77de9b27
2021-07-15 17:43:16,115 [simulate_api.py | 87] INFO: Initial position of V_40 is 797fe83c0ac14a3c8724aa4d9ce0049a
2021-07-15 17:43:16,125 [simulate_api.py | 87] INFO: Initial position of V_41 is ce433928b8724d77bbe97ccb1e3312a5
2021-07-15 17:43:16,128 [simulate_api.py | 87] INFO: Initial position of V_42 is 9829a9e1f6874f28b33b57a7a42bb49f
2021-07-15 17:43:16,129 [simulate_api.py | 87] INFO: Initial position of V_43 is 1821ddf96fe14083ba213868cd82b840
2021-07-15 17:43:16,131 [simulate_api.py | 87] INFO: Initial position of V_44 is e2327ef4f46a40908e2b8ad97e855333
2021-07-15 17:43:16,136 [simulate_api.py | 87] INFO: Initial position of V_45 is 9f1a09c368584eba9e7f10a53d55caae
2021-07-15 17:43:16,138 [simulate_api.py | 87] INFO: Initial position of V_46 is 206128e3ee9a458d9cfd053cedc0fad6
2021-07-15 17:43:16,139 [simulate_api.py | 87] INFO: Initial position of V_47 is 0c589202a6584664939d46842080d019
2021-07-15 17:43:16,141 [simulate_api.py | 87] INFO: Initial position of V_48 is 081dc54492414061ae6c6e47bf7b8db5
2021-07-15 17:43:16,142 [simulate_api.py | 87] INFO: Initial position of V_49 is 5ec55e3f537d448d95144cec1cc37f54
2021-07-15 17:43:16,145 [simulate_api.py | 87] INFO: Initial position of V_50 is 5920212e6b0b46b198b9677bfe74f35d
2021-07-15 17:43:16,147 [simulate_api.py | 87] INFO: Initial position of V_51 is bdb72ae965bb4229a3b93402b5cd3d78
2021-07-15 17:43:16,149 [simulate_api.py | 87] INFO: Initial position of V_52 is 6fbe6d91a5f04b359e02bde29d349128
2021-07-15 17:43:16,152 [simulate_api.py | 87] INFO: Initial position of V_53 is 13b35cedb9274b359a8a666d67ef5538
2021-07-15 17:43:16,155 [simulate_api.py | 87] INFO: Initial position of V_54 is 1e93ab7137b643aab3f9b31fdb1c35a8
2021-07-15 17:43:16,157 [simulate_api.py | 87] INFO: Initial position of V_55 is 797fe83c0ac14a3c8724aa4d9ce0049a
2021-07-15 17:43:16,159 [simulate_api.py | 87] INFO: Initial position of V_56 is 7b84670cf4164cccba22ebb17a2c290a
2021-07-15 17:43:16,161 [simulate_api.py | 87] INFO: Initial position of V_57 is c56a0078468d4f1498be9e79f6bbd4c0
2021-07-15 17:43:16,162 [simulate_api.py | 87] INFO: Initial position of V_58 is becb4f85393540b287e7329758b8d832
2021-07-15 17:43:16,163 [simulate_api.py | 87] INFO: Initial position of V_59 is b854aac6ac2345789fbb3d155321216a
2021-07-15 17:43:16,163 [simulate_api.py | 87] INFO: Initial position of V_60 is 80cc1546ba7645e3964fd017e4af3299
2021-07-15 17:43:16,164 [simulate_api.py | 87] INFO: Initial position of V_61 is 449b516ba21b4270ac1ea1b13a89514c
2021-07-15 17:43:16,166 [simulate_api.py | 87] INFO: Initial position of V_62 is ffaae12a3c054da585696a96e880cf64
2021-07-15 17:43:16,167 [simulate_api.py | 87] INFO: Initial position of V_63 is e723c30f335b4391ad73fbccdfb67d1e
2021-07-15 17:43:16,168 [simulate_api.py | 87] INFO: Initial position of V_64 is e5dc8bf4da6a4112b4dfca025d6a8948
2021-07-15 17:43:16,168 [simulate_api.py | 87] INFO: Initial position of V_65 is 24b6bf044ee8473db7030d008fb422b5
2021-07-15 17:43:16,169 [simulate_api.py | 87] INFO: Initial position of V_66 is e2327ef4f46a40908e2b8ad97e855333
2021-07-15 17:43:16,169 [simulate_api.py | 87] INFO: Initial position of V_67 is 6ba3750e4eda425fae9db0cd825c39cd
2021-07-15 17:43:16,170 [simulate_api.py | 87] INFO: Initial position of V_68 is 4780dc7fb51f4f5da3dea9e56c125fe6
2021-07-15 17:43:16,171 [simulate_api.py | 87] INFO: Initial position of V_69 is 24b6bf044ee8473db7030d008fb422b5
2021-07-15 17:43:16,171 [simulate_api.py | 87] INFO: Initial position of V_70 is 9b40bfd6ca1c432498685540652a5a8b
2021-07-15 17:43:16,172 [simulate_api.py | 87] INFO: Initial position of V_71 is 707d2dad46ab496e97305cc2e3ae8cf2
2021-07-15 17:43:16,172 [simulate_api.py | 87] INFO: Initial position of V_72 is f7ee272fbbba4f918bcd4f36ea053908
2021-07-15 17:43:16,173 [simulate_api.py | 87] INFO: Initial position of V_73 is 797fe83c0ac14a3c8724aa4d9ce0049a
2021-07-15 17:43:16,174 [simulate_api.py | 87] INFO: Initial position of V_74 is 2445d4bd004c457d95957d6ecf77f759
2021-07-15 17:43:16,175 [simulate_api.py | 87] INFO: Initial position of V_75 is e2d5093fbe36431f8986ddb0e1c586be
2021-07-15 17:43:16,176 [simulate_api.py | 87] INFO: Initial position of V_76 is c56a0078468d4f1498be9e79f6bbd4c0
2021-07-15 17:43:16,176 [simulate_api.py | 87] INFO: Initial position of V_77 is 434ba7a94f63491a8cc6d6b913f54218
2021-07-15 17:43:16,177 [simulate_api.py | 87] INFO: Initial position of V_78 is bdb72ae965bb4229a3b93402b5cd3d78
2021-07-15 17:43:16,177 [simulate_api.py | 87] INFO: Initial position of V_79 is e723c30f335b4391ad73fbccdfb67d1e
2021-07-15 17:43:16,178 [simulate_api.py | 87] INFO: Initial position of V_80 is 6ac617af0ea04e9bbbc3b206d86d73a6
2021-07-15 17:43:16,178 [simulate_api.py | 87] INFO: Initial position of V_81 is 081dc54492414061ae6c6e47bf7b8db5
2021-07-15 17:43:16,179 [simulate_api.py | 87] INFO: Initial position of V_82 is 6ac617af0ea04e9bbbc3b206d86d73a6
2021-07-15 17:43:16,179 [simulate_api.py | 87] INFO: Initial position of V_83 is 9316c24ab8b9471fa75f9da67d0b7db2
2021-07-15 17:43:16,180 [simulate_api.py | 87] INFO: Initial position of V_84 is e47399648fa842b2b8f80094343d8091
2021-07-15 17:43:16,180 [simulate_api.py | 87] INFO: Initial position of V_85 is 1394dce6e0b24fc8ad3d0a807e490829
2021-07-15 17:43:16,181 [simulate_api.py | 87] INFO: Initial position of V_86 is ee187c7680604a9fa1f3d3837610c11a
2021-07-15 17:43:16,182 [simulate_api.py | 87] INFO: Initial position of V_87 is f5264a9b32c94706a8bc981ab961952a
2021-07-15 17:43:16,182 [simulate_api.py | 87] INFO: Initial position of V_88 is f7d977891ba84a7491024709803f38cc
2021-07-15 17:43:16,183 [simulate_api.py | 87] INFO: Initial position of V_89 is be79e1dcfff84bca9677a61c7fd5b5a6
2021-07-15 17:43:16,184 [simulate_api.py | 87] INFO: Initial position of V_90 is 77ec676ff9e348298044721c0fc2b690
2021-07-15 17:43:16,185 [simulate_api.py | 87] INFO: Initial position of V_91 is 7b84670cf4164cccba22ebb17a2c290a
2021-07-15 17:43:16,186 [simulate_api.py | 87] INFO: Initial position of V_92 is 6ba3750e4eda425fae9db0cd825c39cd
2021-07-15 17:43:16,187 [simulate_api.py | 87] INFO: Initial position of V_93 is fa91b55160e245edb77a213135cccd27
2021-07-15 17:43:16,188 [simulate_api.py | 87] INFO: Initial position of V_94 is b6dd694ae05541dba369a2a759d2c2b9
2021-07-15 17:43:16,188 [simulate_api.py | 87] INFO: Initial position of V_95 is 66b7f2fbd6a042c1bbd1b567d68daa56
2021-07-15 17:43:16,189 [simulate_api.py | 87] INFO: Initial position of V_96 is af35b43e04df49b9b469a0018730faeb
2021-07-15 17:43:16,190 [simulate_api.py | 87] INFO: Initial position of V_97 is 856895eda4fa41159b4aed0b71355cae
2021-07-15 17:43:16,191 [simulate_api.py | 87] INFO: Initial position of V_98 is 61a68b6b728b4413ba6a0f695091579c
2021-07-15 17:43:16,192 [simulate_api.py | 87] INFO: Initial position of V_99 is 9b40bfd6ca1c432498685540652a5a8b
2021-07-15 17:43:16,193 [simulate_api.py | 87] INFO: Initial position of V_100 is 7fe14b93f0f04ee7a994ef5b2c1fdb72
2021-07-15 17:43:16,209 [simulate_environment.py | 99] INFO: **************************************************
2021-07-15 17:43:16,210 [simulate_environment.py | 103] INFO: cur time: 2021-07-15 00:10:00, pre time: 2021-07-15 00:00:00
2021-07-15 17:43:16,211 [simulate_environment.py | 140] INFO: Start to update the input of 2021-07-15 00:10:00
2021-07-15 17:43:16,217 [simulate_environment.py | 167] INFO: Get 108 unallocated order items, 0 ongoing order items, 0 completed order items
2021-07-15 17:43:21,188 [simulate_environment.py | 253] INFO: 2021-07-15 00:10:00, Item 0000030001-1: state = 1 < 2, we can not finish the simulation
2021-07-15 17:43:21,190 [simulate_environment.py | 99] INFO: **************************************************
2021-07-15 17:43:21,191 [simulate_environment.py | 103] INFO: cur time: 2021-07-15 00:20:00, pre time: 2021-07-15 00:10:00
2021-07-15 17:43:21,191 [simulate_environment.py | 140] INFO: Start to update the input of 2021-07-15 00:20:00
2021-07-15 17:43:21,199 [simulate_environment.py | 167] INFO: Get 96 unallocated order items, 97 ongoing order items, 0 completed order items
2021-07-15 17:43:25,659 [simulate_environment.py | 253] INFO: 2021-07-15 00:20:00, Item 0001280007-1: state = 1 < 2, we can not finish the simulation
2021-07-15 17:43:25,663 [simulate_environment.py | 99] INFO: **************************************************
2021-07-15 17:43:25,663 [simulate_environment.py | 103] INFO: cur time: 2021-07-15 00:30:00, pre time: 2021-07-15 00:20:00
2021-07-15 17:43:25,664 [simulate_environment.py | 140] INFO: Start to update the input of 2021-07-15 00:30:00
2021-07-15 17:43:25,693 [simulate_environment.py | 167] INFO: Get 156 unallocated order items, 128 ongoing order items, 0 completed order items
2021-07-15 17:43:31,890 [simulate_environment.py | 253] INFO: 2021-07-15 00:30:00, Item 0001280007-1: state = 1 < 2, we can not finish the simulation
2021-07-15 17:43:31,895 [simulate_environment.py | 99] INFO: **************************************************
2021-07-15 17:43:31,895 [simulate_environment.py | 103] INFO: cur time: 2021-07-15 00:40:00, pre time: 2021-07-15 00:30:00
2021-07-15 17:43:31,896 [simulate_environment.py | 140] INFO: Start to update the input of 2021-07-15 00:40:00
2021-07-15 17:43:31,905 [simulate_environment.py | 167] INFO: Get 245 unallocated order items, 144 ongoing order items, 0 completed order items
2021-07-15 17:43:38,189 [simulate_environment.py | 253] INFO: 2021-07-15 00:40:00, Item 0001280007-1: state = 1 < 2, we can not finish the simulation
2021-07-15 17:43:38,194 [simulate_environment.py | 99] INFO: **************************************************
2021-07-15 17:43:38,195 [simulate_environment.py | 103] INFO: cur time: 2021-07-15 00:50:00, pre time: 2021-07-15 00:40:00
2021-07-15 17:43:38,195 [simulate_environment.py | 140] INFO: Start to update the input of 2021-07-15 00:50:00
2021-07-15 17:43:38,224 [simulate_environment.py | 167] INFO: Get 261 unallocated order items, 184 ongoing order items, 16 completed order items
2021-07-15 17:43:42,395 [simulate_environment.py | 253] INFO: 2021-07-15 00:50:00, Item 0001280007-1: state = 1 < 2, we can not finish the simulation
2021-07-15 17:43:42,402 [simulate_environment.py | 99] INFO: **************************************************
2021-07-15 17:43:42,402 [simulate_environment.py | 103] INFO: cur time: 2021-07-15 01:00:00, pre time: 2021-07-15 00:50:00
2021-07-15 17:43:42,403 [simulate_environment.py | 140] INFO: Start to update the input of 2021-07-15 01:00:00
2021-07-15 17:43:42,427 [simulate_environment.py | 167] INFO: Get 230 unallocated order items, 245 ongoing order items, 42 completed order items
2021-07-15 17:43:47,261 [simulate_environment.py | 253] INFO: 2021-07-15 01:00:00, Item 0003130013-1: state = 1 < 2, we can not finish the simulation
2021-07-15 17:43:47,270 [simulate_environment.py | 99] INFO: **************************************************
2021-07-15 17:43:47,271 [simulate_environment.py | 103] INFO: cur time: 2021-07-15 01:10:00, pre time: 2021-07-15 01:00:00
2021-07-15 17:43:47,272 [simulate_environment.py | 140] INFO: Start to update the input of 2021-07-15 01:10:00
2021-07-15 17:43:47,310 [simulate_environment.py | 167] INFO: Get 232 unallocated order items, 281 ongoing order items, 46 completed order items
2021-07-15 17:43:50,873 [simulate_environment.py | 253] INFO: 2021-07-15 01:10:00, Item 0003130013-1: state = 1 < 2, we can not finish the simulation
2021-07-15 17:43:50,882 [simulate_environment.py | 99] INFO: **************************************************
2021-07-15 17:43:50,883 [simulate_environment.py | 103] INFO: cur time: 2021-07-15 01:20:00, pre time: 2021-07-15 01:10:00
2021-07-15 17:43:50,883 [simulate_environment.py | 140] INFO: Start to update the input of 2021-07-15 01:20:00
2021-07-15 17:43:50,919 [simulate_environment.py | 167] INFO: Get 199 unallocated order items, 298 ongoing order items, 62 completed order items
2021-07-15 17:43:54,380 [simulate_environment.py | 253] INFO: 2021-07-15 01:20:00, Item 0003130013-1: state = 1 < 2, we can not finish the simulation
2021-07-15 17:43:54,389 [simulate_environment.py | 99] INFO: **************************************************
2021-07-15 17:43:54,390 [simulate_environment.py | 103] INFO: cur time: 2021-07-15 01:30:00, pre time: 2021-07-15 01:20:00
2021-07-15 17:43:54,391 [simulate_environment.py | 140] INFO: Start to update the input of 2021-07-15 01:30:00
2021-07-15 17:43:54,412 [simulate_environment.py | 167] INFO: Get 179 unallocated order items, 283 ongoing order items, 97 completed order items
2021-07-15 17:43:57,313 [simulate_environment.py | 253] INFO: 2021-07-15 01:30:00, Item 0003130013-1: state = 1 < 2, we can not finish the simulation
2021-07-15 17:43:57,321 [simulate_environment.py | 99] INFO: **************************************************
2021-07-15 17:43:57,322 [simulate_environment.py | 103] INFO: cur time: 2021-07-15 01:40:00, pre time: 2021-07-15 01:30:00
2021-07-15 17:43:57,323 [simulate_environment.py | 140] INFO: Start to update the input of 2021-07-15 01:40:00
2021-07-15 17:43:57,350 [simulate_environment.py | 167] INFO: Get 119 unallocated order items, 321 ongoing order items, 119 completed order items
2021-07-15 17:44:00,206 [simulate_environment.py | 253] INFO: 2021-07-15 01:40:00, Item 0003130013-1: state = 1 < 2, we can not finish the simulation
2021-07-15 17:44:00,215 [simulate_environment.py | 99] INFO: **************************************************
2021-07-15 17:44:00,216 [simulate_environment.py | 103] INFO: cur time: 2021-07-15 01:50:00, pre time: 2021-07-15 01:40:00
2021-07-15 17:44:00,216 [simulate_environment.py | 140] INFO: Start to update the input of 2021-07-15 01:50:00
2021-07-15 17:44:00,239 [simulate_environment.py | 167] INFO: Get 103 unallocated order items, 299 ongoing order items, 160 completed order items
2021-07-15 17:44:03,069 [simulate_environment.py | 253] INFO: 2021-07-15 01:50:00, Item 0012180045-18: state = 1 < 2, we can not finish the simulation
2021-07-15 17:44:03,077 [simulate_environment.py | 99] INFO: **************************************************
2021-07-15 17:44:03,078 [simulate_environment.py | 103] INFO: cur time: 2021-07-15 02:00:00, pre time: 2021-07-15 01:50:00
2021-07-15 17:44:03,078 [simulate_environment.py | 140] INFO: Start to update the input of 2021-07-15 02:00:00
2021-07-15 17:44:03,099 [simulate_environment.py | 167] INFO: Get 74 unallocated order items, 304 ongoing order items, 186 completed order items
2021-07-15 17:44:06,141 [simulate_environment.py | 253] INFO: 2021-07-15 02:00:00, Item 0012180045-18: state = 1 < 2, we can not finish the simulation
2021-07-15 17:44:06,148 [simulate_environment.py | 99] INFO: **************************************************
2021-07-15 17:44:06,149 [simulate_environment.py | 103] INFO: cur time: 2021-07-15 02:10:00, pre time: 2021-07-15 02:00:00
2021-07-15 17:44:06,150 [simulate_environment.py | 140] INFO: Start to update the input of 2021-07-15 02:10:00
2021-07-15 17:44:06,176 [simulate_environment.py | 167] INFO: Get 73 unallocated order items, 277 ongoing order items, 222 completed order items
2021-07-15 17:44:09,066 [simulate_environment.py | 253] INFO: 2021-07-15 02:10:00, Item 0012180045-18: state = 1 < 2, we can not finish the simulation
2021-07-15 17:44:09,074 [simulate_environment.py | 99] INFO: **************************************************
2021-07-15 17:44:09,074 [simulate_environment.py | 103] INFO: cur time: 2021-07-15 02:20:00, pre time: 2021-07-15 02:10:00
2021-07-15 17:44:09,075 [simulate_environment.py | 140] INFO: Start to update the input of 2021-07-15 02:20:00
2021-07-15 17:44:09,102 [simulate_environment.py | 167] INFO: Get 95 unallocated order items, 261 ongoing order items, 243 completed order items
2021-07-15 17:44:13,225 [simulate_environment.py | 253] INFO: 2021-07-15 02:20:00, Item 0012180045-18: state = 1 < 2, we can not finish the simulation
2021-07-15 17:44:13,232 [simulate_environment.py | 99] INFO: **************************************************
2021-07-15 17:44:13,233 [simulate_environment.py | 103] INFO: cur time: 2021-07-15 02:30:00, pre time: 2021-07-15 02:20:00
2021-07-15 17:44:13,234 [simulate_environment.py | 140] INFO: Start to update the input of 2021-07-15 02:30:00
2021-07-15 17:44:13,252 [simulate_environment.py | 167] INFO: Get 116 unallocated order items, 256 ongoing order items, 266 completed order items
2021-07-15 17:44:16,415 [simulate_environment.py | 253] INFO: 2021-07-15 02:30:00, Item 0033240131-1: state = 1 < 2, we can not finish the simulation
2021-07-15 17:44:16,423 [simulate_environment.py | 99] INFO: **************************************************
2021-07-15 17:44:16,423 [simulate_environment.py | 103] INFO: cur time: 2021-07-15 02:40:00, pre time: 2021-07-15 02:30:00
2021-07-15 17:44:16,424 [simulate_environment.py | 140] INFO: Start to update the input of 2021-07-15 02:40:00
2021-07-15 17:44:16,443 [simulate_environment.py | 167] INFO: Get 146 unallocated order items, 249 ongoing order items, 278 completed order items
2021-07-15 17:44:19,731 [simulate_environment.py | 253] INFO: 2021-07-15 02:40:00, Item 0033240131-1: state = 1 < 2, we can not finish the simulation
2021-07-15 17:44:19,739 [simulate_environment.py | 99] INFO: **************************************************
2021-07-15 17:44:19,739 [simulate_environment.py | 103] INFO: cur time: 2021-07-15 02:50:00, pre time: 2021-07-15 02:40:00
2021-07-15 17:44:19,740 [simulate_environment.py | 140] INFO: Start to update the input of 2021-07-15 02:50:00
2021-07-15 17:44:19,749 [simulate_environment.py | 167] INFO: Get 161 unallocated order items, 246 ongoing order items, 297 completed order items
2021-07-15 17:44:22,897 [simulate_environment.py | 253] INFO: 2021-07-15 02:50:00, Item 0033560135-1: state = 1 < 2, we can not finish the simulation
2021-07-15 17:44:22,905 [simulate_environment.py | 99] INFO: **************************************************
2021-07-15 17:44:22,906 [simulate_environment.py | 103] INFO: cur time: 2021-07-15 03:00:00, pre time: 2021-07-15 02:50:00
2021-07-15 17:44:22,906 [simulate_environment.py | 140] INFO: Start to update the input of 2021-07-15 03:00:00
2021-07-15 17:44:22,934 [simulate_environment.py | 167] INFO: Get 178 unallocated order items, 233 ongoing order items, 333 completed order items
2021-07-15 17:44:26,389 [simulate_environment.py | 253] INFO: 2021-07-15 03:00:00, Item 0033560135-1: state = 1 < 2, we can not finish the simulation
2021-07-15 17:44:26,397 [simulate_environment.py | 99] INFO: **************************************************
2021-07-15 17:44:26,398 [simulate_environment.py | 103] INFO: cur time: 2021-07-15 03:10:00, pre time: 2021-07-15 03:00:00
2021-07-15 17:44:26,399 [simulate_environment.py | 140] INFO: Start to update the input of 2021-07-15 03:10:00
2021-07-15 17:44:26,433 [simulate_environment.py | 167] INFO: Get 224 unallocated order items, 245 ongoing order items, 336 completed order items
2021-07-15 17:44:31,913 [simulate_environment.py | 253] INFO: 2021-07-15 03:10:00, Item 0033560135-1: state = 1 < 2, we can not finish the simulation
2021-07-15 17:44:31,921 [simulate_environment.py | 99] INFO: **************************************************
2021-07-15 17:44:31,922 [simulate_environment.py | 103] INFO: cur time: 2021-07-15 03:20:00, pre time: 2021-07-15 03:10:00
2021-07-15 17:44:31,922 [simulate_environment.py | 140] INFO: Start to update the input of 2021-07-15 03:20:00
2021-07-15 17:44:31,946 [simulate_environment.py | 167] INFO: Get 220 unallocated order items, 279 ongoing order items, 365 completed order items
2021-07-15 17:44:36,887 [simulate_environment.py | 253] INFO: 2021-07-15 03:20:00, Item 0033560135-1: state = 1 < 2, we can not finish the simulation
2021-07-15 17:44:36,895 [simulate_environment.py | 99] INFO: **************************************************
2021-07-15 17:44:36,896 [simulate_environment.py | 103] INFO: cur time: 2021-07-15 03:30:00, pre time: 2021-07-15 03:20:00
2021-07-15 17:44:36,897 [simulate_environment.py | 140] INFO: Start to update the input of 2021-07-15 03:30:00
2021-07-15 17:44:36,930 [simulate_environment.py | 167] INFO: Get 231 unallocated order items, 284 ongoing order items, 395 completed order items
2021-07-15 17:44:48,709 [simulate_environment.py | 253] INFO: 2021-07-15 03:30:00, Item 0033560135-1: state = 1 < 2, we can not finish the simulation
2021-07-15 17:44:48,718 [simulate_environment.py | 99] INFO: **************************************************
2021-07-15 17:44:48,719 [simulate_environment.py | 103] INFO: cur time: 2021-07-15 03:40:00, pre time: 2021-07-15 03:30:00
2021-07-15 17:44:48,720 [simulate_environment.py | 140] INFO: Start to update the input of 2021-07-15 03:40:00
2021-07-15 17:44:48,743 [simulate_environment.py | 167] INFO: Get 307 unallocated order items, 331 ongoing order items, 400 completed order items
2021-07-15 17:45:02,147 [simulate_environment.py | 253] INFO: 2021-07-15 03:40:00, Item 0033560135-1: state = 1 < 2, we can not finish the simulation
2021-07-15 17:45:02,163 [simulate_environment.py | 99] INFO: **************************************************
2021-07-15 17:45:02,163 [simulate_environment.py | 103] INFO: cur time: 2021-07-15 03:50:00, pre time: 2021-07-15 03:40:00
2021-07-15 17:45:02,164 [simulate_environment.py | 140] INFO: Start to update the input of 2021-07-15 03:50:00
2021-07-15 17:45:02,198 [simulate_environment.py | 167] INFO: Get 324 unallocated order items, 324 ongoing order items, 464 completed order items
2021-07-15 17:45:13,694 [simulate_environment.py | 253] INFO: 2021-07-15 03:50:00, Item 0144170230-1: state = 1 < 2, we can not finish the simulation
2021-07-15 17:45:13,706 [simulate_environment.py | 99] INFO: **************************************************
2021-07-15 17:45:13,707 [simulate_environment.py | 103] INFO: cur time: 2021-07-15 04:00:00, pre time: 2021-07-15 03:50:00
2021-07-15 17:45:13,708 [simulate_environment.py | 140] INFO: Start to update the input of 2021-07-15 04:00:00
2021-07-15 17:45:13,721 [simulate_environment.py | 167] INFO: Get 349 unallocated order items, 357 ongoing order items, 475 completed order items
2021-07-15 17:45:21,561 [simulate_environment.py | 253] INFO: 2021-07-15 04:00:00, Item 0144170230-1: state = 1 < 2, we can not finish the simulation
2021-07-15 17:45:21,576 [simulate_environment.py | 99] INFO: **************************************************
2021-07-15 17:45:21,576 [simulate_environment.py | 103] INFO: cur time: 2021-07-15 04:10:00, pre time: 2021-07-15 04:00:00
2021-07-15 17:45:21,577 [simulate_environment.py | 140] INFO: Start to update the input of 2021-07-15 04:10:00
2021-07-15 17:45:21,606 [simulate_environment.py | 167] INFO: Get 335 unallocated order items, 406 ongoing order items, 491 completed order items
2021-07-15 17:45:33,040 [simulate_environment.py | 253] INFO: 2021-07-15 04:10:00, Item 0144170230-1: state = 1 < 2, we can not finish the simulation
2021-07-15 17:45:33,059 [simulate_environment.py | 99] INFO: **************************************************
2021-07-15 17:45:33,060 [simulate_environment.py | 103] INFO: cur time: 2021-07-15 04:20:00, pre time: 2021-07-15 04:10:00
2021-07-15 17:45:33,061 [simulate_environment.py | 140] INFO: Start to update the input of 2021-07-15 04:20:00
2021-07-15 17:45:33,088 [simulate_environment.py | 167] INFO: Get 395 unallocated order items, 441 ongoing order items, 503 completed order items
2021-07-15 17:45:44,603 [simulate_environment.py | 253] INFO: 2021-07-15 04:20:00, Item 0144170230-1: state = 1 < 2, we can not finish the simulation
2021-07-15 17:45:44,621 [simulate_environment.py | 99] INFO: **************************************************
2021-07-15 17:45:44,622 [simulate_environment.py | 103] INFO: cur time: 2021-07-15 04:30:00, pre time: 2021-07-15 04:20:00
2021-07-15 17:45:44,623 [simulate_environment.py | 140] INFO: Start to update the input of 2021-07-15 04:30:00
2021-07-15 17:45:44,648 [simulate_environment.py | 167] INFO: Get 459 unallocated order items, 416 ongoing order items, 577 completed order items
2021-07-15 17:46:01,110 [simulate_environment.py | 253] INFO: 2021-07-15 04:30:00, Item 0144170230-1: state = 1 < 2, we can not finish the simulation
2021-07-15 17:46:01,129 [simulate_environment.py | 99] INFO: **************************************************
2021-07-15 17:46:01,129 [simulate_environment.py | 103] INFO: cur time: 2021-07-15 04:40:00, pre time: 2021-07-15 04:30:00
2021-07-15 17:46:01,130 [simulate_environment.py | 140] INFO: Start to update the input of 2021-07-15 04:40:00
2021-07-15 17:46:01,170 [simulate_environment.py | 167] INFO: Get 429 unallocated order items, 454 ongoing order items, 618 completed order items
2021-07-15 17:46:25,447 [simulate_environment.py | 253] INFO: 2021-07-15 04:40:00, Item 0144170230-1: state = 1 < 2, we can not finish the simulation
2021-07-15 17:46:25,465 [simulate_environment.py | 99] INFO: **************************************************
2021-07-15 17:46:25,466 [simulate_environment.py | 103] INFO: cur time: 2021-07-15 04:50:00, pre time: 2021-07-15 04:40:00
2021-07-15 17:46:25,467 [simulate_environment.py | 140] INFO: Start to update the input of 2021-07-15 04:50:00
2021-07-15 17:46:25,496 [simulate_environment.py | 167] INFO: Get 390 unallocated order items, 492 ongoing order items, 662 completed order items
2021-07-15 17:46:48,940 [simulate_environment.py | 253] INFO: 2021-07-15 04:50:00, Item 0144170230-1: state = 1 < 2, we can not finish the simulation
2021-07-15 17:46:48,960 [simulate_environment.py | 99] INFO: **************************************************
2021-07-15 17:46:48,961 [simulate_environment.py | 103] INFO: cur time: 2021-07-15 05:00:00, pre time: 2021-07-15 04:50:00
2021-07-15 17:46:48,962 [simulate_environment.py | 140] INFO: Start to update the input of 2021-07-15 05:00:00
2021-07-15 17:46:48,999 [simulate_environment.py | 167] INFO: Get 425 unallocated order items, 498 ongoing order items, 682 completed order items
2021-07-15 17:47:20,591 [simulate_environment.py | 253] INFO: 2021-07-15 05:00:00, Item 0144170230-1: state = 1 < 2, we can not finish the simulation
2021-07-15 17:47:20,613 [simulate_environment.py | 99] INFO: **************************************************
2021-07-15 17:47:20,613 [simulate_environment.py | 103] INFO: cur time: 2021-07-15 05:10:00, pre time: 2021-07-15 05:00:00
2021-07-15 17:47:20,614 [simulate_environment.py | 140] INFO: Start to update the input of 2021-07-15 05:10:00
2021-07-15 17:47:20,631 [simulate_environment.py | 167] INFO: Get 401 unallocated order items, 525 ongoing order items, 701 completed order items
2021-07-15 17:47:37,472 [simulate_environment.py | 253] INFO: 2021-07-15 05:10:00, Item 0144170230-1: state = 1 < 2, we can not finish the simulation
2021-07-15 17:47:37,493 [simulate_environment.py | 99] INFO: **************************************************
2021-07-15 17:47:37,494 [simulate_environment.py | 103] INFO: cur time: 2021-07-15 05:20:00, pre time: 2021-07-15 05:10:00
2021-07-15 17:47:37,494 [simulate_environment.py | 140] INFO: Start to update the input of 2021-07-15 05:20:00
2021-07-15 17:47:37,526 [simulate_environment.py | 167] INFO: Get 416 unallocated order items, 506 ongoing order items, 742 completed order items
2021-07-15 17:48:02,290 [simulate_environment.py | 253] INFO: 2021-07-15 05:20:00, Item 0302000302-1: state = 1 < 2, we can not finish the simulation
2021-07-15 17:48:02,311 [simulate_environment.py | 99] INFO: **************************************************
2021-07-15 17:48:02,312 [simulate_environment.py | 103] INFO: cur time: 2021-07-15 05:30:00, pre time: 2021-07-15 05:20:00
2021-07-15 17:48:02,312 [simulate_environment.py | 140] INFO: Start to update the input of 2021-07-15 05:30:00
2021-07-15 17:48:02,344 [simulate_environment.py | 167] INFO: Get 457 unallocated order items, 509 ongoing order items, 760 completed order items
2021-07-15 17:48:37,909 [simulate_environment.py | 253] INFO: 2021-07-15 05:30:00, Item 0302000302-1: state = 1 < 2, we can not finish the simulation
2021-07-15 17:48:37,932 [simulate_environment.py | 99] INFO: **************************************************
2021-07-15 17:48:37,933 [simulate_environment.py | 103] INFO: cur time: 2021-07-15 05:40:00, pre time: 2021-07-15 05:30:00
2021-07-15 17:48:37,934 [simulate_environment.py | 140] INFO: Start to update the input of 2021-07-15 05:40:00
2021-07-15 17:48:37,964 [simulate_environment.py | 167] INFO: Get 467 unallocated order items, 544 ongoing order items, 786 completed order items
2021-07-15 17:49:07,989 [simulate_environment.py | 253] INFO: 2021-07-15 05:40:00, Item 0302000302-1: state = 1 < 2, we can not finish the simulation
2021-07-15 17:49:08,018 [simulate_environment.py | 99] INFO: **************************************************
2021-07-15 17:49:08,019 [simulate_environment.py | 103] INFO: cur time: 2021-07-15 05:50:00, pre time: 2021-07-15 05:40:00
2021-07-15 17:49:08,020 [simulate_environment.py | 140] INFO: Start to update the input of 2021-07-15 05:50:00
2021-07-15 17:49:08,036 [simulate_environment.py | 167] INFO: Get 551 unallocated order items, 562 ongoing order items, 806 completed order items
2021-07-15 17:49:31,282 [simulate_environment.py | 253] INFO: 2021-07-15 05:50:00, Item 0302000302-1: state = 1 < 2, we can not finish the simulation
2021-07-15 17:49:31,308 [simulate_environment.py | 99] INFO: **************************************************
2021-07-15 17:49:31,309 [simulate_environment.py | 103] INFO: cur time: 2021-07-15 06:00:00, pre time: 2021-07-15 05:50:00
2021-07-15 17:49:31,309 [simulate_environment.py | 140] INFO: Start to update the input of 2021-07-15 06:00:00
2021-07-15 17:49:31,341 [simulate_environment.py | 167] INFO: Get 597 unallocated order items, 567 ongoing order items, 824 completed order items
2021-07-15 17:49:58,630 [simulate_environment.py | 253] INFO: 2021-07-15 06:00:00, Item 0304490311-1: state = 1 < 2, we can not finish the simulation
2021-07-15 17:49:58,657 [simulate_environment.py | 99] INFO: **************************************************
2021-07-15 17:49:58,657 [simulate_environment.py | 103] INFO: cur time: 2021-07-15 06:10:00, pre time: 2021-07-15 06:00:00
2021-07-15 17:49:58,658 [simulate_environment.py | 140] INFO: Start to update the input of 2021-07-15 06:10:00
2021-07-15 17:49:58,690 [simulate_environment.py | 167] INFO: Get 634 unallocated order items, 576 ongoing order items, 860 completed order items
2021-07-15 17:50:34,514 [simulate_environment.py | 253] INFO: 2021-07-15 06:10:00, Item 0304490311-1: state = 1 < 2, we can not finish the simulation
2021-07-15 17:50:34,546 [simulate_environment.py | 99] INFO: **************************************************
2021-07-15 17:50:34,547 [simulate_environment.py | 103] INFO: cur time: 2021-07-15 06:20:00, pre time: 2021-07-15 06:10:00
2021-07-15 17:50:34,548 [simulate_environment.py | 140] INFO: Start to update the input of 2021-07-15 06:20:00
2021-07-15 17:50:34,584 [simulate_environment.py | 167] INFO: Get 714 unallocated order items, 556 ongoing order items, 918 completed order items
2021-07-15 17:51:18,853 [simulate_environment.py | 253] INFO: 2021-07-15 06:20:00, Item 0310090327-1: state = 1 < 2, we can not finish the simulation
2021-07-15 17:51:18,888 [simulate_environment.py | 99] INFO: **************************************************
2021-07-15 17:51:18,888 [simulate_environment.py | 103] INFO: cur time: 2021-07-15 06:30:00, pre time: 2021-07-15 06:20:00
2021-07-15 17:51:18,889 [simulate_environment.py | 140] INFO: Start to update the input of 2021-07-15 06:30:00
2021-07-15 17:51:18,929 [simulate_environment.py | 167] INFO: Get 730 unallocated order items, 543 ongoing order items, 950 completed order items
2021-07-15 17:52:21,028 [simulate_environment.py | 253] INFO: 2021-07-15 06:30:00, Item 0310090327-1: state = 1 < 2, we can not finish the simulation
2021-07-15 17:52:21,067 [simulate_environment.py | 99] INFO: **************************************************
2021-07-15 17:52:21,068 [simulate_environment.py | 103] INFO: cur time: 2021-07-15 06:40:00, pre time: 2021-07-15 06:30:00
2021-07-15 17:52:21,069 [simulate_environment.py | 140] INFO: Start to update the input of 2021-07-15 06:40:00
2021-07-15 17:52:21,113 [simulate_environment.py | 167] INFO: Get 807 unallocated order items, 525 ongoing order items, 1000 completed order items
2021-07-15 17:53:04,300 [simulate_environment.py | 253] INFO: 2021-07-15 06:40:00, Item 0310090327-1: state = 1 < 2, we can not finish the simulation
2021-07-15 17:53:04,333 [simulate_environment.py | 99] INFO: **************************************************
2021-07-15 17:53:04,334 [simulate_environment.py | 103] INFO: cur time: 2021-07-15 06:50:00, pre time: 2021-07-15 06:40:00
2021-07-15 17:53:04,334 [simulate_environment.py | 140] INFO: Start to update the input of 2021-07-15 06:50:00
2021-07-15 17:53:04,381 [simulate_environment.py | 167] INFO: Get 857 unallocated order items, 531 ongoing order items, 1027 completed order items
2021-07-15 17:54:05,212 [simulate_environment.py | 253] INFO: 2021-07-15 06:50:00, Item 0327030380-1: state = 1 < 2, we can not finish the simulation
2021-07-15 17:54:05,247 [simulate_environment.py | 99] INFO: **************************************************
2021-07-15 17:54:05,248 [simulate_environment.py | 103] INFO: cur time: 2021-07-15 07:00:00, pre time: 2021-07-15 06:50:00
2021-07-15 17:54:05,248 [simulate_environment.py | 140] INFO: Start to update the input of 2021-07-15 07:00:00
2021-07-15 17:54:05,294 [simulate_environment.py | 167] INFO: Get 846 unallocated order items, 536 ongoing order items, 1060 completed order items
2021-07-15 17:55:06,164 [simulate_environment.py | 253] INFO: 2021-07-15 07:00:00, Item 0338030420-1: state = 1 < 2, we can not finish the simulation
2021-07-15 17:55:06,199 [simulate_environment.py | 99] INFO: **************************************************
2021-07-15 17:55:06,200 [simulate_environment.py | 103] INFO: cur time: 2021-07-15 07:10:00, pre time: 2021-07-15 07:00:00
2021-07-15 17:55:06,200 [simulate_environment.py | 140] INFO: Start to update the input of 2021-07-15 07:10:00
2021-07-15 17:55:06,239 [simulate_environment.py | 167] INFO: Get 824 unallocated order items, 519 ongoing order items, 1105 completed order items
2021-07-15 17:56:34,682 [simulate_environment.py | 253] INFO: 2021-07-15 07:10:00, Item 0403410512-1: state = 1 < 2, we can not finish the simulation
2021-07-15 17:56:34,723 [simulate_environment.py | 99] INFO: **************************************************
2021-07-15 17:56:34,724 [simulate_environment.py | 103] INFO: cur time: 2021-07-15 07:20:00, pre time: 2021-07-15 07:10:00
2021-07-15 17:56:34,725 [simulate_environment.py | 140] INFO: Start to update the input of 2021-07-15 07:20:00
2021-07-15 17:56:34,773 [simulate_environment.py | 167] INFO: Get 796 unallocated order items, 539 ongoing order items, 1115 completed order items
2021-07-15 17:58:04,203 [simulate_environment.py | 253] INFO: 2021-07-15 07:20:00, Item 0403410512-1: state = 1 < 2, we can not finish the simulation
2021-07-15 17:58:04,238 [simulate_environment.py | 99] INFO: **************************************************
2021-07-15 17:58:04,239 [simulate_environment.py | 103] INFO: cur time: 2021-07-15 07:30:00, pre time: 2021-07-15 07:20:00
2021-07-15 17:58:04,239 [simulate_environment.py | 140] INFO: Start to update the input of 2021-07-15 07:30:00
2021-07-15 17:58:04,265 [simulate_environment.py | 167] INFO: Get 763 unallocated order items, 542 ongoing order items, 1152 completed order items
2021-07-15 18:00:03,859 [simulate_environment.py | 253] INFO: 2021-07-15 07:30:00, Item 0403410512-1: state = 1 < 2, we can not finish the simulation
2021-07-15 18:00:03,891 [simulate_environment.py | 99] INFO: **************************************************
2021-07-15 18:00:03,891 [simulate_environment.py | 103] INFO: cur time: 2021-07-15 07:40:00, pre time: 2021-07-15 07:30:00
2021-07-15 18:00:03,892 [simulate_environment.py | 140] INFO: Start to update the input of 2021-07-15 07:40:00
2021-07-15 18:00:03,927 [simulate_environment.py | 167] INFO: Get 762 unallocated order items, 524 ongoing order items, 1192 completed order items
2021-07-15 18:02:01,858 [simulate_environment.py | 253] INFO: 2021-07-15 07:40:00, Item 0403410512-1: state = 1 < 2, we can not finish the simulation
2021-07-15 18:02:01,894 [simulate_environment.py | 99] INFO: **************************************************
2021-07-15 18:02:01,895 [simulate_environment.py | 103] INFO: cur time: 2021-07-15 07:50:00, pre time: 2021-07-15 07:40:00
2021-07-15 18:02:01,896 [simulate_environment.py | 140] INFO: Start to update the input of 2021-07-15 07:50:00
2021-07-15 18:02:01,920 [simulate_environment.py | 167] INFO: Get 769 unallocated order items, 527 ongoing order items, 1210 completed order items
2021-07-15 18:03:44,570 [simulate_environment.py | 253] INFO: 2021-07-15 07:50:00, Item 0425020589-1: state = 1 < 2, we can not finish the simulation
2021-07-15 18:03:44,615 [simulate_environment.py | 99] INFO: **************************************************
2021-07-15 18:03:44,616 [simulate_environment.py | 103] INFO: cur time: 2021-07-15 08:00:00, pre time: 2021-07-15 07:50:00
2021-07-15 18:03:44,617 [simulate_environment.py | 140] INFO: Start to update the input of 2021-07-15 08:00:00
2021-07-15 18:03:44,668 [simulate_environment.py | 167] INFO: Get 807 unallocated order items, 541 ongoing order items, 1234 completed order items
2021-07-15 18:05:22,465 [simulate_environment.py | 253] INFO: 2021-07-15 08:00:00, Item 0425020589-1: state = 1 < 2, we can not finish the simulation
2021-07-15 18:05:22,498 [simulate_environment.py | 99] INFO: **************************************************
2021-07-15 18:05:22,499 [simulate_environment.py | 103] INFO: cur time: 2021-07-15 08:10:00, pre time: 2021-07-15 08:00:00
2021-07-15 18:05:22,500 [simulate_environment.py | 140] INFO: Start to update the input of 2021-07-15 08:10:00
2021-07-15 18:05:22,572 [simulate_environment.py | 167] INFO: Get 853 unallocated order items, 532 ongoing order items, 1274 completed order items
2021-07-15 18:07:12,591 [simulate_environment.py | 253] INFO: 2021-07-15 08:10:00, Item 0436210637-1: state = 1 < 2, we can not finish the simulation
2021-07-15 18:07:12,630 [simulate_environment.py | 99] INFO: **************************************************
2021-07-15 18:07:12,631 [simulate_environment.py | 103] INFO: cur time: 2021-07-15 08:20:00, pre time: 2021-07-15 08:10:00
2021-07-15 18:07:12,632 [simulate_environment.py | 140] INFO: Start to update the input of 2021-07-15 08:20:00
2021-07-15 18:07:12,683 [simulate_environment.py | 167] INFO: Get 913 unallocated order items, 545 ongoing order items, 1281 completed order items
2021-07-15 18:09:34,915 [simulate_environment.py | 253] INFO: 2021-07-15 08:20:00, Item 0439080644-1: state = 1 < 2, we can not finish the simulation
2021-07-15 18:09:34,952 [simulate_environment.py | 99] INFO: **************************************************
2021-07-15 18:09:34,953 [simulate_environment.py | 103] INFO: cur time: 2021-07-15 08:30:00, pre time: 2021-07-15 08:20:00
2021-07-15 18:09:34,953 [simulate_environment.py | 140] INFO: Start to update the input of 2021-07-15 08:30:00
2021-07-15 18:09:35,019 [simulate_environment.py | 167] INFO: Get 939 unallocated order items, 534 ongoing order items, 1293 completed order items
2021-07-15 18:11:36,296 [simulate_environment.py | 253] INFO: 2021-07-15 08:30:00, Item 0439080644-1: state = 1 < 2, we can not finish the simulation
2021-07-15 18:11:36,335 [simulate_environment.py | 99] INFO: **************************************************
2021-07-15 18:11:36,335 [simulate_environment.py | 103] INFO: cur time: 2021-07-15 08:40:00, pre time: 2021-07-15 08:30:00
2021-07-15 18:11:36,336 [simulate_environment.py | 140] INFO: Start to update the input of 2021-07-15 08:40:00
2021-07-15 18:11:36,381 [simulate_environment.py | 167] INFO: Get 921 unallocated order items, 519 ongoing order items, 1334 completed order items
2021-07-15 18:13:31,136 [simulate_environment.py | 253] INFO: 2021-07-15 08:40:00, Item 0514140712-1: state = 1 < 2, we can not finish the simulation
2021-07-15 18:13:31,174 [simulate_environment.py | 99] INFO: **************************************************
2021-07-15 18:13:31,175 [simulate_environment.py | 103] INFO: cur time: 2021-07-15 08:50:00, pre time: 2021-07-15 08:40:00
2021-07-15 18:13:31,176 [simulate_environment.py | 140] INFO: Start to update the input of 2021-07-15 08:50:00
2021-07-15 18:13:31,201 [simulate_environment.py | 167] INFO: Get 896 unallocated order items, 490 ongoing order items, 1392 completed order items
2021-07-15 18:15:28,199 [simulate_environment.py | 253] INFO: 2021-07-15 08:50:00, Item 0514140712-1: state = 1 < 2, we can not finish the simulation
2021-07-15 18:15:28,247 [simulate_environment.py | 99] INFO: **************************************************
2021-07-15 18:15:28,249 [simulate_environment.py | 103] INFO: cur time: 2021-07-15 09:00:00, pre time: 2021-07-15 08:50:00
2021-07-15 18:15:28,250 [simulate_environment.py | 140] INFO: Start to update the input of 2021-07-15 09:00:00
2021-07-15 18:15:28,295 [simulate_environment.py | 167] INFO: Get 898 unallocated order items, 483 ongoing order items, 1405 completed order items
2021-07-15 18:17:20,780 [simulate_environment.py | 253] INFO: 2021-07-15 09:00:00, Item 0514140712-1: state = 1 < 2, we can not finish the simulation
2021-07-15 18:17:20,818 [simulate_environment.py | 99] INFO: **************************************************
2021-07-15 18:17:20,819 [simulate_environment.py | 103] INFO: cur time: 2021-07-15 09:10:00, pre time: 2021-07-15 09:00:00
2021-07-15 18:17:20,819 [simulate_environment.py | 140] INFO: Start to update the input of 2021-07-15 09:10:00
2021-07-15 18:17:20,868 [simulate_environment.py | 167] INFO: Get 919 unallocated order items, 495 ongoing order items, 1438 completed order items
2021-07-15 18:19:27,592 [simulate_environment.py | 253] INFO: 2021-07-15 09:10:00, Item 0521190735-1: state = 1 < 2, we can not finish the simulation
2021-07-15 18:19:27,631 [simulate_environment.py | 99] INFO: **************************************************
2021-07-15 18:19:27,632 [simulate_environment.py | 103] INFO: cur time: 2021-07-15 09:20:00, pre time: 2021-07-15 09:10:00
2021-07-15 18:19:27,633 [simulate_environment.py | 140] INFO: Start to update the input of 2021-07-15 09:20:00
2021-07-15 18:19:27,680 [simulate_environment.py | 167] INFO: Get 929 unallocated order items, 493 ongoing order items, 1467 completed order items
2021-07-15 18:21:39,753 [simulate_environment.py | 253] INFO: 2021-07-15 09:20:00, Item 0534560794-1: state = 1 < 2, we can not finish the simulation
2021-07-15 18:21:39,790 [simulate_environment.py | 99] INFO: **************************************************
2021-07-15 18:21:39,791 [simulate_environment.py | 103] INFO: cur time: 2021-07-15 09:30:00, pre time: 2021-07-15 09:20:00
2021-07-15 18:21:39,792 [simulate_environment.py | 140] INFO: Start to update the input of 2021-07-15 09:30:00
2021-07-15 18:21:39,828 [simulate_environment.py | 167] INFO: Get 945 unallocated order items, 480 ongoing order items, 1508 completed order items
2021-07-15 18:24:15,066 [simulate_environment.py | 253] INFO: 2021-07-15 09:30:00, Item 0540220809-1: state = 1 < 2, we can not finish the simulation
2021-07-15 18:24:15,105 [simulate_environment.py | 99] INFO: **************************************************
2021-07-15 18:24:15,106 [simulate_environment.py | 103] INFO: cur time: 2021-07-15 09:40:00, pre time: 2021-07-15 09:30:00
2021-07-15 18:24:15,107 [simulate_environment.py | 140] INFO: Start to update the input of 2021-07-15 09:40:00
2021-07-15 18:24:15,156 [simulate_environment.py | 167] INFO: Get 990 unallocated order items, 474 ongoing order items, 1535 completed order items
2021-07-15 18:26:27,454 [simulate_environment.py | 253] INFO: 2021-07-15 09:40:00, Item 0540220809-1: state = 1 < 2, we can not finish the simulation
2021-07-15 18:26:27,494 [simulate_environment.py | 99] INFO: **************************************************
2021-07-15 18:26:27,494 [simulate_environment.py | 103] INFO: cur time: 2021-07-15 09:50:00, pre time: 2021-07-15 09:40:00
2021-07-15 18:26:27,495 [simulate_environment.py | 140] INFO: Start to update the input of 2021-07-15 09:50:00
2021-07-15 18:26:27,551 [simulate_environment.py | 167] INFO: Get 1073 unallocated order items, 464 ongoing order items, 1553 completed order items
2021-07-15 18:27:58,956 [simulate_environment.py | 253] INFO: 2021-07-15 09:50:00, Item 0540220809-1: state = 1 < 2, we can not finish the simulation
2021-07-15 18:27:58,997 [simulate_environment.py | 99] INFO: **************************************************
2021-07-15 18:27:58,998 [simulate_environment.py | 103] INFO: cur time: 2021-07-15 10:00:00, pre time: 2021-07-15 09:50:00
2021-07-15 18:27:58,998 [simulate_environment.py | 140] INFO: Start to update the input of 2021-07-15 10:00:00
2021-07-15 18:27:59,053 [simulate_environment.py | 167] INFO: Get 1104 unallocated order items, 463 ongoing order items, 1592 completed order items
2021-07-15 18:30:04,294 [simulate_environment.py | 253] INFO: 2021-07-15 10:00:00, Item 0540220809-1: state = 1 < 2, we can not finish the simulation
2021-07-15 18:30:04,338 [simulate_environment.py | 99] INFO: **************************************************
2021-07-15 18:30:04,339 [simulate_environment.py | 103] INFO: cur time: 2021-07-15 10:10:00, pre time: 2021-07-15 10:00:00
2021-07-15 18:30:04,340 [simulate_environment.py | 140] INFO: Start to update the input of 2021-07-15 10:10:00
2021-07-15 18:30:04,387 [simulate_environment.py | 167] INFO: Get 1151 unallocated order items, 467 ongoing order items, 1607 completed order items
2021-07-15 18:32:06,061 [simulate_environment.py | 253] INFO: 2021-07-15 10:10:00, Item 0542380817-1: state = 1 < 2, we can not finish the simulation
2021-07-15 18:32:06,112 [simulate_environment.py | 99] INFO: **************************************************
2021-07-15 18:32:06,113 [simulate_environment.py | 103] INFO: cur time: 2021-07-15 10:20:00, pre time: 2021-07-15 10:10:00
2021-07-15 18:32:06,114 [simulate_environment.py | 140] INFO: Start to update the input of 2021-07-15 10:20:00
2021-07-15 18:32:06,147 [simulate_environment.py | 167] INFO: Get 1250 unallocated order items, 473 ongoing order items, 1610 completed order items
2021-07-15 18:33:48,780 [simulate_environment.py | 253] INFO: 2021-07-15 10:20:00, Item 0542380818-1: state = 1 < 2, we can not finish the simulation
2021-07-15 18:33:48,833 [simulate_environment.py | 99] INFO: **************************************************
2021-07-15 18:33:48,834 [simulate_environment.py | 103] INFO: cur time: 2021-07-15 10:30:00, pre time: 2021-07-15 10:20:00
2021-07-15 18:33:48,835 [simulate_environment.py | 140] INFO: Start to update the input of 2021-07-15 10:30:00
2021-07-15 18:33:48,897 [simulate_environment.py | 167] INFO: Get 1302 unallocated order items, 452 ongoing order items, 1654 completed order items
2021-07-15 18:35:38,633 [simulate_environment.py | 253] INFO: 2021-07-15 10:30:00, Item 0542380818-1: state = 1 < 2, we can not finish the simulation
2021-07-15 18:35:38,685 [simulate_environment.py | 99] INFO: **************************************************
2021-07-15 18:35:38,686 [simulate_environment.py | 103] INFO: cur time: 2021-07-15 10:40:00, pre time: 2021-07-15 10:30:00
2021-07-15 18:35:38,687 [simulate_environment.py | 140] INFO: Start to update the input of 2021-07-15 10:40:00
2021-07-15 18:35:38,743 [simulate_environment.py | 167] INFO: Get 1349 unallocated order items, 457 ongoing order items, 1673 completed order items
2021-07-15 18:37:45,906 [simulate_environment.py | 253] INFO: 2021-07-15 10:40:00, Item 0543480824-1: state = 1 < 2, we can not finish the simulation
2021-07-15 18:37:45,961 [simulate_environment.py | 99] INFO: **************************************************
2021-07-15 18:37:45,962 [simulate_environment.py | 103] INFO: cur time: 2021-07-15 10:50:00, pre time: 2021-07-15 10:40:00
2021-07-15 18:37:45,963 [simulate_environment.py | 140] INFO: Start to update the input of 2021-07-15 10:50:00
2021-07-15 18:37:46,017 [simulate_environment.py | 167] INFO: Get 1358 unallocated order items, 457 ongoing order items, 1698 completed order items
2021-07-15 18:39:47,035 [simulate_environment.py | 253] INFO: 2021-07-15 10:50:00, Item 0544080826-1: state = 1 < 2, we can not finish the simulation
2021-07-15 18:39:47,090 [simulate_environment.py | 99] INFO: **************************************************
2021-07-15 18:39:47,090 [simulate_environment.py | 103] INFO: cur time: 2021-07-15 11:00:00, pre time: 2021-07-15 10:50:00
2021-07-15 18:39:47,091 [simulate_environment.py | 140] INFO: Start to update the input of 2021-07-15 11:00:00
2021-07-15 18:39:47,137 [simulate_environment.py | 167] INFO: Get 1406 unallocated order items, 466 ongoing order items, 1710 completed order items
2021-07-15 18:42:08,667 [simulate_environment.py | 253] INFO: 2021-07-15 11:00:00, Item 0544080826-1: state = 1 < 2, we can not finish the simulation
2021-07-15 18:42:08,723 [simulate_environment.py | 99] INFO: **************************************************
2021-07-15 18:42:08,724 [simulate_environment.py | 103] INFO: cur time: 2021-07-15 11:10:00, pre time: 2021-07-15 11:00:00
2021-07-15 18:42:08,724 [simulate_environment.py | 140] INFO: Start to update the input of 2021-07-15 11:10:00
2021-07-15 18:42:08,822 [simulate_environment.py | 167] INFO: Get 1464 unallocated order items, 438 ongoing order items, 1755 completed order items
2021-07-15 18:44:59,007 [simulate_environment.py | 253] INFO: 2021-07-15 11:10:00, Item 0544080826-1: state = 1 < 2, we can not finish the simulation
2021-07-15 18:44:59,086 [simulate_environment.py | 99] INFO: **************************************************
2021-07-15 18:44:59,087 [simulate_environment.py | 103] INFO: cur time: 2021-07-15 11:20:00, pre time: 2021-07-15 11:10:00
2021-07-15 18:44:59,088 [simulate_environment.py | 140] INFO: Start to update the input of 2021-07-15 11:20:00
2021-07-15 18:44:59,202 [simulate_environment.py | 167] INFO: Get 1558 unallocated order items, 421 ongoing order items, 1776 completed order items
2021-07-15 18:47:16,319 [simulate_environment.py | 253] INFO: 2021-07-15 11:20:00, Item 0544080826-1: state = 1 < 2, we can not finish the simulation
2021-07-15 18:47:16,381 [simulate_environment.py | 99] INFO: **************************************************
2021-07-15 18:47:16,382 [simulate_environment.py | 103] INFO: cur time: 2021-07-15 11:30:00, pre time: 2021-07-15 11:20:00
2021-07-15 18:47:16,382 [simulate_environment.py | 140] INFO: Start to update the input of 2021-07-15 11:30:00
2021-07-15 18:47:16,443 [simulate_environment.py | 167] INFO: Get 1640 unallocated order items, 426 ongoing order items, 1791 completed order items
2021-07-15 18:48:59,489 [simulate_environment.py | 253] INFO: 2021-07-15 11:30:00, Item 0546020834-1: state = 1 < 2, we can not finish the simulation
2021-07-15 18:48:59,564 [simulate_environment.py | 99] INFO: **************************************************
2021-07-15 18:48:59,565 [simulate_environment.py | 103] INFO: cur time: 2021-07-15 11:40:00, pre time: 2021-07-15 11:30:00
2021-07-15 18:48:59,565 [simulate_environment.py | 140] INFO: Start to update the input of 2021-07-15 11:40:00
2021-07-15 18:48:59,624 [simulate_environment.py | 167] INFO: Get 1749 unallocated order items, 429 ongoing order items, 1806 completed order items
2021-07-15 18:50:31,787 [simulate_environment.py | 253] INFO: 2021-07-15 11:40:00, Item 0546020834-1: state = 1 < 2, we can not finish the simulation
2021-07-15 18:50:31,873 [simulate_environment.py | 99] INFO: **************************************************
2021-07-15 18:50:31,874 [simulate_environment.py | 103] INFO: cur time: 2021-07-15 11:50:00, pre time: 2021-07-15 11:40:00
2021-07-15 18:50:31,875 [simulate_environment.py | 140] INFO: Start to update the input of 2021-07-15 11:50:00
2021-07-15 18:50:31,933 [simulate_environment.py | 167] INFO: Get 1801 unallocated order items, 420 ongoing order items, 1849 completed order items
2021-07-15 18:52:05,241 [simulate_environment.py | 253] INFO: 2021-07-15 11:50:00, Item 0546020834-1: state = 1 < 2, we can not finish the simulation
2021-07-15 18:52:05,316 [simulate_environment.py | 99] INFO: **************************************************
2021-07-15 18:52:05,317 [simulate_environment.py | 103] INFO: cur time: 2021-07-15 12:00:00, pre time: 2021-07-15 11:50:00
2021-07-15 18:52:05,317 [simulate_environment.py | 140] INFO: Start to update the input of 2021-07-15 12:00:00
2021-07-15 18:52:05,365 [simulate_environment.py | 167] INFO: Get 1814 unallocated order items, 420 ongoing order items, 1874 completed order items
2021-07-15 18:54:00,859 [simulate_environment.py | 253] INFO: 2021-07-15 12:00:00, Item 0547510842-1: state = 1 < 2, we can not finish the simulation
2021-07-15 18:54:00,946 [simulate_environment.py | 99] INFO: **************************************************
2021-07-15 18:54:00,947 [simulate_environment.py | 103] INFO: cur time: 2021-07-15 12:10:00, pre time: 2021-07-15 12:00:00
2021-07-15 18:54:00,948 [simulate_environment.py | 140] INFO: Start to update the input of 2021-07-15 12:10:00
2021-07-15 18:54:01,008 [simulate_environment.py | 167] INFO: Get 1835 unallocated order items, 427 ongoing order items, 1888 completed order items
2021-07-15 18:56:22,307 [simulate_environment.py | 253] INFO: 2021-07-15 12:10:00, Item 0547510842-1: state = 1 < 2, we can not finish the simulation
2021-07-15 18:56:22,390 [simulate_environment.py | 99] INFO: **************************************************
2021-07-15 18:56:22,391 [simulate_environment.py | 103] INFO: cur time: 2021-07-15 12:20:00, pre time: 2021-07-15 12:10:00
2021-07-15 18:56:22,391 [simulate_environment.py | 140] INFO: Start to update the input of 2021-07-15 12:20:00
2021-07-15 18:56:22,445 [simulate_environment.py | 167] INFO: Get 1826 unallocated order items, 452 ongoing order items, 1895 completed order items
2021-07-15 18:58:05,229 [simulate_environment.py | 253] INFO: 2021-07-15 12:20:00, Item 0549590854-1: state = 1 < 2, we can not finish the simulation
2021-07-15 18:58:05,319 [simulate_environment.py | 99] INFO: **************************************************
2021-07-15 18:58:05,320 [simulate_environment.py | 103] INFO: cur time: 2021-07-15 12:30:00, pre time: 2021-07-15 12:20:00
2021-07-15 18:58:05,320 [simulate_environment.py | 140] INFO: Start to update the input of 2021-07-15 12:30:00
2021-07-15 18:58:05,422 [simulate_environment.py | 167] INFO: Get 1829 unallocated order items, 427 ongoing order items, 1943 completed order items
2021-07-15 19:00:26,102 [simulate_environment.py | 253] INFO: 2021-07-15 12:30:00, Item 0549590854-1: state = 1 < 2, we can not finish the simulation
2021-07-15 19:00:26,206 [simulate_environment.py | 99] INFO: **************************************************
2021-07-15 19:00:26,208 [simulate_environment.py | 103] INFO: cur time: 2021-07-15 12:40:00, pre time: 2021-07-15 12:30:00
2021-07-15 19:00:26,209 [simulate_environment.py | 140] INFO: Start to update the input of 2021-07-15 12:40:00
2021-07-15 19:00:26,316 [simulate_environment.py | 167] INFO: Get 1816 unallocated order items, 420 ongoing order items, 1966 completed order items
2021-07-15 19:02:37,843 [simulate_environment.py | 253] INFO: 2021-07-15 12:40:00, Item 0549590854-1: state = 1 < 2, we can not finish the simulation
2021-07-15 19:02:37,942 [simulate_environment.py | 99] INFO: **************************************************
2021-07-15 19:02:37,943 [simulate_environment.py | 103] INFO: cur time: 2021-07-15 12:50:00, pre time: 2021-07-15 12:40:00
2021-07-15 19:02:37,944 [simulate_environment.py | 140] INFO: Start to update the input of 2021-07-15 12:50:00
2021-07-15 19:02:38,045 [simulate_environment.py | 167] INFO: Get 1845 unallocated order items, 403 ongoing order items, 1983 completed order items
2021-07-15 19:04:31,422 [simulate_environment.py | 253] INFO: 2021-07-15 12:50:00, Item 0549590854-1: state = 1 < 2, we can not finish the simulation
2021-07-15 19:04:31,504 [simulate_environment.py | 99] INFO: **************************************************
2021-07-15 19:04:31,505 [simulate_environment.py | 103] INFO: cur time: 2021-07-15 13:00:00, pre time: 2021-07-15 12:50:00
2021-07-15 19:04:31,506 [simulate_environment.py | 140] INFO: Start to update the input of 2021-07-15 13:00:00
2021-07-15 19:04:31,579 [simulate_environment.py | 167] INFO: Get 1849 unallocated order items, 406 ongoing order items, 2004 completed order items
2021-07-15 19:06:34,616 [simulate_environment.py | 253] INFO: 2021-07-15 13:00:00, Item 0549590854-1: state = 1 < 2, we can not finish the simulation
2021-07-15 19:06:34,736 [simulate_environment.py | 99] INFO: **************************************************
2021-07-15 19:06:34,737 [simulate_environment.py | 103] INFO: cur time: 2021-07-15 13:10:00, pre time: 2021-07-15 13:00:00
2021-07-15 19:06:34,738 [simulate_environment.py | 140] INFO: Start to update the input of 2021-07-15 13:10:00
2021-07-15 19:06:34,813 [simulate_environment.py | 167] INFO: Get 1854 unallocated order items, 395 ongoing order items, 2034 completed order items
2021-07-15 19:07:41,090 [simulate_environment.py | 245] ERROR: 
2021-07-15 19:07:41,091 [simulate_environment.py | 246] ERROR: Can not catch the 'SUCCESS' from the algorithm. 'SUCCESS'
