2021-07-12 22:34:14,673 [<ipython-input-1-35521dce9a68> | 49] INFO: Start to run instance_3
2021-07-12 22:34:14,675 [simulate_api.py | 60] INFO: Start time of the simulator: 2021-07-12 00:00:00, time interval:  600.00
2021-07-12 22:34:14,689 [input_utils.py  | 48] INFO: Get 154 factories
2021-07-12 22:34:16,518 [input_utils.py  | 52] INFO: Get 23562 routes
2021-07-12 22:34:16,539 [input_utils.py  | 57] INFO: Get 5 vehicles
2021-07-12 22:34:16,552 [input_utils.py  | 61] INFO: Get 50 orders
2021-07-12 22:34:16,553 [simulate_api.py | 87] INFO: Initial position of V_1 is e2d5093fbe36431f8986ddb0e1c586be
2021-07-12 22:34:16,562 [simulate_api.py | 87] INFO: Initial position of V_2 is 7fe14b93f0f04ee7a994ef5b2c1fdb72
2021-07-12 22:34:16,563 [simulate_api.py | 87] INFO: Initial position of V_3 is fa366fc87a124d32926daa5bb093129f
2021-07-12 22:34:16,564 [simulate_api.py | 87] INFO: Initial position of V_4 is e47399648fa842b2b8f80094343d8091
2021-07-12 22:34:16,564 [simulate_api.py | 87] INFO: Initial position of V_5 is becb4f85393540b287e7329758b8d832
2021-07-12 22:34:16,565 [simulate_environment.py | 99] INFO: **************************************************
2021-07-12 22:34:16,566 [simulate_environment.py | 103] INFO: cur time: 2021-07-12 00:10:00, pre time: 2021-07-12 00:00:00
2021-07-12 22:34:16,567 [simulate_environment.py | 140] INFO: Start to update the input of 2021-07-12 00:10:00
2021-07-12 22:34:16,568 [simulate_environment.py | 167] INFO: Get 0 unallocated order items, 0 ongoing order items, 0 completed order items
2021-07-12 22:34:19,349 [simulate_environment.py | 253] INFO: 2021-07-12 00:10:00, Item 0018200001-1: state = 0 < 2, we can not finish the simulation
2021-07-12 22:34:19,350 [simulate_environment.py | 99] INFO: **************************************************
2021-07-12 22:34:19,350 [simulate_environment.py | 103] INFO: cur time: 2021-07-12 00:20:00, pre time: 2021-07-12 00:10:00
2021-07-12 22:34:19,351 [simulate_environment.py | 140] INFO: Start to update the input of 2021-07-12 00:20:00
2021-07-12 22:34:19,352 [simulate_environment.py | 167] INFO: Get 3 unallocated order items, 0 ongoing order items, 0 completed order items
2021-07-12 22:34:21,927 [simulate_environment.py | 253] INFO: 2021-07-12 00:20:00, Item 0018200001-1: state = 1 < 2, we can not finish the simulation
2021-07-12 22:34:21,928 [simulate_environment.py | 99] INFO: **************************************************
2021-07-12 22:34:21,928 [simulate_environment.py | 103] INFO: cur time: 2021-07-12 00:30:00, pre time: 2021-07-12 00:20:00
2021-07-12 22:34:21,929 [simulate_environment.py | 140] INFO: Start to update the input of 2021-07-12 00:30:00
2021-07-12 22:34:21,944 [simulate_environment.py | 167] INFO: Get 2 unallocated order items, 1 ongoing order items, 0 completed order items
2021-07-12 22:34:24,555 [simulate_environment.py | 253] INFO: 2021-07-12 00:30:00, Item 0018200001-1: state = 1 < 2, we can not finish the simulation
2021-07-12 22:34:24,556 [simulate_environment.py | 99] INFO: **************************************************
2021-07-12 22:34:24,557 [simulate_environment.py | 103] INFO: cur time: 2021-07-12 00:40:00, pre time: 2021-07-12 00:30:00
2021-07-12 22:34:24,558 [simulate_environment.py | 140] INFO: Start to update the input of 2021-07-12 00:40:00
2021-07-12 22:34:24,564 [simulate_environment.py | 167] INFO: Get 10 unallocated order items, 1 ongoing order items, 0 completed order items
2021-07-12 22:34:27,087 [simulate_environment.py | 253] INFO: 2021-07-12 00:40:00, Item 0018200001-1: state = 1 < 2, we can not finish the simulation
2021-07-12 22:34:27,088 [simulate_environment.py | 99] INFO: **************************************************
2021-07-12 22:34:27,088 [simulate_environment.py | 103] INFO: cur time: 2021-07-12 00:50:00, pre time: 2021-07-12 00:40:00
2021-07-12 22:34:27,088 [simulate_environment.py | 140] INFO: Start to update the input of 2021-07-12 00:50:00
2021-07-12 22:34:27,100 [simulate_environment.py | 167] INFO: Get 2 unallocated order items, 9 ongoing order items, 0 completed order items
2021-07-12 22:34:29,734 [simulate_environment.py | 253] INFO: 2021-07-12 00:50:00, Item 0018200001-1: state = 1 < 2, we can not finish the simulation
2021-07-12 22:34:29,735 [simulate_environment.py | 99] INFO: **************************************************
2021-07-12 22:34:29,736 [simulate_environment.py | 103] INFO: cur time: 2021-07-12 01:00:00, pre time: 2021-07-12 00:50:00
2021-07-12 22:34:29,736 [simulate_environment.py | 140] INFO: Start to update the input of 2021-07-12 01:00:00
2021-07-12 22:34:29,756 [simulate_environment.py | 167] INFO: Get 2 unallocated order items, 9 ongoing order items, 0 completed order items
2021-07-12 22:34:32,211 [simulate_environment.py | 253] INFO: 2021-07-12 01:00:00, Item 0018200001-1: state = 1 < 2, we can not finish the simulation
2021-07-12 22:34:32,212 [simulate_environment.py | 99] INFO: **************************************************
2021-07-12 22:34:32,213 [simulate_environment.py | 103] INFO: cur time: 2021-07-12 01:10:00, pre time: 2021-07-12 01:00:00
2021-07-12 22:34:32,213 [simulate_environment.py | 140] INFO: Start to update the input of 2021-07-12 01:10:00
2021-07-12 22:34:32,226 [simulate_environment.py | 167] INFO: Get 0 unallocated order items, 11 ongoing order items, 0 completed order items
2021-07-12 22:34:35,026 [simulate_environment.py | 253] INFO: 2021-07-12 01:10:00, Item 0254090004-1: state = 0 < 2, we can not finish the simulation
2021-07-12 22:34:35,028 [simulate_environment.py | 99] INFO: **************************************************
2021-07-12 22:34:35,029 [simulate_environment.py | 103] INFO: cur time: 2021-07-12 01:20:00, pre time: 2021-07-12 01:10:00
2021-07-12 22:34:35,030 [simulate_environment.py | 140] INFO: Start to update the input of 2021-07-12 01:20:00
2021-07-12 22:34:35,052 [simulate_environment.py | 167] INFO: Get 0 unallocated order items, 11 ongoing order items, 0 completed order items
2021-07-12 22:34:37,562 [simulate_environment.py | 253] INFO: 2021-07-12 01:20:00, Item 0254090004-1: state = 0 < 2, we can not finish the simulation
2021-07-12 22:34:37,563 [simulate_environment.py | 99] INFO: **************************************************
2021-07-12 22:34:37,564 [simulate_environment.py | 103] INFO: cur time: 2021-07-12 01:30:00, pre time: 2021-07-12 01:20:00
2021-07-12 22:34:37,564 [simulate_environment.py | 140] INFO: Start to update the input of 2021-07-12 01:30:00
2021-07-12 22:34:37,578 [simulate_environment.py | 167] INFO: Get 0 unallocated order items, 11 ongoing order items, 0 completed order items
2021-07-12 22:34:40,521 [simulate_environment.py | 253] INFO: 2021-07-12 01:30:00, Item 0254090004-1: state = 0 < 2, we can not finish the simulation
2021-07-12 22:34:40,523 [simulate_environment.py | 99] INFO: **************************************************
2021-07-12 22:34:40,524 [simulate_environment.py | 103] INFO: cur time: 2021-07-12 01:40:00, pre time: 2021-07-12 01:30:00
2021-07-12 22:34:40,524 [simulate_environment.py | 140] INFO: Start to update the input of 2021-07-12 01:40:00
2021-07-12 22:34:40,532 [simulate_environment.py | 167] INFO: Get 0 unallocated order items, 11 ongoing order items, 0 completed order items
2021-07-12 22:34:43,168 [simulate_environment.py | 253] INFO: 2021-07-12 01:40:00, Item 0254090004-1: state = 0 < 2, we can not finish the simulation
2021-07-12 22:34:43,169 [simulate_environment.py | 99] INFO: **************************************************
2021-07-12 22:34:43,170 [simulate_environment.py | 103] INFO: cur time: 2021-07-12 01:50:00, pre time: 2021-07-12 01:40:00
2021-07-12 22:34:43,170 [simulate_environment.py | 140] INFO: Start to update the input of 2021-07-12 01:50:00
2021-07-12 22:34:43,194 [simulate_environment.py | 167] INFO: Get 0 unallocated order items, 11 ongoing order items, 0 completed order items
2021-07-12 22:34:45,928 [simulate_environment.py | 253] INFO: 2021-07-12 01:50:00, Item 0254090004-1: state = 0 < 2, we can not finish the simulation
2021-07-12 22:34:45,929 [simulate_environment.py | 99] INFO: **************************************************
2021-07-12 22:34:45,930 [simulate_environment.py | 103] INFO: cur time: 2021-07-12 02:00:00, pre time: 2021-07-12 01:50:00
2021-07-12 22:34:45,931 [simulate_environment.py | 140] INFO: Start to update the input of 2021-07-12 02:00:00
2021-07-12 22:34:45,936 [simulate_environment.py | 167] INFO: Get 0 unallocated order items, 8 ongoing order items, 3 completed order items
2021-07-12 22:34:48,787 [simulate_environment.py | 253] INFO: 2021-07-12 02:00:00, Item 0254090004-1: state = 0 < 2, we can not finish the simulation
2021-07-12 22:34:48,788 [simulate_environment.py | 99] INFO: **************************************************
2021-07-12 22:34:48,788 [simulate_environment.py | 103] INFO: cur time: 2021-07-12 02:10:00, pre time: 2021-07-12 02:00:00
2021-07-12 22:34:48,789 [simulate_environment.py | 140] INFO: Start to update the input of 2021-07-12 02:10:00
2021-07-12 22:34:48,802 [simulate_environment.py | 167] INFO: Get 0 unallocated order items, 8 ongoing order items, 3 completed order items
2021-07-12 22:34:51,701 [simulate_environment.py | 253] INFO: 2021-07-12 02:10:00, Item 0254090004-1: state = 0 < 2, we can not finish the simulation
2021-07-12 22:34:51,702 [simulate_environment.py | 99] INFO: **************************************************
2021-07-12 22:34:51,702 [simulate_environment.py | 103] INFO: cur time: 2021-07-12 02:20:00, pre time: 2021-07-12 02:10:00
2021-07-12 22:34:51,703 [simulate_environment.py | 140] INFO: Start to update the input of 2021-07-12 02:20:00
2021-07-12 22:34:51,728 [simulate_environment.py | 167] INFO: Get 0 unallocated order items, 0 ongoing order items, 11 completed order items
2021-07-12 22:34:54,449 [simulate_environment.py | 253] INFO: 2021-07-12 02:20:00, Item 0254090004-1: state = 0 < 2, we can not finish the simulation
2021-07-12 22:34:54,450 [simulate_environment.py | 99] INFO: **************************************************
2021-07-12 22:34:54,451 [simulate_environment.py | 103] INFO: cur time: 2021-07-12 02:30:00, pre time: 2021-07-12 02:20:00
2021-07-12 22:34:54,451 [simulate_environment.py | 140] INFO: Start to update the input of 2021-07-12 02:30:00
2021-07-12 22:34:54,477 [simulate_environment.py | 167] INFO: Get 0 unallocated order items, 0 ongoing order items, 11 completed order items
2021-07-12 22:34:57,293 [simulate_environment.py | 253] INFO: 2021-07-12 02:30:00, Item 0254090004-1: state = 0 < 2, we can not finish the simulation
2021-07-12 22:34:57,293 [simulate_environment.py | 99] INFO: **************************************************
2021-07-12 22:34:57,294 [simulate_environment.py | 103] INFO: cur time: 2021-07-12 02:40:00, pre time: 2021-07-12 02:30:00
2021-07-12 22:34:57,294 [simulate_environment.py | 140] INFO: Start to update the input of 2021-07-12 02:40:00
2021-07-12 22:34:57,322 [simulate_environment.py | 167] INFO: Get 0 unallocated order items, 0 ongoing order items, 11 completed order items
2021-07-12 22:35:00,231 [simulate_environment.py | 253] INFO: 2021-07-12 02:40:00, Item 0254090004-1: state = 0 < 2, we can not finish the simulation
2021-07-12 22:35:00,232 [simulate_environment.py | 99] INFO: **************************************************
2021-07-12 22:35:00,232 [simulate_environment.py | 103] INFO: cur time: 2021-07-12 02:50:00, pre time: 2021-07-12 02:40:00
2021-07-12 22:35:00,233 [simulate_environment.py | 140] INFO: Start to update the input of 2021-07-12 02:50:00
2021-07-12 22:35:00,249 [simulate_environment.py | 167] INFO: Get 0 unallocated order items, 0 ongoing order items, 11 completed order items
2021-07-12 22:35:03,014 [simulate_environment.py | 253] INFO: 2021-07-12 02:50:00, Item 0254090004-1: state = 0 < 2, we can not finish the simulation
2021-07-12 22:35:03,015 [simulate_environment.py | 99] INFO: **************************************************
2021-07-12 22:35:03,015 [simulate_environment.py | 103] INFO: cur time: 2021-07-12 03:00:00, pre time: 2021-07-12 02:50:00
2021-07-12 22:35:03,016 [simulate_environment.py | 140] INFO: Start to update the input of 2021-07-12 03:00:00
2021-07-12 22:35:03,032 [simulate_environment.py | 167] INFO: Get 1 unallocated order items, 0 ongoing order items, 11 completed order items
2021-07-12 22:35:05,601 [simulate_environment.py | 253] INFO: 2021-07-12 03:00:00, Item 0254090004-1: state = 1 < 2, we can not finish the simulation
2021-07-12 22:35:05,603 [simulate_environment.py | 99] INFO: **************************************************
2021-07-12 22:35:05,603 [simulate_environment.py | 103] INFO: cur time: 2021-07-12 03:10:00, pre time: 2021-07-12 03:00:00
2021-07-12 22:35:05,604 [simulate_environment.py | 140] INFO: Start to update the input of 2021-07-12 03:10:00
2021-07-12 22:35:05,622 [simulate_environment.py | 167] INFO: Get 1 unallocated order items, 1 ongoing order items, 11 completed order items
2021-07-12 22:35:08,475 [simulate_environment.py | 253] INFO: 2021-07-12 03:10:00, Item 0300220005-1: state = 1 < 2, we can not finish the simulation
2021-07-12 22:35:08,476 [simulate_environment.py | 99] INFO: **************************************************
2021-07-12 22:35:08,476 [simulate_environment.py | 103] INFO: cur time: 2021-07-12 03:20:00, pre time: 2021-07-12 03:10:00
2021-07-12 22:35:08,477 [simulate_environment.py | 140] INFO: Start to update the input of 2021-07-12 03:20:00
2021-07-12 22:35:08,490 [simulate_environment.py | 167] INFO: Get 1 unallocated order items, 1 ongoing order items, 11 completed order items
2021-07-12 22:35:10,988 [simulate_environment.py | 253] INFO: 2021-07-12 03:20:00, Item 0300220005-1: state = 1 < 2, we can not finish the simulation
2021-07-12 22:35:10,989 [simulate_environment.py | 99] INFO: **************************************************
2021-07-12 22:35:10,989 [simulate_environment.py | 103] INFO: cur time: 2021-07-12 03:30:00, pre time: 2021-07-12 03:20:00
2021-07-12 22:35:10,990 [simulate_environment.py | 140] INFO: Start to update the input of 2021-07-12 03:30:00
2021-07-12 22:35:11,007 [simulate_environment.py | 167] INFO: Get 1 unallocated order items, 1 ongoing order items, 11 completed order items
2021-07-12 22:35:13,596 [simulate_environment.py | 253] INFO: 2021-07-12 03:30:00, Item 0300220005-1: state = 1 < 2, we can not finish the simulation
2021-07-12 22:35:13,598 [simulate_environment.py | 99] INFO: **************************************************
2021-07-12 22:35:13,598 [simulate_environment.py | 103] INFO: cur time: 2021-07-12 03:40:00, pre time: 2021-07-12 03:30:00
2021-07-12 22:35:13,599 [simulate_environment.py | 140] INFO: Start to update the input of 2021-07-12 03:40:00
2021-07-12 22:35:13,621 [simulate_environment.py | 167] INFO: Get 0 unallocated order items, 1 ongoing order items, 12 completed order items
2021-07-12 22:35:16,120 [simulate_environment.py | 253] INFO: 2021-07-12 03:40:00, Item 0342210006-1: state = 0 < 2, we can not finish the simulation
2021-07-12 22:35:16,121 [simulate_environment.py | 99] INFO: **************************************************
2021-07-12 22:35:16,121 [simulate_environment.py | 103] INFO: cur time: 2021-07-12 03:50:00, pre time: 2021-07-12 03:40:00
2021-07-12 22:35:16,122 [simulate_environment.py | 140] INFO: Start to update the input of 2021-07-12 03:50:00
2021-07-12 22:35:16,123 [simulate_environment.py | 167] INFO: Get 2 unallocated order items, 1 ongoing order items, 12 completed order items
2021-07-12 22:35:18,725 [simulate_environment.py | 253] INFO: 2021-07-12 03:50:00, Item 0342210006-1: state = 1 < 2, we can not finish the simulation
2021-07-12 22:35:18,726 [simulate_environment.py | 99] INFO: **************************************************
2021-07-12 22:35:18,727 [simulate_environment.py | 103] INFO: cur time: 2021-07-12 04:00:00, pre time: 2021-07-12 03:50:00
2021-07-12 22:35:18,727 [simulate_environment.py | 140] INFO: Start to update the input of 2021-07-12 04:00:00
2021-07-12 22:35:18,740 [simulate_environment.py | 167] INFO: Get 2 unallocated order items, 1 ongoing order items, 12 completed order items
2021-07-12 22:35:21,249 [simulate_environment.py | 253] INFO: 2021-07-12 04:00:00, Item 0342210006-1: state = 1 < 2, we can not finish the simulation
2021-07-12 22:35:21,250 [simulate_environment.py | 99] INFO: **************************************************
2021-07-12 22:35:21,251 [simulate_environment.py | 103] INFO: cur time: 2021-07-12 04:10:00, pre time: 2021-07-12 04:00:00
2021-07-12 22:35:21,251 [simulate_environment.py | 140] INFO: Start to update the input of 2021-07-12 04:10:00
2021-07-12 22:35:21,265 [simulate_environment.py | 167] INFO: Get 2 unallocated order items, 1 ongoing order items, 12 completed order items
2021-07-12 22:35:23,705 [simulate_environment.py | 253] INFO: 2021-07-12 04:10:00, Item 0342210006-1: state = 1 < 2, we can not finish the simulation
2021-07-12 22:35:23,705 [simulate_environment.py | 99] INFO: **************************************************
2021-07-12 22:35:23,706 [simulate_environment.py | 103] INFO: cur time: 2021-07-12 04:20:00, pre time: 2021-07-12 04:10:00
2021-07-12 22:35:23,706 [simulate_environment.py | 140] INFO: Start to update the input of 2021-07-12 04:20:00
2021-07-12 22:35:23,717 [simulate_environment.py | 167] INFO: Get 2 unallocated order items, 1 ongoing order items, 12 completed order items
2021-07-12 22:35:26,136 [simulate_environment.py | 253] INFO: 2021-07-12 04:20:00, Item 0342210006-1: state = 1 < 2, we can not finish the simulation
2021-07-12 22:35:26,137 [simulate_environment.py | 99] INFO: **************************************************
2021-07-12 22:35:26,138 [simulate_environment.py | 103] INFO: cur time: 2021-07-12 04:30:00, pre time: 2021-07-12 04:20:00
2021-07-12 22:35:26,138 [simulate_environment.py | 140] INFO: Start to update the input of 2021-07-12 04:30:00
2021-07-12 22:35:26,162 [simulate_environment.py | 167] INFO: Get 3 unallocated order items, 1 ongoing order items, 12 completed order items
2021-07-12 22:35:28,778 [simulate_environment.py | 253] INFO: 2021-07-12 04:30:00, Item 0342210006-1: state = 1 < 2, we can not finish the simulation
2021-07-12 22:35:28,779 [simulate_environment.py | 99] INFO: **************************************************
2021-07-12 22:35:28,780 [simulate_environment.py | 103] INFO: cur time: 2021-07-12 04:40:00, pre time: 2021-07-12 04:30:00
2021-07-12 22:35:28,780 [simulate_environment.py | 140] INFO: Start to update the input of 2021-07-12 04:40:00
2021-07-12 22:35:28,795 [simulate_environment.py | 167] INFO: Get 3 unallocated order items, 1 ongoing order items, 12 completed order items
2021-07-12 22:35:31,276 [simulate_environment.py | 253] INFO: 2021-07-12 04:40:00, Item 0342210006-1: state = 1 < 2, we can not finish the simulation
2021-07-12 22:35:31,277 [simulate_environment.py | 99] INFO: **************************************************
2021-07-12 22:35:31,278 [simulate_environment.py | 103] INFO: cur time: 2021-07-12 04:50:00, pre time: 2021-07-12 04:40:00
2021-07-12 22:35:31,278 [simulate_environment.py | 140] INFO: Start to update the input of 2021-07-12 04:50:00
2021-07-12 22:35:31,309 [simulate_environment.py | 167] INFO: Get 3 unallocated order items, 1 ongoing order items, 12 completed order items
2021-07-12 22:35:33,830 [simulate_environment.py | 253] INFO: 2021-07-12 04:50:00, Item 0342210006-1: state = 1 < 2, we can not finish the simulation
2021-07-12 22:35:33,831 [simulate_environment.py | 99] INFO: **************************************************
2021-07-12 22:35:33,832 [simulate_environment.py | 103] INFO: cur time: 2021-07-12 05:00:00, pre time: 2021-07-12 04:50:00
2021-07-12 22:35:33,832 [simulate_environment.py | 140] INFO: Start to update the input of 2021-07-12 05:00:00
2021-07-12 22:35:33,851 [simulate_environment.py | 167] INFO: Get 3 unallocated order items, 1 ongoing order items, 12 completed order items
2021-07-12 22:35:34,032 [simulate_environment.py | 245] ERROR: 
2021-07-12 22:35:34,032 [simulate_environment.py | 246] ERROR: Can not catch the 'SUCCESS' from the algorithm. 未寻获算法输出成功标识'SUCCESS'。
2021-07-12 22:37:09,157 [<ipython-input-3-35521dce9a68> | 49] INFO: Start to run instance_1
2021-07-12 22:37:09,159 [simulate_api.py | 60] INFO: Start time of the simulator: 2021-07-12 00:00:00, time interval:  600.00
2021-07-12 22:37:09,182 [input_utils.py  | 48] INFO: Get 154 factories
2021-07-12 22:37:11,121 [input_utils.py  | 52] INFO: Get 23562 routes
2021-07-12 22:37:11,157 [input_utils.py  | 57] INFO: Get 5 vehicles
2021-07-12 22:37:11,168 [input_utils.py  | 61] INFO: Get 50 orders
2021-07-12 22:37:11,169 [simulate_api.py | 87] INFO: Initial position of V_1 is e2d5093fbe36431f8986ddb0e1c586be
2021-07-12 22:37:11,172 [simulate_api.py | 87] INFO: Initial position of V_2 is 7fe14b93f0f04ee7a994ef5b2c1fdb72
2021-07-12 22:37:11,173 [simulate_api.py | 87] INFO: Initial position of V_3 is fa366fc87a124d32926daa5bb093129f
2021-07-12 22:37:11,174 [simulate_api.py | 87] INFO: Initial position of V_4 is e47399648fa842b2b8f80094343d8091
2021-07-12 22:37:11,175 [simulate_api.py | 87] INFO: Initial position of V_5 is becb4f85393540b287e7329758b8d832
2021-07-12 22:37:11,176 [simulate_environment.py | 99] INFO: **************************************************
2021-07-12 22:37:11,177 [simulate_environment.py | 103] INFO: cur time: 2021-07-12 00:10:00, pre time: 2021-07-12 00:00:00
2021-07-12 22:37:11,178 [simulate_environment.py | 140] INFO: Start to update the input of 2021-07-12 00:10:00
2021-07-12 22:37:11,180 [simulate_environment.py | 167] INFO: Get 1 unallocated order items, 0 ongoing order items, 0 completed order items
2021-07-12 22:37:11,357 [simulate_environment.py | 245] ERROR: 
2021-07-12 22:37:11,358 [simulate_environment.py | 246] ERROR: Can not catch the 'SUCCESS' from the algorithm. 未寻获算法输出成功标识'SUCCESS'。
2021-07-12 22:37:25,136 [<ipython-input-4-35521dce9a68> | 49] INFO: Start to run instance_1
2021-07-12 22:37:25,137 [simulate_api.py | 60] INFO: Start time of the simulator: 2021-07-12 00:00:00, time interval:  600.00
2021-07-12 22:37:25,150 [input_utils.py  | 48] INFO: Get 154 factories
